(18:15:07) - java.io.FileNotFoundException: http://www.bmf.com.br/Ftp/IPN/TRS/BVBG.086.01/PR200501.zip
	at sun.net.www.protocol.http.HttpURLConnection.getInputStream0(HttpURLConnection.java:1890)
	at sun.net.www.protocol.http.HttpURLConnection.getInputStream(HttpURLConnection.java:1492)
	at java.net.URL.openStream(URL.java:1045)
	at sisacao.opcaointra.importador.TransferidorObj.main(TransferidorObj.java:37)
	at sisacao.opcaointra.app.ObtemDiarioBatch.downloadMes(ObtemDiarioBatch.java:71)
	at sisacao.opcaointra.app.ObtemDiarioBatch.executaMes(ObtemDiarioBatch.java:26)
	at sisacao.opcaointra.app.ObtemDiarioBatch.main(ObtemDiarioBatch.java:14)
(18:15:08) - java.io.FileNotFoundException: http://www.bmf.com.br/Ftp/IPN/TRS/BVBG.086.01/PR200502.zip
	at sun.net.www.protocol.http.HttpURLConnection.getInputStream0(HttpURLConnection.java:1890)
	at sun.net.www.protocol.http.HttpURLConnection.getInputStream(HttpURLConnection.java:1492)
	at java.net.URL.openStream(URL.java:1045)
	at sisacao.opcaointra.importador.TransferidorObj.main(TransferidorObj.java:37)
	at sisacao.opcaointra.app.ObtemDiarioBatch.downloadMes(ObtemDiarioBatch.java:72)
	at sisacao.opcaointra.app.ObtemDiarioBatch.executaMes(ObtemDiarioBatch.java:26)
	at sisacao.opcaointra.app.ObtemDiarioBatch.main(ObtemDiarioBatch.java:14)
(18:15:08) - java.io.FileNotFoundException: http://www.bmf.com.br/Ftp/IPN/TRS/BVBG.086.01/PR200503.zip
	at sun.net.www.protocol.http.HttpURLConnection.getInputStream0(HttpURLConnection.java:1890)
	at sun.net.www.protocol.http.HttpURLConnection.getInputStream(HttpURLConnection.java:1492)
	at java.net.URL.openStream(URL.java:1045)
	at sisacao.opcaointra.importador.TransferidorObj.main(TransferidorObj.java:37)
	at sisacao.opcaointra.app.ObtemDiarioBatch.downloadMes(ObtemDiarioBatch.java:73)
	at sisacao.opcaointra.app.ObtemDiarioBatch.executaMes(ObtemDiarioBatch.java:26)
	at sisacao.opcaointra.app.ObtemDiarioBatch.main(ObtemDiarioBatch.java:14)
(18:15:51) - java.io.FileNotFoundException: http://www.bmf.com.br/Ftp/IPN/TRS/BVBG.086.01/PR200509.zip
	at sun.net.www.protocol.http.HttpURLConnection.getInputStream0(HttpURLConnection.java:1890)
	at sun.net.www.protocol.http.HttpURLConnection.getInputStream(HttpURLConnection.java:1492)
	at java.net.URL.openStream(URL.java:1045)
	at sisacao.opcaointra.importador.TransferidorObj.main(TransferidorObj.java:37)
	at sisacao.opcaointra.app.ObtemDiarioBatch.downloadMes(ObtemDiarioBatch.java:79)
	at sisacao.opcaointra.app.ObtemDiarioBatch.executaMes(ObtemDiarioBatch.java:26)
	at sisacao.opcaointra.app.ObtemDiarioBatch.main(ObtemDiarioBatch.java:14)
(18:15:51) - java.io.FileNotFoundException: http://www.bmf.com.br/Ftp/IPN/TRS/BVBG.086.01/PR200510.zip
	at sun.net.www.protocol.http.HttpURLConnection.getInputStream0(HttpURLConnection.java:1890)
	at sun.net.www.protocol.http.HttpURLConnection.getInputStream(HttpURLConnection.java:1492)
	at java.net.URL.openStream(URL.java:1045)
	at sisacao.opcaointra.importador.TransferidorObj.main(TransferidorObj.java:37)
	at sisacao.opcaointra.app.ObtemDiarioBatch.downloadMes(ObtemDiarioBatch.java:80)
	at sisacao.opcaointra.app.ObtemDiarioBatch.executaMes(ObtemDiarioBatch.java:26)
	at sisacao.opcaointra.app.ObtemDiarioBatch.main(ObtemDiarioBatch.java:14)
(18:16:39) - java.io.FileNotFoundException: http://www.bmf.com.br/Ftp/IPN/TRS/BVBG.086.01/PR200516.zip
	at sun.net.www.protocol.http.HttpURLConnection.getInputStream0(HttpURLConnection.java:1890)
	at sun.net.www.protocol.http.HttpURLConnection.getInputStream(HttpURLConnection.java:1492)
	at java.net.URL.openStream(URL.java:1045)
	at sisacao.opcaointra.importador.TransferidorObj.main(TransferidorObj.java:37)
	at sisacao.opcaointra.app.ObtemDiarioBatch.downloadMes(ObtemDiarioBatch.java:86)
	at sisacao.opcaointra.app.ObtemDiarioBatch.executaMes(ObtemDiarioBatch.java:26)
	at sisacao.opcaointra.app.ObtemDiarioBatch.main(ObtemDiarioBatch.java:14)
(18:16:39) - java.io.FileNotFoundException: http://www.bmf.com.br/Ftp/IPN/TRS/BVBG.086.01/PR200517.zip
	at sun.net.www.protocol.http.HttpURLConnection.getInputStream0(HttpURLConnection.java:1890)
	at sun.net.www.protocol.http.HttpURLConnection.getInputStream(HttpURLConnection.java:1492)
	at java.net.URL.openStream(URL.java:1045)
	at sisacao.opcaointra.importador.TransferidorObj.main(TransferidorObj.java:37)
	at sisacao.opcaointra.app.ObtemDiarioBatch.downloadMes(ObtemDiarioBatch.java:87)
	at sisacao.opcaointra.app.ObtemDiarioBatch.executaMes(ObtemDiarioBatch.java:26)
	at sisacao.opcaointra.app.ObtemDiarioBatch.main(ObtemDiarioBatch.java:14)
(18:17:26) - java.io.FileNotFoundException: http://www.bmf.com.br/Ftp/IPN/TRS/BVBG.086.01/PR200523.zip
	at sun.net.www.protocol.http.HttpURLConnection.getInputStream0(HttpURLConnection.java:1890)
	at sun.net.www.protocol.http.HttpURLConnection.getInputStream(HttpURLConnection.java:1492)
	at java.net.URL.openStream(URL.java:1045)
	at sisacao.opcaointra.importador.TransferidorObj.main(TransferidorObj.java:37)
	at sisacao.opcaointra.app.ObtemDiarioBatch.downloadMes(ObtemDiarioBatch.java:93)
	at sisacao.opcaointra.app.ObtemDiarioBatch.executaMes(ObtemDiarioBatch.java:26)
	at sisacao.opcaointra.app.ObtemDiarioBatch.main(ObtemDiarioBatch.java:14)
(18:17:26) - java.io.FileNotFoundException: http://www.bmf.com.br/Ftp/IPN/TRS/BVBG.086.01/PR200524.zip
	at sun.net.www.protocol.http.HttpURLConnection.getInputStream0(HttpURLConnection.java:1890)
	at sun.net.www.protocol.http.HttpURLConnection.getInputStream(HttpURLConnection.java:1492)
	at java.net.URL.openStream(URL.java:1045)
	at sisacao.opcaointra.importador.TransferidorObj.main(TransferidorObj.java:37)
	at sisacao.opcaointra.app.ObtemDiarioBatch.downloadMes(ObtemDiarioBatch.java:94)
	at sisacao.opcaointra.app.ObtemDiarioBatch.executaMes(ObtemDiarioBatch.java:26)
	at sisacao.opcaointra.app.ObtemDiarioBatch.main(ObtemDiarioBatch.java:14)
(18:20:31) - java.io.FileNotFoundException: http://www.bmf.com.br/Ftp/IPN/TRS/BVBG.086.01/PR200530.zip
	at sun.net.www.protocol.http.HttpURLConnection.getInputStream0(HttpURLConnection.java:1890)
	at sun.net.www.protocol.http.HttpURLConnection.getInputStream(HttpURLConnection.java:1492)
	at java.net.URL.openStream(URL.java:1045)
	at sisacao.opcaointra.importador.TransferidorObj.main(TransferidorObj.java:37)
	at sisacao.opcaointra.app.ObtemDiarioBatch.downloadMes(ObtemDiarioBatch.java:100)
	at sisacao.opcaointra.app.ObtemDiarioBatch.executaMes(ObtemDiarioBatch.java:26)
	at sisacao.opcaointra.app.ObtemDiarioBatch.main(ObtemDiarioBatch.java:14)
(18:20:31) - java.io.FileNotFoundException: http://www.bmf.com.br/Ftp/IPN/TRS/BVBG.086.01/PR200531.zip
	at sun.net.www.protocol.http.HttpURLConnection.getInputStream0(HttpURLConnection.java:1890)
	at sun.net.www.protocol.http.HttpURLConnection.getInputStream(HttpURLConnection.java:1492)
	at java.net.URL.openStream(URL.java:1045)
	at sisacao.opcaointra.importador.TransferidorObj.main(TransferidorObj.java:37)
	at sisacao.opcaointra.app.ObtemDiarioBatch.downloadMes(ObtemDiarioBatch.java:101)
	at sisacao.opcaointra.app.ObtemDiarioBatch.executaMes(ObtemDiarioBatch.java:26)
	at sisacao.opcaointra.app.ObtemDiarioBatch.main(ObtemDiarioBatch.java:14)
(19:04:29) - java.io.FileNotFoundException: http://www.bmf.com.br/Ftp/IPN/TRS/BVBG.086.01/PR200607.zip
	at sun.net.www.protocol.http.HttpURLConnection.getInputStream0(HttpURLConnection.java:1890)
	at sun.net.www.protocol.http.HttpURLConnection.getInputStream(HttpURLConnection.java:1492)
	at java.net.URL.openStream(URL.java:1045)
	at sisacao.opcaointra.importador.TransferidorObj.main(TransferidorObj.java:37)
	at sisacao.opcaointra.app.ObtemDiarioBatch.downloadMes(ObtemDiarioBatch.java:77)
	at sisacao.opcaointra.app.ObtemDiarioBatch.executaMes(ObtemDiarioBatch.java:26)
	at sisacao.opcaointra.app.ObtemDiarioBatch.main(ObtemDiarioBatch.java:15)
(19:06:34) - java.io.FileNotFoundException: http://www.bmf.com.br/Ftp/IPN/TRS/BVBG.086.01/PR200611.zip
	at sun.net.www.protocol.http.HttpURLConnection.getInputStream0(HttpURLConnection.java:1890)
	at sun.net.www.protocol.http.HttpURLConnection.getInputStream(HttpURLConnection.java:1492)
	at java.net.URL.openStream(URL.java:1045)
	at sisacao.opcaointra.importador.TransferidorObj.main(TransferidorObj.java:37)
	at sisacao.opcaointra.app.ObtemDiarioBatch.downloadMes(ObtemDiarioBatch.java:81)
	at sisacao.opcaointra.app.ObtemDiarioBatch.executaMes(ObtemDiarioBatch.java:26)
	at sisacao.opcaointra.app.ObtemDiarioBatch.main(ObtemDiarioBatch.java:15)
(19:07:17) - java.io.FileNotFoundException: http://www.bmf.com.br/Ftp/IPN/TRS/BVBG.086.01/PR200613.zip
	at sun.net.www.protocol.http.HttpURLConnection.getInputStream0(HttpURLConnection.java:1890)
	at sun.net.www.protocol.http.HttpURLConnection.getInputStream(HttpURLConnection.java:1492)
	at java.net.URL.openStream(URL.java:1045)
	at sisacao.opcaointra.importador.TransferidorObj.main(TransferidorObj.java:37)
	at sisacao.opcaointra.app.ObtemDiarioBatch.downloadMes(ObtemDiarioBatch.java:83)
	at sisacao.opcaointra.app.ObtemDiarioBatch.executaMes(ObtemDiarioBatch.java:26)
	at sisacao.opcaointra.app.ObtemDiarioBatch.main(ObtemDiarioBatch.java:15)
(19:07:17) - java.io.FileNotFoundException: http://www.bmf.com.br/Ftp/IPN/TRS/BVBG.086.01/PR200614.zip
	at sun.net.www.protocol.http.HttpURLConnection.getInputStream0(HttpURLConnection.java:1890)
	at sun.net.www.protocol.http.HttpURLConnection.getInputStream(HttpURLConnection.java:1492)
	at java.net.URL.openStream(URL.java:1045)
	at sisacao.opcaointra.importador.TransferidorObj.main(TransferidorObj.java:37)
	at sisacao.opcaointra.app.ObtemDiarioBatch.downloadMes(ObtemDiarioBatch.java:84)
	at sisacao.opcaointra.app.ObtemDiarioBatch.executaMes(ObtemDiarioBatch.java:26)
	at sisacao.opcaointra.app.ObtemDiarioBatch.main(ObtemDiarioBatch.java:15)
(19:08:05) - java.io.FileNotFoundException: http://www.bmf.com.br/Ftp/IPN/TRS/BVBG.086.01/PR200620.zip
	at sun.net.www.protocol.http.HttpURLConnection.getInputStream0(HttpURLConnection.java:1890)
	at sun.net.www.protocol.http.HttpURLConnection.getInputStream(HttpURLConnection.java:1492)
	at java.net.URL.openStream(URL.java:1045)
	at sisacao.opcaointra.importador.TransferidorObj.main(TransferidorObj.java:37)
	at sisacao.opcaointra.app.ObtemDiarioBatch.downloadMes(ObtemDiarioBatch.java:90)
	at sisacao.opcaointra.app.ObtemDiarioBatch.executaMes(ObtemDiarioBatch.java:26)
	at sisacao.opcaointra.app.ObtemDiarioBatch.main(ObtemDiarioBatch.java:15)
(19:08:06) - java.io.FileNotFoundException: http://www.bmf.com.br/Ftp/IPN/TRS/BVBG.086.01/PR200621.zip
	at sun.net.www.protocol.http.HttpURLConnection.getInputStream0(HttpURLConnection.java:1890)
	at sun.net.www.protocol.http.HttpURLConnection.getInputStream(HttpURLConnection.java:1492)
	at java.net.URL.openStream(URL.java:1045)
	at sisacao.opcaointra.importador.TransferidorObj.main(TransferidorObj.java:37)
	at sisacao.opcaointra.app.ObtemDiarioBatch.downloadMes(ObtemDiarioBatch.java:91)
	at sisacao.opcaointra.app.ObtemDiarioBatch.executaMes(ObtemDiarioBatch.java:26)
	at sisacao.opcaointra.app.ObtemDiarioBatch.main(ObtemDiarioBatch.java:15)
(19:11:08) - java.io.FileNotFoundException: http://www.bmf.com.br/Ftp/IPN/TRS/BVBG.086.01/PR200627.zip
	at sun.net.www.protocol.http.HttpURLConnection.getInputStream0(HttpURLConnection.java:1890)
	at sun.net.www.protocol.http.HttpURLConnection.getInputStream(HttpURLConnection.java:1492)
	at java.net.URL.openStream(URL.java:1045)
	at sisacao.opcaointra.importador.TransferidorObj.main(TransferidorObj.java:37)
	at sisacao.opcaointra.app.ObtemDiarioBatch.downloadMes(ObtemDiarioBatch.java:97)
	at sisacao.opcaointra.app.ObtemDiarioBatch.executaMes(ObtemDiarioBatch.java:26)
	at sisacao.opcaointra.app.ObtemDiarioBatch.main(ObtemDiarioBatch.java:15)
(19:11:08) - java.io.FileNotFoundException: http://www.bmf.com.br/Ftp/IPN/TRS/BVBG.086.01/PR200628.zip
	at sun.net.www.protocol.http.HttpURLConnection.getInputStream0(HttpURLConnection.java:1890)
	at sun.net.www.protocol.http.HttpURLConnection.getInputStream(HttpURLConnection.java:1492)
	at java.net.URL.openStream(URL.java:1045)
	at sisacao.opcaointra.importador.TransferidorObj.main(TransferidorObj.java:37)
	at sisacao.opcaointra.app.ObtemDiarioBatch.downloadMes(ObtemDiarioBatch.java:98)
	at sisacao.opcaointra.app.ObtemDiarioBatch.executaMes(ObtemDiarioBatch.java:26)
	at sisacao.opcaointra.app.ObtemDiarioBatch.main(ObtemDiarioBatch.java:15)
(19:11:30) - java.io.FileNotFoundException: http://www.bmf.com.br/Ftp/IPN/TRS/BVBG.086.01/PR200631.zip
	at sun.net.www.protocol.http.HttpURLConnection.getInputStream0(HttpURLConnection.java:1890)
	at sun.net.www.protocol.http.HttpURLConnection.getInputStream(HttpURLConnection.java:1492)
	at java.net.URL.openStream(URL.java:1045)
	at sisacao.opcaointra.importador.TransferidorObj.main(TransferidorObj.java:37)
	at sisacao.opcaointra.app.ObtemDiarioBatch.downloadMes(ObtemDiarioBatch.java:101)
	at sisacao.opcaointra.app.ObtemDiarioBatch.executaMes(ObtemDiarioBatch.java:26)
	at sisacao.opcaointra.app.ObtemDiarioBatch.main(ObtemDiarioBatch.java:15)
(19:51:26) - java.io.FileNotFoundException: http://www.bmf.com.br/Ftp/IPN/TRS/BVBG.086.01/PR200704.zip
	at sun.net.www.protocol.http.HttpURLConnection.getInputStream0(HttpURLConnection.java:1890)
	at sun.net.www.protocol.http.HttpURLConnection.getInputStream(HttpURLConnection.java:1492)
	at java.net.URL.openStream(URL.java:1045)
	at sisacao.opcaointra.importador.TransferidorObj.main(TransferidorObj.java:37)
	at sisacao.opcaointra.app.ObtemDiarioBatch.downloadMes(ObtemDiarioBatch.java:74)
	at sisacao.opcaointra.app.ObtemDiarioBatch.executaMes(ObtemDiarioBatch.java:26)
	at sisacao.opcaointra.app.ObtemDiarioBatch.main(ObtemDiarioBatch.java:16)
(19:51:26) - java.io.FileNotFoundException: http://www.bmf.com.br/Ftp/IPN/TRS/BVBG.086.01/PR200705.zip
	at sun.net.www.protocol.http.HttpURLConnection.getInputStream0(HttpURLConnection.java:1890)
	at sun.net.www.protocol.http.HttpURLConnection.getInputStream(HttpURLConnection.java:1492)
	at java.net.URL.openStream(URL.java:1045)
	at sisacao.opcaointra.importador.TransferidorObj.main(TransferidorObj.java:37)
	at sisacao.opcaointra.app.ObtemDiarioBatch.downloadMes(ObtemDiarioBatch.java:75)
	at sisacao.opcaointra.app.ObtemDiarioBatch.executaMes(ObtemDiarioBatch.java:26)
	at sisacao.opcaointra.app.ObtemDiarioBatch.main(ObtemDiarioBatch.java:16)
(19:52:19) - java.io.FileNotFoundException: http://www.bmf.com.br/Ftp/IPN/TRS/BVBG.086.01/PR200711.zip
	at sun.net.www.protocol.http.HttpURLConnection.getInputStream0(HttpURLConnection.java:1890)
	at sun.net.www.protocol.http.HttpURLConnection.getInputStream(HttpURLConnection.java:1492)
	at java.net.URL.openStream(URL.java:1045)
	at sisacao.opcaointra.importador.TransferidorObj.main(TransferidorObj.java:37)
	at sisacao.opcaointra.app.ObtemDiarioBatch.downloadMes(ObtemDiarioBatch.java:81)
	at sisacao.opcaointra.app.ObtemDiarioBatch.executaMes(ObtemDiarioBatch.java:26)
	at sisacao.opcaointra.app.ObtemDiarioBatch.main(ObtemDiarioBatch.java:16)
(19:52:20) - java.io.FileNotFoundException: http://www.bmf.com.br/Ftp/IPN/TRS/BVBG.086.01/PR200712.zip
	at sun.net.www.protocol.http.HttpURLConnection.getInputStream0(HttpURLConnection.java:1890)
	at sun.net.www.protocol.http.HttpURLConnection.getInputStream(HttpURLConnection.java:1492)
	at java.net.URL.openStream(URL.java:1045)
	at sisacao.opcaointra.importador.TransferidorObj.main(TransferidorObj.java:37)
	at sisacao.opcaointra.app.ObtemDiarioBatch.downloadMes(ObtemDiarioBatch.java:82)
	at sisacao.opcaointra.app.ObtemDiarioBatch.executaMes(ObtemDiarioBatch.java:26)
	at sisacao.opcaointra.app.ObtemDiarioBatch.main(ObtemDiarioBatch.java:16)
(19:55:43) - java.io.FileNotFoundException: http://www.bmf.com.br/Ftp/IPN/TRS/BVBG.086.01/PR200718.zip
	at sun.net.www.protocol.http.HttpURLConnection.getInputStream0(HttpURLConnection.java:1890)
	at sun.net.www.protocol.http.HttpURLConnection.getInputStream(HttpURLConnection.java:1492)
	at java.net.URL.openStream(URL.java:1045)
	at sisacao.opcaointra.importador.TransferidorObj.main(TransferidorObj.java:37)
	at sisacao.opcaointra.app.ObtemDiarioBatch.downloadMes(ObtemDiarioBatch.java:88)
	at sisacao.opcaointra.app.ObtemDiarioBatch.executaMes(ObtemDiarioBatch.java:26)
	at sisacao.opcaointra.app.ObtemDiarioBatch.main(ObtemDiarioBatch.java:16)
(19:55:44) - java.io.FileNotFoundException: http://www.bmf.com.br/Ftp/IPN/TRS/BVBG.086.01/PR200719.zip
	at sun.net.www.protocol.http.HttpURLConnection.getInputStream0(HttpURLConnection.java:1890)
	at sun.net.www.protocol.http.HttpURLConnection.getInputStream(HttpURLConnection.java:1492)
	at java.net.URL.openStream(URL.java:1045)
	at sisacao.opcaointra.importador.TransferidorObj.main(TransferidorObj.java:37)
	at sisacao.opcaointra.app.ObtemDiarioBatch.downloadMes(ObtemDiarioBatch.java:89)
	at sisacao.opcaointra.app.ObtemDiarioBatch.executaMes(ObtemDiarioBatch.java:26)
	at sisacao.opcaointra.app.ObtemDiarioBatch.main(ObtemDiarioBatch.java:16)
(19:56:32) - java.io.FileNotFoundException: http://www.bmf.com.br/Ftp/IPN/TRS/BVBG.086.01/PR200725.zip
	at sun.net.www.protocol.http.HttpURLConnection.getInputStream0(HttpURLConnection.java:1890)
	at sun.net.www.protocol.http.HttpURLConnection.getInputStream(HttpURLConnection.java:1492)
	at java.net.URL.openStream(URL.java:1045)
	at sisacao.opcaointra.importador.TransferidorObj.main(TransferidorObj.java:37)
	at sisacao.opcaointra.app.ObtemDiarioBatch.downloadMes(ObtemDiarioBatch.java:95)
	at sisacao.opcaointra.app.ObtemDiarioBatch.executaMes(ObtemDiarioBatch.java:26)
	at sisacao.opcaointra.app.ObtemDiarioBatch.main(ObtemDiarioBatch.java:16)
(19:56:32) - java.io.FileNotFoundException: http://www.bmf.com.br/Ftp/IPN/TRS/BVBG.086.01/PR200726.zip
	at sun.net.www.protocol.http.HttpURLConnection.getInputStream0(HttpURLConnection.java:1890)
	at sun.net.www.protocol.http.HttpURLConnection.getInputStream(HttpURLConnection.java:1492)
	at java.net.URL.openStream(URL.java:1045)
	at sisacao.opcaointra.importador.TransferidorObj.main(TransferidorObj.java:37)
	at sisacao.opcaointra.app.ObtemDiarioBatch.downloadMes(ObtemDiarioBatch.java:96)
	at sisacao.opcaointra.app.ObtemDiarioBatch.executaMes(ObtemDiarioBatch.java:26)
	at sisacao.opcaointra.app.ObtemDiarioBatch.main(ObtemDiarioBatch.java:16)
(20:46:17) - java.io.FileNotFoundException: http://www.bmf.com.br/Ftp/IPN/TRS/BVBG.086.01/PR200801.zip
	at sun.net.www.protocol.http.HttpURLConnection.getInputStream0(HttpURLConnection.java:1890)
	at sun.net.www.protocol.http.HttpURLConnection.getInputStream(HttpURLConnection.java:1492)
	at java.net.URL.openStream(URL.java:1045)
	at sisacao.opcaointra.importador.TransferidorObj.main(TransferidorObj.java:37)
	at sisacao.opcaointra.app.ObtemDiarioBatch.downloadMes(ObtemDiarioBatch.java:71)
	at sisacao.opcaointra.app.ObtemDiarioBatch.executaMes(ObtemDiarioBatch.java:26)
	at sisacao.opcaointra.app.ObtemDiarioBatch.main(ObtemDiarioBatch.java:17)
(20:46:17) - java.io.FileNotFoundException: http://www.bmf.com.br/Ftp/IPN/TRS/BVBG.086.01/PR200802.zip
	at sun.net.www.protocol.http.HttpURLConnection.getInputStream0(HttpURLConnection.java:1890)
	at sun.net.www.protocol.http.HttpURLConnection.getInputStream(HttpURLConnection.java:1492)
	at java.net.URL.openStream(URL.java:1045)
	at sisacao.opcaointra.importador.TransferidorObj.main(TransferidorObj.java:37)
	at sisacao.opcaointra.app.ObtemDiarioBatch.downloadMes(ObtemDiarioBatch.java:72)
	at sisacao.opcaointra.app.ObtemDiarioBatch.executaMes(ObtemDiarioBatch.java:26)
	at sisacao.opcaointra.app.ObtemDiarioBatch.main(ObtemDiarioBatch.java:17)
(20:48:03) - java.io.FileNotFoundException: http://www.bmf.com.br/Ftp/IPN/TRS/BVBG.086.01/PR200806.zip
	at sun.net.www.protocol.http.HttpURLConnection.getInputStream0(HttpURLConnection.java:1890)
	at sun.net.www.protocol.http.HttpURLConnection.getInputStream(HttpURLConnection.java:1492)
	at java.net.URL.openStream(URL.java:1045)
	at sisacao.opcaointra.importador.TransferidorObj.main(TransferidorObj.java:37)
	at sisacao.opcaointra.app.ObtemDiarioBatch.downloadMes(ObtemDiarioBatch.java:76)
	at sisacao.opcaointra.app.ObtemDiarioBatch.executaMes(ObtemDiarioBatch.java:26)
	at sisacao.opcaointra.app.ObtemDiarioBatch.main(ObtemDiarioBatch.java:17)
(20:48:13) - java.io.FileNotFoundException: http://www.bmf.com.br/Ftp/IPN/TRS/BVBG.086.01/PR200808.zip
	at sun.net.www.protocol.http.HttpURLConnection.getInputStream0(HttpURLConnection.java:1890)
	at sun.net.www.protocol.http.HttpURLConnection.getInputStream(HttpURLConnection.java:1492)
	at java.net.URL.openStream(URL.java:1045)
	at sisacao.opcaointra.importador.TransferidorObj.main(TransferidorObj.java:37)
	at sisacao.opcaointra.app.ObtemDiarioBatch.downloadMes(ObtemDiarioBatch.java:78)
	at sisacao.opcaointra.app.ObtemDiarioBatch.executaMes(ObtemDiarioBatch.java:26)
	at sisacao.opcaointra.app.ObtemDiarioBatch.main(ObtemDiarioBatch.java:17)
(20:48:13) - java.io.FileNotFoundException: http://www.bmf.com.br/Ftp/IPN/TRS/BVBG.086.01/PR200809.zip
	at sun.net.www.protocol.http.HttpURLConnection.getInputStream0(HttpURLConnection.java:1890)
	at sun.net.www.protocol.http.HttpURLConnection.getInputStream(HttpURLConnection.java:1492)
	at java.net.URL.openStream(URL.java:1045)
	at sisacao.opcaointra.importador.TransferidorObj.main(TransferidorObj.java:37)
	at sisacao.opcaointra.app.ObtemDiarioBatch.downloadMes(ObtemDiarioBatch.java:79)
	at sisacao.opcaointra.app.ObtemDiarioBatch.executaMes(ObtemDiarioBatch.java:26)
	at sisacao.opcaointra.app.ObtemDiarioBatch.main(ObtemDiarioBatch.java:17)
(20:49:11) - java.io.FileNotFoundException: http://www.bmf.com.br/Ftp/IPN/TRS/BVBG.086.01/PR200815.zip
	at sun.net.www.protocol.http.HttpURLConnection.getInputStream0(HttpURLConnection.java:1890)
	at sun.net.www.protocol.http.HttpURLConnection.getInputStream(HttpURLConnection.java:1492)
	at java.net.URL.openStream(URL.java:1045)
	at sisacao.opcaointra.importador.TransferidorObj.main(TransferidorObj.java:37)
	at sisacao.opcaointra.app.ObtemDiarioBatch.downloadMes(ObtemDiarioBatch.java:85)
	at sisacao.opcaointra.app.ObtemDiarioBatch.executaMes(ObtemDiarioBatch.java:26)
	at sisacao.opcaointra.app.ObtemDiarioBatch.main(ObtemDiarioBatch.java:17)
(20:49:11) - java.io.FileNotFoundException: http://www.bmf.com.br/Ftp/IPN/TRS/BVBG.086.01/PR200816.zip
	at sun.net.www.protocol.http.HttpURLConnection.getInputStream0(HttpURLConnection.java:1890)
	at sun.net.www.protocol.http.HttpURLConnection.getInputStream(HttpURLConnection.java:1492)
	at java.net.URL.openStream(URL.java:1045)
	at sisacao.opcaointra.importador.TransferidorObj.main(TransferidorObj.java:37)
	at sisacao.opcaointra.app.ObtemDiarioBatch.downloadMes(ObtemDiarioBatch.java:86)
	at sisacao.opcaointra.app.ObtemDiarioBatch.executaMes(ObtemDiarioBatch.java:26)
	at sisacao.opcaointra.app.ObtemDiarioBatch.main(ObtemDiarioBatch.java:17)
(20:50:02) - java.io.FileNotFoundException: http://www.bmf.com.br/Ftp/IPN/TRS/BVBG.086.01/PR200822.zip
	at sun.net.www.protocol.http.HttpURLConnection.getInputStream0(HttpURLConnection.java:1890)
	at sun.net.www.protocol.http.HttpURLConnection.getInputStream(HttpURLConnection.java:1492)
	at java.net.URL.openStream(URL.java:1045)
	at sisacao.opcaointra.importador.TransferidorObj.main(TransferidorObj.java:37)
	at sisacao.opcaointra.app.ObtemDiarioBatch.downloadMes(ObtemDiarioBatch.java:92)
	at sisacao.opcaointra.app.ObtemDiarioBatch.executaMes(ObtemDiarioBatch.java:26)
	at sisacao.opcaointra.app.ObtemDiarioBatch.main(ObtemDiarioBatch.java:17)
(20:50:03) - java.io.FileNotFoundException: http://www.bmf.com.br/Ftp/IPN/TRS/BVBG.086.01/PR200823.zip
	at sun.net.www.protocol.http.HttpURLConnection.getInputStream0(HttpURLConnection.java:1890)
	at sun.net.www.protocol.http.HttpURLConnection.getInputStream(HttpURLConnection.java:1492)
	at java.net.URL.openStream(URL.java:1045)
	at sisacao.opcaointra.importador.TransferidorObj.main(TransferidorObj.java:37)
	at sisacao.opcaointra.app.ObtemDiarioBatch.downloadMes(ObtemDiarioBatch.java:93)
	at sisacao.opcaointra.app.ObtemDiarioBatch.executaMes(ObtemDiarioBatch.java:26)
	at sisacao.opcaointra.app.ObtemDiarioBatch.main(ObtemDiarioBatch.java:17)
(20:53:33) - java.io.FileNotFoundException: http://www.bmf.com.br/Ftp/IPN/TRS/BVBG.086.01/PR200829.zip
	at sun.net.www.protocol.http.HttpURLConnection.getInputStream0(HttpURLConnection.java:1890)
	at sun.net.www.protocol.http.HttpURLConnection.getInputStream(HttpURLConnection.java:1492)
	at java.net.URL.openStream(URL.java:1045)
	at sisacao.opcaointra.importador.TransferidorObj.main(TransferidorObj.java:37)
	at sisacao.opcaointra.app.ObtemDiarioBatch.downloadMes(ObtemDiarioBatch.java:99)
	at sisacao.opcaointra.app.ObtemDiarioBatch.executaMes(ObtemDiarioBatch.java:26)
	at sisacao.opcaointra.app.ObtemDiarioBatch.main(ObtemDiarioBatch.java:17)
(20:53:33) - java.io.FileNotFoundException: http://www.bmf.com.br/Ftp/IPN/TRS/BVBG.086.01/PR200830.zip
	at sun.net.www.protocol.http.HttpURLConnection.getInputStream0(HttpURLConnection.java:1890)
	at sun.net.www.protocol.http.HttpURLConnection.getInputStream(HttpURLConnection.java:1492)
	at java.net.URL.openStream(URL.java:1045)
	at sisacao.opcaointra.importador.TransferidorObj.main(TransferidorObj.java:37)
	at sisacao.opcaointra.app.ObtemDiarioBatch.downloadMes(ObtemDiarioBatch.java:100)
	at sisacao.opcaointra.app.ObtemDiarioBatch.executaMes(ObtemDiarioBatch.java:26)
	at sisacao.opcaointra.app.ObtemDiarioBatch.main(ObtemDiarioBatch.java:17)
(21:33:13) - java.io.FileNotFoundException: http://www.bmf.com.br/Ftp/IPN/TRS/BVBG.086.01/PR200905.zip
	at sun.net.www.protocol.http.HttpURLConnection.getInputStream0(HttpURLConnection.java:1890)
	at sun.net.www.protocol.http.HttpURLConnection.getInputStream(HttpURLConnection.java:1492)
	at java.net.URL.openStream(URL.java:1045)
	at sisacao.opcaointra.importador.TransferidorObj.main(TransferidorObj.java:37)
	at sisacao.opcaointra.app.ObtemDiarioBatch.downloadMes(ObtemDiarioBatch.java:75)
	at sisacao.opcaointra.app.ObtemDiarioBatch.executaMes(ObtemDiarioBatch.java:26)
	at sisacao.opcaointra.app.ObtemDiarioBatch.main(ObtemDiarioBatch.java:18)
(21:33:13) - java.io.FileNotFoundException: http://www.bmf.com.br/Ftp/IPN/TRS/BVBG.086.01/PR200906.zip
	at sun.net.www.protocol.http.HttpURLConnection.getInputStream0(HttpURLConnection.java:1890)
	at sun.net.www.protocol.http.HttpURLConnection.getInputStream(HttpURLConnection.java:1492)
	at java.net.URL.openStream(URL.java:1045)
	at sisacao.opcaointra.importador.TransferidorObj.main(TransferidorObj.java:37)
	at sisacao.opcaointra.app.ObtemDiarioBatch.downloadMes(ObtemDiarioBatch.java:76)
	at sisacao.opcaointra.app.ObtemDiarioBatch.executaMes(ObtemDiarioBatch.java:26)
	at sisacao.opcaointra.app.ObtemDiarioBatch.main(ObtemDiarioBatch.java:18)
(21:33:13) - java.io.FileNotFoundException: http://www.bmf.com.br/Ftp/IPN/TRS/BVBG.086.01/PR200907.zip
	at sun.net.www.protocol.http.HttpURLConnection.getInputStream0(HttpURLConnection.java:1890)
	at sun.net.www.protocol.http.HttpURLConnection.getInputStream(HttpURLConnection.java:1492)
	at java.net.URL.openStream(URL.java:1045)
	at sisacao.opcaointra.importador.TransferidorObj.main(TransferidorObj.java:37)
	at sisacao.opcaointra.app.ObtemDiarioBatch.downloadMes(ObtemDiarioBatch.java:77)
	at sisacao.opcaointra.app.ObtemDiarioBatch.executaMes(ObtemDiarioBatch.java:26)
	at sisacao.opcaointra.app.ObtemDiarioBatch.main(ObtemDiarioBatch.java:18)
(21:33:55) - java.io.FileNotFoundException: http://www.bmf.com.br/Ftp/IPN/TRS/BVBG.086.01/PR200912.zip
	at sun.net.www.protocol.http.HttpURLConnection.getInputStream0(HttpURLConnection.java:1890)
	at sun.net.www.protocol.http.HttpURLConnection.getInputStream(HttpURLConnection.java:1492)
	at java.net.URL.openStream(URL.java:1045)
	at sisacao.opcaointra.importador.TransferidorObj.main(TransferidorObj.java:37)
	at sisacao.opcaointra.app.ObtemDiarioBatch.downloadMes(ObtemDiarioBatch.java:82)
	at sisacao.opcaointra.app.ObtemDiarioBatch.executaMes(ObtemDiarioBatch.java:26)
	at sisacao.opcaointra.app.ObtemDiarioBatch.main(ObtemDiarioBatch.java:18)
(21:33:56) - java.io.FileNotFoundException: http://www.bmf.com.br/Ftp/IPN/TRS/BVBG.086.01/PR200913.zip
	at sun.net.www.protocol.http.HttpURLConnection.getInputStream0(HttpURLConnection.java:1890)
	at sun.net.www.protocol.http.HttpURLConnection.getInputStream(HttpURLConnection.java:1492)
	at java.net.URL.openStream(URL.java:1045)
	at sisacao.opcaointra.importador.TransferidorObj.main(TransferidorObj.java:37)
	at sisacao.opcaointra.app.ObtemDiarioBatch.downloadMes(ObtemDiarioBatch.java:83)
	at sisacao.opcaointra.app.ObtemDiarioBatch.executaMes(ObtemDiarioBatch.java:26)
	at sisacao.opcaointra.app.ObtemDiarioBatch.main(ObtemDiarioBatch.java:18)
(21:34:50) - java.io.FileNotFoundException: http://www.bmf.com.br/Ftp/IPN/TRS/BVBG.086.01/PR200919.zip
	at sun.net.www.protocol.http.HttpURLConnection.getInputStream0(HttpURLConnection.java:1890)
	at sun.net.www.protocol.http.HttpURLConnection.getInputStream(HttpURLConnection.java:1492)
	at java.net.URL.openStream(URL.java:1045)
	at sisacao.opcaointra.importador.TransferidorObj.main(TransferidorObj.java:37)
	at sisacao.opcaointra.app.ObtemDiarioBatch.downloadMes(ObtemDiarioBatch.java:89)
	at sisacao.opcaointra.app.ObtemDiarioBatch.executaMes(ObtemDiarioBatch.java:26)
	at sisacao.opcaointra.app.ObtemDiarioBatch.main(ObtemDiarioBatch.java:18)
(21:34:50) - java.io.FileNotFoundException: http://www.bmf.com.br/Ftp/IPN/TRS/BVBG.086.01/PR200920.zip
	at sun.net.www.protocol.http.HttpURLConnection.getInputStream0(HttpURLConnection.java:1890)
	at sun.net.www.protocol.http.HttpURLConnection.getInputStream(HttpURLConnection.java:1492)
	at java.net.URL.openStream(URL.java:1045)
	at sisacao.opcaointra.importador.TransferidorObj.main(TransferidorObj.java:37)
	at sisacao.opcaointra.app.ObtemDiarioBatch.downloadMes(ObtemDiarioBatch.java:90)
	at sisacao.opcaointra.app.ObtemDiarioBatch.executaMes(ObtemDiarioBatch.java:26)
	at sisacao.opcaointra.app.ObtemDiarioBatch.main(ObtemDiarioBatch.java:18)
(21:35:40) - java.io.FileNotFoundException: http://www.bmf.com.br/Ftp/IPN/TRS/BVBG.086.01/PR200926.zip
	at sun.net.www.protocol.http.HttpURLConnection.getInputStream0(HttpURLConnection.java:1890)
	at sun.net.www.protocol.http.HttpURLConnection.getInputStream(HttpURLConnection.java:1492)
	at java.net.URL.openStream(URL.java:1045)
	at sisacao.opcaointra.importador.TransferidorObj.main(TransferidorObj.java:37)
	at sisacao.opcaointra.app.ObtemDiarioBatch.downloadMes(ObtemDiarioBatch.java:96)
	at sisacao.opcaointra.app.ObtemDiarioBatch.executaMes(ObtemDiarioBatch.java:26)
	at sisacao.opcaointra.app.ObtemDiarioBatch.main(ObtemDiarioBatch.java:18)
(21:35:40) - java.io.FileNotFoundException: http://www.bmf.com.br/Ftp/IPN/TRS/BVBG.086.01/PR200927.zip
	at sun.net.www.protocol.http.HttpURLConnection.getInputStream0(HttpURLConnection.java:1890)
	at sun.net.www.protocol.http.HttpURLConnection.getInputStream(HttpURLConnection.java:1492)
	at java.net.URL.openStream(URL.java:1045)
	at sisacao.opcaointra.importador.TransferidorObj.main(TransferidorObj.java:37)
	at sisacao.opcaointra.app.ObtemDiarioBatch.downloadMes(ObtemDiarioBatch.java:97)
	at sisacao.opcaointra.app.ObtemDiarioBatch.executaMes(ObtemDiarioBatch.java:26)
	at sisacao.opcaointra.app.ObtemDiarioBatch.main(ObtemDiarioBatch.java:18)
(21:36:07) - java.io.FileNotFoundException: http://www.bmf.com.br/Ftp/IPN/TRS/BVBG.086.01/PR200931.zip
	at sun.net.www.protocol.http.HttpURLConnection.getInputStream0(HttpURLConnection.java:1890)
	at sun.net.www.protocol.http.HttpURLConnection.getInputStream(HttpURLConnection.java:1492)
	at java.net.URL.openStream(URL.java:1045)
	at sisacao.opcaointra.importador.TransferidorObj.main(TransferidorObj.java:37)
	at sisacao.opcaointra.app.ObtemDiarioBatch.downloadMes(ObtemDiarioBatch.java:101)
	at sisacao.opcaointra.app.ObtemDiarioBatch.executaMes(ObtemDiarioBatch.java:26)
	at sisacao.opcaointra.app.ObtemDiarioBatch.main(ObtemDiarioBatch.java:18)
