(2016-3-15 10:41:21) - java.io.FileNotFoundException: http://www.bmfbovespa.com.br/bdi/bdi0314.zip
	at sun.net.www.protocol.http.HttpURLConnection.getInputStream0(Unknown Source)
	at sun.net.www.protocol.http.HttpURLConnection.getInputStream(Unknown Source)
	at java.net.URL.openStream(Unknown Source)
	at cotacaojava2.coletordiario.TransferidorObj.main(TransferidorObj.java:30)
	at cotacaojava2.timer.CotacaoOpcao2ThreadPai.mudouDia(CotacaoOpcao2ThreadPai.java:103)
	at cotacaojava2.app.TestadorApp.main(TestadorApp.java:13)
(2016-3-15 10:45:13) - java.io.FileNotFoundException: download\2016\bdi0314.zip (O sistema não pode encontrar o caminho especificado)
	at java.io.FileOutputStream.open0(Native Method)
	at java.io.FileOutputStream.open(Unknown Source)
	at java.io.FileOutputStream.<init>(Unknown Source)
	at java.io.FileOutputStream.<init>(Unknown Source)
	at cotacaojava2.coletordiario.TransferidorObj.main(TransferidorObj.java:32)
	at cotacaojava2.timer.CotacaoOpcao2ThreadPai.mudouDia(CotacaoOpcao2ThreadPai.java:103)
	at cotacaojava2.app.TestadorApp.main(TestadorApp.java:13)
(2016-3-15 10:45:36) - java.io.FileNotFoundException: download\2016\bdi0314.zip (O sistema não pode encontrar o caminho especificado)
	at java.io.FileOutputStream.open0(Native Method)
	at java.io.FileOutputStream.open(Unknown Source)
	at java.io.FileOutputStream.<init>(Unknown Source)
	at java.io.FileOutputStream.<init>(Unknown Source)
	at cotacaojava2.coletordiario.TransferidorObj.main(TransferidorObj.java:32)
	at cotacaojava2.timer.CotacaoOpcao2ThreadPai.mudouDia(CotacaoOpcao2ThreadPai.java:103)
	at cotacaojava2.app.TestadorApp.main(TestadorApp.java:13)
(2016-3-15 10:47:42) - java.io.FileNotFoundException: download\2016\bdi0314.zip (O sistema não pode encontrar o caminho especificado)
	at java.io.FileOutputStream.open0(Native Method)
	at java.io.FileOutputStream.open(Unknown Source)
	at java.io.FileOutputStream.<init>(Unknown Source)
	at java.io.FileOutputStream.<init>(Unknown Source)
	at cotacaojava2.coletordiario.TransferidorObj.main(TransferidorObj.java:32)
	at cotacaojava2.timer.CotacaoOpcao2ThreadPai.mudouDia(CotacaoOpcao2ThreadPai.java:103)
	at cotacaojava2.app.TestadorApp.main(TestadorApp.java:13)
(2016-3-15 10:48:24) - java.io.FileNotFoundException: download\2016\bdi0314.zip (O sistema não pode encontrar o caminho especificado)
	at java.io.FileOutputStream.open0(Native Method)
	at java.io.FileOutputStream.open(Unknown Source)
	at java.io.FileOutputStream.<init>(Unknown Source)
	at java.io.FileOutputStream.<init>(Unknown Source)
	at cotacaojava2.coletordiario.TransferidorObj.main(TransferidorObj.java:32)
	at cotacaojava2.timer.CotacaoOpcao2ThreadPai.mudouDia(CotacaoOpcao2ThreadPai.java:103)
	at cotacaojava2.app.TestadorApp.main(TestadorApp.java:13)
