(2016-3-21 17:21:43) - br.com.digicom.lib.dao.DaoException: create table if not exists PETRC-6_DIARIO (  id_cotacao_diario integer unsigned not null auto_increment, abertura_original decimal(7,2), maximo_original decimal(7,2), minimo_original decimal(7,2), fechamento_original decimal(7,2), abertura_corrigido decimal(7,3), maximo_corrigido decimal(7,3), minimo_corrigido decimal(7,3), fechamento_corrigido decimal(7,3), negocios integer unsigned, volume decimal(14,2), data date, preco_exercicio decimal(7,2), PRIMARY KEY (id_cotacao_diario),  INDEX `data_idx`(`data`)  ) ENGINE = MYISAM;Syntax error or access violation message from server: "You have an error in your SQL syntax; check the manual that corresponds to your MySQL server version for the right syntax to use near '-6_DIARIO (  id_cotacao_diario integer unsigned not null auto_increment, abertur' at line 1" create table if not exists PETRC-6_DIARIO (  id_cotacao_diario integer unsigned not null auto_increment, abertura_original decimal(7,2), maximo_original decimal(7,2), minimo_original decimal(7,2), fechamento_original decimal(7,2), abertura_corrigido decimal(7,3), maximo_corrigido decimal(7,3), minimo_corrigido decimal(7,3), fechamento_corrigido decimal(7,3), negocios integer unsigned, volume decimal(14,2), data date, preco_exercicio decimal(7,2), PRIMARY KEY (id_cotacao_diario),  INDEX `data_idx`(`data`)  ) ENGINE = MYISAM;Syntax error or access violation message from server: "You have an error in your SQL syntax; check the manual that corresponds to your MySQL server version for the right syntax to use near '-6_DIARIO (  id_cotacao_diario integer unsigned not null auto_increment, abertur' at line 1"
	at br.com.digicom.lib.dao.MySqlDataSource.executaSql(MySqlDataSource.java:69)
	at br.com.digicom.lib.dao.MySqlDataSource.executaSql(MySqlDataSource.java:40)
	at br.com.digicom.lib.dao.DaoBase.executaSql(DaoBase.java:116)
	at br.com.digicom.lib.dao.DaoBase.executaSql(DaoBase.java:108)
	at cotacaojava2.dao.CotacaoDiarioOpcaoDaoExtendidaApp.CriaTabelaSeNecessario(CotacaoDiarioOpcaoDaoExtendidaApp.java:32)
	at cotacaojava2.coletordiario.ImportadorDiarioHistoricoOpcaoObj.verificaTabelas(ImportadorDiarioHistoricoOpcaoObj.java:52)
	at cotacaojava2.coletordiario.ImportadorDiarioHistoricoOpcaoObj.main(ImportadorDiarioHistoricoOpcaoObj.java:27)
	at cotacaojava2.app.TestadorApp.main(TestadorApp.java:17)
(2016-3-21 17:21:43) - br.com.digicom.lib.dao.DaoException: create table if not exists PETRC-4_DIARIO (  id_cotacao_diario integer unsigned not null auto_increment, abertura_original decimal(7,2), maximo_original decimal(7,2), minimo_original decimal(7,2), fechamento_original decimal(7,2), abertura_corrigido decimal(7,3), maximo_corrigido decimal(7,3), minimo_corrigido decimal(7,3), fechamento_corrigido decimal(7,3), negocios integer unsigned, volume decimal(14,2), data date, preco_exercicio decimal(7,2), PRIMARY KEY (id_cotacao_diario),  INDEX `data_idx`(`data`)  ) ENGINE = MYISAM;Syntax error or access violation message from server: "You have an error in your SQL syntax; check the manual that corresponds to your MySQL server version for the right syntax to use near '-4_DIARIO (  id_cotacao_diario integer unsigned not null auto_increment, abertur' at line 1" create table if not exists PETRC-4_DIARIO (  id_cotacao_diario integer unsigned not null auto_increment, abertura_original decimal(7,2), maximo_original decimal(7,2), minimo_original decimal(7,2), fechamento_original decimal(7,2), abertura_corrigido decimal(7,3), maximo_corrigido decimal(7,3), minimo_corrigido decimal(7,3), fechamento_corrigido decimal(7,3), negocios integer unsigned, volume decimal(14,2), data date, preco_exercicio decimal(7,2), PRIMARY KEY (id_cotacao_diario),  INDEX `data_idx`(`data`)  ) ENGINE = MYISAM;Syntax error or access violation message from server: "You have an error in your SQL syntax; check the manual that corresponds to your MySQL server version for the right syntax to use near '-4_DIARIO (  id_cotacao_diario integer unsigned not null auto_increment, abertur' at line 1"
	at br.com.digicom.lib.dao.MySqlDataSource.executaSql(MySqlDataSource.java:69)
	at br.com.digicom.lib.dao.MySqlDataSource.executaSql(MySqlDataSource.java:40)
	at br.com.digicom.lib.dao.DaoBase.executaSql(DaoBase.java:116)
	at br.com.digicom.lib.dao.DaoBase.executaSql(DaoBase.java:108)
	at cotacaojava2.dao.CotacaoDiarioOpcaoDaoExtendidaApp.CriaTabelaSeNecessario(CotacaoDiarioOpcaoDaoExtendidaApp.java:32)
	at cotacaojava2.coletordiario.ImportadorDiarioHistoricoOpcaoObj.verificaTabelas(ImportadorDiarioHistoricoOpcaoObj.java:52)
	at cotacaojava2.coletordiario.ImportadorDiarioHistoricoOpcaoObj.main(ImportadorDiarioHistoricoOpcaoObj.java:27)
	at cotacaojava2.app.TestadorApp.main(TestadorApp.java:17)
(2016-3-21 17:21:43) - br.com.digicom.lib.dao.DaoException: create table if not exists PETRC-2_DIARIO (  id_cotacao_diario integer unsigned not null auto_increment, abertura_original decimal(7,2), maximo_original decimal(7,2), minimo_original decimal(7,2), fechamento_original decimal(7,2), abertura_corrigido decimal(7,3), maximo_corrigido decimal(7,3), minimo_corrigido decimal(7,3), fechamento_corrigido decimal(7,3), negocios integer unsigned, volume decimal(14,2), data date, preco_exercicio decimal(7,2), PRIMARY KEY (id_cotacao_diario),  INDEX `data_idx`(`data`)  ) ENGINE = MYISAM;Syntax error or access violation message from server: "You have an error in your SQL syntax; check the manual that corresponds to your MySQL server version for the right syntax to use near '-2_DIARIO (  id_cotacao_diario integer unsigned not null auto_increment, abertur' at line 1" create table if not exists PETRC-2_DIARIO (  id_cotacao_diario integer unsigned not null auto_increment, abertura_original decimal(7,2), maximo_original decimal(7,2), minimo_original decimal(7,2), fechamento_original decimal(7,2), abertura_corrigido decimal(7,3), maximo_corrigido decimal(7,3), minimo_corrigido decimal(7,3), fechamento_corrigido decimal(7,3), negocios integer unsigned, volume decimal(14,2), data date, preco_exercicio decimal(7,2), PRIMARY KEY (id_cotacao_diario),  INDEX `data_idx`(`data`)  ) ENGINE = MYISAM;Syntax error or access violation message from server: "You have an error in your SQL syntax; check the manual that corresponds to your MySQL server version for the right syntax to use near '-2_DIARIO (  id_cotacao_diario integer unsigned not null auto_increment, abertur' at line 1"
	at br.com.digicom.lib.dao.MySqlDataSource.executaSql(MySqlDataSource.java:69)
	at br.com.digicom.lib.dao.MySqlDataSource.executaSql(MySqlDataSource.java:40)
	at br.com.digicom.lib.dao.DaoBase.executaSql(DaoBase.java:116)
	at br.com.digicom.lib.dao.DaoBase.executaSql(DaoBase.java:108)
	at cotacaojava2.dao.CotacaoDiarioOpcaoDaoExtendidaApp.CriaTabelaSeNecessario(CotacaoDiarioOpcaoDaoExtendidaApp.java:32)
	at cotacaojava2.coletordiario.ImportadorDiarioHistoricoOpcaoObj.verificaTabelas(ImportadorDiarioHistoricoOpcaoObj.java:52)
	at cotacaojava2.coletordiario.ImportadorDiarioHistoricoOpcaoObj.main(ImportadorDiarioHistoricoOpcaoObj.java:27)
	at cotacaojava2.app.TestadorApp.main(TestadorApp.java:17)
(2016-3-21 17:21:43) - br.com.digicom.lib.dao.DaoException: create table if not exists VALEC-4_DIARIO (  id_cotacao_diario integer unsigned not null auto_increment, abertura_original decimal(7,2), maximo_original decimal(7,2), minimo_original decimal(7,2), fechamento_original decimal(7,2), abertura_corrigido decimal(7,3), maximo_corrigido decimal(7,3), minimo_corrigido decimal(7,3), fechamento_corrigido decimal(7,3), negocios integer unsigned, volume decimal(14,2), data date, preco_exercicio decimal(7,2), PRIMARY KEY (id_cotacao_diario),  INDEX `data_idx`(`data`)  ) ENGINE = MYISAM;Syntax error or access violation message from server: "You have an error in your SQL syntax; check the manual that corresponds to your MySQL server version for the right syntax to use near '-4_DIARIO (  id_cotacao_diario integer unsigned not null auto_increment, abertur' at line 1" create table if not exists VALEC-4_DIARIO (  id_cotacao_diario integer unsigned not null auto_increment, abertura_original decimal(7,2), maximo_original decimal(7,2), minimo_original decimal(7,2), fechamento_original decimal(7,2), abertura_corrigido decimal(7,3), maximo_corrigido decimal(7,3), minimo_corrigido decimal(7,3), fechamento_corrigido decimal(7,3), negocios integer unsigned, volume decimal(14,2), data date, preco_exercicio decimal(7,2), PRIMARY KEY (id_cotacao_diario),  INDEX `data_idx`(`data`)  ) ENGINE = MYISAM;Syntax error or access violation message from server: "You have an error in your SQL syntax; check the manual that corresponds to your MySQL server version for the right syntax to use near '-4_DIARIO (  id_cotacao_diario integer unsigned not null auto_increment, abertur' at line 1"
	at br.com.digicom.lib.dao.MySqlDataSource.executaSql(MySqlDataSource.java:69)
	at br.com.digicom.lib.dao.MySqlDataSource.executaSql(MySqlDataSource.java:40)
	at br.com.digicom.lib.dao.DaoBase.executaSql(DaoBase.java:116)
	at br.com.digicom.lib.dao.DaoBase.executaSql(DaoBase.java:108)
	at cotacaojava2.dao.CotacaoDiarioOpcaoDaoExtendidaApp.CriaTabelaSeNecessario(CotacaoDiarioOpcaoDaoExtendidaApp.java:32)
	at cotacaojava2.coletordiario.ImportadorDiarioHistoricoOpcaoObj.verificaTabelas(ImportadorDiarioHistoricoOpcaoObj.java:52)
	at cotacaojava2.coletordiario.ImportadorDiarioHistoricoOpcaoObj.main(ImportadorDiarioHistoricoOpcaoObj.java:27)
	at cotacaojava2.app.TestadorApp.main(TestadorApp.java:17)
(2016-3-21 17:21:43) - br.com.digicom.lib.dao.DaoException: create table if not exists VALEC-2_DIARIO (  id_cotacao_diario integer unsigned not null auto_increment, abertura_original decimal(7,2), maximo_original decimal(7,2), minimo_original decimal(7,2), fechamento_original decimal(7,2), abertura_corrigido decimal(7,3), maximo_corrigido decimal(7,3), minimo_corrigido decimal(7,3), fechamento_corrigido decimal(7,3), negocios integer unsigned, volume decimal(14,2), data date, preco_exercicio decimal(7,2), PRIMARY KEY (id_cotacao_diario),  INDEX `data_idx`(`data`)  ) ENGINE = MYISAM;Syntax error or access violation message from server: "You have an error in your SQL syntax; check the manual that corresponds to your MySQL server version for the right syntax to use near '-2_DIARIO (  id_cotacao_diario integer unsigned not null auto_increment, abertur' at line 1" create table if not exists VALEC-2_DIARIO (  id_cotacao_diario integer unsigned not null auto_increment, abertura_original decimal(7,2), maximo_original decimal(7,2), minimo_original decimal(7,2), fechamento_original decimal(7,2), abertura_corrigido decimal(7,3), maximo_corrigido decimal(7,3), minimo_corrigido decimal(7,3), fechamento_corrigido decimal(7,3), negocios integer unsigned, volume decimal(14,2), data date, preco_exercicio decimal(7,2), PRIMARY KEY (id_cotacao_diario),  INDEX `data_idx`(`data`)  ) ENGINE = MYISAM;Syntax error or access violation message from server: "You have an error in your SQL syntax; check the manual that corresponds to your MySQL server version for the right syntax to use near '-2_DIARIO (  id_cotacao_diario integer unsigned not null auto_increment, abertur' at line 1"
	at br.com.digicom.lib.dao.MySqlDataSource.executaSql(MySqlDataSource.java:69)
	at br.com.digicom.lib.dao.MySqlDataSource.executaSql(MySqlDataSource.java:40)
	at br.com.digicom.lib.dao.DaoBase.executaSql(DaoBase.java:116)
	at br.com.digicom.lib.dao.DaoBase.executaSql(DaoBase.java:108)
	at cotacaojava2.dao.CotacaoDiarioOpcaoDaoExtendidaApp.CriaTabelaSeNecessario(CotacaoDiarioOpcaoDaoExtendidaApp.java:32)
	at cotacaojava2.coletordiario.ImportadorDiarioHistoricoOpcaoObj.verificaTabelas(ImportadorDiarioHistoricoOpcaoObj.java:52)
	at cotacaojava2.coletordiario.ImportadorDiarioHistoricoOpcaoObj.main(ImportadorDiarioHistoricoOpcaoObj.java:27)
	at cotacaojava2.app.TestadorApp.main(TestadorApp.java:17)
(2016-3-21 17:21:43) - br.com.digicom.lib.dao.DaoException: create table if not exists PETRD-6_DIARIO (  id_cotacao_diario integer unsigned not null auto_increment, abertura_original decimal(7,2), maximo_original decimal(7,2), minimo_original decimal(7,2), fechamento_original decimal(7,2), abertura_corrigido decimal(7,3), maximo_corrigido decimal(7,3), minimo_corrigido decimal(7,3), fechamento_corrigido decimal(7,3), negocios integer unsigned, volume decimal(14,2), data date, preco_exercicio decimal(7,2), PRIMARY KEY (id_cotacao_diario),  INDEX `data_idx`(`data`)  ) ENGINE = MYISAM;Syntax error or access violation message from server: "You have an error in your SQL syntax; check the manual that corresponds to your MySQL server version for the right syntax to use near '-6_DIARIO (  id_cotacao_diario integer unsigned not null auto_increment, abertur' at line 1" create table if not exists PETRD-6_DIARIO (  id_cotacao_diario integer unsigned not null auto_increment, abertura_original decimal(7,2), maximo_original decimal(7,2), minimo_original decimal(7,2), fechamento_original decimal(7,2), abertura_corrigido decimal(7,3), maximo_corrigido decimal(7,3), minimo_corrigido decimal(7,3), fechamento_corrigido decimal(7,3), negocios integer unsigned, volume decimal(14,2), data date, preco_exercicio decimal(7,2), PRIMARY KEY (id_cotacao_diario),  INDEX `data_idx`(`data`)  ) ENGINE = MYISAM;Syntax error or access violation message from server: "You have an error in your SQL syntax; check the manual that corresponds to your MySQL server version for the right syntax to use near '-6_DIARIO (  id_cotacao_diario integer unsigned not null auto_increment, abertur' at line 1"
	at br.com.digicom.lib.dao.MySqlDataSource.executaSql(MySqlDataSource.java:69)
	at br.com.digicom.lib.dao.MySqlDataSource.executaSql(MySqlDataSource.java:40)
	at br.com.digicom.lib.dao.DaoBase.executaSql(DaoBase.java:116)
	at br.com.digicom.lib.dao.DaoBase.executaSql(DaoBase.java:108)
	at cotacaojava2.dao.CotacaoDiarioOpcaoDaoExtendidaApp.CriaTabelaSeNecessario(CotacaoDiarioOpcaoDaoExtendidaApp.java:32)
	at cotacaojava2.coletordiario.ImportadorDiarioHistoricoOpcaoObj.verificaTabelas(ImportadorDiarioHistoricoOpcaoObj.java:52)
	at cotacaojava2.coletordiario.ImportadorDiarioHistoricoOpcaoObj.main(ImportadorDiarioHistoricoOpcaoObj.java:27)
	at cotacaojava2.app.TestadorApp.main(TestadorApp.java:17)
(2016-3-21 17:21:43) - br.com.digicom.lib.dao.DaoException: create table if not exists PETRD-4_DIARIO (  id_cotacao_diario integer unsigned not null auto_increment, abertura_original decimal(7,2), maximo_original decimal(7,2), minimo_original decimal(7,2), fechamento_original decimal(7,2), abertura_corrigido decimal(7,3), maximo_corrigido decimal(7,3), minimo_corrigido decimal(7,3), fechamento_corrigido decimal(7,3), negocios integer unsigned, volume decimal(14,2), data date, preco_exercicio decimal(7,2), PRIMARY KEY (id_cotacao_diario),  INDEX `data_idx`(`data`)  ) ENGINE = MYISAM;Syntax error or access violation message from server: "You have an error in your SQL syntax; check the manual that corresponds to your MySQL server version for the right syntax to use near '-4_DIARIO (  id_cotacao_diario integer unsigned not null auto_increment, abertur' at line 1" create table if not exists PETRD-4_DIARIO (  id_cotacao_diario integer unsigned not null auto_increment, abertura_original decimal(7,2), maximo_original decimal(7,2), minimo_original decimal(7,2), fechamento_original decimal(7,2), abertura_corrigido decimal(7,3), maximo_corrigido decimal(7,3), minimo_corrigido decimal(7,3), fechamento_corrigido decimal(7,3), negocios integer unsigned, volume decimal(14,2), data date, preco_exercicio decimal(7,2), PRIMARY KEY (id_cotacao_diario),  INDEX `data_idx`(`data`)  ) ENGINE = MYISAM;Syntax error or access violation message from server: "You have an error in your SQL syntax; check the manual that corresponds to your MySQL server version for the right syntax to use near '-4_DIARIO (  id_cotacao_diario integer unsigned not null auto_increment, abertur' at line 1"
	at br.com.digicom.lib.dao.MySqlDataSource.executaSql(MySqlDataSource.java:69)
	at br.com.digicom.lib.dao.MySqlDataSource.executaSql(MySqlDataSource.java:40)
	at br.com.digicom.lib.dao.DaoBase.executaSql(DaoBase.java:116)
	at br.com.digicom.lib.dao.DaoBase.executaSql(DaoBase.java:108)
	at cotacaojava2.dao.CotacaoDiarioOpcaoDaoExtendidaApp.CriaTabelaSeNecessario(CotacaoDiarioOpcaoDaoExtendidaApp.java:32)
	at cotacaojava2.coletordiario.ImportadorDiarioHistoricoOpcaoObj.verificaTabelas(ImportadorDiarioHistoricoOpcaoObj.java:52)
	at cotacaojava2.coletordiario.ImportadorDiarioHistoricoOpcaoObj.main(ImportadorDiarioHistoricoOpcaoObj.java:27)
	at cotacaojava2.app.TestadorApp.main(TestadorApp.java:17)
(2016-3-21 17:21:43) - br.com.digicom.lib.dao.DaoException: create table if not exists PETRD-2_DIARIO (  id_cotacao_diario integer unsigned not null auto_increment, abertura_original decimal(7,2), maximo_original decimal(7,2), minimo_original decimal(7,2), fechamento_original decimal(7,2), abertura_corrigido decimal(7,3), maximo_corrigido decimal(7,3), minimo_corrigido decimal(7,3), fechamento_corrigido decimal(7,3), negocios integer unsigned, volume decimal(14,2), data date, preco_exercicio decimal(7,2), PRIMARY KEY (id_cotacao_diario),  INDEX `data_idx`(`data`)  ) ENGINE = MYISAM;Syntax error or access violation message from server: "You have an error in your SQL syntax; check the manual that corresponds to your MySQL server version for the right syntax to use near '-2_DIARIO (  id_cotacao_diario integer unsigned not null auto_increment, abertur' at line 1" create table if not exists PETRD-2_DIARIO (  id_cotacao_diario integer unsigned not null auto_increment, abertura_original decimal(7,2), maximo_original decimal(7,2), minimo_original decimal(7,2), fechamento_original decimal(7,2), abertura_corrigido decimal(7,3), maximo_corrigido decimal(7,3), minimo_corrigido decimal(7,3), fechamento_corrigido decimal(7,3), negocios integer unsigned, volume decimal(14,2), data date, preco_exercicio decimal(7,2), PRIMARY KEY (id_cotacao_diario),  INDEX `data_idx`(`data`)  ) ENGINE = MYISAM;Syntax error or access violation message from server: "You have an error in your SQL syntax; check the manual that corresponds to your MySQL server version for the right syntax to use near '-2_DIARIO (  id_cotacao_diario integer unsigned not null auto_increment, abertur' at line 1"
	at br.com.digicom.lib.dao.MySqlDataSource.executaSql(MySqlDataSource.java:69)
	at br.com.digicom.lib.dao.MySqlDataSource.executaSql(MySqlDataSource.java:40)
	at br.com.digicom.lib.dao.DaoBase.executaSql(DaoBase.java:116)
	at br.com.digicom.lib.dao.DaoBase.executaSql(DaoBase.java:108)
	at cotacaojava2.dao.CotacaoDiarioOpcaoDaoExtendidaApp.CriaTabelaSeNecessario(CotacaoDiarioOpcaoDaoExtendidaApp.java:32)
	at cotacaojava2.coletordiario.ImportadorDiarioHistoricoOpcaoObj.verificaTabelas(ImportadorDiarioHistoricoOpcaoObj.java:52)
	at cotacaojava2.coletordiario.ImportadorDiarioHistoricoOpcaoObj.main(ImportadorDiarioHistoricoOpcaoObj.java:27)
	at cotacaojava2.app.TestadorApp.main(TestadorApp.java:17)
(2016-3-21 17:21:43) - br.com.digicom.lib.dao.DaoException: create table if not exists VALED-2_DIARIO (  id_cotacao_diario integer unsigned not null auto_increment, abertura_original decimal(7,2), maximo_original decimal(7,2), minimo_original decimal(7,2), fechamento_original decimal(7,2), abertura_corrigido decimal(7,3), maximo_corrigido decimal(7,3), minimo_corrigido decimal(7,3), fechamento_corrigido decimal(7,3), negocios integer unsigned, volume decimal(14,2), data date, preco_exercicio decimal(7,2), PRIMARY KEY (id_cotacao_diario),  INDEX `data_idx`(`data`)  ) ENGINE = MYISAM;Syntax error or access violation message from server: "You have an error in your SQL syntax; check the manual that corresponds to your MySQL server version for the right syntax to use near '-2_DIARIO (  id_cotacao_diario integer unsigned not null auto_increment, abertur' at line 1" create table if not exists VALED-2_DIARIO (  id_cotacao_diario integer unsigned not null auto_increment, abertura_original decimal(7,2), maximo_original decimal(7,2), minimo_original decimal(7,2), fechamento_original decimal(7,2), abertura_corrigido decimal(7,3), maximo_corrigido decimal(7,3), minimo_corrigido decimal(7,3), fechamento_corrigido decimal(7,3), negocios integer unsigned, volume decimal(14,2), data date, preco_exercicio decimal(7,2), PRIMARY KEY (id_cotacao_diario),  INDEX `data_idx`(`data`)  ) ENGINE = MYISAM;Syntax error or access violation message from server: "You have an error in your SQL syntax; check the manual that corresponds to your MySQL server version for the right syntax to use near '-2_DIARIO (  id_cotacao_diario integer unsigned not null auto_increment, abertur' at line 1"
	at br.com.digicom.lib.dao.MySqlDataSource.executaSql(MySqlDataSource.java:69)
	at br.com.digicom.lib.dao.MySqlDataSource.executaSql(MySqlDataSource.java:40)
	at br.com.digicom.lib.dao.DaoBase.executaSql(DaoBase.java:116)
	at br.com.digicom.lib.dao.DaoBase.executaSql(DaoBase.java:108)
	at cotacaojava2.dao.CotacaoDiarioOpcaoDaoExtendidaApp.CriaTabelaSeNecessario(CotacaoDiarioOpcaoDaoExtendidaApp.java:32)
	at cotacaojava2.coletordiario.ImportadorDiarioHistoricoOpcaoObj.verificaTabelas(ImportadorDiarioHistoricoOpcaoObj.java:52)
	at cotacaojava2.coletordiario.ImportadorDiarioHistoricoOpcaoObj.main(ImportadorDiarioHistoricoOpcaoObj.java:27)
	at cotacaojava2.app.TestadorApp.main(TestadorApp.java:17)
(2016-3-21 21:14:10) - br.com.digicom.lib.dao.DaoException: create table if not exists PETRC-6_DIARIO (  id_cotacao_diario integer unsigned not null auto_increment, abertura_original decimal(7,2), maximo_original decimal(7,2), minimo_original decimal(7,2), fechamento_original decimal(7,2), abertura_corrigido decimal(7,3), maximo_corrigido decimal(7,3), minimo_corrigido decimal(7,3), fechamento_corrigido decimal(7,3), negocios integer unsigned, volume decimal(14,2), data date, preco_exercicio decimal(7,2), PRIMARY KEY (id_cotacao_diario),  INDEX `data_idx`(`data`)  ) ENGINE = MYISAM;Syntax error or access violation message from server: "You have an error in your SQL syntax; check the manual that corresponds to your MySQL server version for the right syntax to use near '-6_DIARIO (  id_cotacao_diario integer unsigned not null auto_increment, abertur' at line 1" create table if not exists PETRC-6_DIARIO (  id_cotacao_diario integer unsigned not null auto_increment, abertura_original decimal(7,2), maximo_original decimal(7,2), minimo_original decimal(7,2), fechamento_original decimal(7,2), abertura_corrigido decimal(7,3), maximo_corrigido decimal(7,3), minimo_corrigido decimal(7,3), fechamento_corrigido decimal(7,3), negocios integer unsigned, volume decimal(14,2), data date, preco_exercicio decimal(7,2), PRIMARY KEY (id_cotacao_diario),  INDEX `data_idx`(`data`)  ) ENGINE = MYISAM;Syntax error or access violation message from server: "You have an error in your SQL syntax; check the manual that corresponds to your MySQL server version for the right syntax to use near '-6_DIARIO (  id_cotacao_diario integer unsigned not null auto_increment, abertur' at line 1"
	at br.com.digicom.lib.dao.MySqlDataSource.executaSql(MySqlDataSource.java:69)
	at br.com.digicom.lib.dao.MySqlDataSource.executaSql(MySqlDataSource.java:40)
	at br.com.digicom.lib.dao.DaoBase.executaSql(DaoBase.java:116)
	at br.com.digicom.lib.dao.DaoBase.executaSql(DaoBase.java:108)
	at cotacaojava2.dao.CotacaoDiarioOpcaoDaoExtendidaApp.CriaTabelaSeNecessario(CotacaoDiarioOpcaoDaoExtendidaApp.java:32)
	at cotacaojava2.coletordiario.ImportadorDiarioHistoricoOpcaoObj.verificaTabelas(ImportadorDiarioHistoricoOpcaoObj.java:52)
	at cotacaojava2.coletordiario.ImportadorDiarioHistoricoOpcaoObj.main(ImportadorDiarioHistoricoOpcaoObj.java:27)
	at cotacaojava2.app.TestadorApp.main(TestadorApp.java:17)
(2016-3-21 21:14:10) - br.com.digicom.lib.dao.DaoException: create table if not exists PETRC-4_DIARIO (  id_cotacao_diario integer unsigned not null auto_increment, abertura_original decimal(7,2), maximo_original decimal(7,2), minimo_original decimal(7,2), fechamento_original decimal(7,2), abertura_corrigido decimal(7,3), maximo_corrigido decimal(7,3), minimo_corrigido decimal(7,3), fechamento_corrigido decimal(7,3), negocios integer unsigned, volume decimal(14,2), data date, preco_exercicio decimal(7,2), PRIMARY KEY (id_cotacao_diario),  INDEX `data_idx`(`data`)  ) ENGINE = MYISAM;Syntax error or access violation message from server: "You have an error in your SQL syntax; check the manual that corresponds to your MySQL server version for the right syntax to use near '-4_DIARIO (  id_cotacao_diario integer unsigned not null auto_increment, abertur' at line 1" create table if not exists PETRC-4_DIARIO (  id_cotacao_diario integer unsigned not null auto_increment, abertura_original decimal(7,2), maximo_original decimal(7,2), minimo_original decimal(7,2), fechamento_original decimal(7,2), abertura_corrigido decimal(7,3), maximo_corrigido decimal(7,3), minimo_corrigido decimal(7,3), fechamento_corrigido decimal(7,3), negocios integer unsigned, volume decimal(14,2), data date, preco_exercicio decimal(7,2), PRIMARY KEY (id_cotacao_diario),  INDEX `data_idx`(`data`)  ) ENGINE = MYISAM;Syntax error or access violation message from server: "You have an error in your SQL syntax; check the manual that corresponds to your MySQL server version for the right syntax to use near '-4_DIARIO (  id_cotacao_diario integer unsigned not null auto_increment, abertur' at line 1"
	at br.com.digicom.lib.dao.MySqlDataSource.executaSql(MySqlDataSource.java:69)
	at br.com.digicom.lib.dao.MySqlDataSource.executaSql(MySqlDataSource.java:40)
	at br.com.digicom.lib.dao.DaoBase.executaSql(DaoBase.java:116)
	at br.com.digicom.lib.dao.DaoBase.executaSql(DaoBase.java:108)
	at cotacaojava2.dao.CotacaoDiarioOpcaoDaoExtendidaApp.CriaTabelaSeNecessario(CotacaoDiarioOpcaoDaoExtendidaApp.java:32)
	at cotacaojava2.coletordiario.ImportadorDiarioHistoricoOpcaoObj.verificaTabelas(ImportadorDiarioHistoricoOpcaoObj.java:52)
	at cotacaojava2.coletordiario.ImportadorDiarioHistoricoOpcaoObj.main(ImportadorDiarioHistoricoOpcaoObj.java:27)
	at cotacaojava2.app.TestadorApp.main(TestadorApp.java:17)
(2016-3-21 21:14:10) - br.com.digicom.lib.dao.DaoException: create table if not exists PETRC-2_DIARIO (  id_cotacao_diario integer unsigned not null auto_increment, abertura_original decimal(7,2), maximo_original decimal(7,2), minimo_original decimal(7,2), fechamento_original decimal(7,2), abertura_corrigido decimal(7,3), maximo_corrigido decimal(7,3), minimo_corrigido decimal(7,3), fechamento_corrigido decimal(7,3), negocios integer unsigned, volume decimal(14,2), data date, preco_exercicio decimal(7,2), PRIMARY KEY (id_cotacao_diario),  INDEX `data_idx`(`data`)  ) ENGINE = MYISAM;Syntax error or access violation message from server: "You have an error in your SQL syntax; check the manual that corresponds to your MySQL server version for the right syntax to use near '-2_DIARIO (  id_cotacao_diario integer unsigned not null auto_increment, abertur' at line 1" create table if not exists PETRC-2_DIARIO (  id_cotacao_diario integer unsigned not null auto_increment, abertura_original decimal(7,2), maximo_original decimal(7,2), minimo_original decimal(7,2), fechamento_original decimal(7,2), abertura_corrigido decimal(7,3), maximo_corrigido decimal(7,3), minimo_corrigido decimal(7,3), fechamento_corrigido decimal(7,3), negocios integer unsigned, volume decimal(14,2), data date, preco_exercicio decimal(7,2), PRIMARY KEY (id_cotacao_diario),  INDEX `data_idx`(`data`)  ) ENGINE = MYISAM;Syntax error or access violation message from server: "You have an error in your SQL syntax; check the manual that corresponds to your MySQL server version for the right syntax to use near '-2_DIARIO (  id_cotacao_diario integer unsigned not null auto_increment, abertur' at line 1"
	at br.com.digicom.lib.dao.MySqlDataSource.executaSql(MySqlDataSource.java:69)
	at br.com.digicom.lib.dao.MySqlDataSource.executaSql(MySqlDataSource.java:40)
	at br.com.digicom.lib.dao.DaoBase.executaSql(DaoBase.java:116)
	at br.com.digicom.lib.dao.DaoBase.executaSql(DaoBase.java:108)
	at cotacaojava2.dao.CotacaoDiarioOpcaoDaoExtendidaApp.CriaTabelaSeNecessario(CotacaoDiarioOpcaoDaoExtendidaApp.java:32)
	at cotacaojava2.coletordiario.ImportadorDiarioHistoricoOpcaoObj.verificaTabelas(ImportadorDiarioHistoricoOpcaoObj.java:52)
	at cotacaojava2.coletordiario.ImportadorDiarioHistoricoOpcaoObj.main(ImportadorDiarioHistoricoOpcaoObj.java:27)
	at cotacaojava2.app.TestadorApp.main(TestadorApp.java:17)
(2016-3-21 21:14:10) - br.com.digicom.lib.dao.DaoException: create table if not exists VALEC-4_DIARIO (  id_cotacao_diario integer unsigned not null auto_increment, abertura_original decimal(7,2), maximo_original decimal(7,2), minimo_original decimal(7,2), fechamento_original decimal(7,2), abertura_corrigido decimal(7,3), maximo_corrigido decimal(7,3), minimo_corrigido decimal(7,3), fechamento_corrigido decimal(7,3), negocios integer unsigned, volume decimal(14,2), data date, preco_exercicio decimal(7,2), PRIMARY KEY (id_cotacao_diario),  INDEX `data_idx`(`data`)  ) ENGINE = MYISAM;Syntax error or access violation message from server: "You have an error in your SQL syntax; check the manual that corresponds to your MySQL server version for the right syntax to use near '-4_DIARIO (  id_cotacao_diario integer unsigned not null auto_increment, abertur' at line 1" create table if not exists VALEC-4_DIARIO (  id_cotacao_diario integer unsigned not null auto_increment, abertura_original decimal(7,2), maximo_original decimal(7,2), minimo_original decimal(7,2), fechamento_original decimal(7,2), abertura_corrigido decimal(7,3), maximo_corrigido decimal(7,3), minimo_corrigido decimal(7,3), fechamento_corrigido decimal(7,3), negocios integer unsigned, volume decimal(14,2), data date, preco_exercicio decimal(7,2), PRIMARY KEY (id_cotacao_diario),  INDEX `data_idx`(`data`)  ) ENGINE = MYISAM;Syntax error or access violation message from server: "You have an error in your SQL syntax; check the manual that corresponds to your MySQL server version for the right syntax to use near '-4_DIARIO (  id_cotacao_diario integer unsigned not null auto_increment, abertur' at line 1"
	at br.com.digicom.lib.dao.MySqlDataSource.executaSql(MySqlDataSource.java:69)
	at br.com.digicom.lib.dao.MySqlDataSource.executaSql(MySqlDataSource.java:40)
	at br.com.digicom.lib.dao.DaoBase.executaSql(DaoBase.java:116)
	at br.com.digicom.lib.dao.DaoBase.executaSql(DaoBase.java:108)
	at cotacaojava2.dao.CotacaoDiarioOpcaoDaoExtendidaApp.CriaTabelaSeNecessario(CotacaoDiarioOpcaoDaoExtendidaApp.java:32)
	at cotacaojava2.coletordiario.ImportadorDiarioHistoricoOpcaoObj.verificaTabelas(ImportadorDiarioHistoricoOpcaoObj.java:52)
	at cotacaojava2.coletordiario.ImportadorDiarioHistoricoOpcaoObj.main(ImportadorDiarioHistoricoOpcaoObj.java:27)
	at cotacaojava2.app.TestadorApp.main(TestadorApp.java:17)
(2016-3-21 21:14:10) - br.com.digicom.lib.dao.DaoException: create table if not exists VALEC-2_DIARIO (  id_cotacao_diario integer unsigned not null auto_increment, abertura_original decimal(7,2), maximo_original decimal(7,2), minimo_original decimal(7,2), fechamento_original decimal(7,2), abertura_corrigido decimal(7,3), maximo_corrigido decimal(7,3), minimo_corrigido decimal(7,3), fechamento_corrigido decimal(7,3), negocios integer unsigned, volume decimal(14,2), data date, preco_exercicio decimal(7,2), PRIMARY KEY (id_cotacao_diario),  INDEX `data_idx`(`data`)  ) ENGINE = MYISAM;Syntax error or access violation message from server: "You have an error in your SQL syntax; check the manual that corresponds to your MySQL server version for the right syntax to use near '-2_DIARIO (  id_cotacao_diario integer unsigned not null auto_increment, abertur' at line 1" create table if not exists VALEC-2_DIARIO (  id_cotacao_diario integer unsigned not null auto_increment, abertura_original decimal(7,2), maximo_original decimal(7,2), minimo_original decimal(7,2), fechamento_original decimal(7,2), abertura_corrigido decimal(7,3), maximo_corrigido decimal(7,3), minimo_corrigido decimal(7,3), fechamento_corrigido decimal(7,3), negocios integer unsigned, volume decimal(14,2), data date, preco_exercicio decimal(7,2), PRIMARY KEY (id_cotacao_diario),  INDEX `data_idx`(`data`)  ) ENGINE = MYISAM;Syntax error or access violation message from server: "You have an error in your SQL syntax; check the manual that corresponds to your MySQL server version for the right syntax to use near '-2_DIARIO (  id_cotacao_diario integer unsigned not null auto_increment, abertur' at line 1"
	at br.com.digicom.lib.dao.MySqlDataSource.executaSql(MySqlDataSource.java:69)
	at br.com.digicom.lib.dao.MySqlDataSource.executaSql(MySqlDataSource.java:40)
	at br.com.digicom.lib.dao.DaoBase.executaSql(DaoBase.java:116)
	at br.com.digicom.lib.dao.DaoBase.executaSql(DaoBase.java:108)
	at cotacaojava2.dao.CotacaoDiarioOpcaoDaoExtendidaApp.CriaTabelaSeNecessario(CotacaoDiarioOpcaoDaoExtendidaApp.java:32)
	at cotacaojava2.coletordiario.ImportadorDiarioHistoricoOpcaoObj.verificaTabelas(ImportadorDiarioHistoricoOpcaoObj.java:52)
	at cotacaojava2.coletordiario.ImportadorDiarioHistoricoOpcaoObj.main(ImportadorDiarioHistoricoOpcaoObj.java:27)
	at cotacaojava2.app.TestadorApp.main(TestadorApp.java:17)
(2016-3-21 21:14:10) - br.com.digicom.lib.dao.DaoException: create table if not exists PETRD-6_DIARIO (  id_cotacao_diario integer unsigned not null auto_increment, abertura_original decimal(7,2), maximo_original decimal(7,2), minimo_original decimal(7,2), fechamento_original decimal(7,2), abertura_corrigido decimal(7,3), maximo_corrigido decimal(7,3), minimo_corrigido decimal(7,3), fechamento_corrigido decimal(7,3), negocios integer unsigned, volume decimal(14,2), data date, preco_exercicio decimal(7,2), PRIMARY KEY (id_cotacao_diario),  INDEX `data_idx`(`data`)  ) ENGINE = MYISAM;Syntax error or access violation message from server: "You have an error in your SQL syntax; check the manual that corresponds to your MySQL server version for the right syntax to use near '-6_DIARIO (  id_cotacao_diario integer unsigned not null auto_increment, abertur' at line 1" create table if not exists PETRD-6_DIARIO (  id_cotacao_diario integer unsigned not null auto_increment, abertura_original decimal(7,2), maximo_original decimal(7,2), minimo_original decimal(7,2), fechamento_original decimal(7,2), abertura_corrigido decimal(7,3), maximo_corrigido decimal(7,3), minimo_corrigido decimal(7,3), fechamento_corrigido decimal(7,3), negocios integer unsigned, volume decimal(14,2), data date, preco_exercicio decimal(7,2), PRIMARY KEY (id_cotacao_diario),  INDEX `data_idx`(`data`)  ) ENGINE = MYISAM;Syntax error or access violation message from server: "You have an error in your SQL syntax; check the manual that corresponds to your MySQL server version for the right syntax to use near '-6_DIARIO (  id_cotacao_diario integer unsigned not null auto_increment, abertur' at line 1"
	at br.com.digicom.lib.dao.MySqlDataSource.executaSql(MySqlDataSource.java:69)
	at br.com.digicom.lib.dao.MySqlDataSource.executaSql(MySqlDataSource.java:40)
	at br.com.digicom.lib.dao.DaoBase.executaSql(DaoBase.java:116)
	at br.com.digicom.lib.dao.DaoBase.executaSql(DaoBase.java:108)
	at cotacaojava2.dao.CotacaoDiarioOpcaoDaoExtendidaApp.CriaTabelaSeNecessario(CotacaoDiarioOpcaoDaoExtendidaApp.java:32)
	at cotacaojava2.coletordiario.ImportadorDiarioHistoricoOpcaoObj.verificaTabelas(ImportadorDiarioHistoricoOpcaoObj.java:52)
	at cotacaojava2.coletordiario.ImportadorDiarioHistoricoOpcaoObj.main(ImportadorDiarioHistoricoOpcaoObj.java:27)
	at cotacaojava2.app.TestadorApp.main(TestadorApp.java:17)
(2016-3-21 21:14:10) - br.com.digicom.lib.dao.DaoException: create table if not exists PETRD-4_DIARIO (  id_cotacao_diario integer unsigned not null auto_increment, abertura_original decimal(7,2), maximo_original decimal(7,2), minimo_original decimal(7,2), fechamento_original decimal(7,2), abertura_corrigido decimal(7,3), maximo_corrigido decimal(7,3), minimo_corrigido decimal(7,3), fechamento_corrigido decimal(7,3), negocios integer unsigned, volume decimal(14,2), data date, preco_exercicio decimal(7,2), PRIMARY KEY (id_cotacao_diario),  INDEX `data_idx`(`data`)  ) ENGINE = MYISAM;Syntax error or access violation message from server: "You have an error in your SQL syntax; check the manual that corresponds to your MySQL server version for the right syntax to use near '-4_DIARIO (  id_cotacao_diario integer unsigned not null auto_increment, abertur' at line 1" create table if not exists PETRD-4_DIARIO (  id_cotacao_diario integer unsigned not null auto_increment, abertura_original decimal(7,2), maximo_original decimal(7,2), minimo_original decimal(7,2), fechamento_original decimal(7,2), abertura_corrigido decimal(7,3), maximo_corrigido decimal(7,3), minimo_corrigido decimal(7,3), fechamento_corrigido decimal(7,3), negocios integer unsigned, volume decimal(14,2), data date, preco_exercicio decimal(7,2), PRIMARY KEY (id_cotacao_diario),  INDEX `data_idx`(`data`)  ) ENGINE = MYISAM;Syntax error or access violation message from server: "You have an error in your SQL syntax; check the manual that corresponds to your MySQL server version for the right syntax to use near '-4_DIARIO (  id_cotacao_diario integer unsigned not null auto_increment, abertur' at line 1"
	at br.com.digicom.lib.dao.MySqlDataSource.executaSql(MySqlDataSource.java:69)
	at br.com.digicom.lib.dao.MySqlDataSource.executaSql(MySqlDataSource.java:40)
	at br.com.digicom.lib.dao.DaoBase.executaSql(DaoBase.java:116)
	at br.com.digicom.lib.dao.DaoBase.executaSql(DaoBase.java:108)
	at cotacaojava2.dao.CotacaoDiarioOpcaoDaoExtendidaApp.CriaTabelaSeNecessario(CotacaoDiarioOpcaoDaoExtendidaApp.java:32)
	at cotacaojava2.coletordiario.ImportadorDiarioHistoricoOpcaoObj.verificaTabelas(ImportadorDiarioHistoricoOpcaoObj.java:52)
	at cotacaojava2.coletordiario.ImportadorDiarioHistoricoOpcaoObj.main(ImportadorDiarioHistoricoOpcaoObj.java:27)
	at cotacaojava2.app.TestadorApp.main(TestadorApp.java:17)
(2016-3-21 21:14:10) - br.com.digicom.lib.dao.DaoException: create table if not exists PETRD-2_DIARIO (  id_cotacao_diario integer unsigned not null auto_increment, abertura_original decimal(7,2), maximo_original decimal(7,2), minimo_original decimal(7,2), fechamento_original decimal(7,2), abertura_corrigido decimal(7,3), maximo_corrigido decimal(7,3), minimo_corrigido decimal(7,3), fechamento_corrigido decimal(7,3), negocios integer unsigned, volume decimal(14,2), data date, preco_exercicio decimal(7,2), PRIMARY KEY (id_cotacao_diario),  INDEX `data_idx`(`data`)  ) ENGINE = MYISAM;Syntax error or access violation message from server: "You have an error in your SQL syntax; check the manual that corresponds to your MySQL server version for the right syntax to use near '-2_DIARIO (  id_cotacao_diario integer unsigned not null auto_increment, abertur' at line 1" create table if not exists PETRD-2_DIARIO (  id_cotacao_diario integer unsigned not null auto_increment, abertura_original decimal(7,2), maximo_original decimal(7,2), minimo_original decimal(7,2), fechamento_original decimal(7,2), abertura_corrigido decimal(7,3), maximo_corrigido decimal(7,3), minimo_corrigido decimal(7,3), fechamento_corrigido decimal(7,3), negocios integer unsigned, volume decimal(14,2), data date, preco_exercicio decimal(7,2), PRIMARY KEY (id_cotacao_diario),  INDEX `data_idx`(`data`)  ) ENGINE = MYISAM;Syntax error or access violation message from server: "You have an error in your SQL syntax; check the manual that corresponds to your MySQL server version for the right syntax to use near '-2_DIARIO (  id_cotacao_diario integer unsigned not null auto_increment, abertur' at line 1"
	at br.com.digicom.lib.dao.MySqlDataSource.executaSql(MySqlDataSource.java:69)
	at br.com.digicom.lib.dao.MySqlDataSource.executaSql(MySqlDataSource.java:40)
	at br.com.digicom.lib.dao.DaoBase.executaSql(DaoBase.java:116)
	at br.com.digicom.lib.dao.DaoBase.executaSql(DaoBase.java:108)
	at cotacaojava2.dao.CotacaoDiarioOpcaoDaoExtendidaApp.CriaTabelaSeNecessario(CotacaoDiarioOpcaoDaoExtendidaApp.java:32)
	at cotacaojava2.coletordiario.ImportadorDiarioHistoricoOpcaoObj.verificaTabelas(ImportadorDiarioHistoricoOpcaoObj.java:52)
	at cotacaojava2.coletordiario.ImportadorDiarioHistoricoOpcaoObj.main(ImportadorDiarioHistoricoOpcaoObj.java:27)
	at cotacaojava2.app.TestadorApp.main(TestadorApp.java:17)
(2016-3-21 21:14:10) - br.com.digicom.lib.dao.DaoException: create table if not exists VALED-2_DIARIO (  id_cotacao_diario integer unsigned not null auto_increment, abertura_original decimal(7,2), maximo_original decimal(7,2), minimo_original decimal(7,2), fechamento_original decimal(7,2), abertura_corrigido decimal(7,3), maximo_corrigido decimal(7,3), minimo_corrigido decimal(7,3), fechamento_corrigido decimal(7,3), negocios integer unsigned, volume decimal(14,2), data date, preco_exercicio decimal(7,2), PRIMARY KEY (id_cotacao_diario),  INDEX `data_idx`(`data`)  ) ENGINE = MYISAM;Syntax error or access violation message from server: "You have an error in your SQL syntax; check the manual that corresponds to your MySQL server version for the right syntax to use near '-2_DIARIO (  id_cotacao_diario integer unsigned not null auto_increment, abertur' at line 1" create table if not exists VALED-2_DIARIO (  id_cotacao_diario integer unsigned not null auto_increment, abertura_original decimal(7,2), maximo_original decimal(7,2), minimo_original decimal(7,2), fechamento_original decimal(7,2), abertura_corrigido decimal(7,3), maximo_corrigido decimal(7,3), minimo_corrigido decimal(7,3), fechamento_corrigido decimal(7,3), negocios integer unsigned, volume decimal(14,2), data date, preco_exercicio decimal(7,2), PRIMARY KEY (id_cotacao_diario),  INDEX `data_idx`(`data`)  ) ENGINE = MYISAM;Syntax error or access violation message from server: "You have an error in your SQL syntax; check the manual that corresponds to your MySQL server version for the right syntax to use near '-2_DIARIO (  id_cotacao_diario integer unsigned not null auto_increment, abertur' at line 1"
	at br.com.digicom.lib.dao.MySqlDataSource.executaSql(MySqlDataSource.java:69)
	at br.com.digicom.lib.dao.MySqlDataSource.executaSql(MySqlDataSource.java:40)
	at br.com.digicom.lib.dao.DaoBase.executaSql(DaoBase.java:116)
	at br.com.digicom.lib.dao.DaoBase.executaSql(DaoBase.java:108)
	at cotacaojava2.dao.CotacaoDiarioOpcaoDaoExtendidaApp.CriaTabelaSeNecessario(CotacaoDiarioOpcaoDaoExtendidaApp.java:32)
	at cotacaojava2.coletordiario.ImportadorDiarioHistoricoOpcaoObj.verificaTabelas(ImportadorDiarioHistoricoOpcaoObj.java:52)
	at cotacaojava2.coletordiario.ImportadorDiarioHistoricoOpcaoObj.main(ImportadorDiarioHistoricoOpcaoObj.java:27)
	at cotacaojava2.app.TestadorApp.main(TestadorApp.java:17)
