Recupera√ß√£o de lista de ativos, tamanho:184(2016-3-14 09:12:10) 
Recupera√ß√£o de lista de ativos, tamanho:184(2016-3-14 09:14:32) 
Recupera√ß√£o de lista de ativos, tamanho:184(2016-3-14 09:25:00) 
Recupera√ß√£o de lista de ativos, tamanho:184(2016-3-14 09:33:29) 
ABRE11(2016-03-14) : R$23.8 [Neg:74 R$2060772](2016-3-15 10:45:17) 
AGEN11(2016-03-14) : R$0.41 [Neg:1788 R$9231526](2016-3-15 10:45:17) 
AMBV3(2016-03-14) : R$52.7 [Neg:299 R$5933452](2016-3-15 10:45:17) 
AMBV4(2016-03-14) : R$65.09 [Neg:6422 R$116660672](2016-3-15 10:45:17) 
AMIL3(2016-03-14) : R$18.4 [Neg:1774 R$8604545](2016-3-15 10:45:17) 
BEES3(2016-03-14) : R$8.09 [Neg:112 R$846568](2016-3-15 10:45:17) 
BTTL4(2016-03-14) : R$1.7 [Neg:74 R$304422](2016-3-15 10:45:17) 
BRIN3(2016-03-14) : R$19.85 [Neg:130 R$4877485](2016-3-15 10:45:18) 
BRTO3(2016-03-14) : R$11.63 [Neg:119 R$300274](2016-3-15 10:45:19) 
BRTO4(2016-03-14) : R$11.29 [Neg:4947 R$9512482](2016-3-15 10:45:19) 
CCIM3(2016-03-14) : R$4.0 [Neg:93 R$391660](2016-3-15 10:45:19) 
CLSC4(2016-03-14) : R$36.29 [Neg:121 R$1038240.94](2016-3-15 10:45:19) 
CNFB4(2016-03-14) : R$5.78 [Neg:202 R$8207053](2016-3-15 10:45:19) 
CZLT11(2016-03-14) : R$23.43 [Neg:782 R$7344816](2016-3-15 10:45:20) 
GOAU3(2016-03-14) : R$17.29 [Neg:67 R$2710463](2016-3-15 10:45:21) 
GPIV11(2016-03-14) : R$4.25 [Neg:314 R$2872938](2016-3-15 10:45:21) 
GUAR3(2016-03-14) : R$77.8 [Neg:121 R$2132378](2016-3-15 10:45:21) 
MOBI11(2016-03-14) : R$17.21 [Neg:53 R$3127299.25](2016-3-15 10:45:22) 
JBDU4(2016-03-14) : R$0.06 [Neg:91 R$218970](2016-3-15 10:45:22) 
KROT11(2016-03-14) : R$21.0 [Neg:448 R$9760060](2016-3-15 10:45:23) 
MILK11(2016-03-14) : R$0.41 [Neg:1163 R$5079986](2016-3-15 10:45:23) 
LPSB3(2016-03-14) : R$32.5 [Neg:609 R$9188858](2016-3-15 10:45:23) 
POMO3(2016-03-14) : R$6.4 [Neg:251 R$4376060](2016-3-15 10:45:23) 
MTIG4(2016-03-14) : R$0.28 [Neg:411 R$1744369](2016-3-15 10:45:23) 
LEVE3(2016-03-14) : R$48.95 [Neg:259 R$5796022](2016-3-15 10:45:23) 
MNDL3(2016-03-14) : R$0.48 [Neg:107 R$396370](2016-3-15 10:45:24) 
MNDL4(2016-03-14) : R$0.41 [Neg:406 R$1371613](2016-3-15 10:45:24) 
OHLB3(2016-03-14) : R$63.38 [Neg:295 R$6004365](2016-3-15 10:45:24) 
OSXB3(2016-03-14) : R$14.35 [Neg:2971 R$27331374](2016-3-15 10:45:24) 
PIBB11(2016-03-14) : R$91.58 [Neg:289 R$1875350.25](2016-3-15 10:45:24) 
PRTX3(2016-03-14) : R$2.02 [Neg:343 R$824590](2016-3-15 10:45:25) 
PMET6(2016-03-14) : R$0.24 [Neg:67 R$25259](2016-3-15 10:45:25) 
RADL3(2016-03-14) : R$14.77 [Neg:4007 R$29987438](2016-3-15 10:45:25) 
RDCD3(2016-03-14) : R$31.4 [Neg:9722 R$116482736](2016-3-15 10:45:25) 
RJCP3(2016-03-14) : R$0.21 [Neg:208 R$990874](2016-3-15 10:45:25) 
SAPR4(2016-03-14) : R$5.3 [Neg:52 R$2420736](2016-3-15 10:45:25) 
TAMM4(2016-03-14) : R$37.76 [Neg:1692 R$16678237](2016-3-15 10:45:25) 
TECN3(2016-03-14) : R$16.49 [Neg:304 R$12786275](2016-3-15 10:45:25) 
TOYB4(2016-03-14) : R$0.05 [Neg:68 R$77542](2016-3-15 10:45:26) 
VIVT3(2016-03-14) : R$43.63 [Neg:83 R$1030362](2016-3-15 10:45:26) 
VIVT4(2016-03-14) : R$48.1 [Neg:5465 R$69016520](2016-3-15 10:45:26) 
TNLP3(2016-03-14) : R$19.87 [Neg:1080 R$7893670](2016-3-15 10:45:26) 
TNLP4(2016-03-14) : R$16.74 [Neg:5839 R$34307392](2016-3-15 10:45:26) 
TMAR5(2016-03-14) : R$43.9 [Neg:408 R$3435996.25](2016-3-15 10:45:26) 
TIMP3(2016-03-14) : R$9.48 [Neg:8115 R$68448192](2016-3-15 10:45:26) 
UGPA3(2016-03-14) : R$36.15 [Neg:3525 R$38281400](2016-3-15 10:45:26) 
VAGR3(2016-03-14) : R$0.37 [Neg:10433 R$6323795](2016-3-15 10:45:26) 
VIVR3(2016-03-14) : R$2.14 [Neg:109 R$646002](2016-3-15 10:45:26) 
HAGA4(2016-03-14) : R$5.2 [Neg:72 R$252867](2016-3-15 10:45:26) 
FTRX3(2016-03-14) : R$0.38 [Neg:234 R$395890](2016-3-15 10:45:26) 
FTRX4(2016-03-14) : R$0.4 [Neg:120 R$179210](2016-3-15 10:45:26) 
BPNM2(2016-03-14) : R$0.74 [Neg:465 R$275897](2016-3-15 10:45:26) 
MMXM11(2016-03-14) : R$3.0 [Neg:75 R$4011025](2016-3-15 10:45:26) 
Total:637, 50:429(23), +50:208(53), +100:187(41), +300:150(25), +500:129(17), Observa√ß√£o:178(2016-3-15 10:45:26) 
ABRE11(2016-03-14) : R$23.8 [Neg:74 R$2060772](2016-3-15 10:45:37) 
AGEN11(2016-03-14) : R$0.41 [Neg:1788 R$9231526](2016-3-15 10:45:37) 
AMBV3(2016-03-14) : R$52.7 [Neg:299 R$5933452](2016-3-15 10:45:37) 
AMBV4(2016-03-14) : R$65.09 [Neg:6422 R$116660672](2016-3-15 10:45:37) 
AMIL3(2016-03-14) : R$18.4 [Neg:1774 R$8604545](2016-3-15 10:45:37) 
BEES3(2016-03-14) : R$8.09 [Neg:112 R$846568](2016-3-15 10:45:37) 
BTTL4(2016-03-14) : R$1.7 [Neg:74 R$304422](2016-3-15 10:45:37) 
BRIN3(2016-03-14) : R$19.85 [Neg:130 R$4877485](2016-3-15 10:45:37) 
BRTO3(2016-03-14) : R$11.63 [Neg:119 R$300274](2016-3-15 10:45:37) 
BRTO4(2016-03-14) : R$11.29 [Neg:4947 R$9512482](2016-3-15 10:45:37) 
CCIM3(2016-03-14) : R$4.0 [Neg:93 R$391660](2016-3-15 10:45:37) 
CLSC4(2016-03-14) : R$36.29 [Neg:121 R$1038240.94](2016-3-15 10:45:37) 
CNFB4(2016-03-14) : R$5.78 [Neg:202 R$8207053](2016-3-15 10:45:37) 
CZLT11(2016-03-14) : R$23.43 [Neg:782 R$7344816](2016-3-15 10:45:37) 
GOAU3(2016-03-14) : R$17.29 [Neg:67 R$2710463](2016-3-15 10:45:37) 
GPIV11(2016-03-14) : R$4.25 [Neg:314 R$2872938](2016-3-15 10:45:37) 
GUAR3(2016-03-14) : R$77.8 [Neg:121 R$2132378](2016-3-15 10:45:37) 
MOBI11(2016-03-14) : R$17.21 [Neg:53 R$3127299.25](2016-3-15 10:45:37) 
JBDU4(2016-03-14) : R$0.06 [Neg:91 R$218970](2016-3-15 10:45:37) 
KROT11(2016-03-14) : R$21.0 [Neg:448 R$9760060](2016-3-15 10:45:37) 
MILK11(2016-03-14) : R$0.41 [Neg:1163 R$5079986](2016-3-15 10:45:37) 
LPSB3(2016-03-14) : R$32.5 [Neg:609 R$9188858](2016-3-15 10:45:37) 
POMO3(2016-03-14) : R$6.4 [Neg:251 R$4376060](2016-3-15 10:45:37) 
MTIG4(2016-03-14) : R$0.28 [Neg:411 R$1744369](2016-3-15 10:45:37) 
LEVE3(2016-03-14) : R$48.95 [Neg:259 R$5796022](2016-3-15 10:45:37) 
MNDL3(2016-03-14) : R$0.48 [Neg:107 R$396370](2016-3-15 10:45:37) 
MNDL4(2016-03-14) : R$0.41 [Neg:406 R$1371613](2016-3-15 10:45:37) 
OHLB3(2016-03-14) : R$63.38 [Neg:295 R$6004365](2016-3-15 10:45:37) 
OSXB3(2016-03-14) : R$14.35 [Neg:2971 R$27331374](2016-3-15 10:45:37) 
PIBB11(2016-03-14) : R$91.58 [Neg:289 R$1875350.25](2016-3-15 10:45:37) 
PRTX3(2016-03-14) : R$2.02 [Neg:343 R$824590](2016-3-15 10:45:37) 
PMET6(2016-03-14) : R$0.24 [Neg:67 R$25259](2016-3-15 10:45:37) 
RADL3(2016-03-14) : R$14.77 [Neg:4007 R$29987438](2016-3-15 10:45:37) 
RDCD3(2016-03-14) : R$31.4 [Neg:9722 R$116482736](2016-3-15 10:45:37) 
RJCP3(2016-03-14) : R$0.21 [Neg:208 R$990874](2016-3-15 10:45:37) 
SAPR4(2016-03-14) : R$5.3 [Neg:52 R$2420736](2016-3-15 10:45:37) 
TAMM4(2016-03-14) : R$37.76 [Neg:1692 R$16678237](2016-3-15 10:45:37) 
TECN3(2016-03-14) : R$16.49 [Neg:304 R$12786275](2016-3-15 10:45:37) 
TOYB4(2016-03-14) : R$0.05 [Neg:68 R$77542](2016-3-15 10:45:37) 
VIVT3(2016-03-14) : R$43.63 [Neg:83 R$1030362](2016-3-15 10:45:37) 
VIVT4(2016-03-14) : R$48.1 [Neg:5465 R$69016520](2016-3-15 10:45:37) 
TNLP3(2016-03-14) : R$19.87 [Neg:1080 R$7893670](2016-3-15 10:45:37) 
TNLP4(2016-03-14) : R$16.74 [Neg:5839 R$34307392](2016-3-15 10:45:37) 
TMAR5(2016-03-14) : R$43.9 [Neg:408 R$3435996.25](2016-3-15 10:45:37) 
TIMP3(2016-03-14) : R$9.48 [Neg:8115 R$68448192](2016-3-15 10:45:37) 
UGPA3(2016-03-14) : R$36.15 [Neg:3525 R$38281400](2016-3-15 10:45:37) 
VAGR3(2016-03-14) : R$0.37 [Neg:10433 R$6323795](2016-3-15 10:45:37) 
VIVR3(2016-03-14) : R$2.14 [Neg:109 R$646002](2016-3-15 10:45:37) 
HAGA4(2016-03-14) : R$5.2 [Neg:72 R$252867](2016-3-15 10:45:37) 
FTRX3(2016-03-14) : R$0.38 [Neg:234 R$395890](2016-3-15 10:45:37) 
FTRX4(2016-03-14) : R$0.4 [Neg:120 R$179210](2016-3-15 10:45:37) 
BPNM2(2016-03-14) : R$0.74 [Neg:465 R$275897](2016-3-15 10:45:37) 
MMXM11(2016-03-14) : R$3.0 [Neg:75 R$4011025](2016-3-15 10:45:37) 
Total:637, 50:429(23), +50:208(53), +100:187(41), +300:150(25), +500:129(17), Observa√ß√£o:178(2016-3-15 10:45:37) 
ABRE11(2016-03-14) : R$23.8 [Neg:74 R$2060772](2016-3-15 10:47:43) 
AGEN11(2016-03-14) : R$0.41 [Neg:1788 R$9231526](2016-3-15 10:47:43) 
AMBV3(2016-03-14) : R$52.7 [Neg:299 R$5933452](2016-3-15 10:47:43) 
AMBV4(2016-03-14) : R$65.09 [Neg:6422 R$116660672](2016-3-15 10:47:43) 
AMIL3(2016-03-14) : R$18.4 [Neg:1774 R$8604545](2016-3-15 10:47:43) 
BEES3(2016-03-14) : R$8.09 [Neg:112 R$846568](2016-3-15 10:47:43) 
BTTL4(2016-03-14) : R$1.7 [Neg:74 R$304422](2016-3-15 10:47:43) 
BRIN3(2016-03-14) : R$19.85 [Neg:130 R$4877485](2016-3-15 10:47:43) 
BRTO3(2016-03-14) : R$11.63 [Neg:119 R$300274](2016-3-15 10:47:43) 
BRTO4(2016-03-14) : R$11.29 [Neg:4947 R$9512482](2016-3-15 10:47:43) 
CCIM3(2016-03-14) : R$4.0 [Neg:93 R$391660](2016-3-15 10:47:43) 
CLSC4(2016-03-14) : R$36.29 [Neg:121 R$1038240.94](2016-3-15 10:47:43) 
CNFB4(2016-03-14) : R$5.78 [Neg:202 R$8207053](2016-3-15 10:47:43) 
CZLT11(2016-03-14) : R$23.43 [Neg:782 R$7344816](2016-3-15 10:47:43) 
GOAU3(2016-03-14) : R$17.29 [Neg:67 R$2710463](2016-3-15 10:47:43) 
GPIV11(2016-03-14) : R$4.25 [Neg:314 R$2872938](2016-3-15 10:47:43) 
GUAR3(2016-03-14) : R$77.8 [Neg:121 R$2132378](2016-3-15 10:47:43) 
MOBI11(2016-03-14) : R$17.21 [Neg:53 R$3127299.25](2016-3-15 10:47:43) 
JBDU4(2016-03-14) : R$0.06 [Neg:91 R$218970](2016-3-15 10:47:43) 
KROT11(2016-03-14) : R$21.0 [Neg:448 R$9760060](2016-3-15 10:47:43) 
MILK11(2016-03-14) : R$0.41 [Neg:1163 R$5079986](2016-3-15 10:47:43) 
LPSB3(2016-03-14) : R$32.5 [Neg:609 R$9188858](2016-3-15 10:47:43) 
POMO3(2016-03-14) : R$6.4 [Neg:251 R$4376060](2016-3-15 10:47:43) 
MTIG4(2016-03-14) : R$0.28 [Neg:411 R$1744369](2016-3-15 10:47:43) 
LEVE3(2016-03-14) : R$48.95 [Neg:259 R$5796022](2016-3-15 10:47:43) 
MNDL3(2016-03-14) : R$0.48 [Neg:107 R$396370](2016-3-15 10:47:44) 
MNDL4(2016-03-14) : R$0.41 [Neg:406 R$1371613](2016-3-15 10:47:44) 
OHLB3(2016-03-14) : R$63.38 [Neg:295 R$6004365](2016-3-15 10:47:44) 
OSXB3(2016-03-14) : R$14.35 [Neg:2971 R$27331374](2016-3-15 10:47:44) 
PIBB11(2016-03-14) : R$91.58 [Neg:289 R$1875350.25](2016-3-15 10:47:44) 
PRTX3(2016-03-14) : R$2.02 [Neg:343 R$824590](2016-3-15 10:47:44) 
PMET6(2016-03-14) : R$0.24 [Neg:67 R$25259](2016-3-15 10:47:44) 
RADL3(2016-03-14) : R$14.77 [Neg:4007 R$29987438](2016-3-15 10:47:44) 
RDCD3(2016-03-14) : R$31.4 [Neg:9722 R$116482736](2016-3-15 10:47:44) 
RJCP3(2016-03-14) : R$0.21 [Neg:208 R$990874](2016-3-15 10:47:44) 
SAPR4(2016-03-14) : R$5.3 [Neg:52 R$2420736](2016-3-15 10:47:44) 
TAMM4(2016-03-14) : R$37.76 [Neg:1692 R$16678237](2016-3-15 10:47:44) 
TECN3(2016-03-14) : R$16.49 [Neg:304 R$12786275](2016-3-15 10:47:44) 
TOYB4(2016-03-14) : R$0.05 [Neg:68 R$77542](2016-3-15 10:47:44) 
VIVT3(2016-03-14) : R$43.63 [Neg:83 R$1030362](2016-3-15 10:47:44) 
VIVT4(2016-03-14) : R$48.1 [Neg:5465 R$69016520](2016-3-15 10:47:44) 
TNLP3(2016-03-14) : R$19.87 [Neg:1080 R$7893670](2016-3-15 10:47:44) 
TNLP4(2016-03-14) : R$16.74 [Neg:5839 R$34307392](2016-3-15 10:47:44) 
TMAR5(2016-03-14) : R$43.9 [Neg:408 R$3435996.25](2016-3-15 10:47:44) 
TIMP3(2016-03-14) : R$9.48 [Neg:8115 R$68448192](2016-3-15 10:47:44) 
UGPA3(2016-03-14) : R$36.15 [Neg:3525 R$38281400](2016-3-15 10:47:44) 
VAGR3(2016-03-14) : R$0.37 [Neg:10433 R$6323795](2016-3-15 10:47:44) 
VIVR3(2016-03-14) : R$2.14 [Neg:109 R$646002](2016-3-15 10:47:44) 
HAGA4(2016-03-14) : R$5.2 [Neg:72 R$252867](2016-3-15 10:47:44) 
FTRX3(2016-03-14) : R$0.38 [Neg:234 R$395890](2016-3-15 10:47:44) 
FTRX4(2016-03-14) : R$0.4 [Neg:120 R$179210](2016-3-15 10:47:44) 
BPNM2(2016-03-14) : R$0.74 [Neg:465 R$275897](2016-3-15 10:47:44) 
MMXM11(2016-03-14) : R$3.0 [Neg:75 R$4011025](2016-3-15 10:47:44) 
Total:637, 50:429(23), +50:208(53), +100:187(41), +300:150(25), +500:129(17), Observa√ß√£o:178(2016-3-15 10:47:44) 
TIET11(2016-03-14) : R$14.81 [Neg:3601 R$13282476](2016-3-15 10:50:14) 
ALUP11(2016-03-14) : R$13.54 [Neg:1064 R$2220345](2016-3-15 10:50:14) 
ANIM3(2016-03-14) : R$11.05 [Neg:3965 R$11259932](2016-3-15 10:50:14) 
ARTR3(2016-03-14) : R$9.45 [Neg:286 R$1123957](2016-3-15 10:50:14) 
BPHA3(2016-03-14) : R$5.12 [Neg:187 R$448049](2016-3-15 10:50:14) 
BBTG11(2016-03-14) : R$17.39 [Neg:1389 R$5345253](2016-3-15 10:50:14) 
CLSC4(2016-03-14) : R$12.6 [Neg:54 R$289167](2016-3-15 10:50:14) 
CTAX3(2016-03-14) : R$0.16 [Neg:153 R$268358](2016-3-15 10:50:14) 
CTAX11(2016-03-14) : R$0.85 [Neg:1048 R$1916270.12](2016-3-15 10:50:14) 
CPLE3(2016-03-14) : R$17.98 [Neg:529 R$2692392](2016-3-15 10:50:14) 
RLOG3(2016-03-14) : R$0.6 [Neg:587 R$1048802](2016-3-15 10:50:14) 
CZLT33(2016-03-14) : R$15.52 [Neg:85 R$218206](2016-3-15 10:50:14) 
CVCB3(2016-03-14) : R$16.1 [Neg:2344 R$5652442](2016-3-15 10:50:14) 
DAGB33(2016-03-14) : R$416.0 [Neg:414 R$2512546](2016-3-15 10:50:14) 
GOAU3(2016-03-14) : R$2.04 [Neg:97 R$132508](2016-3-15 10:50:14) 
MEAL3(2016-03-14) : R$4.4 [Neg:536 R$516006](2016-3-15 10:50:14) 
PIBB11(2016-03-14) : R$84.19 [Neg:1082 R$31145790](2016-3-15 10:50:14) 
ITSA3(2016-03-14) : R$8.34 [Neg:250 R$2093811](2016-3-15 10:50:14) 
KLBN11(2016-03-14) : R$20.02 [Neg:8245 R$55703224](2016-3-15 10:50:15) 
LINX3(2016-03-14) : R$48.6 [Neg:489 R$3356078](2016-3-15 10:50:15) 
LCAM3(2016-03-14) : R$3.37 [Neg:81 R$662176](2016-3-15 10:50:15) 
LPSB3(2016-03-14) : R$2.94 [Neg:70 R$32533](2016-3-15 10:50:15) 
LEVE3(2016-03-14) : R$23.58 [Neg:1775 R$6230886](2016-3-15 10:50:15) 
OFSA3(2016-03-14) : R$37.45 [Neg:128 R$718840](2016-3-15 10:50:15) 
PARC3(2016-03-14) : R$11.83 [Neg:1533 R$4571805](2016-3-15 10:50:15) 
PRIO3(2016-03-14) : R$1.9 [Neg:55 R$61001](2016-3-15 10:50:15) 
PTBL3(2016-03-14) : R$2.23 [Neg:155 R$397811](2016-3-15 10:50:15) 
PFRM3(2016-03-14) : R$7.05 [Neg:84 R$144369](2016-3-15 10:50:15) 
PRML3(2016-03-14) : R$7.5 [Neg:231 R$637725](2016-3-15 10:50:15) 
QUAL3(2016-03-14) : R$13.06 [Neg:10652 R$26853914](2016-3-15 10:50:15) 
RADL3(2016-03-14) : R$47.63 [Neg:7098 R$46907800](2016-3-15 10:50:15) 
RUMO3(2016-03-14) : R$3.27 [Neg:2611 R$6420555](2016-3-15 10:50:15) 
SAPR4(2016-03-14) : R$3.19 [Neg:304 R$1183066](2016-3-15 10:50:15) 
SHUL4(2016-03-14) : R$2.68 [Neg:210 R$753546](2016-3-15 10:50:15) 
SEER3(2016-03-14) : R$9.98 [Neg:867 R$1460115](2016-3-15 10:50:15) 
SMLE3(2016-03-14) : R$38.67 [Neg:5816 R$93564016](2016-3-15 10:50:15) 
SWET3(2016-03-14) : R$0.18 [Neg:175 R$220386](2016-3-15 10:50:15) 
TAEE11(2016-03-14) : R$18.31 [Neg:4025 R$17498420](2016-3-15 10:50:15) 
VIVT4(2016-03-14) : R$40.85 [Neg:9505 R$67660448](2016-3-15 10:50:15) 
TIMP3(2016-03-14) : R$7.69 [Neg:11354 R$41493172](2016-3-15 10:50:15) 
TUPY3(2016-03-14) : R$16.6 [Neg:2269 R$5102886](2016-3-15 10:50:15) 
UGPA3(2016-03-14) : R$65.91 [Neg:5572 R$65695364](2016-3-15 10:50:15) 
VVAR11(2016-03-14) : R$6.16 [Neg:1339 R$2065695](2016-3-15 10:50:15) 
ATOM3(2016-03-14) : R$0.18 [Neg:85 R$135685](2016-3-15 10:50:15) 
ENEV3(2016-03-14) : R$0.13 [Neg:221 R$5836](2016-3-15 10:50:15) 
OGSA3(2016-03-14) : R$0.88 [Neg:117 R$156046](2016-3-15 10:50:15) 
OSXB3(2016-03-14) : R$0.2 [Neg:511 R$2124404](2016-3-15 10:50:15) 
BPFF11(2016-03-14) : R$64.6 [Neg:80 R$182908.92](2016-3-15 10:50:15) 
BBRC11(2016-03-14) : R$80.11 [Neg:227 R$1851540.62](2016-3-15 10:50:15) 
BBPO11(2016-03-14) : R$98.97 [Neg:256 R$3154331](2016-3-15 10:50:15) 
BRCR11(2016-03-14) : R$98.98 [Neg:1560 R$2797308.5](2016-3-15 10:50:15) 
HGLG11(2016-03-14) : R$960.0 [Neg:137 R$335178.19](2016-3-15 10:50:15) 
HGBS11(2016-03-14) : R$1420.0 [Neg:94 R$1724834.25](2016-3-15 10:50:15) 
EDGA11B(2016-03-14) : R$43.47 [Neg:149 R$286725.72](2016-3-15 10:50:15) 
HGRE11(2016-03-14) : R$1010.0 [Neg:83 R$1263929.62](2016-3-15 10:50:15) 
JSRE11(2016-03-14) : R$88.4 [Neg:92 R$483019.84](2016-3-15 10:50:15) 
KNRI11(2016-03-14) : R$112.0 [Neg:93 R$666002.88](2016-3-15 10:50:15) 
KNCR11(2016-03-14) : R$106.25 [Neg:84 R$606512.62](2016-3-15 10:50:15) 
MXRF11(2016-03-14) : R$79.9 [Neg:63 R$165677.06](2016-3-15 10:50:15) 
RNGO11(2016-03-14) : R$73.49 [Neg:67 R$236040.36](2016-3-15 10:50:15) 
SAAG11(2016-03-14) : R$86.17 [Neg:195 R$477402.16](2016-3-15 10:50:15) 
SDIL11(2016-03-14) : R$61.75 [Neg:61 R$247201.16](2016-3-15 10:50:15) 
TBOF11(2016-03-14) : R$60.48 [Neg:70 R$395711.88](2016-3-15 10:50:15) 
TRXL11(2016-03-14) : R$62.0 [Neg:1172 R$171174.72](2016-3-15 10:50:15) 
XTED11(2016-03-14) : R$31.6 [Neg:615 R$83595.41](2016-3-15 10:50:15) 
FVBI11B(2016-03-14) : R$71.5 [Neg:127 R$96699.5](2016-3-15 10:50:15) 
XPCM11(2016-03-14) : R$59.3 [Neg:218 R$109035.87](2016-3-15 10:50:15) 
SPXI11(2016-03-14) : R$75.1 [Neg:70 R$763703.94](2016-3-15 10:50:15) 
Total:706, 50:504(30), +50:202(67), +100:175(48), +300:143(30), +500:135(27), Observa√ß√£o:165(2016-3-15 10:50:15) 
RecuperaÁ„o de lista de ativos, tamanho:184(2016-3-22 11:34:16) 
Erro DaoThread:[LLXL3]br.com.digicom.lib.dao.DaoException: Insert into LLXL3 (ult, hora_neg, hora_real, neg, data) Values ( , '00:00:00', '11:34:19', 0, '2016-3-22')Syntax error or access violation message from server: "You have an error in your SQL syntax; check the manual that corresponds to your MySQL server version for the right syntax to use near ' '00:00:00', '11:34:19', 0, '2016-3-22')' at line 1" Insert into LLXL3 (ult, hora_neg, hora_real, neg, data) Values ( , '00:00:00', '11:34:19', 0, '2016-3-22')Syntax error or access violation message from server: "You have an error in your SQL syntax; check the manual that corresponds to your MySQL server version for the right syntax to use near ' '00:00:00', '11:34:19', 0, '2016-3-22')' at line 1"(2016-3-22 11:34:19) 
Erro DaoThread:[ALLL3]br.com.digicom.lib.dao.DaoException: Insert into ALLL3 (ult, hora_neg, hora_real, neg, data) Values ( , '00:00:00', '11:34:20', 0, '2016-3-22')Syntax error or access violation message from server: "You have an error in your SQL syntax; check the manual that corresponds to your MySQL server version for the right syntax to use near ' '00:00:00', '11:34:20', 0, '2016-3-22')' at line 1" Insert into ALLL3 (ult, hora_neg, hora_real, neg, data) Values ( , '00:00:00', '11:34:20', 0, '2016-3-22')Syntax error or access violation message from server: "You have an error in your SQL syntax; check the manual that corresponds to your MySQL server version for the right syntax to use near ' '00:00:00', '11:34:20', 0, '2016-3-22')' at line 1"(2016-3-22 11:34:20) 
Erro DaoThread:[MPXE3]br.com.digicom.lib.dao.DaoException: Insert into MPXE3 (ult, hora_neg, hora_real, neg, data) Values ( , '00:00:00', '11:34:23', 0, '2016-3-22')Syntax error or access violation message from server: "You have an error in your SQL syntax; check the manual that corresponds to your MySQL server version for the right syntax to use near ' '00:00:00', '11:34:23', 0, '2016-3-22')' at line 1" Insert into MPXE3 (ult, hora_neg, hora_real, neg, data) Values ( , '00:00:00', '11:34:23', 0, '2016-3-22')Syntax error or access violation message from server: "You have an error in your SQL syntax; check the manual that corresponds to your MySQL server version for the right syntax to use near ' '00:00:00', '11:34:23', 0, '2016-3-22')' at line 1"(2016-3-22 11:34:23) 
Erro DaoThread:[HRTP3]br.com.digicom.lib.dao.DaoException: Insert into HRTP3 (ult, hora_neg, hora_real, neg, data) Values ( , '00:00:00', '11:34:24', 0, '2016-3-22')Syntax error or access violation message from server: "You have an error in your SQL syntax; check the manual that corresponds to your MySQL server version for the right syntax to use near ' '00:00:00', '11:34:24', 0, '2016-3-22')' at line 1" Insert into HRTP3 (ult, hora_neg, hora_real, neg, data) Values ( , '00:00:00', '11:34:24', 0, '2016-3-22')Syntax error or access violation message from server: "You have an error in your SQL syntax; check the manual that corresponds to your MySQL server version for the right syntax to use near ' '00:00:00', '11:34:24', 0, '2016-3-22')' at line 1"(2016-3-22 11:34:24) 
Erro DaoThread:[GETI3]br.com.digicom.lib.dao.DaoException: Insert into GETI3 (ult, hora_neg, hora_real, neg, data) Values ( , '00:00:00', '11:34:27', 0, '2016-3-22')Syntax error or access violation message from server: "You have an error in your SQL syntax; check the manual that corresponds to your MySQL server version for the right syntax to use near ' '00:00:00', '11:34:27', 0, '2016-3-22')' at line 1" Insert into GETI3 (ult, hora_neg, hora_real, neg, data) Values ( , '00:00:00', '11:34:27', 0, '2016-3-22')Syntax error or access violation message from server: "You have an error in your SQL syntax; check the manual that corresponds to your MySQL server version for the right syntax to use near ' '00:00:00', '11:34:27', 0, '2016-3-22')' at line 1"(2016-3-22 11:34:27) 
RecuperaÁ„o de lista de ativos, tamanho:184(2017-1-2 21:22:23) 
Exception em verificaTabelas:Unable to connect to any hosts due to exception: java.net.SocketException: java.net.ConnectException: Connection refused: connect

** BEGIN NESTED EXCEPTION ** 

java.net.SocketException
MESSAGE: java.net.ConnectException: Connection refused: connect

STACKTRACE:

java.net.SocketException: java.net.ConnectException: Connection refused: connect
	at com.mysql.jdbc.StandardSocketFactory.connect(StandardSocketFactory.java:143)
	at com.mysql.jdbc.MysqlIO.<init>(MysqlIO.java:225)
	at com.mysql.jdbc.Connection.createNewIO(Connection.java:1805)
	at com.mysql.jdbc.Connection.<init>(Connection.java:452)
	at com.mysql.jdbc.NonRegisteringDriver.connect(NonRegisteringDriver.java:411)
	at java.sql.DriverManager.getConnection(Unknown Source)
	at java.sql.DriverManager.getConnection(Unknown Source)
	at br.com.digicom.lib.dao.MySqlConnectionPool.criaConexao(MySqlConnectionPool.java:15)
	at br.com.digicom.lib.dao.MySqlDataSource.criaConexao(MySqlDataSource.java:28)
	at br.com.digicom.lib.dao.DaoBase.criaConexao(DaoBase.java:45)
	at cotacaojava2.timer.CotacaoOpcao2ThreadPai.verificaTabelas(CotacaoOpcao2ThreadPai.java:51)
	at cotacaojava2.timer.CotacaoOpcao2ThreadPai.obtemListaTicker(CotacaoOpcao2ThreadPai.java:44)
	at br.com.digicom.cotacao.threads.ThreadPaiBase.trataThreadsNovoDia(ThreadPaiBase.java:107)
	at br.com.digicom.cotacao.threads.ThreadPaiBase.run(ThreadPaiBase.java:172)
	at java.util.TimerThread.mainLoop(Unknown Source)
	at java.util.TimerThread.run(Unknown Source)


** END NESTED EXCEPTION **

(2017-1-2 21:22:24) 
RecuperaÁ„o de lista de ativos, tamanho:184(2017-1-2 21:29:28) 
Exception em verificaTabelas:No suitable driver found for jdbc:mysql:/http://192.168.1.4/intraday(2017-1-2 21:29:28) 
RecuperaÁ„o de lista de ativos, tamanho:184(2017-1-2 21:30:47) 
Exception em verificaTabelas:No suitable driver found for jdbc:mysql:/http://192.168.1.4/intraday(2017-1-2 21:30:47) 
RecuperaÁ„o de lista de ativos, tamanho:184(2017-1-2 21:35:20) 
