Exception em verificaTabelas:create table if not exists PETRC-6_DIARIO (  id_cotacao_diario integer unsigned not null auto_increment, abertura_original decimal(7,2), maximo_original decimal(7,2), minimo_original decimal(7,2), fechamento_original decimal(7,2), abertura_corrigido decimal(7,3), maximo_corrigido decimal(7,3), minimo_corrigido decimal(7,3), fechamento_corrigido decimal(7,3), negocios integer unsigned, volume decimal(14,2), data date, preco_exercicio decimal(7,2), PRIMARY KEY (id_cotacao_diario),  INDEX `data_idx`(`data`)  ) ENGINE = MYISAM;Syntax error or access violation message from server: "You have an error in your SQL syntax; check the manual that corresponds to your MySQL server version for the right syntax to use near '-6_DIARIO (  id_cotacao_diario integer unsigned not null auto_increment, abertur' at line 1"(2016-3-15 10:45:27) 
Exception em verificaTabelas:create table if not exists PETRC-6_DIARIO (  id_cotacao_diario integer unsigned not null auto_increment, abertura_original decimal(7,2), maximo_original decimal(7,2), minimo_original decimal(7,2), fechamento_original decimal(7,2), abertura_corrigido decimal(7,3), maximo_corrigido decimal(7,3), minimo_corrigido decimal(7,3), fechamento_corrigido decimal(7,3), negocios integer unsigned, volume decimal(14,2), data date, preco_exercicio decimal(7,2), PRIMARY KEY (id_cotacao_diario),  INDEX `data_idx`(`data`)  ) ENGINE = MYISAM;Syntax error or access violation message from server: "You have an error in your SQL syntax; check the manual that corresponds to your MySQL server version for the right syntax to use near '-6_DIARIO (  id_cotacao_diario integer unsigned not null auto_increment, abertur' at line 1"(2016-3-15 10:45:38) 
Exception em verificaTabelas:create table if not exists PETRC-6_DIARIO (  id_cotacao_diario integer unsigned not null auto_increment, abertura_original decimal(7,2), maximo_original decimal(7,2), minimo_original decimal(7,2), fechamento_original decimal(7,2), abertura_corrigido decimal(7,3), maximo_corrigido decimal(7,3), minimo_corrigido decimal(7,3), fechamento_corrigido decimal(7,3), negocios integer unsigned, volume decimal(14,2), data date, preco_exercicio decimal(7,2), PRIMARY KEY (id_cotacao_diario),  INDEX `data_idx`(`data`)  ) ENGINE = MYISAM;Syntax error or access violation message from server: "You have an error in your SQL syntax; check the manual that corresponds to your MySQL server version for the right syntax to use near '-6_DIARIO (  id_cotacao_diario integer unsigned not null auto_increment, abertur' at line 1"(2016-3-15 10:47:44) 
Exception em verificaTabelas:create table if not exists PETRC-6_DIARIO (  id_cotacao_diario integer unsigned not null auto_increment, abertura_original decimal(7,2), maximo_original decimal(7,2), minimo_original decimal(7,2), fechamento_original decimal(7,2), abertura_corrigido decimal(7,3), maximo_corrigido decimal(7,3), minimo_corrigido decimal(7,3), fechamento_corrigido decimal(7,3), negocios integer unsigned, volume decimal(14,2), data date, preco_exercicio decimal(7,2), PRIMARY KEY (id_cotacao_diario),  INDEX `data_idx`(`data`)  ) ENGINE = MYISAM;Syntax error or access violation message from server: "You have an error in your SQL syntax; check the manual that corresponds to your MySQL server version for the right syntax to use near '-6_DIARIO (  id_cotacao_diario integer unsigned not null auto_increment, abertur' at line 1"(2016-3-15 10:50:16) 
Exception em verificaTabelas:create table if not exists PETRC-6_DIARIO (  id_cotacao_diario integer unsigned not null auto_increment, abertura_original decimal(7,2), maximo_original decimal(7,2), minimo_original decimal(7,2), fechamento_original decimal(7,2), abertura_corrigido decimal(7,3), maximo_corrigido decimal(7,3), minimo_corrigido decimal(7,3), fechamento_corrigido decimal(7,3), negocios integer unsigned, volume decimal(14,2), data date, preco_exercicio decimal(7,2), PRIMARY KEY (id_cotacao_diario),  INDEX `data_idx`(`data`)  ) ENGINE = MYISAM;Syntax error or access violation message from server: "You have an error in your SQL syntax; check the manual that corresponds to your MySQL server version for the right syntax to use near '-6_DIARIO (  id_cotacao_diario integer unsigned not null auto_increment, abertur' at line 1"(2016-3-15 10:58:56) 
Exception em verificaTabelas:create table if not exists PETRC-6_DIARIO (  id_cotacao_diario integer unsigned not null auto_increment, abertura_original decimal(7,2), maximo_original decimal(7,2), minimo_original decimal(7,2), fechamento_original decimal(7,2), abertura_corrigido decimal(7,3), maximo_corrigido decimal(7,3), minimo_corrigido decimal(7,3), fechamento_corrigido decimal(7,3), negocios integer unsigned, volume decimal(14,2), data date, preco_exercicio decimal(7,2), PRIMARY KEY (id_cotacao_diario),  INDEX `data_idx`(`data`)  ) ENGINE = MYISAM;Syntax error or access violation message from server: "You have an error in your SQL syntax; check the manual that corresponds to your MySQL server version for the right syntax to use near '-6_DIARIO (  id_cotacao_diario integer unsigned not null auto_increment, abertur' at line 1"(2016-3-15 11:00:23) 
(2016-3-15 11:06:59) - br.com.digicom.lib.dao.DaoException: create table if not exists PETRC-6_DIARIO (  id_cotacao_diario integer unsigned not null auto_increment, abertura_original decimal(7,2), maximo_original decimal(7,2), minimo_original decimal(7,2), fechamento_original decimal(7,2), abertura_corrigido decimal(7,3), maximo_corrigido decimal(7,3), minimo_corrigido decimal(7,3), fechamento_corrigido decimal(7,3), negocios integer unsigned, volume decimal(14,2), data date, preco_exercicio decimal(7,2), PRIMARY KEY (id_cotacao_diario),  INDEX `data_idx`(`data`)  ) ENGINE = MYISAM;Syntax error or access violation message from server: "You have an error in your SQL syntax; check the manual that corresponds to your MySQL server version for the right syntax to use near '-6_DIARIO (  id_cotacao_diario integer unsigned not null auto_increment, abertur' at line 1" create table if not exists PETRC-6_DIARIO (  id_cotacao_diario integer unsigned not null auto_increment, abertura_original decimal(7,2), maximo_original decimal(7,2), minimo_original decimal(7,2), fechamento_original decimal(7,2), abertura_corrigido decimal(7,3), maximo_corrigido decimal(7,3), minimo_corrigido decimal(7,3), fechamento_corrigido decimal(7,3), negocios integer unsigned, volume decimal(14,2), data date, preco_exercicio decimal(7,2), PRIMARY KEY (id_cotacao_diario),  INDEX `data_idx`(`data`)  ) ENGINE = MYISAM;Syntax error or access violation message from server: "You have an error in your SQL syntax; check the manual that corresponds to your MySQL server version for the right syntax to use near '-6_DIARIO (  id_cotacao_diario integer unsigned not null auto_increment, abertur' at line 1"
	at br.com.digicom.lib.dao.MySqlDataSource.executaSql(MySqlDataSource.java:69)
	at br.com.digicom.lib.dao.MySqlDataSource.executaSql(MySqlDataSource.java:40)
	at br.com.digicom.lib.dao.DaoBase.executaSql(DaoBase.java:115)
	at br.com.digicom.lib.dao.DaoBase.executaSql(DaoBase.java:107)
	at cotacaojava2.dao.CotacaoDiarioOpcaoDaoExtendidaApp.CriaTabelaSeNecessario(CotacaoDiarioOpcaoDaoExtendidaApp.java:32)
	at cotacaojava2.coletordiario.ImportadorDiarioHistoricoOpcaoObj.verificaTabelas(ImportadorDiarioHistoricoOpcaoObj.java:52)
	at cotacaojava2.coletordiario.ImportadorDiarioHistoricoOpcaoObj.main(ImportadorDiarioHistoricoOpcaoObj.java:27)
	at cotacaojava2.app.TestadorApp.main(TestadorApp.java:17)
Erro com : PETRC-6(2016-3-15 11:07:04) 
(2016-3-15 11:07:04) - br.com.digicom.lib.dao.DaoException: create table if not exists PETRC-4_DIARIO (  id_cotacao_diario integer unsigned not null auto_increment, abertura_original decimal(7,2), maximo_original decimal(7,2), minimo_original decimal(7,2), fechamento_original decimal(7,2), abertura_corrigido decimal(7,3), maximo_corrigido decimal(7,3), minimo_corrigido decimal(7,3), fechamento_corrigido decimal(7,3), negocios integer unsigned, volume decimal(14,2), data date, preco_exercicio decimal(7,2), PRIMARY KEY (id_cotacao_diario),  INDEX `data_idx`(`data`)  ) ENGINE = MYISAM;Syntax error or access violation message from server: "You have an error in your SQL syntax; check the manual that corresponds to your MySQL server version for the right syntax to use near '-4_DIARIO (  id_cotacao_diario integer unsigned not null auto_increment, abertur' at line 1" create table if not exists PETRC-4_DIARIO (  id_cotacao_diario integer unsigned not null auto_increment, abertura_original decimal(7,2), maximo_original decimal(7,2), minimo_original decimal(7,2), fechamento_original decimal(7,2), abertura_corrigido decimal(7,3), maximo_corrigido decimal(7,3), minimo_corrigido decimal(7,3), fechamento_corrigido decimal(7,3), negocios integer unsigned, volume decimal(14,2), data date, preco_exercicio decimal(7,2), PRIMARY KEY (id_cotacao_diario),  INDEX `data_idx`(`data`)  ) ENGINE = MYISAM;Syntax error or access violation message from server: "You have an error in your SQL syntax; check the manual that corresponds to your MySQL server version for the right syntax to use near '-4_DIARIO (  id_cotacao_diario integer unsigned not null auto_increment, abertur' at line 1"
	at br.com.digicom.lib.dao.MySqlDataSource.executaSql(MySqlDataSource.java:69)
	at br.com.digicom.lib.dao.MySqlDataSource.executaSql(MySqlDataSource.java:40)
	at br.com.digicom.lib.dao.DaoBase.executaSql(DaoBase.java:115)
	at br.com.digicom.lib.dao.DaoBase.executaSql(DaoBase.java:107)
	at cotacaojava2.dao.CotacaoDiarioOpcaoDaoExtendidaApp.CriaTabelaSeNecessario(CotacaoDiarioOpcaoDaoExtendidaApp.java:32)
	at cotacaojava2.coletordiario.ImportadorDiarioHistoricoOpcaoObj.verificaTabelas(ImportadorDiarioHistoricoOpcaoObj.java:52)
	at cotacaojava2.coletordiario.ImportadorDiarioHistoricoOpcaoObj.main(ImportadorDiarioHistoricoOpcaoObj.java:27)
	at cotacaojava2.app.TestadorApp.main(TestadorApp.java:17)
Erro com : PETRC-4(2016-3-15 11:07:11) 
(2016-3-15 11:07:11) - br.com.digicom.lib.dao.DaoException: create table if not exists PETRC-2_DIARIO (  id_cotacao_diario integer unsigned not null auto_increment, abertura_original decimal(7,2), maximo_original decimal(7,2), minimo_original decimal(7,2), fechamento_original decimal(7,2), abertura_corrigido decimal(7,3), maximo_corrigido decimal(7,3), minimo_corrigido decimal(7,3), fechamento_corrigido decimal(7,3), negocios integer unsigned, volume decimal(14,2), data date, preco_exercicio decimal(7,2), PRIMARY KEY (id_cotacao_diario),  INDEX `data_idx`(`data`)  ) ENGINE = MYISAM;Syntax error or access violation message from server: "You have an error in your SQL syntax; check the manual that corresponds to your MySQL server version for the right syntax to use near '-2_DIARIO (  id_cotacao_diario integer unsigned not null auto_increment, abertur' at line 1" create table if not exists PETRC-2_DIARIO (  id_cotacao_diario integer unsigned not null auto_increment, abertura_original decimal(7,2), maximo_original decimal(7,2), minimo_original decimal(7,2), fechamento_original decimal(7,2), abertura_corrigido decimal(7,3), maximo_corrigido decimal(7,3), minimo_corrigido decimal(7,3), fechamento_corrigido decimal(7,3), negocios integer unsigned, volume decimal(14,2), data date, preco_exercicio decimal(7,2), PRIMARY KEY (id_cotacao_diario),  INDEX `data_idx`(`data`)  ) ENGINE = MYISAM;Syntax error or access violation message from server: "You have an error in your SQL syntax; check the manual that corresponds to your MySQL server version for the right syntax to use near '-2_DIARIO (  id_cotacao_diario integer unsigned not null auto_increment, abertur' at line 1"
	at br.com.digicom.lib.dao.MySqlDataSource.executaSql(MySqlDataSource.java:69)
	at br.com.digicom.lib.dao.MySqlDataSource.executaSql(MySqlDataSource.java:40)
	at br.com.digicom.lib.dao.DaoBase.executaSql(DaoBase.java:115)
	at br.com.digicom.lib.dao.DaoBase.executaSql(DaoBase.java:107)
	at cotacaojava2.dao.CotacaoDiarioOpcaoDaoExtendidaApp.CriaTabelaSeNecessario(CotacaoDiarioOpcaoDaoExtendidaApp.java:32)
	at cotacaojava2.coletordiario.ImportadorDiarioHistoricoOpcaoObj.verificaTabelas(ImportadorDiarioHistoricoOpcaoObj.java:52)
	at cotacaojava2.coletordiario.ImportadorDiarioHistoricoOpcaoObj.main(ImportadorDiarioHistoricoOpcaoObj.java:27)
	at cotacaojava2.app.TestadorApp.main(TestadorApp.java:17)
Erro com : PETRC-2(2016-3-15 11:07:12) 
(2016-3-15 11:07:13) - br.com.digicom.lib.dao.DaoException: create table if not exists VALEC-4_DIARIO (  id_cotacao_diario integer unsigned not null auto_increment, abertura_original decimal(7,2), maximo_original decimal(7,2), minimo_original decimal(7,2), fechamento_original decimal(7,2), abertura_corrigido decimal(7,3), maximo_corrigido decimal(7,3), minimo_corrigido decimal(7,3), fechamento_corrigido decimal(7,3), negocios integer unsigned, volume decimal(14,2), data date, preco_exercicio decimal(7,2), PRIMARY KEY (id_cotacao_diario),  INDEX `data_idx`(`data`)  ) ENGINE = MYISAM;Syntax error or access violation message from server: "You have an error in your SQL syntax; check the manual that corresponds to your MySQL server version for the right syntax to use near '-4_DIARIO (  id_cotacao_diario integer unsigned not null auto_increment, abertur' at line 1" create table if not exists VALEC-4_DIARIO (  id_cotacao_diario integer unsigned not null auto_increment, abertura_original decimal(7,2), maximo_original decimal(7,2), minimo_original decimal(7,2), fechamento_original decimal(7,2), abertura_corrigido decimal(7,3), maximo_corrigido decimal(7,3), minimo_corrigido decimal(7,3), fechamento_corrigido decimal(7,3), negocios integer unsigned, volume decimal(14,2), data date, preco_exercicio decimal(7,2), PRIMARY KEY (id_cotacao_diario),  INDEX `data_idx`(`data`)  ) ENGINE = MYISAM;Syntax error or access violation message from server: "You have an error in your SQL syntax; check the manual that corresponds to your MySQL server version for the right syntax to use near '-4_DIARIO (  id_cotacao_diario integer unsigned not null auto_increment, abertur' at line 1"
	at br.com.digicom.lib.dao.MySqlDataSource.executaSql(MySqlDataSource.java:69)
	at br.com.digicom.lib.dao.MySqlDataSource.executaSql(MySqlDataSource.java:40)
	at br.com.digicom.lib.dao.DaoBase.executaSql(DaoBase.java:115)
	at br.com.digicom.lib.dao.DaoBase.executaSql(DaoBase.java:107)
	at cotacaojava2.dao.CotacaoDiarioOpcaoDaoExtendidaApp.CriaTabelaSeNecessario(CotacaoDiarioOpcaoDaoExtendidaApp.java:32)
	at cotacaojava2.coletordiario.ImportadorDiarioHistoricoOpcaoObj.verificaTabelas(ImportadorDiarioHistoricoOpcaoObj.java:52)
	at cotacaojava2.coletordiario.ImportadorDiarioHistoricoOpcaoObj.main(ImportadorDiarioHistoricoOpcaoObj.java:27)
	at cotacaojava2.app.TestadorApp.main(TestadorApp.java:17)
Erro com : VALEC-4(2016-3-15 11:07:14) 
(2016-3-15 11:07:14) - br.com.digicom.lib.dao.DaoException: create table if not exists VALEC-2_DIARIO (  id_cotacao_diario integer unsigned not null auto_increment, abertura_original decimal(7,2), maximo_original decimal(7,2), minimo_original decimal(7,2), fechamento_original decimal(7,2), abertura_corrigido decimal(7,3), maximo_corrigido decimal(7,3), minimo_corrigido decimal(7,3), fechamento_corrigido decimal(7,3), negocios integer unsigned, volume decimal(14,2), data date, preco_exercicio decimal(7,2), PRIMARY KEY (id_cotacao_diario),  INDEX `data_idx`(`data`)  ) ENGINE = MYISAM;Syntax error or access violation message from server: "You have an error in your SQL syntax; check the manual that corresponds to your MySQL server version for the right syntax to use near '-2_DIARIO (  id_cotacao_diario integer unsigned not null auto_increment, abertur' at line 1" create table if not exists VALEC-2_DIARIO (  id_cotacao_diario integer unsigned not null auto_increment, abertura_original decimal(7,2), maximo_original decimal(7,2), minimo_original decimal(7,2), fechamento_original decimal(7,2), abertura_corrigido decimal(7,3), maximo_corrigido decimal(7,3), minimo_corrigido decimal(7,3), fechamento_corrigido decimal(7,3), negocios integer unsigned, volume decimal(14,2), data date, preco_exercicio decimal(7,2), PRIMARY KEY (id_cotacao_diario),  INDEX `data_idx`(`data`)  ) ENGINE = MYISAM;Syntax error or access violation message from server: "You have an error in your SQL syntax; check the manual that corresponds to your MySQL server version for the right syntax to use near '-2_DIARIO (  id_cotacao_diario integer unsigned not null auto_increment, abertur' at line 1"
	at br.com.digicom.lib.dao.MySqlDataSource.executaSql(MySqlDataSource.java:69)
	at br.com.digicom.lib.dao.MySqlDataSource.executaSql(MySqlDataSource.java:40)
	at br.com.digicom.lib.dao.DaoBase.executaSql(DaoBase.java:115)
	at br.com.digicom.lib.dao.DaoBase.executaSql(DaoBase.java:107)
	at cotacaojava2.dao.CotacaoDiarioOpcaoDaoExtendidaApp.CriaTabelaSeNecessario(CotacaoDiarioOpcaoDaoExtendidaApp.java:32)
	at cotacaojava2.coletordiario.ImportadorDiarioHistoricoOpcaoObj.verificaTabelas(ImportadorDiarioHistoricoOpcaoObj.java:52)
	at cotacaojava2.coletordiario.ImportadorDiarioHistoricoOpcaoObj.main(ImportadorDiarioHistoricoOpcaoObj.java:27)
	at cotacaojava2.app.TestadorApp.main(TestadorApp.java:17)
Erro com : VALEC-2(2016-3-15 11:07:15) 
(2016-3-15 11:07:34) - br.com.digicom.lib.dao.DaoException: create table if not exists PETRD-6_DIARIO (  id_cotacao_diario integer unsigned not null auto_increment, abertura_original decimal(7,2), maximo_original decimal(7,2), minimo_original decimal(7,2), fechamento_original decimal(7,2), abertura_corrigido decimal(7,3), maximo_corrigido decimal(7,3), minimo_corrigido decimal(7,3), fechamento_corrigido decimal(7,3), negocios integer unsigned, volume decimal(14,2), data date, preco_exercicio decimal(7,2), PRIMARY KEY (id_cotacao_diario),  INDEX `data_idx`(`data`)  ) ENGINE = MYISAM;Syntax error or access violation message from server: "You have an error in your SQL syntax; check the manual that corresponds to your MySQL server version for the right syntax to use near '-6_DIARIO (  id_cotacao_diario integer unsigned not null auto_increment, abertur' at line 1" create table if not exists PETRD-6_DIARIO (  id_cotacao_diario integer unsigned not null auto_increment, abertura_original decimal(7,2), maximo_original decimal(7,2), minimo_original decimal(7,2), fechamento_original decimal(7,2), abertura_corrigido decimal(7,3), maximo_corrigido decimal(7,3), minimo_corrigido decimal(7,3), fechamento_corrigido decimal(7,3), negocios integer unsigned, volume decimal(14,2), data date, preco_exercicio decimal(7,2), PRIMARY KEY (id_cotacao_diario),  INDEX `data_idx`(`data`)  ) ENGINE = MYISAM;Syntax error or access violation message from server: "You have an error in your SQL syntax; check the manual that corresponds to your MySQL server version for the right syntax to use near '-6_DIARIO (  id_cotacao_diario integer unsigned not null auto_increment, abertur' at line 1"
	at br.com.digicom.lib.dao.MySqlDataSource.executaSql(MySqlDataSource.java:69)
	at br.com.digicom.lib.dao.MySqlDataSource.executaSql(MySqlDataSource.java:40)
	at br.com.digicom.lib.dao.DaoBase.executaSql(DaoBase.java:115)
	at br.com.digicom.lib.dao.DaoBase.executaSql(DaoBase.java:107)
	at cotacaojava2.dao.CotacaoDiarioOpcaoDaoExtendidaApp.CriaTabelaSeNecessario(CotacaoDiarioOpcaoDaoExtendidaApp.java:32)
	at cotacaojava2.coletordiario.ImportadorDiarioHistoricoOpcaoObj.verificaTabelas(ImportadorDiarioHistoricoOpcaoObj.java:52)
	at cotacaojava2.coletordiario.ImportadorDiarioHistoricoOpcaoObj.main(ImportadorDiarioHistoricoOpcaoObj.java:27)
	at cotacaojava2.app.TestadorApp.main(TestadorApp.java:17)
Erro com : PETRD-6(2016-3-15 11:07:39) 
(2016-3-15 11:07:39) - br.com.digicom.lib.dao.DaoException: create table if not exists PETRD-4_DIARIO (  id_cotacao_diario integer unsigned not null auto_increment, abertura_original decimal(7,2), maximo_original decimal(7,2), minimo_original decimal(7,2), fechamento_original decimal(7,2), abertura_corrigido decimal(7,3), maximo_corrigido decimal(7,3), minimo_corrigido decimal(7,3), fechamento_corrigido decimal(7,3), negocios integer unsigned, volume decimal(14,2), data date, preco_exercicio decimal(7,2), PRIMARY KEY (id_cotacao_diario),  INDEX `data_idx`(`data`)  ) ENGINE = MYISAM;Syntax error or access violation message from server: "You have an error in your SQL syntax; check the manual that corresponds to your MySQL server version for the right syntax to use near '-4_DIARIO (  id_cotacao_diario integer unsigned not null auto_increment, abertur' at line 1" create table if not exists PETRD-4_DIARIO (  id_cotacao_diario integer unsigned not null auto_increment, abertura_original decimal(7,2), maximo_original decimal(7,2), minimo_original decimal(7,2), fechamento_original decimal(7,2), abertura_corrigido decimal(7,3), maximo_corrigido decimal(7,3), minimo_corrigido decimal(7,3), fechamento_corrigido decimal(7,3), negocios integer unsigned, volume decimal(14,2), data date, preco_exercicio decimal(7,2), PRIMARY KEY (id_cotacao_diario),  INDEX `data_idx`(`data`)  ) ENGINE = MYISAM;Syntax error or access violation message from server: "You have an error in your SQL syntax; check the manual that corresponds to your MySQL server version for the right syntax to use near '-4_DIARIO (  id_cotacao_diario integer unsigned not null auto_increment, abertur' at line 1"
	at br.com.digicom.lib.dao.MySqlDataSource.executaSql(MySqlDataSource.java:69)
	at br.com.digicom.lib.dao.MySqlDataSource.executaSql(MySqlDataSource.java:40)
	at br.com.digicom.lib.dao.DaoBase.executaSql(DaoBase.java:115)
	at br.com.digicom.lib.dao.DaoBase.executaSql(DaoBase.java:107)
	at cotacaojava2.dao.CotacaoDiarioOpcaoDaoExtendidaApp.CriaTabelaSeNecessario(CotacaoDiarioOpcaoDaoExtendidaApp.java:32)
	at cotacaojava2.coletordiario.ImportadorDiarioHistoricoOpcaoObj.verificaTabelas(ImportadorDiarioHistoricoOpcaoObj.java:52)
	at cotacaojava2.coletordiario.ImportadorDiarioHistoricoOpcaoObj.main(ImportadorDiarioHistoricoOpcaoObj.java:27)
	at cotacaojava2.app.TestadorApp.main(TestadorApp.java:17)
Erro com : PETRD-4(2016-3-15 11:07:39) 
(2016-3-15 11:07:39) - br.com.digicom.lib.dao.DaoException: create table if not exists PETRD-2_DIARIO (  id_cotacao_diario integer unsigned not null auto_increment, abertura_original decimal(7,2), maximo_original decimal(7,2), minimo_original decimal(7,2), fechamento_original decimal(7,2), abertura_corrigido decimal(7,3), maximo_corrigido decimal(7,3), minimo_corrigido decimal(7,3), fechamento_corrigido decimal(7,3), negocios integer unsigned, volume decimal(14,2), data date, preco_exercicio decimal(7,2), PRIMARY KEY (id_cotacao_diario),  INDEX `data_idx`(`data`)  ) ENGINE = MYISAM;Syntax error or access violation message from server: "You have an error in your SQL syntax; check the manual that corresponds to your MySQL server version for the right syntax to use near '-2_DIARIO (  id_cotacao_diario integer unsigned not null auto_increment, abertur' at line 1" create table if not exists PETRD-2_DIARIO (  id_cotacao_diario integer unsigned not null auto_increment, abertura_original decimal(7,2), maximo_original decimal(7,2), minimo_original decimal(7,2), fechamento_original decimal(7,2), abertura_corrigido decimal(7,3), maximo_corrigido decimal(7,3), minimo_corrigido decimal(7,3), fechamento_corrigido decimal(7,3), negocios integer unsigned, volume decimal(14,2), data date, preco_exercicio decimal(7,2), PRIMARY KEY (id_cotacao_diario),  INDEX `data_idx`(`data`)  ) ENGINE = MYISAM;Syntax error or access violation message from server: "You have an error in your SQL syntax; check the manual that corresponds to your MySQL server version for the right syntax to use near '-2_DIARIO (  id_cotacao_diario integer unsigned not null auto_increment, abertur' at line 1"
	at br.com.digicom.lib.dao.MySqlDataSource.executaSql(MySqlDataSource.java:69)
	at br.com.digicom.lib.dao.MySqlDataSource.executaSql(MySqlDataSource.java:40)
	at br.com.digicom.lib.dao.DaoBase.executaSql(DaoBase.java:115)
	at br.com.digicom.lib.dao.DaoBase.executaSql(DaoBase.java:107)
	at cotacaojava2.dao.CotacaoDiarioOpcaoDaoExtendidaApp.CriaTabelaSeNecessario(CotacaoDiarioOpcaoDaoExtendidaApp.java:32)
	at cotacaojava2.coletordiario.ImportadorDiarioHistoricoOpcaoObj.verificaTabelas(ImportadorDiarioHistoricoOpcaoObj.java:52)
	at cotacaojava2.coletordiario.ImportadorDiarioHistoricoOpcaoObj.main(ImportadorDiarioHistoricoOpcaoObj.java:27)
	at cotacaojava2.app.TestadorApp.main(TestadorApp.java:17)
Erro com : PETRD-2(2016-3-15 11:07:40) 
(2016-3-15 11:07:41) - br.com.digicom.lib.dao.DaoException: create table if not exists VALED-2_DIARIO (  id_cotacao_diario integer unsigned not null auto_increment, abertura_original decimal(7,2), maximo_original decimal(7,2), minimo_original decimal(7,2), fechamento_original decimal(7,2), abertura_corrigido decimal(7,3), maximo_corrigido decimal(7,3), minimo_corrigido decimal(7,3), fechamento_corrigido decimal(7,3), negocios integer unsigned, volume decimal(14,2), data date, preco_exercicio decimal(7,2), PRIMARY KEY (id_cotacao_diario),  INDEX `data_idx`(`data`)  ) ENGINE = MYISAM;Syntax error or access violation message from server: "You have an error in your SQL syntax; check the manual that corresponds to your MySQL server version for the right syntax to use near '-2_DIARIO (  id_cotacao_diario integer unsigned not null auto_increment, abertur' at line 1" create table if not exists VALED-2_DIARIO (  id_cotacao_diario integer unsigned not null auto_increment, abertura_original decimal(7,2), maximo_original decimal(7,2), minimo_original decimal(7,2), fechamento_original decimal(7,2), abertura_corrigido decimal(7,3), maximo_corrigido decimal(7,3), minimo_corrigido decimal(7,3), fechamento_corrigido decimal(7,3), negocios integer unsigned, volume decimal(14,2), data date, preco_exercicio decimal(7,2), PRIMARY KEY (id_cotacao_diario),  INDEX `data_idx`(`data`)  ) ENGINE = MYISAM;Syntax error or access violation message from server: "You have an error in your SQL syntax; check the manual that corresponds to your MySQL server version for the right syntax to use near '-2_DIARIO (  id_cotacao_diario integer unsigned not null auto_increment, abertur' at line 1"
	at br.com.digicom.lib.dao.MySqlDataSource.executaSql(MySqlDataSource.java:69)
	at br.com.digicom.lib.dao.MySqlDataSource.executaSql(MySqlDataSource.java:40)
	at br.com.digicom.lib.dao.DaoBase.executaSql(DaoBase.java:115)
	at br.com.digicom.lib.dao.DaoBase.executaSql(DaoBase.java:107)
	at cotacaojava2.dao.CotacaoDiarioOpcaoDaoExtendidaApp.CriaTabelaSeNecessario(CotacaoDiarioOpcaoDaoExtendidaApp.java:32)
	at cotacaojava2.coletordiario.ImportadorDiarioHistoricoOpcaoObj.verificaTabelas(ImportadorDiarioHistoricoOpcaoObj.java:52)
	at cotacaojava2.coletordiario.ImportadorDiarioHistoricoOpcaoObj.main(ImportadorDiarioHistoricoOpcaoObj.java:27)
	at cotacaojava2.app.TestadorApp.main(TestadorApp.java:17)
Erro com : VALED-2(2016-3-15 11:07:41) 
(2016-3-16 09:03:36) - br.com.digicom.lib.dao.DaoException: create table if not exists PETRC-6_DIARIO (  id_cotacao_diario integer unsigned not null auto_increment, abertura_original decimal(7,2), maximo_original decimal(7,2), minimo_original decimal(7,2), fechamento_original decimal(7,2), abertura_corrigido decimal(7,3), maximo_corrigido decimal(7,3), minimo_corrigido decimal(7,3), fechamento_corrigido decimal(7,3), negocios integer unsigned, volume decimal(14,2), data date, preco_exercicio decimal(7,2), PRIMARY KEY (id_cotacao_diario),  INDEX `data_idx`(`data`)  ) ENGINE = MYISAM;Syntax error or access violation message from server: "You have an error in your SQL syntax; check the manual that corresponds to your MySQL server version for the right syntax to use near '-6_DIARIO (  id_cotacao_diario integer unsigned not null auto_increment, abertur' at line 1" create table if not exists PETRC-6_DIARIO (  id_cotacao_diario integer unsigned not null auto_increment, abertura_original decimal(7,2), maximo_original decimal(7,2), minimo_original decimal(7,2), fechamento_original decimal(7,2), abertura_corrigido decimal(7,3), maximo_corrigido decimal(7,3), minimo_corrigido decimal(7,3), fechamento_corrigido decimal(7,3), negocios integer unsigned, volume decimal(14,2), data date, preco_exercicio decimal(7,2), PRIMARY KEY (id_cotacao_diario),  INDEX `data_idx`(`data`)  ) ENGINE = MYISAM;Syntax error or access violation message from server: "You have an error in your SQL syntax; check the manual that corresponds to your MySQL server version for the right syntax to use near '-6_DIARIO (  id_cotacao_diario integer unsigned not null auto_increment, abertur' at line 1"
	at br.com.digicom.lib.dao.MySqlDataSource.executaSql(MySqlDataSource.java:69)
	at br.com.digicom.lib.dao.MySqlDataSource.executaSql(MySqlDataSource.java:40)
	at br.com.digicom.lib.dao.DaoBase.executaSql(DaoBase.java:116)
	at br.com.digicom.lib.dao.DaoBase.executaSql(DaoBase.java:108)
	at cotacaojava2.dao.CotacaoDiarioOpcaoDaoExtendidaApp.CriaTabelaSeNecessario(CotacaoDiarioOpcaoDaoExtendidaApp.java:32)
	at cotacaojava2.coletordiario.ImportadorDiarioHistoricoOpcaoObj.verificaTabelas(ImportadorDiarioHistoricoOpcaoObj.java:52)
	at cotacaojava2.coletordiario.ImportadorDiarioHistoricoOpcaoObj.main(ImportadorDiarioHistoricoOpcaoObj.java:27)
	at cotacaojava2.app.TestadorApp.main(TestadorApp.java:17)
Erro com : PETRC-6(2016-3-16 09:04:04) 
(2016-3-16 09:04:04) - br.com.digicom.lib.dao.DaoException: create table if not exists PETRC-4_DIARIO (  id_cotacao_diario integer unsigned not null auto_increment, abertura_original decimal(7,2), maximo_original decimal(7,2), minimo_original decimal(7,2), fechamento_original decimal(7,2), abertura_corrigido decimal(7,3), maximo_corrigido decimal(7,3), minimo_corrigido decimal(7,3), fechamento_corrigido decimal(7,3), negocios integer unsigned, volume decimal(14,2), data date, preco_exercicio decimal(7,2), PRIMARY KEY (id_cotacao_diario),  INDEX `data_idx`(`data`)  ) ENGINE = MYISAM;Syntax error or access violation message from server: "You have an error in your SQL syntax; check the manual that corresponds to your MySQL server version for the right syntax to use near '-4_DIARIO (  id_cotacao_diario integer unsigned not null auto_increment, abertur' at line 1" create table if not exists PETRC-4_DIARIO (  id_cotacao_diario integer unsigned not null auto_increment, abertura_original decimal(7,2), maximo_original decimal(7,2), minimo_original decimal(7,2), fechamento_original decimal(7,2), abertura_corrigido decimal(7,3), maximo_corrigido decimal(7,3), minimo_corrigido decimal(7,3), fechamento_corrigido decimal(7,3), negocios integer unsigned, volume decimal(14,2), data date, preco_exercicio decimal(7,2), PRIMARY KEY (id_cotacao_diario),  INDEX `data_idx`(`data`)  ) ENGINE = MYISAM;Syntax error or access violation message from server: "You have an error in your SQL syntax; check the manual that corresponds to your MySQL server version for the right syntax to use near '-4_DIARIO (  id_cotacao_diario integer unsigned not null auto_increment, abertur' at line 1"
	at br.com.digicom.lib.dao.MySqlDataSource.executaSql(MySqlDataSource.java:69)
	at br.com.digicom.lib.dao.MySqlDataSource.executaSql(MySqlDataSource.java:40)
	at br.com.digicom.lib.dao.DaoBase.executaSql(DaoBase.java:116)
	at br.com.digicom.lib.dao.DaoBase.executaSql(DaoBase.java:108)
	at cotacaojava2.dao.CotacaoDiarioOpcaoDaoExtendidaApp.CriaTabelaSeNecessario(CotacaoDiarioOpcaoDaoExtendidaApp.java:32)
	at cotacaojava2.coletordiario.ImportadorDiarioHistoricoOpcaoObj.verificaTabelas(ImportadorDiarioHistoricoOpcaoObj.java:52)
	at cotacaojava2.coletordiario.ImportadorDiarioHistoricoOpcaoObj.main(ImportadorDiarioHistoricoOpcaoObj.java:27)
	at cotacaojava2.app.TestadorApp.main(TestadorApp.java:17)
Erro com : PETRC-4(2016-3-16 09:04:04) 
(2016-3-16 09:04:04) - br.com.digicom.lib.dao.DaoException: create table if not exists PETRC-2_DIARIO (  id_cotacao_diario integer unsigned not null auto_increment, abertura_original decimal(7,2), maximo_original decimal(7,2), minimo_original decimal(7,2), fechamento_original decimal(7,2), abertura_corrigido decimal(7,3), maximo_corrigido decimal(7,3), minimo_corrigido decimal(7,3), fechamento_corrigido decimal(7,3), negocios integer unsigned, volume decimal(14,2), data date, preco_exercicio decimal(7,2), PRIMARY KEY (id_cotacao_diario),  INDEX `data_idx`(`data`)  ) ENGINE = MYISAM;Syntax error or access violation message from server: "You have an error in your SQL syntax; check the manual that corresponds to your MySQL server version for the right syntax to use near '-2_DIARIO (  id_cotacao_diario integer unsigned not null auto_increment, abertur' at line 1" create table if not exists PETRC-2_DIARIO (  id_cotacao_diario integer unsigned not null auto_increment, abertura_original decimal(7,2), maximo_original decimal(7,2), minimo_original decimal(7,2), fechamento_original decimal(7,2), abertura_corrigido decimal(7,3), maximo_corrigido decimal(7,3), minimo_corrigido decimal(7,3), fechamento_corrigido decimal(7,3), negocios integer unsigned, volume decimal(14,2), data date, preco_exercicio decimal(7,2), PRIMARY KEY (id_cotacao_diario),  INDEX `data_idx`(`data`)  ) ENGINE = MYISAM;Syntax error or access violation message from server: "You have an error in your SQL syntax; check the manual that corresponds to your MySQL server version for the right syntax to use near '-2_DIARIO (  id_cotacao_diario integer unsigned not null auto_increment, abertur' at line 1"
	at br.com.digicom.lib.dao.MySqlDataSource.executaSql(MySqlDataSource.java:69)
	at br.com.digicom.lib.dao.MySqlDataSource.executaSql(MySqlDataSource.java:40)
	at br.com.digicom.lib.dao.DaoBase.executaSql(DaoBase.java:116)
	at br.com.digicom.lib.dao.DaoBase.executaSql(DaoBase.java:108)
	at cotacaojava2.dao.CotacaoDiarioOpcaoDaoExtendidaApp.CriaTabelaSeNecessario(CotacaoDiarioOpcaoDaoExtendidaApp.java:32)
	at cotacaojava2.coletordiario.ImportadorDiarioHistoricoOpcaoObj.verificaTabelas(ImportadorDiarioHistoricoOpcaoObj.java:52)
	at cotacaojava2.coletordiario.ImportadorDiarioHistoricoOpcaoObj.main(ImportadorDiarioHistoricoOpcaoObj.java:27)
	at cotacaojava2.app.TestadorApp.main(TestadorApp.java:17)
Erro com : PETRC-2(2016-3-16 09:04:04) 
(2016-3-16 09:04:07) - br.com.digicom.lib.dao.DaoException: create table if not exists VALEC-4_DIARIO (  id_cotacao_diario integer unsigned not null auto_increment, abertura_original decimal(7,2), maximo_original decimal(7,2), minimo_original decimal(7,2), fechamento_original decimal(7,2), abertura_corrigido decimal(7,3), maximo_corrigido decimal(7,3), minimo_corrigido decimal(7,3), fechamento_corrigido decimal(7,3), negocios integer unsigned, volume decimal(14,2), data date, preco_exercicio decimal(7,2), PRIMARY KEY (id_cotacao_diario),  INDEX `data_idx`(`data`)  ) ENGINE = MYISAM;Syntax error or access violation message from server: "You have an error in your SQL syntax; check the manual that corresponds to your MySQL server version for the right syntax to use near '-4_DIARIO (  id_cotacao_diario integer unsigned not null auto_increment, abertur' at line 1" create table if not exists VALEC-4_DIARIO (  id_cotacao_diario integer unsigned not null auto_increment, abertura_original decimal(7,2), maximo_original decimal(7,2), minimo_original decimal(7,2), fechamento_original decimal(7,2), abertura_corrigido decimal(7,3), maximo_corrigido decimal(7,3), minimo_corrigido decimal(7,3), fechamento_corrigido decimal(7,3), negocios integer unsigned, volume decimal(14,2), data date, preco_exercicio decimal(7,2), PRIMARY KEY (id_cotacao_diario),  INDEX `data_idx`(`data`)  ) ENGINE = MYISAM;Syntax error or access violation message from server: "You have an error in your SQL syntax; check the manual that corresponds to your MySQL server version for the right syntax to use near '-4_DIARIO (  id_cotacao_diario integer unsigned not null auto_increment, abertur' at line 1"
	at br.com.digicom.lib.dao.MySqlDataSource.executaSql(MySqlDataSource.java:69)
	at br.com.digicom.lib.dao.MySqlDataSource.executaSql(MySqlDataSource.java:40)
	at br.com.digicom.lib.dao.DaoBase.executaSql(DaoBase.java:116)
	at br.com.digicom.lib.dao.DaoBase.executaSql(DaoBase.java:108)
	at cotacaojava2.dao.CotacaoDiarioOpcaoDaoExtendidaApp.CriaTabelaSeNecessario(CotacaoDiarioOpcaoDaoExtendidaApp.java:32)
	at cotacaojava2.coletordiario.ImportadorDiarioHistoricoOpcaoObj.verificaTabelas(ImportadorDiarioHistoricoOpcaoObj.java:52)
	at cotacaojava2.coletordiario.ImportadorDiarioHistoricoOpcaoObj.main(ImportadorDiarioHistoricoOpcaoObj.java:27)
	at cotacaojava2.app.TestadorApp.main(TestadorApp.java:17)
Erro com : VALEC-4(2016-3-16 09:04:07) 
(2016-3-16 09:04:07) - br.com.digicom.lib.dao.DaoException: create table if not exists VALEC-2_DIARIO (  id_cotacao_diario integer unsigned not null auto_increment, abertura_original decimal(7,2), maximo_original decimal(7,2), minimo_original decimal(7,2), fechamento_original decimal(7,2), abertura_corrigido decimal(7,3), maximo_corrigido decimal(7,3), minimo_corrigido decimal(7,3), fechamento_corrigido decimal(7,3), negocios integer unsigned, volume decimal(14,2), data date, preco_exercicio decimal(7,2), PRIMARY KEY (id_cotacao_diario),  INDEX `data_idx`(`data`)  ) ENGINE = MYISAM;Syntax error or access violation message from server: "You have an error in your SQL syntax; check the manual that corresponds to your MySQL server version for the right syntax to use near '-2_DIARIO (  id_cotacao_diario integer unsigned not null auto_increment, abertur' at line 1" create table if not exists VALEC-2_DIARIO (  id_cotacao_diario integer unsigned not null auto_increment, abertura_original decimal(7,2), maximo_original decimal(7,2), minimo_original decimal(7,2), fechamento_original decimal(7,2), abertura_corrigido decimal(7,3), maximo_corrigido decimal(7,3), minimo_corrigido decimal(7,3), fechamento_corrigido decimal(7,3), negocios integer unsigned, volume decimal(14,2), data date, preco_exercicio decimal(7,2), PRIMARY KEY (id_cotacao_diario),  INDEX `data_idx`(`data`)  ) ENGINE = MYISAM;Syntax error or access violation message from server: "You have an error in your SQL syntax; check the manual that corresponds to your MySQL server version for the right syntax to use near '-2_DIARIO (  id_cotacao_diario integer unsigned not null auto_increment, abertur' at line 1"
	at br.com.digicom.lib.dao.MySqlDataSource.executaSql(MySqlDataSource.java:69)
	at br.com.digicom.lib.dao.MySqlDataSource.executaSql(MySqlDataSource.java:40)
	at br.com.digicom.lib.dao.DaoBase.executaSql(DaoBase.java:116)
	at br.com.digicom.lib.dao.DaoBase.executaSql(DaoBase.java:108)
	at cotacaojava2.dao.CotacaoDiarioOpcaoDaoExtendidaApp.CriaTabelaSeNecessario(CotacaoDiarioOpcaoDaoExtendidaApp.java:32)
	at cotacaojava2.coletordiario.ImportadorDiarioHistoricoOpcaoObj.verificaTabelas(ImportadorDiarioHistoricoOpcaoObj.java:52)
	at cotacaojava2.coletordiario.ImportadorDiarioHistoricoOpcaoObj.main(ImportadorDiarioHistoricoOpcaoObj.java:27)
	at cotacaojava2.app.TestadorApp.main(TestadorApp.java:17)
Erro com : VALEC-2(2016-3-16 09:04:07) 
(2016-3-16 09:04:18) - br.com.digicom.lib.dao.DaoException: create table if not exists PETRD-6_DIARIO (  id_cotacao_diario integer unsigned not null auto_increment, abertura_original decimal(7,2), maximo_original decimal(7,2), minimo_original decimal(7,2), fechamento_original decimal(7,2), abertura_corrigido decimal(7,3), maximo_corrigido decimal(7,3), minimo_corrigido decimal(7,3), fechamento_corrigido decimal(7,3), negocios integer unsigned, volume decimal(14,2), data date, preco_exercicio decimal(7,2), PRIMARY KEY (id_cotacao_diario),  INDEX `data_idx`(`data`)  ) ENGINE = MYISAM;Syntax error or access violation message from server: "You have an error in your SQL syntax; check the manual that corresponds to your MySQL server version for the right syntax to use near '-6_DIARIO (  id_cotacao_diario integer unsigned not null auto_increment, abertur' at line 1" create table if not exists PETRD-6_DIARIO (  id_cotacao_diario integer unsigned not null auto_increment, abertura_original decimal(7,2), maximo_original decimal(7,2), minimo_original decimal(7,2), fechamento_original decimal(7,2), abertura_corrigido decimal(7,3), maximo_corrigido decimal(7,3), minimo_corrigido decimal(7,3), fechamento_corrigido decimal(7,3), negocios integer unsigned, volume decimal(14,2), data date, preco_exercicio decimal(7,2), PRIMARY KEY (id_cotacao_diario),  INDEX `data_idx`(`data`)  ) ENGINE = MYISAM;Syntax error or access violation message from server: "You have an error in your SQL syntax; check the manual that corresponds to your MySQL server version for the right syntax to use near '-6_DIARIO (  id_cotacao_diario integer unsigned not null auto_increment, abertur' at line 1"
	at br.com.digicom.lib.dao.MySqlDataSource.executaSql(MySqlDataSource.java:69)
	at br.com.digicom.lib.dao.MySqlDataSource.executaSql(MySqlDataSource.java:40)
	at br.com.digicom.lib.dao.DaoBase.executaSql(DaoBase.java:116)
	at br.com.digicom.lib.dao.DaoBase.executaSql(DaoBase.java:108)
	at cotacaojava2.dao.CotacaoDiarioOpcaoDaoExtendidaApp.CriaTabelaSeNecessario(CotacaoDiarioOpcaoDaoExtendidaApp.java:32)
	at cotacaojava2.coletordiario.ImportadorDiarioHistoricoOpcaoObj.verificaTabelas(ImportadorDiarioHistoricoOpcaoObj.java:52)
	at cotacaojava2.coletordiario.ImportadorDiarioHistoricoOpcaoObj.main(ImportadorDiarioHistoricoOpcaoObj.java:27)
	at cotacaojava2.app.TestadorApp.main(TestadorApp.java:17)
Erro com : PETRD-6(2016-3-16 09:04:18) 
(2016-3-16 09:04:18) - br.com.digicom.lib.dao.DaoException: create table if not exists PETRD-4_DIARIO (  id_cotacao_diario integer unsigned not null auto_increment, abertura_original decimal(7,2), maximo_original decimal(7,2), minimo_original decimal(7,2), fechamento_original decimal(7,2), abertura_corrigido decimal(7,3), maximo_corrigido decimal(7,3), minimo_corrigido decimal(7,3), fechamento_corrigido decimal(7,3), negocios integer unsigned, volume decimal(14,2), data date, preco_exercicio decimal(7,2), PRIMARY KEY (id_cotacao_diario),  INDEX `data_idx`(`data`)  ) ENGINE = MYISAM;Syntax error or access violation message from server: "You have an error in your SQL syntax; check the manual that corresponds to your MySQL server version for the right syntax to use near '-4_DIARIO (  id_cotacao_diario integer unsigned not null auto_increment, abertur' at line 1" create table if not exists PETRD-4_DIARIO (  id_cotacao_diario integer unsigned not null auto_increment, abertura_original decimal(7,2), maximo_original decimal(7,2), minimo_original decimal(7,2), fechamento_original decimal(7,2), abertura_corrigido decimal(7,3), maximo_corrigido decimal(7,3), minimo_corrigido decimal(7,3), fechamento_corrigido decimal(7,3), negocios integer unsigned, volume decimal(14,2), data date, preco_exercicio decimal(7,2), PRIMARY KEY (id_cotacao_diario),  INDEX `data_idx`(`data`)  ) ENGINE = MYISAM;Syntax error or access violation message from server: "You have an error in your SQL syntax; check the manual that corresponds to your MySQL server version for the right syntax to use near '-4_DIARIO (  id_cotacao_diario integer unsigned not null auto_increment, abertur' at line 1"
	at br.com.digicom.lib.dao.MySqlDataSource.executaSql(MySqlDataSource.java:69)
	at br.com.digicom.lib.dao.MySqlDataSource.executaSql(MySqlDataSource.java:40)
	at br.com.digicom.lib.dao.DaoBase.executaSql(DaoBase.java:116)
	at br.com.digicom.lib.dao.DaoBase.executaSql(DaoBase.java:108)
	at cotacaojava2.dao.CotacaoDiarioOpcaoDaoExtendidaApp.CriaTabelaSeNecessario(CotacaoDiarioOpcaoDaoExtendidaApp.java:32)
	at cotacaojava2.coletordiario.ImportadorDiarioHistoricoOpcaoObj.verificaTabelas(ImportadorDiarioHistoricoOpcaoObj.java:52)
	at cotacaojava2.coletordiario.ImportadorDiarioHistoricoOpcaoObj.main(ImportadorDiarioHistoricoOpcaoObj.java:27)
	at cotacaojava2.app.TestadorApp.main(TestadorApp.java:17)
Erro com : PETRD-4(2016-3-16 09:04:18) 
(2016-3-16 09:04:18) - br.com.digicom.lib.dao.DaoException: create table if not exists PETRD-2_DIARIO (  id_cotacao_diario integer unsigned not null auto_increment, abertura_original decimal(7,2), maximo_original decimal(7,2), minimo_original decimal(7,2), fechamento_original decimal(7,2), abertura_corrigido decimal(7,3), maximo_corrigido decimal(7,3), minimo_corrigido decimal(7,3), fechamento_corrigido decimal(7,3), negocios integer unsigned, volume decimal(14,2), data date, preco_exercicio decimal(7,2), PRIMARY KEY (id_cotacao_diario),  INDEX `data_idx`(`data`)  ) ENGINE = MYISAM;Syntax error or access violation message from server: "You have an error in your SQL syntax; check the manual that corresponds to your MySQL server version for the right syntax to use near '-2_DIARIO (  id_cotacao_diario integer unsigned not null auto_increment, abertur' at line 1" create table if not exists PETRD-2_DIARIO (  id_cotacao_diario integer unsigned not null auto_increment, abertura_original decimal(7,2), maximo_original decimal(7,2), minimo_original decimal(7,2), fechamento_original decimal(7,2), abertura_corrigido decimal(7,3), maximo_corrigido decimal(7,3), minimo_corrigido decimal(7,3), fechamento_corrigido decimal(7,3), negocios integer unsigned, volume decimal(14,2), data date, preco_exercicio decimal(7,2), PRIMARY KEY (id_cotacao_diario),  INDEX `data_idx`(`data`)  ) ENGINE = MYISAM;Syntax error or access violation message from server: "You have an error in your SQL syntax; check the manual that corresponds to your MySQL server version for the right syntax to use near '-2_DIARIO (  id_cotacao_diario integer unsigned not null auto_increment, abertur' at line 1"
	at br.com.digicom.lib.dao.MySqlDataSource.executaSql(MySqlDataSource.java:69)
	at br.com.digicom.lib.dao.MySqlDataSource.executaSql(MySqlDataSource.java:40)
	at br.com.digicom.lib.dao.DaoBase.executaSql(DaoBase.java:116)
	at br.com.digicom.lib.dao.DaoBase.executaSql(DaoBase.java:108)
	at cotacaojava2.dao.CotacaoDiarioOpcaoDaoExtendidaApp.CriaTabelaSeNecessario(CotacaoDiarioOpcaoDaoExtendidaApp.java:32)
	at cotacaojava2.coletordiario.ImportadorDiarioHistoricoOpcaoObj.verificaTabelas(ImportadorDiarioHistoricoOpcaoObj.java:52)
	at cotacaojava2.coletordiario.ImportadorDiarioHistoricoOpcaoObj.main(ImportadorDiarioHistoricoOpcaoObj.java:27)
	at cotacaojava2.app.TestadorApp.main(TestadorApp.java:17)
Erro com : PETRD-2(2016-3-16 09:04:18) 
(2016-3-16 09:04:18) - br.com.digicom.lib.dao.DaoException: create table if not exists VALED-2_DIARIO (  id_cotacao_diario integer unsigned not null auto_increment, abertura_original decimal(7,2), maximo_original decimal(7,2), minimo_original decimal(7,2), fechamento_original decimal(7,2), abertura_corrigido decimal(7,3), maximo_corrigido decimal(7,3), minimo_corrigido decimal(7,3), fechamento_corrigido decimal(7,3), negocios integer unsigned, volume decimal(14,2), data date, preco_exercicio decimal(7,2), PRIMARY KEY (id_cotacao_diario),  INDEX `data_idx`(`data`)  ) ENGINE = MYISAM;Syntax error or access violation message from server: "You have an error in your SQL syntax; check the manual that corresponds to your MySQL server version for the right syntax to use near '-2_DIARIO (  id_cotacao_diario integer unsigned not null auto_increment, abertur' at line 1" create table if not exists VALED-2_DIARIO (  id_cotacao_diario integer unsigned not null auto_increment, abertura_original decimal(7,2), maximo_original decimal(7,2), minimo_original decimal(7,2), fechamento_original decimal(7,2), abertura_corrigido decimal(7,3), maximo_corrigido decimal(7,3), minimo_corrigido decimal(7,3), fechamento_corrigido decimal(7,3), negocios integer unsigned, volume decimal(14,2), data date, preco_exercicio decimal(7,2), PRIMARY KEY (id_cotacao_diario),  INDEX `data_idx`(`data`)  ) ENGINE = MYISAM;Syntax error or access violation message from server: "You have an error in your SQL syntax; check the manual that corresponds to your MySQL server version for the right syntax to use near '-2_DIARIO (  id_cotacao_diario integer unsigned not null auto_increment, abertur' at line 1"
	at br.com.digicom.lib.dao.MySqlDataSource.executaSql(MySqlDataSource.java:69)
	at br.com.digicom.lib.dao.MySqlDataSource.executaSql(MySqlDataSource.java:40)
	at br.com.digicom.lib.dao.DaoBase.executaSql(DaoBase.java:116)
	at br.com.digicom.lib.dao.DaoBase.executaSql(DaoBase.java:108)
	at cotacaojava2.dao.CotacaoDiarioOpcaoDaoExtendidaApp.CriaTabelaSeNecessario(CotacaoDiarioOpcaoDaoExtendidaApp.java:32)
	at cotacaojava2.coletordiario.ImportadorDiarioHistoricoOpcaoObj.verificaTabelas(ImportadorDiarioHistoricoOpcaoObj.java:52)
	at cotacaojava2.coletordiario.ImportadorDiarioHistoricoOpcaoObj.main(ImportadorDiarioHistoricoOpcaoObj.java:27)
	at cotacaojava2.app.TestadorApp.main(TestadorApp.java:17)
Erro com : VALED-2(2016-3-16 09:04:18) 
InsereDiarioOpcao:ABEVC17(2016-03-15) : R$0.8 [Neg:1 R$800](exercicio:17.45,venc:20160321)(2016-3-16 09:05:51) 
(2016-3-21 17:16:29) - br.com.digicom.lib.dao.DaoException: create table if not exists PETRC-6_DIARIO (  id_cotacao_diario integer unsigned not null auto_increment, abertura_original decimal(7,2), maximo_original decimal(7,2), minimo_original decimal(7,2), fechamento_original decimal(7,2), abertura_corrigido decimal(7,3), maximo_corrigido decimal(7,3), minimo_corrigido decimal(7,3), fechamento_corrigido decimal(7,3), negocios integer unsigned, volume decimal(14,2), data date, preco_exercicio decimal(7,2), PRIMARY KEY (id_cotacao_diario),  INDEX `data_idx`(`data`)  ) ENGINE = MYISAM;Syntax error or access violation message from server: "You have an error in your SQL syntax; check the manual that corresponds to your MySQL server version for the right syntax to use near '-6_DIARIO (  id_cotacao_diario integer unsigned not null auto_increment, abertur' at line 1" create table if not exists PETRC-6_DIARIO (  id_cotacao_diario integer unsigned not null auto_increment, abertura_original decimal(7,2), maximo_original decimal(7,2), minimo_original decimal(7,2), fechamento_original decimal(7,2), abertura_corrigido decimal(7,3), maximo_corrigido decimal(7,3), minimo_corrigido decimal(7,3), fechamento_corrigido decimal(7,3), negocios integer unsigned, volume decimal(14,2), data date, preco_exercicio decimal(7,2), PRIMARY KEY (id_cotacao_diario),  INDEX `data_idx`(`data`)  ) ENGINE = MYISAM;Syntax error or access violation message from server: "You have an error in your SQL syntax; check the manual that corresponds to your MySQL server version for the right syntax to use near '-6_DIARIO (  id_cotacao_diario integer unsigned not null auto_increment, abertur' at line 1"
	at br.com.digicom.lib.dao.MySqlDataSource.executaSql(MySqlDataSource.java:69)
	at br.com.digicom.lib.dao.MySqlDataSource.executaSql(MySqlDataSource.java:40)
	at br.com.digicom.lib.dao.DaoBase.executaSql(DaoBase.java:116)
	at br.com.digicom.lib.dao.DaoBase.executaSql(DaoBase.java:108)
	at cotacaojava2.dao.CotacaoDiarioOpcaoDaoExtendidaApp.CriaTabelaSeNecessario(CotacaoDiarioOpcaoDaoExtendidaApp.java:32)
	at cotacaojava2.coletordiario.ImportadorDiarioHistoricoOpcaoObj.verificaTabelas(ImportadorDiarioHistoricoOpcaoObj.java:52)
	at cotacaojava2.coletordiario.ImportadorDiarioHistoricoOpcaoObj.main(ImportadorDiarioHistoricoOpcaoObj.java:27)
	at cotacaojava2.app.TestadorApp.main(TestadorApp.java:17)
Erro com : PETRC-6(2016-3-21 17:16:29) 
(2016-3-21 17:16:29) - br.com.digicom.lib.dao.DaoException: create table if not exists PETRC-4_DIARIO (  id_cotacao_diario integer unsigned not null auto_increment, abertura_original decimal(7,2), maximo_original decimal(7,2), minimo_original decimal(7,2), fechamento_original decimal(7,2), abertura_corrigido decimal(7,3), maximo_corrigido decimal(7,3), minimo_corrigido decimal(7,3), fechamento_corrigido decimal(7,3), negocios integer unsigned, volume decimal(14,2), data date, preco_exercicio decimal(7,2), PRIMARY KEY (id_cotacao_diario),  INDEX `data_idx`(`data`)  ) ENGINE = MYISAM;Syntax error or access violation message from server: "You have an error in your SQL syntax; check the manual that corresponds to your MySQL server version for the right syntax to use near '-4_DIARIO (  id_cotacao_diario integer unsigned not null auto_increment, abertur' at line 1" create table if not exists PETRC-4_DIARIO (  id_cotacao_diario integer unsigned not null auto_increment, abertura_original decimal(7,2), maximo_original decimal(7,2), minimo_original decimal(7,2), fechamento_original decimal(7,2), abertura_corrigido decimal(7,3), maximo_corrigido decimal(7,3), minimo_corrigido decimal(7,3), fechamento_corrigido decimal(7,3), negocios integer unsigned, volume decimal(14,2), data date, preco_exercicio decimal(7,2), PRIMARY KEY (id_cotacao_diario),  INDEX `data_idx`(`data`)  ) ENGINE = MYISAM;Syntax error or access violation message from server: "You have an error in your SQL syntax; check the manual that corresponds to your MySQL server version for the right syntax to use near '-4_DIARIO (  id_cotacao_diario integer unsigned not null auto_increment, abertur' at line 1"
	at br.com.digicom.lib.dao.MySqlDataSource.executaSql(MySqlDataSource.java:69)
	at br.com.digicom.lib.dao.MySqlDataSource.executaSql(MySqlDataSource.java:40)
	at br.com.digicom.lib.dao.DaoBase.executaSql(DaoBase.java:116)
	at br.com.digicom.lib.dao.DaoBase.executaSql(DaoBase.java:108)
	at cotacaojava2.dao.CotacaoDiarioOpcaoDaoExtendidaApp.CriaTabelaSeNecessario(CotacaoDiarioOpcaoDaoExtendidaApp.java:32)
	at cotacaojava2.coletordiario.ImportadorDiarioHistoricoOpcaoObj.verificaTabelas(ImportadorDiarioHistoricoOpcaoObj.java:52)
	at cotacaojava2.coletordiario.ImportadorDiarioHistoricoOpcaoObj.main(ImportadorDiarioHistoricoOpcaoObj.java:27)
	at cotacaojava2.app.TestadorApp.main(TestadorApp.java:17)
Erro com : PETRC-4(2016-3-21 17:16:29) 
(2016-3-21 17:16:29) - br.com.digicom.lib.dao.DaoException: create table if not exists PETRC-2_DIARIO (  id_cotacao_diario integer unsigned not null auto_increment, abertura_original decimal(7,2), maximo_original decimal(7,2), minimo_original decimal(7,2), fechamento_original decimal(7,2), abertura_corrigido decimal(7,3), maximo_corrigido decimal(7,3), minimo_corrigido decimal(7,3), fechamento_corrigido decimal(7,3), negocios integer unsigned, volume decimal(14,2), data date, preco_exercicio decimal(7,2), PRIMARY KEY (id_cotacao_diario),  INDEX `data_idx`(`data`)  ) ENGINE = MYISAM;Syntax error or access violation message from server: "You have an error in your SQL syntax; check the manual that corresponds to your MySQL server version for the right syntax to use near '-2_DIARIO (  id_cotacao_diario integer unsigned not null auto_increment, abertur' at line 1" create table if not exists PETRC-2_DIARIO (  id_cotacao_diario integer unsigned not null auto_increment, abertura_original decimal(7,2), maximo_original decimal(7,2), minimo_original decimal(7,2), fechamento_original decimal(7,2), abertura_corrigido decimal(7,3), maximo_corrigido decimal(7,3), minimo_corrigido decimal(7,3), fechamento_corrigido decimal(7,3), negocios integer unsigned, volume decimal(14,2), data date, preco_exercicio decimal(7,2), PRIMARY KEY (id_cotacao_diario),  INDEX `data_idx`(`data`)  ) ENGINE = MYISAM;Syntax error or access violation message from server: "You have an error in your SQL syntax; check the manual that corresponds to your MySQL server version for the right syntax to use near '-2_DIARIO (  id_cotacao_diario integer unsigned not null auto_increment, abertur' at line 1"
	at br.com.digicom.lib.dao.MySqlDataSource.executaSql(MySqlDataSource.java:69)
	at br.com.digicom.lib.dao.MySqlDataSource.executaSql(MySqlDataSource.java:40)
	at br.com.digicom.lib.dao.DaoBase.executaSql(DaoBase.java:116)
	at br.com.digicom.lib.dao.DaoBase.executaSql(DaoBase.java:108)
	at cotacaojava2.dao.CotacaoDiarioOpcaoDaoExtendidaApp.CriaTabelaSeNecessario(CotacaoDiarioOpcaoDaoExtendidaApp.java:32)
	at cotacaojava2.coletordiario.ImportadorDiarioHistoricoOpcaoObj.verificaTabelas(ImportadorDiarioHistoricoOpcaoObj.java:52)
	at cotacaojava2.coletordiario.ImportadorDiarioHistoricoOpcaoObj.main(ImportadorDiarioHistoricoOpcaoObj.java:27)
	at cotacaojava2.app.TestadorApp.main(TestadorApp.java:17)
Erro com : PETRC-2(2016-3-21 17:16:29) 
(2016-3-21 17:16:30) - br.com.digicom.lib.dao.DaoException: create table if not exists VALEC-4_DIARIO (  id_cotacao_diario integer unsigned not null auto_increment, abertura_original decimal(7,2), maximo_original decimal(7,2), minimo_original decimal(7,2), fechamento_original decimal(7,2), abertura_corrigido decimal(7,3), maximo_corrigido decimal(7,3), minimo_corrigido decimal(7,3), fechamento_corrigido decimal(7,3), negocios integer unsigned, volume decimal(14,2), data date, preco_exercicio decimal(7,2), PRIMARY KEY (id_cotacao_diario),  INDEX `data_idx`(`data`)  ) ENGINE = MYISAM;Syntax error or access violation message from server: "You have an error in your SQL syntax; check the manual that corresponds to your MySQL server version for the right syntax to use near '-4_DIARIO (  id_cotacao_diario integer unsigned not null auto_increment, abertur' at line 1" create table if not exists VALEC-4_DIARIO (  id_cotacao_diario integer unsigned not null auto_increment, abertura_original decimal(7,2), maximo_original decimal(7,2), minimo_original decimal(7,2), fechamento_original decimal(7,2), abertura_corrigido decimal(7,3), maximo_corrigido decimal(7,3), minimo_corrigido decimal(7,3), fechamento_corrigido decimal(7,3), negocios integer unsigned, volume decimal(14,2), data date, preco_exercicio decimal(7,2), PRIMARY KEY (id_cotacao_diario),  INDEX `data_idx`(`data`)  ) ENGINE = MYISAM;Syntax error or access violation message from server: "You have an error in your SQL syntax; check the manual that corresponds to your MySQL server version for the right syntax to use near '-4_DIARIO (  id_cotacao_diario integer unsigned not null auto_increment, abertur' at line 1"
	at br.com.digicom.lib.dao.MySqlDataSource.executaSql(MySqlDataSource.java:69)
	at br.com.digicom.lib.dao.MySqlDataSource.executaSql(MySqlDataSource.java:40)
	at br.com.digicom.lib.dao.DaoBase.executaSql(DaoBase.java:116)
	at br.com.digicom.lib.dao.DaoBase.executaSql(DaoBase.java:108)
	at cotacaojava2.dao.CotacaoDiarioOpcaoDaoExtendidaApp.CriaTabelaSeNecessario(CotacaoDiarioOpcaoDaoExtendidaApp.java:32)
	at cotacaojava2.coletordiario.ImportadorDiarioHistoricoOpcaoObj.verificaTabelas(ImportadorDiarioHistoricoOpcaoObj.java:52)
	at cotacaojava2.coletordiario.ImportadorDiarioHistoricoOpcaoObj.main(ImportadorDiarioHistoricoOpcaoObj.java:27)
	at cotacaojava2.app.TestadorApp.main(TestadorApp.java:17)
Erro com : VALEC-4(2016-3-21 17:16:30) 
(2016-3-21 17:16:30) - br.com.digicom.lib.dao.DaoException: create table if not exists VALEC-2_DIARIO (  id_cotacao_diario integer unsigned not null auto_increment, abertura_original decimal(7,2), maximo_original decimal(7,2), minimo_original decimal(7,2), fechamento_original decimal(7,2), abertura_corrigido decimal(7,3), maximo_corrigido decimal(7,3), minimo_corrigido decimal(7,3), fechamento_corrigido decimal(7,3), negocios integer unsigned, volume decimal(14,2), data date, preco_exercicio decimal(7,2), PRIMARY KEY (id_cotacao_diario),  INDEX `data_idx`(`data`)  ) ENGINE = MYISAM;Syntax error or access violation message from server: "You have an error in your SQL syntax; check the manual that corresponds to your MySQL server version for the right syntax to use near '-2_DIARIO (  id_cotacao_diario integer unsigned not null auto_increment, abertur' at line 1" create table if not exists VALEC-2_DIARIO (  id_cotacao_diario integer unsigned not null auto_increment, abertura_original decimal(7,2), maximo_original decimal(7,2), minimo_original decimal(7,2), fechamento_original decimal(7,2), abertura_corrigido decimal(7,3), maximo_corrigido decimal(7,3), minimo_corrigido decimal(7,3), fechamento_corrigido decimal(7,3), negocios integer unsigned, volume decimal(14,2), data date, preco_exercicio decimal(7,2), PRIMARY KEY (id_cotacao_diario),  INDEX `data_idx`(`data`)  ) ENGINE = MYISAM;Syntax error or access violation message from server: "You have an error in your SQL syntax; check the manual that corresponds to your MySQL server version for the right syntax to use near '-2_DIARIO (  id_cotacao_diario integer unsigned not null auto_increment, abertur' at line 1"
	at br.com.digicom.lib.dao.MySqlDataSource.executaSql(MySqlDataSource.java:69)
	at br.com.digicom.lib.dao.MySqlDataSource.executaSql(MySqlDataSource.java:40)
	at br.com.digicom.lib.dao.DaoBase.executaSql(DaoBase.java:116)
	at br.com.digicom.lib.dao.DaoBase.executaSql(DaoBase.java:108)
	at cotacaojava2.dao.CotacaoDiarioOpcaoDaoExtendidaApp.CriaTabelaSeNecessario(CotacaoDiarioOpcaoDaoExtendidaApp.java:32)
	at cotacaojava2.coletordiario.ImportadorDiarioHistoricoOpcaoObj.verificaTabelas(ImportadorDiarioHistoricoOpcaoObj.java:52)
	at cotacaojava2.coletordiario.ImportadorDiarioHistoricoOpcaoObj.main(ImportadorDiarioHistoricoOpcaoObj.java:27)
	at cotacaojava2.app.TestadorApp.main(TestadorApp.java:17)
Erro com : VALEC-2(2016-3-21 17:16:30) 
(2016-3-21 17:16:37) - br.com.digicom.lib.dao.DaoException: create table if not exists PETRD-6_DIARIO (  id_cotacao_diario integer unsigned not null auto_increment, abertura_original decimal(7,2), maximo_original decimal(7,2), minimo_original decimal(7,2), fechamento_original decimal(7,2), abertura_corrigido decimal(7,3), maximo_corrigido decimal(7,3), minimo_corrigido decimal(7,3), fechamento_corrigido decimal(7,3), negocios integer unsigned, volume decimal(14,2), data date, preco_exercicio decimal(7,2), PRIMARY KEY (id_cotacao_diario),  INDEX `data_idx`(`data`)  ) ENGINE = MYISAM;Syntax error or access violation message from server: "You have an error in your SQL syntax; check the manual that corresponds to your MySQL server version for the right syntax to use near '-6_DIARIO (  id_cotacao_diario integer unsigned not null auto_increment, abertur' at line 1" create table if not exists PETRD-6_DIARIO (  id_cotacao_diario integer unsigned not null auto_increment, abertura_original decimal(7,2), maximo_original decimal(7,2), minimo_original decimal(7,2), fechamento_original decimal(7,2), abertura_corrigido decimal(7,3), maximo_corrigido decimal(7,3), minimo_corrigido decimal(7,3), fechamento_corrigido decimal(7,3), negocios integer unsigned, volume decimal(14,2), data date, preco_exercicio decimal(7,2), PRIMARY KEY (id_cotacao_diario),  INDEX `data_idx`(`data`)  ) ENGINE = MYISAM;Syntax error or access violation message from server: "You have an error in your SQL syntax; check the manual that corresponds to your MySQL server version for the right syntax to use near '-6_DIARIO (  id_cotacao_diario integer unsigned not null auto_increment, abertur' at line 1"
	at br.com.digicom.lib.dao.MySqlDataSource.executaSql(MySqlDataSource.java:69)
	at br.com.digicom.lib.dao.MySqlDataSource.executaSql(MySqlDataSource.java:40)
	at br.com.digicom.lib.dao.DaoBase.executaSql(DaoBase.java:116)
	at br.com.digicom.lib.dao.DaoBase.executaSql(DaoBase.java:108)
	at cotacaojava2.dao.CotacaoDiarioOpcaoDaoExtendidaApp.CriaTabelaSeNecessario(CotacaoDiarioOpcaoDaoExtendidaApp.java:32)
	at cotacaojava2.coletordiario.ImportadorDiarioHistoricoOpcaoObj.verificaTabelas(ImportadorDiarioHistoricoOpcaoObj.java:52)
	at cotacaojava2.coletordiario.ImportadorDiarioHistoricoOpcaoObj.main(ImportadorDiarioHistoricoOpcaoObj.java:27)
	at cotacaojava2.app.TestadorApp.main(TestadorApp.java:17)
Erro com : PETRD-6(2016-3-21 17:16:37) 
(2016-3-21 17:16:37) - br.com.digicom.lib.dao.DaoException: create table if not exists PETRD-4_DIARIO (  id_cotacao_diario integer unsigned not null auto_increment, abertura_original decimal(7,2), maximo_original decimal(7,2), minimo_original decimal(7,2), fechamento_original decimal(7,2), abertura_corrigido decimal(7,3), maximo_corrigido decimal(7,3), minimo_corrigido decimal(7,3), fechamento_corrigido decimal(7,3), negocios integer unsigned, volume decimal(14,2), data date, preco_exercicio decimal(7,2), PRIMARY KEY (id_cotacao_diario),  INDEX `data_idx`(`data`)  ) ENGINE = MYISAM;Syntax error or access violation message from server: "You have an error in your SQL syntax; check the manual that corresponds to your MySQL server version for the right syntax to use near '-4_DIARIO (  id_cotacao_diario integer unsigned not null auto_increment, abertur' at line 1" create table if not exists PETRD-4_DIARIO (  id_cotacao_diario integer unsigned not null auto_increment, abertura_original decimal(7,2), maximo_original decimal(7,2), minimo_original decimal(7,2), fechamento_original decimal(7,2), abertura_corrigido decimal(7,3), maximo_corrigido decimal(7,3), minimo_corrigido decimal(7,3), fechamento_corrigido decimal(7,3), negocios integer unsigned, volume decimal(14,2), data date, preco_exercicio decimal(7,2), PRIMARY KEY (id_cotacao_diario),  INDEX `data_idx`(`data`)  ) ENGINE = MYISAM;Syntax error or access violation message from server: "You have an error in your SQL syntax; check the manual that corresponds to your MySQL server version for the right syntax to use near '-4_DIARIO (  id_cotacao_diario integer unsigned not null auto_increment, abertur' at line 1"
	at br.com.digicom.lib.dao.MySqlDataSource.executaSql(MySqlDataSource.java:69)
	at br.com.digicom.lib.dao.MySqlDataSource.executaSql(MySqlDataSource.java:40)
	at br.com.digicom.lib.dao.DaoBase.executaSql(DaoBase.java:116)
	at br.com.digicom.lib.dao.DaoBase.executaSql(DaoBase.java:108)
	at cotacaojava2.dao.CotacaoDiarioOpcaoDaoExtendidaApp.CriaTabelaSeNecessario(CotacaoDiarioOpcaoDaoExtendidaApp.java:32)
	at cotacaojava2.coletordiario.ImportadorDiarioHistoricoOpcaoObj.verificaTabelas(ImportadorDiarioHistoricoOpcaoObj.java:52)
	at cotacaojava2.coletordiario.ImportadorDiarioHistoricoOpcaoObj.main(ImportadorDiarioHistoricoOpcaoObj.java:27)
	at cotacaojava2.app.TestadorApp.main(TestadorApp.java:17)
Erro com : PETRD-4(2016-3-21 17:16:37) 
(2016-3-21 17:16:37) - br.com.digicom.lib.dao.DaoException: create table if not exists PETRD-2_DIARIO (  id_cotacao_diario integer unsigned not null auto_increment, abertura_original decimal(7,2), maximo_original decimal(7,2), minimo_original decimal(7,2), fechamento_original decimal(7,2), abertura_corrigido decimal(7,3), maximo_corrigido decimal(7,3), minimo_corrigido decimal(7,3), fechamento_corrigido decimal(7,3), negocios integer unsigned, volume decimal(14,2), data date, preco_exercicio decimal(7,2), PRIMARY KEY (id_cotacao_diario),  INDEX `data_idx`(`data`)  ) ENGINE = MYISAM;Syntax error or access violation message from server: "You have an error in your SQL syntax; check the manual that corresponds to your MySQL server version for the right syntax to use near '-2_DIARIO (  id_cotacao_diario integer unsigned not null auto_increment, abertur' at line 1" create table if not exists PETRD-2_DIARIO (  id_cotacao_diario integer unsigned not null auto_increment, abertura_original decimal(7,2), maximo_original decimal(7,2), minimo_original decimal(7,2), fechamento_original decimal(7,2), abertura_corrigido decimal(7,3), maximo_corrigido decimal(7,3), minimo_corrigido decimal(7,3), fechamento_corrigido decimal(7,3), negocios integer unsigned, volume decimal(14,2), data date, preco_exercicio decimal(7,2), PRIMARY KEY (id_cotacao_diario),  INDEX `data_idx`(`data`)  ) ENGINE = MYISAM;Syntax error or access violation message from server: "You have an error in your SQL syntax; check the manual that corresponds to your MySQL server version for the right syntax to use near '-2_DIARIO (  id_cotacao_diario integer unsigned not null auto_increment, abertur' at line 1"
	at br.com.digicom.lib.dao.MySqlDataSource.executaSql(MySqlDataSource.java:69)
	at br.com.digicom.lib.dao.MySqlDataSource.executaSql(MySqlDataSource.java:40)
	at br.com.digicom.lib.dao.DaoBase.executaSql(DaoBase.java:116)
	at br.com.digicom.lib.dao.DaoBase.executaSql(DaoBase.java:108)
	at cotacaojava2.dao.CotacaoDiarioOpcaoDaoExtendidaApp.CriaTabelaSeNecessario(CotacaoDiarioOpcaoDaoExtendidaApp.java:32)
	at cotacaojava2.coletordiario.ImportadorDiarioHistoricoOpcaoObj.verificaTabelas(ImportadorDiarioHistoricoOpcaoObj.java:52)
	at cotacaojava2.coletordiario.ImportadorDiarioHistoricoOpcaoObj.main(ImportadorDiarioHistoricoOpcaoObj.java:27)
	at cotacaojava2.app.TestadorApp.main(TestadorApp.java:17)
Erro com : PETRD-2(2016-3-21 17:16:37) 
(2016-3-21 17:16:37) - br.com.digicom.lib.dao.DaoException: create table if not exists VALED-2_DIARIO (  id_cotacao_diario integer unsigned not null auto_increment, abertura_original decimal(7,2), maximo_original decimal(7,2), minimo_original decimal(7,2), fechamento_original decimal(7,2), abertura_corrigido decimal(7,3), maximo_corrigido decimal(7,3), minimo_corrigido decimal(7,3), fechamento_corrigido decimal(7,3), negocios integer unsigned, volume decimal(14,2), data date, preco_exercicio decimal(7,2), PRIMARY KEY (id_cotacao_diario),  INDEX `data_idx`(`data`)  ) ENGINE = MYISAM;Syntax error or access violation message from server: "You have an error in your SQL syntax; check the manual that corresponds to your MySQL server version for the right syntax to use near '-2_DIARIO (  id_cotacao_diario integer unsigned not null auto_increment, abertur' at line 1" create table if not exists VALED-2_DIARIO (  id_cotacao_diario integer unsigned not null auto_increment, abertura_original decimal(7,2), maximo_original decimal(7,2), minimo_original decimal(7,2), fechamento_original decimal(7,2), abertura_corrigido decimal(7,3), maximo_corrigido decimal(7,3), minimo_corrigido decimal(7,3), fechamento_corrigido decimal(7,3), negocios integer unsigned, volume decimal(14,2), data date, preco_exercicio decimal(7,2), PRIMARY KEY (id_cotacao_diario),  INDEX `data_idx`(`data`)  ) ENGINE = MYISAM;Syntax error or access violation message from server: "You have an error in your SQL syntax; check the manual that corresponds to your MySQL server version for the right syntax to use near '-2_DIARIO (  id_cotacao_diario integer unsigned not null auto_increment, abertur' at line 1"
	at br.com.digicom.lib.dao.MySqlDataSource.executaSql(MySqlDataSource.java:69)
	at br.com.digicom.lib.dao.MySqlDataSource.executaSql(MySqlDataSource.java:40)
	at br.com.digicom.lib.dao.DaoBase.executaSql(DaoBase.java:116)
	at br.com.digicom.lib.dao.DaoBase.executaSql(DaoBase.java:108)
	at cotacaojava2.dao.CotacaoDiarioOpcaoDaoExtendidaApp.CriaTabelaSeNecessario(CotacaoDiarioOpcaoDaoExtendidaApp.java:32)
	at cotacaojava2.coletordiario.ImportadorDiarioHistoricoOpcaoObj.verificaTabelas(ImportadorDiarioHistoricoOpcaoObj.java:52)
	at cotacaojava2.coletordiario.ImportadorDiarioHistoricoOpcaoObj.main(ImportadorDiarioHistoricoOpcaoObj.java:27)
	at cotacaojava2.app.TestadorApp.main(TestadorApp.java:17)
Erro com : VALED-2(2016-3-21 17:16:37) 
InsereDiarioOpcao:ABEVC17(2016-03-18) : R$0.8 [Neg:1 R$800](exercicio:17.45,venc:20160321)(2016-3-21 17:18:49) 
Erro com : PETRC-6(2016-3-21 17:21:43) 
Erro com : PETRC-4(2016-3-21 17:21:43) 
Erro com : PETRC-2(2016-3-21 17:21:43) 
Erro com : VALEC-4(2016-3-21 17:21:43) 
Erro com : VALEC-2(2016-3-21 17:21:43) 
Erro com : PETRD-6(2016-3-21 17:21:43) 
Erro com : PETRD-4(2016-3-21 17:21:43) 
Erro com : PETRD-2(2016-3-21 17:21:43) 
Erro com : VALED-2(2016-3-21 17:21:43) 
InsereDiarioOpcao:ABEVC17(2016-03-18) : R$0.8 [Neg:1 R$800](exercicio:17.45,venc:20160321)(2016-3-21 17:23:00) 
Erro com : PETRC-6(2016-3-21 21:14:10) 
Erro com : PETRC-4(2016-3-21 21:14:10) 
Erro com : PETRC-2(2016-3-21 21:14:10) 
Erro com : VALEC-4(2016-3-21 21:14:10) 
Erro com : VALEC-2(2016-3-21 21:14:10) 
Erro com : PETRD-6(2016-3-21 21:14:10) 
Erro com : PETRD-4(2016-3-21 21:14:10) 
Erro com : PETRD-2(2016-3-21 21:14:10) 
Erro com : VALED-2(2016-3-21 21:14:10) 
InsereDiarioOpcao:ABEVC17(2016-03-18) : R$0.8 [Neg:1 R$800](exercicio:17.45,venc:20160321)(2016-3-21 21:14:40) 
InsereDiarioOpcao:PETRA10(2017-01-12) : R$1.36 [Neg:21 R$25219](exercicio:10.0,venc:20170116)(2017-1-16 20:52:19) 
InsereDiarioOpcao:PETRA9(2017-01-12) : R$1.63 [Neg:5 R$8277](exercicio:9.0,venc:20170116)(2017-1-16 20:52:19) 
InsereDiarioOpcao:VALEA60(2017-01-12) : R$0.0 [Neg:0 R$0](exercicio:19.12,venc:20170116)(2017-1-16 20:52:19) 
InsereDiarioOpcao:VALEA63(2017-01-12) : R$0.0 [Neg:0 R$0](exercicio:22.12,venc:20170116)(2017-1-16 20:52:19) 
InsereDiarioOpcao:VALEA80(2017-01-12) : R$0.0 [Neg:0 R$0](exercicio:19.62,venc:20170116)(2017-1-16 20:52:19) 
InsereDiarioOpcao:VALEA84(2017-01-12) : R$0.0 [Neg:0 R$0](exercicio:15.12,venc:20170116)(2017-1-16 20:52:19) 
InsereDiarioOpcao:VALEB81(2017-01-12) : R$0.76 [Neg:8 R$2032](exercicio:17.62,venc:20170220)(2017-1-16 20:52:19) 
InsereDiarioOpcao:VALEB82(2017-01-12) : R$0.0 [Neg:0 R$0](exercicio:18.12,venc:20170220)(2017-1-16 20:52:19) 
