#
# A fatal error has been detected by the Java Runtime Environment:
#
#  EXCEPTION_ACCESS_VIOLATION (0xc0000005) at pc=0x6046a6ed, pid=5228, tid=5192
#
# JRE version: Java(TM) SE Runtime Environment (8.0_40-b25) (build 1.8.0_40-b25)
# Java VM: Java HotSpot(TM) Client VM (25.40-b25 mixed mode windows-x86 )
# Problematic frame:
# V  [jvm.dll+0xca6ed]
#
# Failed to write core dump. Minidumps are not enabled by default on client versions of Windows
#
# If you would like to submit a bug report, please visit:
#   http://bugreport.java.com/bugreport/crash.jsp
#

---------------  T H R E A D  ---------------

Current thread (0x140b2c00):  JavaThread "JDWP Transport Listener: dt_socket" daemon [_thread_in_vm, id=5192, stack(0x14760000,0x147b0000)]

siginfo: ExceptionCode=0xc0000005, reading address 0x00003b65

Registers:
EAX=0x00003b65, EBX=0x00000000, ECX=0x00003b65, EDX=0x00000000
ESP=0x147af6c8, EBP=0x147af6cc, ESI=0x140b2c00, EDI=0x00ac7110
EIP=0x6046a6ed, EFLAGS=0x00010206

Top of Stack: (sp=0x147af6c8)
0x147af6c8:   140b2c00 147af6f4 605c48a4 00003b65
0x147af6d8:   147af7ac 147af72f 140b2c00 00000000
0x147af6e8:   00000000 00000000 140b2c00 147af730
0x147af6f8:   5e239f80 00ac7110 00003b65 147af72f
0x147af708:   00003b65 5e22436d 00003b65 147af72f
0x147af718:   00000005 00000000 00000000 00000009
0x147af728:   00000000 00a3f23c 147af750 5e2244e0
0x147af738:   00000001 147af76c 147af7a8 140fe2e0 

Instructions: (pc=0x6046a6ed)
0x6046a6cd:   5d c3 52 e8 5b f9 ff ff 5d c3 cc cc cc cc cc cc
0x6046a6dd:   cc cc cc 55 8b ec 8b 45 08 85 c0 75 02 5d c3 56
0x6046a6ed:   8b 30 85 f6 74 17 83 fe 37 74 12 8b 06 8b 50 08
0x6046a6fd:   8b ce ff d2 84 c0 74 05 8b c6 5e 5d c3 33 c0 5e 


Register to memory mapping:

EAX=0x00003b65 is an unknown value
EBX=0x00000000 is an unknown value
ECX=0x00003b65 is an unknown value
EDX=0x00000000 is an unknown value
ESP=0x147af6c8 is pointing into the stack for thread: 0x140b2c00
EBP=0x147af6cc is pointing into the stack for thread: 0x140b2c00
ESI=0x140b2c00 is a thread
EDI=0x00ac7110 is an unknown value


Stack: [0x14760000,0x147b0000],  sp=0x147af6c8,  free space=317k
Native frames: (J=compiled Java code, j=interpreted, Vv=VM code, C=native code)
V  [jvm.dll+0xca6ed]
V  [jvm.dll+0x2248a4]
C  [jdwp.dll+0x19f80]
C  [jdwp.dll+0x44e0]
C  [jdwp.dll+0x451e]
C  0x82121401


---------------  P R O C E S S  ---------------

Java Threads: ( => current thread )
  0x140ebc00 JavaThread "Service Thread" daemon [_thread_blocked, id=5400, stack(0x14a90000,0x14ae0000)]
  0x140cd800 JavaThread "C1 CompilerThread0" daemon [_thread_blocked, id=6204, stack(0x14900000,0x14950000)]
  0x140b7c00 JavaThread "JDWP Command Reader" daemon [_thread_in_native, id=5524, stack(0x14710000,0x14760000)]
  0x140b6c00 JavaThread "JDWP Event Helper Thread" daemon [_thread_blocked, id=4460, stack(0x14860000,0x148b0000)]
=>0x140b2c00 JavaThread "JDWP Transport Listener: dt_socket" daemon [_thread_in_vm, id=5192, stack(0x14760000,0x147b0000)]
  0x140a5c00 JavaThread "Attach Listener" daemon [_thread_blocked, id=5776, stack(0x144e0000,0x14530000)]
  0x140a3000 JavaThread "Signal Dispatcher" daemon [_thread_blocked, id=4644, stack(0x14440000,0x14490000)]
  0x14077c00 JavaThread "Finalizer" daemon [_thread_blocked, id=7400, stack(0x03b80000,0x03bd0000)]
  0x14072000 JavaThread "Reference Handler" daemon [_thread_blocked, id=368, stack(0x14280000,0x142d0000)]
  0x00accc00 JavaThread "main" [_thread_blocked, id=4172, stack(0x00b40000,0x00b90000)]

Other Threads:
  0x1406dc00 VMThread [stack: 0x00ae0000,0x00b30000] [id=7152]
  0x140ed400 WatcherThread [stack: 0x14590000,0x145e0000] [id=7356]

VM state:not at safepoint (normal execution)

VM Mutex/Monitor currently owned by a thread: None

Heap:
 def new generation   total 4928K, used 619K [0x03c00000, 0x04150000, 0x09150000)
  eden space 4416K,  14% used [0x03c00000, 0x03c9aef0, 0x04050000)
  from space 512K,   0% used [0x04050000, 0x04050000, 0x040d0000)
  to   space 512K,   0% used [0x040d0000, 0x040d0000, 0x04150000)
 tenured generation   total 10944K, used 0K [0x09150000, 0x09c00000, 0x13c00000)
   the space 10944K,   0% used [0x09150000, 0x09150000, 0x09150200, 0x09c00000)
 Metaspace       used 1575K, capacity 2280K, committed 2368K, reserved 4480K

Card table byte_map: [0x00b90000,0x00c20000] byte_map_base: 0x00b72000

Polling page: 0x000b0000

CodeCache: size=32768Kb used=666Kb max_used=666Kb free=32101Kb
 bounds [0x01b30000, 0x01bd8000, 0x03b30000]
 total_blobs=142 nmethods=14 adapters=69
 compilation: enabled

Compilation events (10 events):
Event: 0.769 Thread 0x140cd800   10             java.lang.AbstractStringBuilder::ensureCapacityInternal (16 bytes)
Event: 0.769 Thread 0x140cd800 nmethod 10 0x01bd5748 code [0x01bd5850, 0x01bd590c]
Event: 0.769 Thread 0x140cd800   11             java.lang.Character::toLowerCase (9 bytes)
Event: 0.769 Thread 0x140cd800 nmethod 11 0x01bd5988 code [0x01bd5a90, 0x01bd5b38]
Event: 0.769 Thread 0x140cd800   12             java.lang.CharacterDataLatin1::toLowerCase (39 bytes)
Event: 0.770 Thread 0x140cd800 nmethod 12 0x01bd5bc8 code [0x01bd5cc0, 0x01bd5da0]
Event: 0.790 Thread 0x140cd800   13             java.lang.AbstractStringBuilder::append (29 bytes)
Event: 0.791 Thread 0x140cd800 nmethod 13 0x01bd5e88 code [0x01bd5f90, 0x01bd608c]
Event: 0.794 Thread 0x140cd800   14             java.lang.String::indexOf (166 bytes)
Event: 0.795 Thread 0x140cd800 nmethod 14 0x01bd6188 code [0x01bd62a0, 0x01bd64f0]

GC Heap History (0 events):
No events

Deoptimization events (0 events):
No events

Internal exceptions (2 events):
Event: 0.065 Thread 0x00accc00 Exception <a 'java/lang/NoSuchMethodError': Method sun.misc.Unsafe.defineClass(Ljava/lang/String;[BII)Ljava/lang/Class; name or signature does not match> (0x03c0bb60) thrown at [D:\re\puppet\workspace\8-2-build-windows-i586-cygwin\jdk8u40\2855\hotspot\src\F¬·A‘¾°?
Event: 0.065 Thread 0x00accc00 Exception <a 'java/lang/NoSuchMethodError': Method sun.misc.Unsafe.prefetchRead(Ljava/lang/Object;J)V name or signature does not match> (0x03c0bde0) thrown at [D:\re\puppet\workspace\8-2-build-windows-i586-cygwin\jdk8u40\2855\hotspot\src\share\vm\prims\jni

Events (10 events):
Event: 519.894 Executing VM operation: RedefineClasses
Event: 519.895 Executing VM operation: RedefineClasses done
Event: 519.910 Executing VM operation: ChangeBreakpoints
Event: 519.910 Executing VM operation: ChangeBreakpoints done
Event: 519.920 Executing VM operation: ChangeBreakpoints
Event: 519.920 Executing VM operation: ChangeBreakpoints done
Event: 519.936 Executing VM operation: ChangeBreakpoints
Event: 519.936 Executing VM operation: ChangeBreakpoints done
Event: 1124.078 Executing VM operation: RedefineClasses
Event: 1124.078 Executing VM operation: RedefineClasses done


Dynamic libraries:
0x00c20000 - 0x00c53000 	C:\Program Files\Java\jre1.8.0_40\bin\javaw.exe
0x77860000 - 0x7799c000 	C:\Windows\SYSTEM32\ntdll.dll
0x76c50000 - 0x76d24000 	C:\Windows\system32\kernel32.dll
0x75a50000 - 0x75a9a000 	C:\Windows\system32\KERNELBASE.dll
0x76980000 - 0x76a20000 	C:\Windows\system32\ADVAPI32.dll
0x770f0000 - 0x7719c000 	C:\Windows\system32\msvcrt.dll
0x76d30000 - 0x76d49000 	C:\Windows\SYSTEM32\sechost.dll
0x76fe0000 - 0x77081000 	C:\Windows\system32\RPCRT4.dll
0x77550000 - 0x77619000 	C:\Windows\system32\USER32.dll
0x76d50000 - 0x76d9e000 	C:\Windows\system32\GDI32.dll
0x75cb0000 - 0x75cba000 	C:\Windows\system32\LPK.dll
0x773e0000 - 0x7747d000 	C:\Windows\system32\USP10.dll
0x73e80000 - 0x7401e000 	C:\Windows\WinSxS\x86_microsoft.windows.common-controls_6595b64144ccf1df_6.0.7601.17514_none_41e6975e2bd6f2b2\COMCTL32.dll
0x77090000 - 0x770e7000 	C:\Windows\system32\SHLWAPI.dll
0x76960000 - 0x7697f000 	C:\Windows\system32\IMM32.DLL
0x77480000 - 0x7754c000 	C:\Windows\system32\MSCTF.dll
0x60760000 - 0x6081f000 	C:\Program Files\Java\jre1.8.0_40\bin\msvcr100.dll
0x603a0000 - 0x60760000 	C:\Program Files\Java\jre1.8.0_40\bin\client\jvm.dll
0x6ead0000 - 0x6ead7000 	C:\Windows\system32\WSOCK32.dll
0x76920000 - 0x76955000 	C:\Windows\system32\WS2_32.dll
0x75cc0000 - 0x75cc6000 	C:\Windows\system32\NSI.dll
0x72f10000 - 0x72f42000 	C:\Windows\system32\WINMM.dll
0x73d30000 - 0x73d39000 	C:\Windows\system32\VERSION.dll
0x76fa0000 - 0x76fa5000 	C:\Windows\system32\PSAPI.DLL
0x73690000 - 0x7369c000 	C:\Program Files\Java\jre1.8.0_40\bin\verify.dll
0x71a10000 - 0x71a31000 	C:\Program Files\Java\jre1.8.0_40\bin\java.dll
0x5e220000 - 0x5e249000 	C:\Program Files\Java\jre1.8.0_40\bin\jdwp.dll
0x62220000 - 0x62227000 	C:\Program Files\Java\jre1.8.0_40\bin\npt.dll
0x71a50000 - 0x71a63000 	C:\Program Files\Java\jre1.8.0_40\bin\zip.dll
0x75cd0000 - 0x7691a000 	C:\Windows\system32\SHELL32.dll
0x771f0000 - 0x7734c000 	C:\Windows\system32\ole32.dll
0x759b0000 - 0x759bb000 	C:\Windows\system32\profapi.dll
0x62210000 - 0x62218000 	C:\Program Files\Java\jre1.8.0_40\bin\dt_socket.dll
0x72e20000 - 0x72e30000 	C:\Windows\system32\NLAapi.dll
0x6e990000 - 0x6e9a0000 	C:\Windows\system32\napinsp.dll
0x6e970000 - 0x6e982000 	C:\Windows\system32\pnrpnsp.dll
0x753f0000 - 0x7542c000 	C:\Windows\System32\mswsock.dll
0x752b0000 - 0x752f4000 	C:\Windows\system32\DNSAPI.dll
0x6e960000 - 0x6e968000 	C:\Windows\System32\winrnr.dll
0x73df0000 - 0x73e0c000 	C:\Windows\system32\IPHLPAPI.DLL
0x73de0000 - 0x73de7000 	C:\Windows\system32\WINNSI.DLL
0x72870000 - 0x728a8000 	C:\Windows\System32\fwpuclnt.dll
0x6e950000 - 0x6e956000 	C:\Windows\system32\rasadhlp.dll
0x73dc0000 - 0x73dc5000 	C:\Windows\System32\wshtcpip.dll
0x67030000 - 0x6711b000 	C:\Windows\system32\dbghelp.dll

VM Arguments:
jvm_args: -agentlib:jdwp=transport=dt_socket,suspend=y,address=localhost:61698 -Dfile.encoding=Cp1252 
java_command: coletorjava.app.TestadorApp
java_class_path (initial): D:\Fontes\ProjetosJava2\ColetorJava2_0\bin;D:\Fontes\ProjetosJava2\DaoLib-Rec\bin;D:\Fontes\ProjetosJava2\DaoLib-Rec\lib\mysql-connector-java-3.0.17-ga-bin.jar;D:\Fontes\ProjetosJava2\WebParseLib-Rec\bin
Launcher Type: SUN_STANDARD

Environment Variables:
JAVA_HOME=C:\JDK
PATH=C:/Program Files/Java/jre1.8.0_40/bin/client;C:/Program Files/Java/jre1.8.0_40/bin;C:/Program Files/Java/jre1.8.0_40/lib/i386;C:\ProgramData\Oracle\Java\javapath;C:\Windows\system32;C:\Windows;C:\Windows\System32\Wbem;C:\Windows\System32\WindowsPowerShell\v1.0\;C:\Program Files\MySQL\MySQL Utilities 1.3.5\;C:\Program Files\Microsoft\Web Platform Installer\;c:\Program Files\Microsoft SQL Server\100\Tools\Binn\;c:\Program Files\Microsoft SQL Server\100\DTS\Binn\;c:\Program Files\Microsoft ASP.NET\ASP.NET Web Pages\v1.0\;C:\Program Files\Microsoft SQL Server\110\Tools\Binn\;C:\Program Files\Common Files\Ulead Systems\MPEG;C:\adt-bundle-windows-x86-20131030\sdk\platform-tools;C:\Program Files\TortoiseSVN\bin;c:\Program Files\Microsoft SQL Server\110\DTS\Binn\;c:\Program Files\Microsoft SQL Server\110\Tools\Binn\ManagementStudio\;C:\eclipse-jee-juno-SR2-win32\eclipse;
USERNAME=Paulo
OS=Windows_NT
PROCESSOR_IDENTIFIER=x86 Family 6 Model 23 Stepping 6, GenuineIntel



---------------  S Y S T E M  ---------------

OS: Windows 7 Build 7601 (6.1.7601.17514)

CPU:total 2 (2 cores per cpu, 1 threads per core) family 6 model 23 stepping 6, cmov, cx8, fxsr, mmx, sse, sse2, sse3, ssse3, sse4.1, tsc

Memory: 4k page, physical 3659960k(1037452k free), swap 7318164k(3530192k free)

vm_info: Java HotSpot(TM) Client VM (25.40-b25) for windows-x86 JRE (1.8.0_40-b25), built on Feb 10 2015 21:08:16 by "java_re" with MS VC++ 10.0 (VS2010)

time: Fri Jan 15 16:10:29 2016
elapsed time: 1124 seconds (0d 0h 18m 44s)

