#
# A fatal error has been detected by the Java Runtime Environment:
#
#  EXCEPTION_ACCESS_VIOLATION (0xc0000005) at pc=0x571fa6ed, pid=7156, tid=3004
#
# JRE version: Java(TM) SE Runtime Environment (8.0_40-b25) (build 1.8.0_40-b25)
# Java VM: Java HotSpot(TM) Client VM (25.40-b25 mixed mode windows-x86 )
# Problematic frame:
# V  [jvm.dll+0xca6ed]
#
# Failed to write core dump. Minidumps are not enabled by default on client versions of Windows
#
# If you would like to submit a bug report, please visit:
#   http://bugreport.java.com/bugreport/crash.jsp
#

---------------  T H R E A D  ---------------

Current thread (0x140b3000):  JavaThread "JDWP Transport Listener: dt_socket" daemon [_thread_in_vm, id=3004, stack(0x149b0000,0x14a00000)]

siginfo: ExceptionCode=0xc0000005, reading address 0x70704172

Registers:
EAX=0x70704172, EBX=0x00000000, ECX=0x70704172, EDX=0x00000000
ESP=0x149ffa28, EBP=0x149ffa2c, ESI=0x140b3000, EDI=0x00547110
EIP=0x571fa6ed, EFLAGS=0x00010206

Top of Stack: (sp=0x149ffa28)
0x149ffa28:   140b3000 149ffa54 573548a4 70704172
0x149ffa38:   149ffb0c 149ffa8f 140b3000 00000000
0x149ffa48:   00000000 00000000 140b3000 149ffa90
0x149ffa58:   606d9f80 00547110 70704172 149ffa8f
0x149ffa68:   70704172 606c436d 70704172 149ffa8f
0x149ffa78:   00000006 00000000 00000000 00000009
0x149ffa88:   00000000 0064f230 149ffab0 606c44e0
0x149ffa98:   00000001 149ffacc 149ffb08 140d2cf8 

Instructions: (pc=0x571fa6ed)
0x571fa6cd:   5d c3 52 e8 5b f9 ff ff 5d c3 cc cc cc cc cc cc
0x571fa6dd:   cc cc cc 55 8b ec 8b 45 08 85 c0 75 02 5d c3 56
0x571fa6ed:   8b 30 85 f6 74 17 83 fe 37 74 12 8b 06 8b 50 08
0x571fa6fd:   8b ce ff d2 84 c0 74 05 8b c6 5e 5d c3 33 c0 5e 


Register to memory mapping:

EAX=0x70704172 is an unknown value
EBX=0x00000000 is an unknown value
ECX=0x70704172 is an unknown value
EDX=0x00000000 is an unknown value
ESP=0x149ffa28 is pointing into the stack for thread: 0x140b3000
EBP=0x149ffa2c is pointing into the stack for thread: 0x140b3000
ESI=0x140b3000 is a thread
EDI=0x00547110 is an unknown value


Stack: [0x149b0000,0x14a00000],  sp=0x149ffa28,  free space=318k
Native frames: (J=compiled Java code, j=interpreted, Vv=VM code, C=native code)
V  [jvm.dll+0xca6ed]
V  [jvm.dll+0x2248a4]
C  [jdwp.dll+0x19f80]
C  [jdwp.dll+0x44e0]
C  [jdwp.dll+0x451e]
C  0x03000000


---------------  P R O C E S S  ---------------

Java Threads: ( => current thread )
  0x140d1c00 JavaThread "Service Thread" daemon [_thread_blocked, id=6116, stack(0x03b50000,0x03ba0000)]
  0x140cc800 JavaThread "C1 CompilerThread0" daemon [_thread_blocked, id=4540, stack(0x148b0000,0x14900000)]
  0x140bcc00 JavaThread "JDWP Command Reader" daemon [_thread_in_native, id=7712, stack(0x14390000,0x143e0000)]
  0x140b6c00 JavaThread "JDWP Event Helper Thread" daemon [_thread_blocked, id=4644, stack(0x14560000,0x145b0000)]
=>0x140b3000 JavaThread "JDWP Transport Listener: dt_socket" daemon [_thread_in_vm, id=3004, stack(0x149b0000,0x14a00000)]
  0x140a6000 JavaThread "Attach Listener" daemon [_thread_blocked, id=8096, stack(0x14460000,0x144b0000)]
  0x140a3000 JavaThread "Signal Dispatcher" daemon [_thread_blocked, id=4428, stack(0x144e0000,0x14530000)]
  0x14077c00 JavaThread "Finalizer" daemon [_thread_blocked, id=5924, stack(0x143e0000,0x14430000)]
  0x14072000 JavaThread "Reference Handler" daemon [_thread_blocked, id=6304, stack(0x14330000,0x14380000)]
  0x0054cc00 JavaThread "main" [_thread_blocked, id=4996, stack(0x00ab0000,0x00b00000)]

Other Threads:
  0x1406dc00 VMThread [stack: 0x14270000,0x142c0000] [id=6596]
  0x140ee000 WatcherThread [stack: 0x14aa0000,0x14af0000] [id=5760]

VM state:not at safepoint (normal execution)

VM Mutex/Monitor currently owned by a thread: None

Heap:
 def new generation   total 4928K, used 531K [0x03c00000, 0x04150000, 0x09150000)
  eden space 4416K,  12% used [0x03c00000, 0x03c84c88, 0x04050000)
  from space 512K,   0% used [0x04050000, 0x04050000, 0x040d0000)
  to   space 512K,   0% used [0x040d0000, 0x040d0000, 0x04150000)
 tenured generation   total 10944K, used 0K [0x09150000, 0x09c00000, 0x13c00000)
   the space 10944K,   0% used [0x09150000, 0x09150000, 0x09150200, 0x09c00000)
 Metaspace       used 1561K, capacity 2280K, committed 2368K, reserved 4480K

Card table byte_map: [0x00dd0000,0x00e60000] byte_map_base: 0x00db2000

Polling page: 0x00460000

CodeCache: size=32768Kb used=665Kb max_used=665Kb free=32102Kb
 bounds [0x01b30000, 0x01bd8000, 0x03b30000]
 total_blobs=141 nmethods=13 adapters=69
 compilation: enabled

Compilation events (10 events):
Event: 0.647 Thread 0x140cc800    9             java.lang.CharacterDataLatin1::getProperties (11 bytes)
Event: 0.647 Thread 0x140cc800 nmethod 9 0x01bd54c8 code [0x01bd55c0, 0x01bd5670]
Event: 0.648 Thread 0x140cc800   10             java.lang.AbstractStringBuilder::ensureCapacityInternal (16 bytes)
Event: 0.648 Thread 0x140cc800 nmethod 10 0x01bd5748 code [0x01bd5850, 0x01bd590c]
Event: 0.648 Thread 0x140cc800   11             java.lang.CharacterDataLatin1::toLowerCase (39 bytes)
Event: 0.648 Thread 0x140cc800 nmethod 11 0x01bd5988 code [0x01bd5a80, 0x01bd5b60]
Event: 0.660 Thread 0x140cc800   12             java.lang.AbstractStringBuilder::append (29 bytes)
Event: 0.660 Thread 0x140cc800 nmethod 12 0x01bd5c48 code [0x01bd5d50, 0x01bd5e4c]
Event: 0.681 Thread 0x140cc800   13             java.lang.String::indexOf (166 bytes)
Event: 0.681 Thread 0x140cc800 nmethod 13 0x01bd5f48 code [0x01bd6060, 0x01bd62b0]

GC Heap History (0 events):
No events

Deoptimization events (0 events):
No events

Internal exceptions (2 events):
Event: 0.074 Thread 0x0054cc00 Exception <a 'java/lang/NoSuchMethodError': Method sun.misc.Unsafe.defineClass(Ljava/lang/String;[BII)Ljava/lang/Class; name or signature does not match> (0x03c0bcb8) thrown at [D:\re\puppet\workspace\8-2-build-windows-i586-cygwin\jdk8u40\2855\hotspot\src\®Y§³?
Event: 0.075 Thread 0x0054cc00 Exception <a 'java/lang/NoSuchMethodError': Method sun.misc.Unsafe.prefetchRead(Ljava/lang/Object;J)V name or signature does not match> (0x03c0bf38) thrown at [D:\re\puppet\workspace\8-2-build-windows-i586-cygwin\jdk8u40\2855\hotspot\src\share\vm\prims\jni

Events (10 events):
Event: 0.779 loading class java/lang/Void
Event: 0.779 loading class java/lang/Void done
Event: 4.702 Executing VM operation: EnableBiasedLocking
Event: 4.702 Executing VM operation: EnableBiasedLocking done
Event: 842.649 Executing VM operation: ChangeBreakpoints
Event: 842.649 Executing VM operation: ChangeBreakpoints done
Event: 843.906 Executing VM operation: ChangeBreakpoints
Event: 843.906 Executing VM operation: ChangeBreakpoints done
Event: 874.833 Executing VM operation: RedefineClasses
Event: 874.833 Executing VM operation: RedefineClasses done


Dynamic libraries:
0x00ef0000 - 0x00f23000 	C:\Program Files\Java\jre1.8.0_40\bin\javaw.exe
0x77360000 - 0x7749c000 	C:\Windows\SYSTEM32\ntdll.dll
0x774b0000 - 0x77584000 	C:\Windows\system32\kernel32.dll
0x75530000 - 0x7557a000 	C:\Windows\system32\KERNELBASE.dll
0x76680000 - 0x76720000 	C:\Windows\system32\ADVAPI32.dll
0x769b0000 - 0x76a5c000 	C:\Windows\system32\msvcrt.dll
0x75a10000 - 0x75a29000 	C:\Windows\SYSTEM32\sechost.dll
0x76e40000 - 0x76ee1000 	C:\Windows\system32\RPCRT4.dll
0x77090000 - 0x77159000 	C:\Windows\system32\USER32.dll
0x76de0000 - 0x76e2e000 	C:\Windows\system32\GDI32.dll
0x774a0000 - 0x774aa000 	C:\Windows\system32\LPK.dll
0x77160000 - 0x771fd000 	C:\Windows\system32\USP10.dll
0x73950000 - 0x73aee000 	C:\Windows\WinSxS\x86_microsoft.windows.common-controls_6595b64144ccf1df_6.0.7601.17514_none_41e6975e2bd6f2b2\COMCTL32.dll
0x76f80000 - 0x76fd7000 	C:\Windows\system32\SHLWAPI.dll
0x77070000 - 0x7708f000 	C:\Windows\system32\IMM32.DLL
0x75940000 - 0x75a0c000 	C:\Windows\system32\MSCTF.dll
0x725e0000 - 0x7269f000 	C:\Program Files\Java\jre1.8.0_40\bin\msvcr100.dll
0x57130000 - 0x574f0000 	C:\Program Files\Java\jre1.8.0_40\bin\client\jvm.dll
0x6e460000 - 0x6e467000 	C:\Windows\system32\WSOCK32.dll
0x76920000 - 0x76955000 	C:\Windows\system32\WS2_32.dll
0x76a60000 - 0x76a66000 	C:\Windows\system32\NSI.dll
0x72ce0000 - 0x72d12000 	C:\Windows\system32\WINMM.dll
0x74a90000 - 0x74a99000 	C:\Windows\system32\VERSION.dll
0x76e30000 - 0x76e35000 	C:\Windows\system32\PSAPI.DLL
0x736a0000 - 0x736ac000 	C:\Program Files\Java\jre1.8.0_40\bin\verify.dll
0x72900000 - 0x72921000 	C:\Program Files\Java\jre1.8.0_40\bin\java.dll
0x606c0000 - 0x606e9000 	C:\Program Files\Java\jre1.8.0_40\bin\jdwp.dll
0x60650000 - 0x60657000 	C:\Program Files\Java\jre1.8.0_40\bin\npt.dll
0x72f40000 - 0x72f53000 	C:\Program Files\Java\jre1.8.0_40\bin\zip.dll
0x75a30000 - 0x7667a000 	C:\Windows\system32\SHELL32.dll
0x77200000 - 0x7735c000 	C:\Windows\system32\ole32.dll
0x754b0000 - 0x754bb000 	C:\Windows\system32\profapi.dll
0x60640000 - 0x60648000 	C:\Program Files\Java\jre1.8.0_40\bin\dt_socket.dll
0x73220000 - 0x73230000 	C:\Windows\system32\NLAapi.dll
0x6e7b0000 - 0x6e7c0000 	C:\Windows\system32\napinsp.dll
0x6e760000 - 0x6e772000 	C:\Windows\system32\pnrpnsp.dll
0x74ed0000 - 0x74f0c000 	C:\Windows\System32\mswsock.dll
0x74d80000 - 0x74dc4000 	C:\Windows\system32\DNSAPI.dll
0x6e720000 - 0x6e728000 	C:\Windows\System32\winrnr.dll
0x73300000 - 0x7331c000 	C:\Windows\system32\IPHLPAPI.DLL
0x73680000 - 0x73687000 	C:\Windows\system32\WINNSI.DLL
0x72a70000 - 0x72aa8000 	C:\Windows\System32\fwpuclnt.dll
0x6e5c0000 - 0x6e5c6000 	C:\Windows\system32\rasadhlp.dll
0x74aa0000 - 0x74aa5000 	C:\Windows\System32\wshtcpip.dll
0x67080000 - 0x6716b000 	C:\Windows\system32\dbghelp.dll

VM Arguments:
jvm_args: -agentlib:jdwp=transport=dt_socket,suspend=y,address=localhost:49394 -Dfile.encoding=Cp1252 
java_command: coletorjava.app.TestadorApp
java_class_path (initial): D:\Fontes\ProjetosJava2\ColetorJava2_0\bin;D:\Fontes\ProjetosJava2\DaoLib-Rec\bin;D:\Fontes\ProjetosJava2\DaoLib-Rec\lib\mysql-connector-java-3.0.17-ga-bin.jar;D:\Fontes\ProjetosJava2\WebParseLib-Rec\bin
Launcher Type: SUN_STANDARD

Environment Variables:
JAVA_HOME=C:\JDK
PATH=C:/Program Files/Java/jre1.8.0_40/bin/client;C:/Program Files/Java/jre1.8.0_40/bin;C:/Program Files/Java/jre1.8.0_40/lib/i386;C:\ProgramData\Oracle\Java\javapath;C:\Windows\system32;C:\Windows;C:\Windows\System32\Wbem;C:\Windows\System32\WindowsPowerShell\v1.0\;C:\Program Files\MySQL\MySQL Utilities 1.3.5\;C:\Program Files\Microsoft\Web Platform Installer\;c:\Program Files\Microsoft SQL Server\100\Tools\Binn\;c:\Program Files\Microsoft SQL Server\100\DTS\Binn\;c:\Program Files\Microsoft ASP.NET\ASP.NET Web Pages\v1.0\;C:\Program Files\Microsoft SQL Server\110\Tools\Binn\;C:\Program Files\Common Files\Ulead Systems\MPEG;C:\adt-bundle-windows-x86-20131030\sdk\platform-tools;C:\Program Files\TortoiseSVN\bin;c:\Program Files\Microsoft SQL Server\110\DTS\Binn\;c:\Program Files\Microsoft SQL Server\110\Tools\Binn\ManagementStudio\;C:\eclipse-jee-juno-SR2-win32\eclipse;
USERNAME=Paulo
OS=Windows_NT
PROCESSOR_IDENTIFIER=x86 Family 6 Model 23 Stepping 6, GenuineIntel



---------------  S Y S T E M  ---------------

OS: Windows 7 Build 7601 (6.1.7601.17514)

CPU:total 2 (2 cores per cpu, 1 threads per core) family 6 model 23 stepping 6, cmov, cx8, fxsr, mmx, sse, sse2, sse3, ssse3, sse4.1, tsc

Memory: 4k page, physical 3659960k(1223568k free), swap 7318164k(3920444k free)

vm_info: Java HotSpot(TM) Client VM (25.40-b25) for windows-x86 JRE (1.8.0_40-b25), built on Feb 10 2015 21:08:16 by "java_re" with MS VC++ 10.0 (VS2010)

time: Mon Jan 18 15:30:38 2016
elapsed time: 875 seconds (0d 0h 14m 35s)

