inicio do loop(2022-5-3 07:29:58) 
Vai executar sleep(2022-5-3 07:29:59) 
Final executador(2022-5-3 07:32:59) 
inicio do loop(2022-5-3 07:34:46) 
inicio do loop(2022-5-3 07:35:22) 
Antes openConnection(2022-5-3 07:35:22) 
Depois openConnection(2022-5-3 07:35:22) 
conector.start();(2022-5-3 07:35:22) 
conector.join(180000L);(2022-5-3 07:35:24) 
if (conector.conectou())(2022-5-3 07:35:24) 
parserThread.start();(2022-5-3 07:35:24) 
parserThread.join(180000L)(2022-5-3 07:35:24) 
}(2022-5-3 07:35:26) 
urlJson: null(2022-5-3 07:35:26) 
Final executador(2022-5-3 07:35:26) 
inicio do loop(2022-5-3 22:54:05) 
Antes openConnection(2022-5-3 22:54:05) 
Depois openConnection(2022-5-3 22:54:06) 
conector.start();(2022-5-3 22:54:06) 
conector.join(180000L);(2022-5-3 22:54:07) 
if (conector.conectou())(2022-5-3 22:54:07) 
parserThread.start();(2022-5-3 22:54:07) 
parserThread.join(180000L)(2022-5-3 22:54:07) 
}(2022-5-3 22:54:10) 
urlJson: null(2022-5-3 22:54:10) 
Final executador(2022-5-3 22:54:10) 
inicio do loop(2022-5-3 23:02:49) 
Antes openConnection(2022-5-3 23:02:49) 
Depois openConnection(2022-5-3 23:02:49) 
conector.start();(2022-5-3 23:02:49) 
conector.join(180000L);(2022-5-3 23:02:50) 
if (conector.conectou())(2022-5-3 23:02:50) 
parserThread.start();(2022-5-3 23:02:50) 
parserThread.join(180000L)(2022-5-3 23:02:50) 
}(2022-5-3 23:02:53) 
urlJson: null(2022-5-3 23:02:53) 
Final executador(2022-5-3 23:02:53) 
inicio do loop(2022-5-3 23:03:15) 
Antes openConnection(2022-5-3 23:03:15) 
Depois openConnection(2022-5-3 23:03:15) 
conector.start();(2022-5-3 23:03:15) 
conector.join(180000L);(2022-5-3 23:03:16) 
if (conector.conectou())(2022-5-3 23:03:16) 
parserThread.start();(2022-5-3 23:03:16) 
parserThread.join(180000L)(2022-5-3 23:03:16) 
inicio do loop(2022-5-3 23:03:48) 
Antes openConnection(2022-5-3 23:03:48) 
Depois openConnection(2022-5-3 23:03:49) 
conector.start();(2022-5-3 23:03:49) 
conector.join(180000L);(2022-5-3 23:03:49) 
if (conector.conectou())(2022-5-3 23:03:49) 
parserThread.start();(2022-5-3 23:03:49) 
parserThread.join(180000L)(2022-5-3 23:03:49) 
inicio do loop(2022-5-3 23:05:24) 
Antes openConnection(2022-5-3 23:05:24) 
Depois openConnection(2022-5-3 23:05:24) 
conector.start();(2022-5-3 23:05:24) 
conector.join(180000L);(2022-5-3 23:05:25) 
if (conector.conectou())(2022-5-3 23:05:25) 
parserThread.start();(2022-5-3 23:05:25) 
parserThread.join(180000L)(2022-5-3 23:05:25) 
inicio do loop(2022-5-3 23:07:12) 
Antes openConnection(2022-5-3 23:07:12) 
Depois openConnection(2022-5-3 23:07:12) 
conector.start();(2022-5-3 23:07:12) 
conector.join(180000L);(2022-5-3 23:07:14) 
if (conector.conectou())(2022-5-3 23:07:14) 
parserThread.start();(2022-5-3 23:07:14) 
parserThread.join(180000L)(2022-5-3 23:07:14) 
inicio do loop(2022-5-3 23:08:23) 
Antes openConnection(2022-5-3 23:08:24) 
Depois openConnection(2022-5-3 23:08:24) 
conector.start();(2022-5-3 23:08:24) 
conector.join(180000L);(2022-5-3 23:08:25) 
if (conector.conectou())(2022-5-3 23:08:25) 
parserThread.start();(2022-5-3 23:08:25) 
parserThread.join(180000L)(2022-5-3 23:08:25) 
inicio do loop(2022-5-3 23:08:58) 
Antes openConnection(2022-5-3 23:08:59) 
Depois openConnection(2022-5-3 23:08:59) 
conector.start();(2022-5-3 23:08:59) 
conector.join(180000L);(2022-5-3 23:09:00) 
if (conector.conectou())(2022-5-3 23:09:00) 
parserThread.start();(2022-5-3 23:09:00) 
parserThread.join(180000L)(2022-5-3 23:09:00) 
inicio do loop(2022-5-3 23:11:15) 
Antes openConnection(2022-5-3 23:11:15) 
Depois openConnection(2022-5-3 23:11:15) 
conector.start();(2022-5-3 23:11:16) 
conector.join(180000L);(2022-5-3 23:11:16) 
if (conector.conectou())(2022-5-3 23:11:16) 
parserThread.start();(2022-5-3 23:11:16) 
parserThread.join(180000L)(2022-5-3 23:11:16) 
}(2022-5-3 23:11:19) 
urlJson: null(2022-5-3 23:11:19) 
Final executador(2022-5-3 23:11:19) 
inicio do loop(2022-5-7 17:32:07) 
Antes openConnection(2022-5-7 17:32:07) 
Depois openConnection(2022-5-7 17:32:07) 
conector.start();(2022-5-7 17:32:07) 
conector.join(180000L);(2022-5-7 17:32:08) 
if (conector.conectou())(2022-5-7 17:32:08) 
parserThread.start();(2022-5-7 17:32:08) 
parserThread.join(180000L)(2022-5-7 17:32:08) 
}(2022-5-7 17:32:10) 
urlJson: null(2022-5-7 17:32:10) 
Final executador(2022-5-7 17:32:10) 
inicio do loop(2022-5-7 17:33:09) 
Antes openConnection(2022-5-7 17:33:09) 
Depois openConnection(2022-5-7 17:33:09) 
conector.start();(2022-5-7 17:33:09) 
conector.join(180000L);(2022-5-7 17:33:10) 
if (conector.conectou())(2022-5-7 17:33:10) 
parserThread.start();(2022-5-7 17:33:10) 
parserThread.join(180000L)(2022-5-7 17:33:10) 
}(2022-5-7 17:33:12) 
urlJson: null(2022-5-7 17:33:12) 
Final executador(2022-5-7 17:33:12) 
inicio do loop(2022-5-7 17:36:26) 
Antes openConnection(2022-5-7 17:36:26) 
Depois openConnection(2022-5-7 17:36:26) 
conector.start();(2022-5-7 17:36:26) 
conector.join(180000L);(2022-5-7 17:36:27) 
if (conector.conectou())(2022-5-7 17:36:27) 
parserThread.start();(2022-5-7 17:36:27) 
parserThread.join(180000L)(2022-5-7 17:36:27) 
}(2022-5-7 17:36:29) 
urlJson: null(2022-5-7 17:36:29) 
Final executador(2022-5-7 17:36:29) 
inicio do loop(2022-5-7 17:36:56) 
Antes openConnection(2022-5-7 17:36:56) 
Depois openConnection(2022-5-7 17:36:56) 
conector.start();(2022-5-7 17:36:56) 
conector.join(180000L);(2022-5-7 17:36:57) 
if (conector.conectou())(2022-5-7 17:36:57) 
parserThread.start();(2022-5-7 17:36:57) 
parserThread.join(180000L)(2022-5-7 17:36:57) 
}(2022-5-7 17:36:59) 
urlJson: null(2022-5-7 17:36:59) 
Final executador(2022-5-7 17:36:59) 
inicio do loop(2022-5-7 17:37:26) 
Antes openConnection(2022-5-7 17:37:26) 
Depois openConnection(2022-5-7 17:37:26) 
conector.start();(2022-5-7 17:37:26) 
conector.join(180000L);(2022-5-7 17:37:27) 
if (conector.conectou())(2022-5-7 17:37:27) 
parserThread.start();(2022-5-7 17:37:27) 
parserThread.join(180000L)(2022-5-7 17:37:27) 
}(2022-5-7 17:37:28) 
urlJson: null(2022-5-7 17:37:28) 
Final executador(2022-5-7 17:37:28) 
inicio do loop(2022-5-7 18:06:10) 
Antes openConnection(2022-5-7 18:06:10) 
Depois openConnection(2022-5-7 18:06:10) 
conector.start();(2022-5-7 18:06:10) 
conector.join(180000L);(2022-5-7 18:06:11) 
if (conector.conectou())(2022-5-7 18:06:11) 
parserThread.start();(2022-5-7 18:06:11) 
parserThread.join(180000L)(2022-5-7 18:06:11) 
}(2022-5-7 18:06:13) 
urlJson: null(2022-5-7 18:06:13) 
Final executador(2022-5-7 18:06:13) 
inicio do loop(2022-5-7 18:06:40) 
Antes openConnection(2022-5-7 18:06:40) 
Depois openConnection(2022-5-7 18:06:40) 
conector.start();(2022-5-7 18:06:40) 
conector.join(180000L);(2022-5-7 18:06:41) 
if (conector.conectou())(2022-5-7 18:06:41) 
parserThread.start();(2022-5-7 18:06:41) 
parserThread.join(180000L)(2022-5-7 18:06:41) 
}(2022-5-7 18:06:42) 
urlJson: null(2022-5-7 18:06:42) 
Final executador(2022-5-7 18:06:42) 
inicio do loop(2022-5-7 18:07:10) 
Antes openConnection(2022-5-7 18:07:10) 
Depois openConnection(2022-5-7 18:07:10) 
conector.start();(2022-5-7 18:07:10) 
conector.join(180000L);(2022-5-7 18:07:10) 
if (conector.conectou())(2022-5-7 18:07:10) 
parserThread.start();(2022-5-7 18:07:10) 
parserThread.join(180000L)(2022-5-7 18:07:10) 
}(2022-5-7 18:07:12) 
urlJson: null(2022-5-7 18:07:12) 
Final executador(2022-5-7 18:07:12) 
inicio do loop(2022-5-7 18:07:40) 
Antes openConnection(2022-5-7 18:07:40) 
Depois openConnection(2022-5-7 18:07:40) 
conector.start();(2022-5-7 18:07:40) 
conector.join(180000L);(2022-5-7 18:07:40) 
if (conector.conectou())(2022-5-7 18:07:40) 
parserThread.start();(2022-5-7 18:07:40) 
parserThread.join(180000L)(2022-5-7 18:07:40) 
}(2022-5-7 18:07:42) 
urlJson: null(2022-5-7 18:07:42) 
Final executador(2022-5-7 18:07:42) 
inicio do loop(2022-5-7 18:08:10) 
Antes openConnection(2022-5-7 18:08:10) 
Depois openConnection(2022-5-7 18:08:10) 
conector.start();(2022-5-7 18:08:10) 
conector.join(180000L);(2022-5-7 18:08:11) 
if (conector.conectou())(2022-5-7 18:08:11) 
parserThread.start();(2022-5-7 18:08:11) 
parserThread.join(180000L)(2022-5-7 18:08:11) 
}(2022-5-7 18:08:12) 
urlJson: null(2022-5-7 18:08:12) 
Final executador(2022-5-7 18:08:12) 
inicio do loop(2022-5-7 18:08:40) 
Antes openConnection(2022-5-7 18:08:40) 
Depois openConnection(2022-5-7 18:08:40) 
conector.start();(2022-5-7 18:08:40) 
conector.join(180000L);(2022-5-7 18:08:40) 
if (conector.conectou())(2022-5-7 18:08:40) 
parserThread.start();(2022-5-7 18:08:40) 
parserThread.join(180000L)(2022-5-7 18:08:40) 
}(2022-5-7 18:08:42) 
urlJson: null(2022-5-7 18:08:42) 
Final executador(2022-5-7 18:08:42) 
inicio do loop(2022-5-7 18:09:10) 
Antes openConnection(2022-5-7 18:09:10) 
Depois openConnection(2022-5-7 18:09:10) 
conector.start();(2022-5-7 18:09:10) 
conector.join(180000L);(2022-5-7 18:09:11) 
if (conector.conectou())(2022-5-7 18:09:11) 
parserThread.start();(2022-5-7 18:09:11) 
parserThread.join(180000L)(2022-5-7 18:09:11) 
}(2022-5-7 18:09:12) 
urlJson: null(2022-5-7 18:09:12) 
Final executador(2022-5-7 18:09:12) 
inicio do loop(2022-5-7 18:09:40) 
Antes openConnection(2022-5-7 18:09:40) 
Depois openConnection(2022-5-7 18:09:40) 
conector.start();(2022-5-7 18:09:40) 
conector.join(180000L);(2022-5-7 18:09:41) 
if (conector.conectou())(2022-5-7 18:09:41) 
parserThread.start();(2022-5-7 18:09:41) 
parserThread.join(180000L)(2022-5-7 18:09:41) 
}(2022-5-7 18:09:42) 
urlJson: null(2022-5-7 18:09:42) 
Final executador(2022-5-7 18:09:42) 
inicio do loop(2022-5-7 18:10:10) 
Antes openConnection(2022-5-7 18:10:10) 
Depois openConnection(2022-5-7 18:10:10) 
conector.start();(2022-5-7 18:10:10) 
conector.join(180000L);(2022-5-7 18:10:10) 
if (conector.conectou())(2022-5-7 18:10:10) 
parserThread.start();(2022-5-7 18:10:10) 
parserThread.join(180000L)(2022-5-7 18:10:10) 
}(2022-5-7 18:10:12) 
urlJson: null(2022-5-7 18:10:12) 
Final executador(2022-5-7 18:10:12) 
inicio do loop(2022-5-7 18:10:40) 
Antes openConnection(2022-5-7 18:10:40) 
Depois openConnection(2022-5-7 18:10:40) 
conector.start();(2022-5-7 18:10:40) 
conector.join(180000L);(2022-5-7 18:10:40) 
if (conector.conectou())(2022-5-7 18:10:40) 
parserThread.start();(2022-5-7 18:10:40) 
parserThread.join(180000L)(2022-5-7 18:10:40) 
}(2022-5-7 18:10:42) 
urlJson: null(2022-5-7 18:10:42) 
Final executador(2022-5-7 18:10:42) 
inicio do loop(2022-5-7 18:11:10) 
Antes openConnection(2022-5-7 18:11:10) 
Depois openConnection(2022-5-7 18:11:10) 
conector.start();(2022-5-7 18:11:10) 
conector.join(180000L);(2022-5-7 18:11:11) 
if (conector.conectou())(2022-5-7 18:11:11) 
parserThread.start();(2022-5-7 18:11:11) 
parserThread.join(180000L)(2022-5-7 18:11:11) 
}(2022-5-7 18:11:12) 
urlJson: null(2022-5-7 18:11:12) 
Final executador(2022-5-7 18:11:12) 
inicio do loop(2022-5-7 18:11:40) 
Antes openConnection(2022-5-7 18:11:40) 
Depois openConnection(2022-5-7 18:11:40) 
conector.start();(2022-5-7 18:11:40) 
conector.join(180000L);(2022-5-7 18:11:41) 
if (conector.conectou())(2022-5-7 18:11:41) 
parserThread.start();(2022-5-7 18:11:41) 
parserThread.join(180000L)(2022-5-7 18:11:41) 
}(2022-5-7 18:11:42) 
urlJson: null(2022-5-7 18:11:42) 
Final executador(2022-5-7 18:11:42) 
inicio do loop(2022-5-7 18:12:10) 
Antes openConnection(2022-5-7 18:12:10) 
Depois openConnection(2022-5-7 18:12:10) 
conector.start();(2022-5-7 18:12:10) 
conector.join(180000L);(2022-5-7 18:12:10) 
if (conector.conectou())(2022-5-7 18:12:10) 
parserThread.start();(2022-5-7 18:12:10) 
parserThread.join(180000L)(2022-5-7 18:12:10) 
}(2022-5-7 18:12:12) 
urlJson: null(2022-5-7 18:12:12) 
Final executador(2022-5-7 18:12:12) 
inicio do loop(2022-5-7 18:12:40) 
Antes openConnection(2022-5-7 18:12:40) 
Depois openConnection(2022-5-7 18:12:40) 
conector.start();(2022-5-7 18:12:40) 
conector.join(180000L);(2022-5-7 18:12:40) 
if (conector.conectou())(2022-5-7 18:12:40) 
parserThread.start();(2022-5-7 18:12:40) 
parserThread.join(180000L)(2022-5-7 18:12:40) 
}(2022-5-7 18:12:42) 
urlJson: null(2022-5-7 18:12:42) 
Final executador(2022-5-7 18:12:42) 
inicio do loop(2022-5-7 18:13:10) 
Antes openConnection(2022-5-7 18:13:10) 
Depois openConnection(2022-5-7 18:13:10) 
conector.start();(2022-5-7 18:13:10) 
conector.join(180000L);(2022-5-7 18:13:10) 
if (conector.conectou())(2022-5-7 18:13:10) 
parserThread.start();(2022-5-7 18:13:10) 
parserThread.join(180000L)(2022-5-7 18:13:10) 
}(2022-5-7 18:13:12) 
urlJson: null(2022-5-7 18:13:12) 
Final executador(2022-5-7 18:13:12) 
inicio do loop(2022-5-7 18:13:40) 
Antes openConnection(2022-5-7 18:13:40) 
Depois openConnection(2022-5-7 18:13:40) 
conector.start();(2022-5-7 18:13:40) 
conector.join(180000L);(2022-5-7 18:13:40) 
if (conector.conectou())(2022-5-7 18:13:40) 
parserThread.start();(2022-5-7 18:13:40) 
parserThread.join(180000L)(2022-5-7 18:13:40) 
}(2022-5-7 18:13:42) 
urlJson: null(2022-5-7 18:13:42) 
Final executador(2022-5-7 18:13:42) 
inicio do loop(2022-5-7 18:14:10) 
Antes openConnection(2022-5-7 18:14:10) 
Depois openConnection(2022-5-7 18:14:10) 
conector.start();(2022-5-7 18:14:10) 
conector.join(180000L);(2022-5-7 18:14:10) 
if (conector.conectou())(2022-5-7 18:14:10) 
parserThread.start();(2022-5-7 18:14:10) 
parserThread.join(180000L)(2022-5-7 18:14:10) 
}(2022-5-7 18:14:12) 
urlJson: null(2022-5-7 18:14:12) 
Final executador(2022-5-7 18:14:12) 
inicio do loop(2022-5-7 18:14:40) 
Antes openConnection(2022-5-7 18:14:40) 
Depois openConnection(2022-5-7 18:14:40) 
conector.start();(2022-5-7 18:14:40) 
conector.join(180000L);(2022-5-7 18:14:40) 
if (conector.conectou())(2022-5-7 18:14:40) 
parserThread.start();(2022-5-7 18:14:40) 
parserThread.join(180000L)(2022-5-7 18:14:40) 
}(2022-5-7 18:14:42) 
urlJson: null(2022-5-7 18:14:42) 
Final executador(2022-5-7 18:14:42) 
inicio do loop(2022-5-7 18:15:10) 
Antes openConnection(2022-5-7 18:15:10) 
Depois openConnection(2022-5-7 18:15:10) 
conector.start();(2022-5-7 18:15:10) 
conector.join(180000L);(2022-5-7 18:15:10) 
if (conector.conectou())(2022-5-7 18:15:10) 
parserThread.start();(2022-5-7 18:15:10) 
parserThread.join(180000L)(2022-5-7 18:15:10) 
}(2022-5-7 18:15:12) 
urlJson: null(2022-5-7 18:15:12) 
Final executador(2022-5-7 18:15:12) 
inicio do loop(2022-5-7 18:15:40) 
Antes openConnection(2022-5-7 18:15:40) 
Depois openConnection(2022-5-7 18:15:40) 
conector.start();(2022-5-7 18:15:40) 
conector.join(180000L);(2022-5-7 18:15:40) 
if (conector.conectou())(2022-5-7 18:15:40) 
parserThread.start();(2022-5-7 18:15:40) 
parserThread.join(180000L)(2022-5-7 18:15:40) 
}(2022-5-7 18:15:42) 
urlJson: null(2022-5-7 18:15:42) 
Final executador(2022-5-7 18:15:42) 
inicio do loop(2022-5-7 18:16:10) 
Antes openConnection(2022-5-7 18:16:10) 
Depois openConnection(2022-5-7 18:16:10) 
conector.start();(2022-5-7 18:16:10) 
conector.join(180000L);(2022-5-7 18:16:10) 
if (conector.conectou())(2022-5-7 18:16:10) 
parserThread.start();(2022-5-7 18:16:10) 
parserThread.join(180000L)(2022-5-7 18:16:10) 
}(2022-5-7 18:16:12) 
urlJson: null(2022-5-7 18:16:12) 
Final executador(2022-5-7 18:16:12) 
inicio do loop(2022-5-7 18:16:40) 
Antes openConnection(2022-5-7 18:16:40) 
Depois openConnection(2022-5-7 18:16:40) 
conector.start();(2022-5-7 18:16:40) 
conector.join(180000L);(2022-5-7 18:16:40) 
if (conector.conectou())(2022-5-7 18:16:40) 
parserThread.start();(2022-5-7 18:16:40) 
parserThread.join(180000L)(2022-5-7 18:16:40) 
}(2022-5-7 18:16:42) 
urlJson: null(2022-5-7 18:16:42) 
Final executador(2022-5-7 18:16:42) 
inicio do loop(2022-5-7 18:17:10) 
Antes openConnection(2022-5-7 18:17:10) 
Depois openConnection(2022-5-7 18:17:10) 
conector.start();(2022-5-7 18:17:10) 
conector.join(180000L);(2022-5-7 18:17:10) 
if (conector.conectou())(2022-5-7 18:17:10) 
parserThread.start();(2022-5-7 18:17:10) 
parserThread.join(180000L)(2022-5-7 18:17:10) 
}(2022-5-7 18:17:12) 
urlJson: null(2022-5-7 18:17:12) 
Final executador(2022-5-7 18:17:12) 
inicio do loop(2022-5-7 18:17:40) 
Antes openConnection(2022-5-7 18:17:40) 
Depois openConnection(2022-5-7 18:17:40) 
conector.start();(2022-5-7 18:17:40) 
conector.join(180000L);(2022-5-7 18:17:40) 
if (conector.conectou())(2022-5-7 18:17:40) 
parserThread.start();(2022-5-7 18:17:40) 
parserThread.join(180000L)(2022-5-7 18:17:40) 
}(2022-5-7 18:17:42) 
urlJson: null(2022-5-7 18:17:42) 
Final executador(2022-5-7 18:17:42) 
inicio do loop(2022-5-7 18:18:10) 
Antes openConnection(2022-5-7 18:18:10) 
Depois openConnection(2022-5-7 18:18:10) 
conector.start();(2022-5-7 18:18:10) 
conector.join(180000L);(2022-5-7 18:18:10) 
if (conector.conectou())(2022-5-7 18:18:10) 
parserThread.start();(2022-5-7 18:18:10) 
parserThread.join(180000L)(2022-5-7 18:18:10) 
}(2022-5-7 18:18:12) 
urlJson: null(2022-5-7 18:18:12) 
Final executador(2022-5-7 18:18:12) 
inicio do loop(2022-5-7 18:18:40) 
Antes openConnection(2022-5-7 18:18:40) 
Depois openConnection(2022-5-7 18:18:40) 
conector.start();(2022-5-7 18:18:40) 
conector.join(180000L);(2022-5-7 18:18:40) 
if (conector.conectou())(2022-5-7 18:18:40) 
parserThread.start();(2022-5-7 18:18:40) 
parserThread.join(180000L)(2022-5-7 18:18:40) 
}(2022-5-7 18:18:42) 
urlJson: null(2022-5-7 18:18:42) 
Final executador(2022-5-7 18:18:42) 
inicio do loop(2022-5-7 18:19:10) 
Antes openConnection(2022-5-7 18:19:10) 
Depois openConnection(2022-5-7 18:19:10) 
conector.start();(2022-5-7 18:19:10) 
conector.join(180000L);(2022-5-7 18:19:10) 
if (conector.conectou())(2022-5-7 18:19:10) 
parserThread.start();(2022-5-7 18:19:10) 
parserThread.join(180000L)(2022-5-7 18:19:10) 
}(2022-5-7 18:19:12) 
urlJson: null(2022-5-7 18:19:12) 
Final executador(2022-5-7 18:19:12) 
inicio do loop(2022-5-7 18:19:40) 
Antes openConnection(2022-5-7 18:19:40) 
Depois openConnection(2022-5-7 18:19:40) 
conector.start();(2022-5-7 18:19:40) 
conector.join(180000L);(2022-5-7 18:19:40) 
if (conector.conectou())(2022-5-7 18:19:40) 
parserThread.start();(2022-5-7 18:19:40) 
parserThread.join(180000L)(2022-5-7 18:19:40) 
}(2022-5-7 18:19:42) 
urlJson: null(2022-5-7 18:19:42) 
Final executador(2022-5-7 18:19:42) 
inicio do loop(2022-5-7 18:20:10) 
Antes openConnection(2022-5-7 18:20:10) 
Depois openConnection(2022-5-7 18:20:10) 
conector.start();(2022-5-7 18:20:10) 
conector.join(180000L);(2022-5-7 18:20:10) 
if (conector.conectou())(2022-5-7 18:20:10) 
parserThread.start();(2022-5-7 18:20:10) 
parserThread.join(180000L)(2022-5-7 18:20:10) 
}(2022-5-7 18:20:12) 
urlJson: null(2022-5-7 18:20:12) 
Final executador(2022-5-7 18:20:12) 
inicio do loop(2022-5-7 18:20:40) 
Antes openConnection(2022-5-7 18:20:40) 
Depois openConnection(2022-5-7 18:20:40) 
conector.start();(2022-5-7 18:20:40) 
conector.join(180000L);(2022-5-7 18:20:40) 
if (conector.conectou())(2022-5-7 18:20:40) 
parserThread.start();(2022-5-7 18:20:40) 
parserThread.join(180000L)(2022-5-7 18:20:40) 
}(2022-5-7 18:20:42) 
urlJson: null(2022-5-7 18:20:42) 
Final executador(2022-5-7 18:20:42) 
inicio do loop(2022-5-7 18:21:10) 
Antes openConnection(2022-5-7 18:21:10) 
Depois openConnection(2022-5-7 18:21:10) 
conector.start();(2022-5-7 18:21:10) 
conector.join(180000L);(2022-5-7 18:21:10) 
if (conector.conectou())(2022-5-7 18:21:10) 
parserThread.start();(2022-5-7 18:21:10) 
parserThread.join(180000L)(2022-5-7 18:21:10) 
}(2022-5-7 18:21:12) 
urlJson: null(2022-5-7 18:21:12) 
Final executador(2022-5-7 18:21:12) 
inicio do loop(2022-5-7 18:21:40) 
Antes openConnection(2022-5-7 18:21:40) 
Depois openConnection(2022-5-7 18:21:40) 
conector.start();(2022-5-7 18:21:40) 
conector.join(180000L);(2022-5-7 18:21:40) 
if (conector.conectou())(2022-5-7 18:21:40) 
parserThread.start();(2022-5-7 18:21:40) 
parserThread.join(180000L)(2022-5-7 18:21:40) 
}(2022-5-7 18:21:42) 
urlJson: null(2022-5-7 18:21:42) 
Final executador(2022-5-7 18:21:42) 
inicio do loop(2022-5-7 18:22:10) 
Antes openConnection(2022-5-7 18:22:10) 
Depois openConnection(2022-5-7 18:22:10) 
conector.start();(2022-5-7 18:22:10) 
conector.join(180000L);(2022-5-7 18:22:10) 
if (conector.conectou())(2022-5-7 18:22:10) 
parserThread.start();(2022-5-7 18:22:10) 
parserThread.join(180000L)(2022-5-7 18:22:10) 
}(2022-5-7 18:22:12) 
urlJson: null(2022-5-7 18:22:12) 
Final executador(2022-5-7 18:22:12) 
inicio do loop(2022-5-7 18:22:40) 
Antes openConnection(2022-5-7 18:22:40) 
Depois openConnection(2022-5-7 18:22:40) 
conector.start();(2022-5-7 18:22:40) 
conector.join(180000L);(2022-5-7 18:22:40) 
if (conector.conectou())(2022-5-7 18:22:40) 
parserThread.start();(2022-5-7 18:22:40) 
parserThread.join(180000L)(2022-5-7 18:22:40) 
}(2022-5-7 18:22:42) 
urlJson: null(2022-5-7 18:22:42) 
Final executador(2022-5-7 18:22:42) 
inicio do loop(2022-5-7 18:23:10) 
Antes openConnection(2022-5-7 18:23:10) 
Depois openConnection(2022-5-7 18:23:10) 
conector.start();(2022-5-7 18:23:10) 
conector.join(180000L);(2022-5-7 18:23:10) 
if (conector.conectou())(2022-5-7 18:23:11) 
parserThread.start();(2022-5-7 18:23:11) 
parserThread.join(180000L)(2022-5-7 18:23:11) 
}(2022-5-7 18:23:12) 
urlJson: null(2022-5-7 18:23:12) 
Final executador(2022-5-7 18:23:12) 
inicio do loop(2022-5-7 18:23:40) 
Antes openConnection(2022-5-7 18:23:40) 
Depois openConnection(2022-5-7 18:23:40) 
conector.start();(2022-5-7 18:23:40) 
conector.join(180000L);(2022-5-7 18:23:40) 
if (conector.conectou())(2022-5-7 18:23:40) 
parserThread.start();(2022-5-7 18:23:40) 
parserThread.join(180000L)(2022-5-7 18:23:40) 
}(2022-5-7 18:23:42) 
urlJson: null(2022-5-7 18:23:42) 
Final executador(2022-5-7 18:23:42) 
inicio do loop(2022-5-7 18:24:10) 
Antes openConnection(2022-5-7 18:24:10) 
Depois openConnection(2022-5-7 18:24:10) 
conector.start();(2022-5-7 18:24:10) 
conector.join(180000L);(2022-5-7 18:24:10) 
if (conector.conectou())(2022-5-7 18:24:10) 
parserThread.start();(2022-5-7 18:24:10) 
parserThread.join(180000L)(2022-5-7 18:24:10) 
}(2022-5-7 18:24:12) 
urlJson: null(2022-5-7 18:24:12) 
Final executador(2022-5-7 18:24:12) 
inicio do loop(2022-5-7 18:24:40) 
Antes openConnection(2022-5-7 18:24:40) 
Depois openConnection(2022-5-7 18:24:40) 
conector.start();(2022-5-7 18:24:40) 
conector.join(180000L);(2022-5-7 18:24:40) 
if (conector.conectou())(2022-5-7 18:24:40) 
parserThread.start();(2022-5-7 18:24:40) 
parserThread.join(180000L)(2022-5-7 18:24:40) 
}(2022-5-7 18:24:42) 
urlJson: null(2022-5-7 18:24:42) 
Final executador(2022-5-7 18:24:42) 
inicio do loop(2022-5-7 18:25:10) 
Antes openConnection(2022-5-7 18:25:10) 
Depois openConnection(2022-5-7 18:25:10) 
conector.start();(2022-5-7 18:25:10) 
conector.join(180000L);(2022-5-7 18:25:10) 
if (conector.conectou())(2022-5-7 18:25:10) 
parserThread.start();(2022-5-7 18:25:10) 
parserThread.join(180000L)(2022-5-7 18:25:10) 
}(2022-5-7 18:25:12) 
urlJson: null(2022-5-7 18:25:12) 
Final executador(2022-5-7 18:25:12) 
inicio do loop(2022-5-7 18:25:40) 
Antes openConnection(2022-5-7 18:25:40) 
Depois openConnection(2022-5-7 18:25:40) 
conector.start();(2022-5-7 18:25:40) 
conector.join(180000L);(2022-5-7 18:25:40) 
if (conector.conectou())(2022-5-7 18:25:40) 
parserThread.start();(2022-5-7 18:25:40) 
parserThread.join(180000L)(2022-5-7 18:25:40) 
}(2022-5-7 18:25:42) 
urlJson: null(2022-5-7 18:25:42) 
Final executador(2022-5-7 18:25:42) 
inicio do loop(2022-5-7 18:26:10) 
Antes openConnection(2022-5-7 18:26:10) 
Depois openConnection(2022-5-7 18:26:10) 
conector.start();(2022-5-7 18:26:10) 
conector.join(180000L);(2022-5-7 18:26:11) 
if (conector.conectou())(2022-5-7 18:26:11) 
parserThread.start();(2022-5-7 18:26:11) 
parserThread.join(180000L)(2022-5-7 18:26:11) 
}(2022-5-7 18:26:12) 
urlJson: null(2022-5-7 18:26:12) 
Final executador(2022-5-7 18:26:12) 
inicio do loop(2022-5-7 18:26:40) 
Antes openConnection(2022-5-7 18:26:40) 
Depois openConnection(2022-5-7 18:26:40) 
conector.start();(2022-5-7 18:26:40) 
conector.join(180000L);(2022-5-7 18:26:41) 
if (conector.conectou())(2022-5-7 18:26:41) 
parserThread.start();(2022-5-7 18:26:41) 
parserThread.join(180000L)(2022-5-7 18:26:41) 
}(2022-5-7 18:26:42) 
urlJson: null(2022-5-7 18:26:42) 
Final executador(2022-5-7 18:26:42) 
inicio do loop(2022-5-7 18:27:10) 
Antes openConnection(2022-5-7 18:27:10) 
Depois openConnection(2022-5-7 18:27:10) 
conector.start();(2022-5-7 18:27:10) 
conector.join(180000L);(2022-5-7 18:27:10) 
if (conector.conectou())(2022-5-7 18:27:10) 
parserThread.start();(2022-5-7 18:27:10) 
parserThread.join(180000L)(2022-5-7 18:27:10) 
}(2022-5-7 18:27:12) 
urlJson: null(2022-5-7 18:27:12) 
Final executador(2022-5-7 18:27:12) 
inicio do loop(2022-5-7 18:27:40) 
Antes openConnection(2022-5-7 18:27:40) 
Depois openConnection(2022-5-7 18:27:40) 
conector.start();(2022-5-7 18:27:40) 
conector.join(180000L);(2022-5-7 18:27:41) 
if (conector.conectou())(2022-5-7 18:27:41) 
parserThread.start();(2022-5-7 18:27:41) 
parserThread.join(180000L)(2022-5-7 18:27:41) 
}(2022-5-7 18:27:42) 
urlJson: null(2022-5-7 18:27:42) 
Final executador(2022-5-7 18:27:42) 
inicio do loop(2022-5-7 18:28:10) 
Antes openConnection(2022-5-7 18:28:10) 
Depois openConnection(2022-5-7 18:28:10) 
conector.start();(2022-5-7 18:28:10) 
conector.join(180000L);(2022-5-7 18:28:10) 
if (conector.conectou())(2022-5-7 18:28:10) 
parserThread.start();(2022-5-7 18:28:10) 
parserThread.join(180000L)(2022-5-7 18:28:10) 
}(2022-5-7 18:28:12) 
urlJson: null(2022-5-7 18:28:12) 
Final executador(2022-5-7 18:28:12) 
inicio do loop(2022-5-7 18:28:40) 
Antes openConnection(2022-5-7 18:28:40) 
Depois openConnection(2022-5-7 18:28:40) 
conector.start();(2022-5-7 18:28:40) 
conector.join(180000L);(2022-5-7 18:28:40) 
if (conector.conectou())(2022-5-7 18:28:40) 
parserThread.start();(2022-5-7 18:28:40) 
parserThread.join(180000L)(2022-5-7 18:28:40) 
}(2022-5-7 18:28:42) 
urlJson: null(2022-5-7 18:28:42) 
Final executador(2022-5-7 18:28:42) 
inicio do loop(2022-5-7 18:29:10) 
Antes openConnection(2022-5-7 18:29:10) 
Depois openConnection(2022-5-7 18:29:10) 
conector.start();(2022-5-7 18:29:10) 
conector.join(180000L);(2022-5-7 18:29:11) 
if (conector.conectou())(2022-5-7 18:29:11) 
parserThread.start();(2022-5-7 18:29:11) 
parserThread.join(180000L)(2022-5-7 18:29:11) 
}(2022-5-7 18:29:12) 
urlJson: null(2022-5-7 18:29:12) 
Final executador(2022-5-7 18:29:12) 
inicio do loop(2022-5-7 18:29:40) 
Antes openConnection(2022-5-7 18:29:40) 
Depois openConnection(2022-5-7 18:29:40) 
conector.start();(2022-5-7 18:29:40) 
conector.join(180000L);(2022-5-7 18:29:40) 
if (conector.conectou())(2022-5-7 18:29:40) 
parserThread.start();(2022-5-7 18:29:40) 
parserThread.join(180000L)(2022-5-7 18:29:40) 
}(2022-5-7 18:29:42) 
urlJson: null(2022-5-7 18:29:42) 
Final executador(2022-5-7 18:29:42) 
inicio do loop(2022-5-9 11:48:01) 
Antes openConnection(2022-5-9 11:48:01) 
Depois openConnection(2022-5-9 11:48:02) 
conector.start();(2022-5-9 11:48:02) 
conector.join(180000L);(2022-5-9 11:48:03) 
if (conector.conectou())(2022-5-9 11:48:03) 
parserThread.start();(2022-5-9 11:48:03) 
parserThread.join(180000L)(2022-5-9 11:48:03) 
}(2022-5-9 11:48:06) 
urlJson: null(2022-5-9 11:48:06) 
Final executador(2022-5-9 11:48:06) 
inicio do loop(2022-5-9 11:51:35) 
Antes openConnection(2022-5-9 11:51:35) 
Depois openConnection(2022-5-9 11:51:35) 
conector.start();(2022-5-9 11:51:35) 
conector.join(180000L);(2022-5-9 11:51:36) 
if (conector.conectou())(2022-5-9 11:51:36) 
parserThread.start();(2022-5-9 11:51:36) 
parserThread.join(180000L)(2022-5-9 11:51:36) 
}(2022-5-9 11:51:39) 
urlJson: null(2022-5-9 11:51:39) 
Final executador(2022-5-9 11:51:39) 
inicio do loop(2022-5-9 11:52:35) 
Antes openConnection(2022-5-9 11:52:35) 
Depois openConnection(2022-5-9 11:52:35) 
conector.start();(2022-5-9 11:52:35) 
conector.join(180000L);(2022-5-9 11:52:36) 
if (conector.conectou())(2022-5-9 11:52:36) 
parserThread.start();(2022-5-9 11:52:36) 
parserThread.join(180000L)(2022-5-9 11:52:36) 
}(2022-5-9 11:52:38) 
urlJson: null(2022-5-9 11:52:38) 
Final executador(2022-5-9 11:52:38) 
inicio do loop(2022-5-9 11:53:35) 
Antes openConnection(2022-5-9 11:53:35) 
Depois openConnection(2022-5-9 11:53:35) 
conector.start();(2022-5-9 11:53:35) 
conector.join(180000L);(2022-5-9 11:53:36) 
if (conector.conectou())(2022-5-9 11:53:36) 
parserThread.start();(2022-5-9 11:53:36) 
parserThread.join(180000L)(2022-5-9 11:53:36) 
}(2022-5-9 11:53:37) 
urlJson: null(2022-5-9 11:53:37) 
Final executador(2022-5-9 11:53:37) 
inicio do loop(2022-5-9 11:54:35) 
Antes openConnection(2022-5-9 11:54:35) 
Depois openConnection(2022-5-9 11:54:35) 
conector.start();(2022-5-9 11:54:35) 
conector.join(180000L);(2022-5-9 11:54:36) 
if (conector.conectou())(2022-5-9 11:54:36) 
parserThread.start();(2022-5-9 11:54:36) 
parserThread.join(180000L)(2022-5-9 11:54:36) 
}(2022-5-9 11:54:37) 
urlJson: null(2022-5-9 11:54:37) 
Final executador(2022-5-9 11:54:37) 
inicio do loop(2022-5-9 11:55:35) 
Antes openConnection(2022-5-9 11:55:35) 
Depois openConnection(2022-5-9 11:55:35) 
conector.start();(2022-5-9 11:55:35) 
conector.join(180000L);(2022-5-9 11:55:35) 
if (conector.conectou())(2022-5-9 11:55:35) 
parserThread.start();(2022-5-9 11:55:35) 
parserThread.join(180000L)(2022-5-9 11:55:35) 
}(2022-5-9 11:55:37) 
urlJson: null(2022-5-9 11:55:37) 
Final executador(2022-5-9 11:55:37) 
inicio do loop(2022-5-9 11:56:35) 
Antes openConnection(2022-5-9 11:56:35) 
Depois openConnection(2022-5-9 11:56:35) 
conector.start();(2022-5-9 11:56:35) 
conector.join(180000L);(2022-5-9 11:56:36) 
if (conector.conectou())(2022-5-9 11:56:36) 
parserThread.start();(2022-5-9 11:56:36) 
parserThread.join(180000L)(2022-5-9 11:56:36) 
}(2022-5-9 11:56:37) 
urlJson: null(2022-5-9 11:56:37) 
Final executador(2022-5-9 11:56:37) 
inicio do loop(2022-5-9 11:57:00) 
Antes openConnection(2022-5-9 11:57:00) 
Depois openConnection(2022-5-9 11:57:01) 
conector.start();(2022-5-9 11:57:01) 
conector.join(180000L);(2022-5-9 11:57:02) 
if (conector.conectou())(2022-5-9 11:57:02) 
parserThread.start();(2022-5-9 11:57:02) 
parserThread.join(180000L)(2022-5-9 11:57:02) 
}(2022-5-9 11:57:04) 
urlJson: null(2022-5-9 11:57:04) 
Final executador(2022-5-9 11:57:04) 
inicio do loop(2022-5-9 11:57:04) 
Antes openConnection(2022-5-9 11:57:04) 
Depois openConnection(2022-5-9 11:57:04) 
conector.start();(2022-5-9 11:57:04) 
conector.join(180000L);(2022-5-9 11:57:05) 
if (conector.conectou())(2022-5-9 11:57:05) 
parserThread.start();(2022-5-9 11:57:05) 
parserThread.join(180000L)(2022-5-9 11:57:05) 
}(2022-5-9 11:57:07) 
urlJson: null(2022-5-9 11:57:07) 
Final executador(2022-5-9 11:57:07) 
inicio do loop(2022-5-9 11:57:07) 
Antes openConnection(2022-5-9 11:57:07) 
Depois openConnection(2022-5-9 11:57:07) 
conector.start();(2022-5-9 11:57:07) 
conector.join(180000L);(2022-5-9 11:57:07) 
if (conector.conectou())(2022-5-9 11:57:07) 
parserThread.start();(2022-5-9 11:57:07) 
parserThread.join(180000L)(2022-5-9 11:57:07) 
}(2022-5-9 11:57:08) 
urlJson: null(2022-5-9 11:57:08) 
Final executador(2022-5-9 11:57:08) 
inicio do loop(2022-5-9 11:58:00) 
Antes openConnection(2022-5-9 11:58:00) 
Depois openConnection(2022-5-9 11:58:00) 
conector.start();(2022-5-9 11:58:00) 
conector.join(180000L);(2022-5-9 11:58:01) 
if (conector.conectou())(2022-5-9 11:58:01) 
parserThread.start();(2022-5-9 11:58:01) 
parserThread.join(180000L)(2022-5-9 11:58:01) 
}(2022-5-9 11:58:03) 
urlJson: null(2022-5-9 11:58:03) 
Final executador(2022-5-9 11:58:03) 
inicio do loop(2022-5-9 11:58:03) 
Antes openConnection(2022-5-9 11:58:03) 
Depois openConnection(2022-5-9 11:58:03) 
conector.start();(2022-5-9 11:58:03) 
conector.join(180000L);(2022-5-9 11:58:04) 
if (conector.conectou())(2022-5-9 11:58:04) 
parserThread.start();(2022-5-9 11:58:04) 
parserThread.join(180000L)(2022-5-9 11:58:04) 
}(2022-5-9 11:58:05) 
urlJson: null(2022-5-9 11:58:05) 
Final executador(2022-5-9 11:58:05) 
inicio do loop(2022-5-9 11:58:05) 
Antes openConnection(2022-5-9 11:58:05) 
Depois openConnection(2022-5-9 11:58:05) 
conector.start();(2022-5-9 11:58:05) 
conector.join(180000L);(2022-5-9 11:58:06) 
if (conector.conectou())(2022-5-9 11:58:06) 
parserThread.start();(2022-5-9 11:58:06) 
parserThread.join(180000L)(2022-5-9 11:58:06) 
}(2022-5-9 11:58:07) 
urlJson: null(2022-5-9 11:58:07) 
Final executador(2022-5-9 11:58:07) 
inicio do loop(2022-5-9 11:59:00) 
Antes openConnection(2022-5-9 11:59:00) 
Depois openConnection(2022-5-9 11:59:00) 
conector.start();(2022-5-9 11:59:00) 
conector.join(180000L);(2022-5-9 11:59:01) 
if (conector.conectou())(2022-5-9 11:59:01) 
parserThread.start();(2022-5-9 11:59:01) 
parserThread.join(180000L)(2022-5-9 11:59:01) 
}(2022-5-9 11:59:03) 
urlJson: null(2022-5-9 11:59:03) 
Final executador(2022-5-9 11:59:04) 
inicio do loop(2022-5-9 11:59:04) 
Antes openConnection(2022-5-9 11:59:04) 
Depois openConnection(2022-5-9 11:59:04) 
conector.start();(2022-5-9 11:59:04) 
conector.join(180000L);(2022-5-9 11:59:04) 
if (conector.conectou())(2022-5-9 11:59:04) 
parserThread.start();(2022-5-9 11:59:04) 
parserThread.join(180000L)(2022-5-9 11:59:04) 
}(2022-5-9 11:59:05) 
urlJson: null(2022-5-9 11:59:05) 
Final executador(2022-5-9 11:59:05) 
inicio do loop(2022-5-9 11:59:05) 
Antes openConnection(2022-5-9 11:59:05) 
Depois openConnection(2022-5-9 11:59:05) 
conector.start();(2022-5-9 11:59:05) 
conector.join(180000L);(2022-5-9 11:59:06) 
if (conector.conectou())(2022-5-9 11:59:06) 
parserThread.start();(2022-5-9 11:59:06) 
parserThread.join(180000L)(2022-5-9 11:59:06) 
}(2022-5-9 11:59:07) 
urlJson: null(2022-5-9 11:59:07) 
Final executador(2022-5-9 11:59:07) 
inicio do loop(2022-5-9 12:00:00) 
Antes openConnection(2022-5-9 12:00:00) 
Depois openConnection(2022-5-9 12:00:00) 
conector.start();(2022-5-9 12:00:00) 
conector.join(180000L);(2022-5-9 12:00:01) 
if (conector.conectou())(2022-5-9 12:00:01) 
parserThread.start();(2022-5-9 12:00:01) 
parserThread.join(180000L)(2022-5-9 12:00:01) 
}(2022-5-9 12:00:03) 
urlJson: null(2022-5-9 12:00:03) 
Final executador(2022-5-9 12:00:03) 
inicio do loop(2022-5-9 12:00:03) 
Antes openConnection(2022-5-9 12:00:03) 
Depois openConnection(2022-5-9 12:00:03) 
conector.start();(2022-5-9 12:00:03) 
conector.join(180000L);(2022-5-9 12:00:04) 
if (conector.conectou())(2022-5-9 12:00:04) 
parserThread.start();(2022-5-9 12:00:04) 
parserThread.join(180000L)(2022-5-9 12:00:04) 
}(2022-5-9 12:00:05) 
urlJson: null(2022-5-9 12:00:05) 
Final executador(2022-5-9 12:00:05) 
inicio do loop(2022-5-9 12:00:05) 
Antes openConnection(2022-5-9 12:00:05) 
Depois openConnection(2022-5-9 12:00:05) 
conector.start();(2022-5-9 12:00:05) 
conector.join(180000L);(2022-5-9 12:00:06) 
if (conector.conectou())(2022-5-9 12:00:06) 
parserThread.start();(2022-5-9 12:00:06) 
parserThread.join(180000L)(2022-5-9 12:00:06) 
}(2022-5-9 12:00:07) 
urlJson: null(2022-5-9 12:00:07) 
Final executador(2022-5-9 12:00:07) 
inicio do loop(2022-5-9 12:01:00) 
Antes openConnection(2022-5-9 12:01:00) 
Depois openConnection(2022-5-9 12:01:00) 
conector.start();(2022-5-9 12:01:00) 
conector.join(180000L);(2022-5-9 12:01:01) 
if (conector.conectou())(2022-5-9 12:01:01) 
parserThread.start();(2022-5-9 12:01:01) 
parserThread.join(180000L)(2022-5-9 12:01:01) 
}(2022-5-9 12:01:03) 
urlJson: null(2022-5-9 12:01:03) 
Final executador(2022-5-9 12:01:03) 
inicio do loop(2022-5-9 12:01:03) 
Antes openConnection(2022-5-9 12:01:03) 
Depois openConnection(2022-5-9 12:01:03) 
conector.start();(2022-5-9 12:01:03) 
conector.join(180000L);(2022-5-9 12:01:04) 
if (conector.conectou())(2022-5-9 12:01:04) 
parserThread.start();(2022-5-9 12:01:04) 
parserThread.join(180000L)(2022-5-9 12:01:04) 
}(2022-5-9 12:01:05) 
urlJson: null(2022-5-9 12:01:05) 
Final executador(2022-5-9 12:01:05) 
inicio do loop(2022-5-9 12:01:05) 
Antes openConnection(2022-5-9 12:01:05) 
Depois openConnection(2022-5-9 12:01:05) 
conector.start();(2022-5-9 12:01:05) 
conector.join(180000L);(2022-5-9 12:01:06) 
if (conector.conectou())(2022-5-9 12:01:06) 
parserThread.start();(2022-5-9 12:01:06) 
parserThread.join(180000L)(2022-5-9 12:01:06) 
}(2022-5-9 12:01:07) 
urlJson: null(2022-5-9 12:01:07) 
Final executador(2022-5-9 12:01:07) 
inicio do loop(2022-5-9 12:02:00) 
Antes openConnection(2022-5-9 12:02:00) 
Depois openConnection(2022-5-9 12:02:00) 
conector.start();(2022-5-9 12:02:00) 
conector.join(180000L);(2022-5-9 12:02:01) 
if (conector.conectou())(2022-5-9 12:02:01) 
parserThread.start();(2022-5-9 12:02:01) 
parserThread.join(180000L)(2022-5-9 12:02:01) 
}(2022-5-9 12:02:03) 
urlJson: null(2022-5-9 12:02:03) 
Final executador(2022-5-9 12:02:03) 
inicio do loop(2022-5-9 12:02:03) 
Antes openConnection(2022-5-9 12:02:03) 
Depois openConnection(2022-5-9 12:02:03) 
conector.start();(2022-5-9 12:02:03) 
conector.join(180000L);(2022-5-9 12:02:04) 
if (conector.conectou())(2022-5-9 12:02:04) 
parserThread.start();(2022-5-9 12:02:04) 
parserThread.join(180000L)(2022-5-9 12:02:04) 
}(2022-5-9 12:02:05) 
urlJson: null(2022-5-9 12:02:05) 
Final executador(2022-5-9 12:02:05) 
inicio do loop(2022-5-9 12:02:05) 
Antes openConnection(2022-5-9 12:02:05) 
Depois openConnection(2022-5-9 12:02:05) 
conector.start();(2022-5-9 12:02:05) 
conector.join(180000L);(2022-5-9 12:02:06) 
if (conector.conectou())(2022-5-9 12:02:06) 
parserThread.start();(2022-5-9 12:02:06) 
parserThread.join(180000L)(2022-5-9 12:02:06) 
}(2022-5-9 12:02:07) 
urlJson: null(2022-5-9 12:02:07) 
Final executador(2022-5-9 12:02:07) 
inicio do loop(2022-5-9 12:03:00) 
Antes openConnection(2022-5-9 12:03:00) 
Depois openConnection(2022-5-9 12:03:00) 
conector.start();(2022-5-9 12:03:00) 
conector.join(180000L);(2022-5-9 12:03:01) 
if (conector.conectou())(2022-5-9 12:03:01) 
parserThread.start();(2022-5-9 12:03:01) 
parserThread.join(180000L)(2022-5-9 12:03:01) 
}(2022-5-9 12:03:03) 
urlJson: null(2022-5-9 12:03:03) 
Final executador(2022-5-9 12:03:03) 
inicio do loop(2022-5-9 12:03:03) 
Antes openConnection(2022-5-9 12:03:03) 
Depois openConnection(2022-5-9 12:03:03) 
conector.start();(2022-5-9 12:03:03) 
conector.join(180000L);(2022-5-9 12:03:03) 
if (conector.conectou())(2022-5-9 12:03:03) 
parserThread.start();(2022-5-9 12:03:03) 
parserThread.join(180000L)(2022-5-9 12:03:03) 
}(2022-5-9 12:03:05) 
urlJson: null(2022-5-9 12:03:05) 
Final executador(2022-5-9 12:03:05) 
inicio do loop(2022-5-9 12:03:05) 
Antes openConnection(2022-5-9 12:03:05) 
Depois openConnection(2022-5-9 12:03:05) 
conector.start();(2022-5-9 12:03:05) 
conector.join(180000L);(2022-5-9 12:03:05) 
if (conector.conectou())(2022-5-9 12:03:05) 
parserThread.start();(2022-5-9 12:03:05) 
parserThread.join(180000L)(2022-5-9 12:03:05) 
}(2022-5-9 12:03:06) 
urlJson: null(2022-5-9 12:03:06) 
Final executador(2022-5-9 12:03:06) 
inicio do loop(2022-5-9 12:03:29) 
Antes openConnection(2022-5-9 12:03:29) 
Depois openConnection(2022-5-9 12:03:29) 
conector.start();(2022-5-9 12:03:29) 
conector.join(180000L);(2022-5-9 12:03:30) 
if (conector.conectou())(2022-5-9 12:03:30) 
parserThread.start();(2022-5-9 12:03:31) 
parserThread.join(180000L)(2022-5-9 12:03:31) 
}(2022-5-9 12:03:33) 
urlJson: null(2022-5-9 12:03:33) 
Final executador(2022-5-9 12:03:33) 
inicio do loop(2022-5-9 12:03:33) 
Antes openConnection(2022-5-9 12:03:33) 
Depois openConnection(2022-5-9 12:03:33) 
conector.start();(2022-5-9 12:03:33) 
conector.join(180000L);(2022-5-9 12:03:33) 
if (conector.conectou())(2022-5-9 12:03:33) 
parserThread.start();(2022-5-9 12:03:33) 
parserThread.join(180000L)(2022-5-9 12:03:33) 
}(2022-5-9 12:03:35) 
urlJson: null(2022-5-9 12:03:35) 
Final executador(2022-5-9 12:03:35) 
inicio do loop(2022-5-9 12:03:35) 
Antes openConnection(2022-5-9 12:03:35) 
Depois openConnection(2022-5-9 12:03:35) 
conector.start();(2022-5-9 12:03:35) 
conector.join(180000L);(2022-5-9 12:03:36) 
if (conector.conectou())(2022-5-9 12:03:36) 
parserThread.start();(2022-5-9 12:03:36) 
parserThread.join(180000L)(2022-5-9 12:03:36) 
}(2022-5-9 12:03:37) 
urlJson: null(2022-5-9 12:03:37) 
Final executador(2022-5-9 12:03:37) 
inicio do loop(2022-5-9 12:05:29) 
Antes openConnection(2022-5-9 12:05:29) 
Depois openConnection(2022-5-9 12:05:29) 
conector.start();(2022-5-9 12:05:29) 
conector.join(180000L);(2022-5-9 12:05:30) 
if (conector.conectou())(2022-5-9 12:05:30) 
parserThread.start();(2022-5-9 12:05:30) 
parserThread.join(180000L)(2022-5-9 12:05:30) 
}(2022-5-9 12:05:32) 
urlJson: null(2022-5-9 12:05:32) 
Final executador(2022-5-9 12:05:32) 
inicio do loop(2022-5-9 12:05:32) 
Antes openConnection(2022-5-9 12:05:32) 
Depois openConnection(2022-5-9 12:05:32) 
conector.start();(2022-5-9 12:05:32) 
conector.join(180000L);(2022-5-9 12:05:32) 
if (conector.conectou())(2022-5-9 12:05:32) 
parserThread.start();(2022-5-9 12:05:32) 
parserThread.join(180000L)(2022-5-9 12:05:32) 
}(2022-5-9 12:05:34) 
urlJson: null(2022-5-9 12:05:34) 
Final executador(2022-5-9 12:05:34) 
inicio do loop(2022-5-9 12:05:34) 
Antes openConnection(2022-5-9 12:05:34) 
Depois openConnection(2022-5-9 12:05:34) 
conector.start();(2022-5-9 12:05:34) 
conector.join(180000L);(2022-5-9 12:05:34) 
if (conector.conectou())(2022-5-9 12:05:34) 
parserThread.start();(2022-5-9 12:05:34) 
parserThread.join(180000L)(2022-5-9 12:05:34) 
}(2022-5-9 12:05:36) 
urlJson: null(2022-5-9 12:05:36) 
Final executador(2022-5-9 12:05:36) 
inicio do loop(2022-5-9 12:07:29) 
Antes openConnection(2022-5-9 12:07:29) 
Depois openConnection(2022-5-9 12:07:29) 
conector.start();(2022-5-9 12:07:29) 
conector.join(180000L);(2022-5-9 12:07:30) 
if (conector.conectou())(2022-5-9 12:07:30) 
parserThread.start();(2022-5-9 12:07:30) 
parserThread.join(180000L)(2022-5-9 12:07:30) 
}(2022-5-9 12:07:31) 
urlJson: null(2022-5-9 12:07:31) 
Final executador(2022-5-9 12:07:31) 
inicio do loop(2022-5-9 12:07:31) 
Antes openConnection(2022-5-9 12:07:31) 
Depois openConnection(2022-5-9 12:07:31) 
conector.start();(2022-5-9 12:07:31) 
conector.join(180000L);(2022-5-9 12:07:31) 
if (conector.conectou())(2022-5-9 12:07:31) 
parserThread.start();(2022-5-9 12:07:31) 
parserThread.join(180000L)(2022-5-9 12:07:31) 
}(2022-5-9 12:07:33) 
urlJson: null(2022-5-9 12:07:33) 
Final executador(2022-5-9 12:07:33) 
inicio do loop(2022-5-9 12:07:33) 
Antes openConnection(2022-5-9 12:07:33) 
Depois openConnection(2022-5-9 12:07:33) 
conector.start();(2022-5-9 12:07:33) 
conector.join(180000L);(2022-5-9 12:07:34) 
if (conector.conectou())(2022-5-9 12:07:34) 
parserThread.start();(2022-5-9 12:07:34) 
parserThread.join(180000L)(2022-5-9 12:07:34) 
}(2022-5-9 12:07:35) 
urlJson: null(2022-5-9 12:07:35) 
Final executador(2022-5-9 12:07:35) 
inicio do loop(2022-5-9 12:08:00) 
Antes openConnection(2022-5-9 12:08:00) 
Depois openConnection(2022-5-9 12:08:00) 
conector.start();(2022-5-9 12:08:00) 
conector.join(180000L);(2022-5-9 12:08:06) 
if (conector.conectou())(2022-5-9 12:08:06) 
parserThread.start();(2022-5-9 12:08:06) 
parserThread.join(180000L)(2022-5-9 12:08:06) 
}(2022-5-9 12:08:09) 
urlJson: null(2022-5-9 12:08:09) 
Final executador(2022-5-9 12:08:09) 
inicio do loop(2022-5-9 12:08:09) 
Antes openConnection(2022-5-9 12:08:09) 
Depois openConnection(2022-5-9 12:08:09) 
conector.start();(2022-5-9 12:08:09) 
conector.join(180000L);(2022-5-9 12:08:10) 
if (conector.conectou())(2022-5-9 12:08:10) 
parserThread.start();(2022-5-9 12:08:10) 
parserThread.join(180000L)(2022-5-9 12:08:10) 
}(2022-5-9 12:08:11) 
urlJson: null(2022-5-9 12:08:11) 
Final executador(2022-5-9 12:08:11) 
inicio do loop(2022-5-9 12:08:11) 
Antes openConnection(2022-5-9 12:08:11) 
Depois openConnection(2022-5-9 12:08:11) 
conector.start();(2022-5-9 12:08:11) 
conector.join(180000L);(2022-5-9 12:08:12) 
if (conector.conectou())(2022-5-9 12:08:12) 
parserThread.start();(2022-5-9 12:08:12) 
parserThread.join(180000L)(2022-5-9 12:08:12) 
}(2022-5-9 12:08:13) 
urlJson: null(2022-5-9 12:08:13) 
Final executador(2022-5-9 12:08:13) 
inicio do loop(2022-5-9 12:09:00) 
Antes openConnection(2022-5-9 12:09:00) 
Depois openConnection(2022-5-9 12:09:00) 
conector.start();(2022-5-9 12:09:00) 
conector.join(180000L);(2022-5-9 12:09:01) 
if (conector.conectou())(2022-5-9 12:09:01) 
parserThread.start();(2022-5-9 12:09:01) 
parserThread.join(180000L)(2022-5-9 12:09:01) 
}(2022-5-9 12:09:03) 
urlJson: null(2022-5-9 12:09:03) 
Final executador(2022-5-9 12:09:03) 
inicio do loop(2022-5-9 12:09:03) 
Antes openConnection(2022-5-9 12:09:03) 
Depois openConnection(2022-5-9 12:09:03) 
conector.start();(2022-5-9 12:09:03) 
conector.join(180000L);(2022-5-9 12:09:04) 
if (conector.conectou())(2022-5-9 12:09:04) 
parserThread.start();(2022-5-9 12:09:04) 
parserThread.join(180000L)(2022-5-9 12:09:04) 
}(2022-5-9 12:09:05) 
urlJson: null(2022-5-9 12:09:05) 
Final executador(2022-5-9 12:09:05) 
inicio do loop(2022-5-9 12:09:05) 
Antes openConnection(2022-5-9 12:09:05) 
Depois openConnection(2022-5-9 12:09:05) 
conector.start();(2022-5-9 12:09:05) 
conector.join(180000L);(2022-5-9 12:09:06) 
if (conector.conectou())(2022-5-9 12:09:06) 
parserThread.start();(2022-5-9 12:09:06) 
parserThread.join(180000L)(2022-5-9 12:09:06) 
}(2022-5-9 12:09:07) 
urlJson: null(2022-5-9 12:09:07) 
Final executador(2022-5-9 12:09:07) 
inicio do loop(2022-5-9 12:11:00) 
Antes openConnection(2022-5-9 12:11:00) 
Depois openConnection(2022-5-9 12:11:00) 
conector.start();(2022-5-9 12:11:00) 
conector.join(180000L);(2022-5-9 12:11:00) 
if (conector.conectou())(2022-5-9 12:11:00) 
parserThread.start();(2022-5-9 12:11:00) 
parserThread.join(180000L)(2022-5-9 12:11:00) 
}(2022-5-9 12:11:02) 
urlJson: null(2022-5-9 12:11:02) 
Final executador(2022-5-9 12:11:02) 
inicio do loop(2022-5-9 12:11:02) 
Antes openConnection(2022-5-9 12:11:02) 
Depois openConnection(2022-5-9 12:11:02) 
conector.start();(2022-5-9 12:11:02) 
conector.join(180000L);(2022-5-9 12:11:03) 
if (conector.conectou())(2022-5-9 12:11:03) 
parserThread.start();(2022-5-9 12:11:03) 
parserThread.join(180000L)(2022-5-9 12:11:03) 
}(2022-5-9 12:11:04) 
urlJson: null(2022-5-9 12:11:04) 
Final executador(2022-5-9 12:11:04) 
inicio do loop(2022-5-9 12:11:04) 
Antes openConnection(2022-5-9 12:11:04) 
Depois openConnection(2022-5-9 12:11:04) 
conector.start();(2022-5-9 12:11:04) 
conector.join(180000L);(2022-5-9 12:11:04) 
if (conector.conectou())(2022-5-9 12:11:04) 
parserThread.start();(2022-5-9 12:11:04) 
parserThread.join(180000L)(2022-5-9 12:11:04) 
}(2022-5-9 12:11:06) 
urlJson: null(2022-5-9 12:11:06) 
Final executador(2022-5-9 12:11:06) 
inicio do loop(2022-5-9 12:13:00) 
Antes openConnection(2022-5-9 12:13:00) 
Depois openConnection(2022-5-9 12:13:00) 
conector.start();(2022-5-9 12:13:00) 
conector.join(180000L);(2022-5-9 12:13:00) 
if (conector.conectou())(2022-5-9 12:13:00) 
parserThread.start();(2022-5-9 12:13:00) 
parserThread.join(180000L)(2022-5-9 12:13:00) 
}(2022-5-9 12:13:02) 
urlJson: null(2022-5-9 12:13:02) 
Final executador(2022-5-9 12:13:02) 
inicio do loop(2022-5-9 12:13:02) 
Antes openConnection(2022-5-9 12:13:02) 
Depois openConnection(2022-5-9 12:13:02) 
conector.start();(2022-5-9 12:13:02) 
conector.join(180000L);(2022-5-9 12:13:03) 
if (conector.conectou())(2022-5-9 12:13:03) 
parserThread.start();(2022-5-9 12:13:03) 
parserThread.join(180000L)(2022-5-9 12:13:03) 
}(2022-5-9 12:13:04) 
urlJson: null(2022-5-9 12:13:04) 
Final executador(2022-5-9 12:13:04) 
inicio do loop(2022-5-9 12:13:04) 
Antes openConnection(2022-5-9 12:13:04) 
Depois openConnection(2022-5-9 12:13:04) 
conector.start();(2022-5-9 12:13:04) 
conector.join(180000L);(2022-5-9 12:13:05) 
if (conector.conectou())(2022-5-9 12:13:05) 
parserThread.start();(2022-5-9 12:13:05) 
parserThread.join(180000L)(2022-5-9 12:13:05) 
}(2022-5-9 12:13:06) 
urlJson: null(2022-5-9 12:13:06) 
Final executador(2022-5-9 12:13:06) 
inicio do loop(2022-5-9 12:15:00) 
Antes openConnection(2022-5-9 12:15:00) 
Depois openConnection(2022-5-9 12:15:00) 
conector.start();(2022-5-9 12:15:00) 
conector.join(180000L);(2022-5-9 12:15:00) 
if (conector.conectou())(2022-5-9 12:15:00) 
parserThread.start();(2022-5-9 12:15:00) 
parserThread.join(180000L)(2022-5-9 12:15:00) 
}(2022-5-9 12:15:02) 
urlJson: null(2022-5-9 12:15:02) 
Final executador(2022-5-9 12:15:02) 
inicio do loop(2022-5-9 12:15:02) 
Antes openConnection(2022-5-9 12:15:02) 
Depois openConnection(2022-5-9 12:15:02) 
conector.start();(2022-5-9 12:15:02) 
conector.join(180000L);(2022-5-9 12:15:02) 
if (conector.conectou())(2022-5-9 12:15:02) 
parserThread.start();(2022-5-9 12:15:02) 
parserThread.join(180000L)(2022-5-9 12:15:02) 
}(2022-5-9 12:15:03) 
urlJson: null(2022-5-9 12:15:03) 
Final executador(2022-5-9 12:15:03) 
inicio do loop(2022-5-9 12:15:03) 
Antes openConnection(2022-5-9 12:15:03) 
Depois openConnection(2022-5-9 12:15:03) 
conector.start();(2022-5-9 12:15:03) 
conector.join(180000L);(2022-5-9 12:15:04) 
if (conector.conectou())(2022-5-9 12:15:04) 
parserThread.start();(2022-5-9 12:15:04) 
parserThread.join(180000L)(2022-5-9 12:15:04) 
}(2022-5-9 12:15:06) 
urlJson: null(2022-5-9 12:15:06) 
Final executador(2022-5-9 12:15:06) 
inicio do loop(2022-5-9 12:17:00) 
Antes openConnection(2022-5-9 12:17:00) 
Depois openConnection(2022-5-9 12:17:00) 
conector.start();(2022-5-9 12:17:00) 
conector.join(180000L);(2022-5-9 12:17:00) 
if (conector.conectou())(2022-5-9 12:17:00) 
parserThread.start();(2022-5-9 12:17:00) 
parserThread.join(180000L)(2022-5-9 12:17:00) 
}(2022-5-9 12:17:02) 
urlJson: null(2022-5-9 12:17:02) 
Final executador(2022-5-9 12:17:02) 
inicio do loop(2022-5-9 12:17:02) 
Antes openConnection(2022-5-9 12:17:02) 
Depois openConnection(2022-5-9 12:17:02) 
conector.start();(2022-5-9 12:17:02) 
conector.join(180000L);(2022-5-9 12:17:02) 
if (conector.conectou())(2022-5-9 12:17:02) 
parserThread.start();(2022-5-9 12:17:02) 
parserThread.join(180000L)(2022-5-9 12:17:02) 
}(2022-5-9 12:17:03) 
urlJson: null(2022-5-9 12:17:03) 
Final executador(2022-5-9 12:17:03) 
inicio do loop(2022-5-9 12:17:03) 
Antes openConnection(2022-5-9 12:17:03) 
Depois openConnection(2022-5-9 12:17:03) 
conector.start();(2022-5-9 12:17:03) 
conector.join(180000L);(2022-5-9 12:17:04) 
if (conector.conectou())(2022-5-9 12:17:04) 
parserThread.start();(2022-5-9 12:17:04) 
parserThread.join(180000L)(2022-5-9 12:17:04) 
}(2022-5-9 12:17:05) 
urlJson: null(2022-5-9 12:17:05) 
Final executador(2022-5-9 12:17:05) 
inicio do loop(2022-5-9 12:19:00) 
Antes openConnection(2022-5-9 12:19:00) 
Depois openConnection(2022-5-9 12:19:00) 
conector.start();(2022-5-9 12:19:00) 
conector.join(180000L);(2022-5-9 12:19:00) 
if (conector.conectou())(2022-5-9 12:19:00) 
parserThread.start();(2022-5-9 12:19:00) 
parserThread.join(180000L)(2022-5-9 12:19:00) 
}(2022-5-9 12:19:02) 
urlJson: null(2022-5-9 12:19:02) 
Final executador(2022-5-9 12:19:02) 
inicio do loop(2022-5-9 12:19:02) 
Antes openConnection(2022-5-9 12:19:02) 
Depois openConnection(2022-5-9 12:19:02) 
conector.start();(2022-5-9 12:19:02) 
conector.join(180000L);(2022-5-9 12:19:02) 
if (conector.conectou())(2022-5-9 12:19:02) 
parserThread.start();(2022-5-9 12:19:02) 
parserThread.join(180000L)(2022-5-9 12:19:02) 
}(2022-5-9 12:19:04) 
urlJson: null(2022-5-9 12:19:04) 
Final executador(2022-5-9 12:19:04) 
inicio do loop(2022-5-9 12:19:04) 
Antes openConnection(2022-5-9 12:19:04) 
Depois openConnection(2022-5-9 12:19:04) 
conector.start();(2022-5-9 12:19:04) 
conector.join(180000L);(2022-5-9 12:19:04) 
if (conector.conectou())(2022-5-9 12:19:04) 
parserThread.start();(2022-5-9 12:19:04) 
parserThread.join(180000L)(2022-5-9 12:19:04) 
}(2022-5-9 12:19:05) 
urlJson: null(2022-5-9 12:19:05) 
Final executador(2022-5-9 12:19:05) 
inicio do loop(2022-5-9 12:21:00) 
Antes openConnection(2022-5-9 12:21:00) 
Depois openConnection(2022-5-9 12:21:00) 
conector.start();(2022-5-9 12:21:00) 
conector.join(180000L);(2022-5-9 12:21:00) 
if (conector.conectou())(2022-5-9 12:21:00) 
parserThread.start();(2022-5-9 12:21:00) 
parserThread.join(180000L)(2022-5-9 12:21:00) 
}(2022-5-9 12:21:02) 
urlJson: null(2022-5-9 12:21:02) 
Final executador(2022-5-9 12:21:02) 
inicio do loop(2022-5-9 12:21:02) 
Antes openConnection(2022-5-9 12:21:02) 
Depois openConnection(2022-5-9 12:21:02) 
conector.start();(2022-5-9 12:21:02) 
conector.join(180000L);(2022-5-9 12:21:02) 
if (conector.conectou())(2022-5-9 12:21:02) 
parserThread.start();(2022-5-9 12:21:02) 
parserThread.join(180000L)(2022-5-9 12:21:02) 
}(2022-5-9 12:21:04) 
urlJson: null(2022-5-9 12:21:04) 
Final executador(2022-5-9 12:21:04) 
inicio do loop(2022-5-9 12:21:04) 
Antes openConnection(2022-5-9 12:21:04) 
Depois openConnection(2022-5-9 12:21:04) 
conector.start();(2022-5-9 12:21:04) 
conector.join(180000L);(2022-5-9 12:21:04) 
if (conector.conectou())(2022-5-9 12:21:04) 
parserThread.start();(2022-5-9 12:21:04) 
parserThread.join(180000L)(2022-5-9 12:21:04) 
}(2022-5-9 12:21:05) 
urlJson: null(2022-5-9 12:21:05) 
Final executador(2022-5-9 12:21:05) 
inicio do loop(2022-5-9 12:23:00) 
Antes openConnection(2022-5-9 12:23:00) 
Depois openConnection(2022-5-9 12:23:00) 
conector.start();(2022-5-9 12:23:00) 
conector.join(180000L);(2022-5-9 12:23:00) 
if (conector.conectou())(2022-5-9 12:23:00) 
parserThread.start();(2022-5-9 12:23:00) 
parserThread.join(180000L)(2022-5-9 12:23:00) 
}(2022-5-9 12:23:02) 
urlJson: null(2022-5-9 12:23:02) 
Final executador(2022-5-9 12:23:02) 
inicio do loop(2022-5-9 12:23:02) 
Antes openConnection(2022-5-9 12:23:02) 
Depois openConnection(2022-5-9 12:23:02) 
conector.start();(2022-5-9 12:23:02) 
conector.join(180000L);(2022-5-9 12:23:02) 
if (conector.conectou())(2022-5-9 12:23:02) 
parserThread.start();(2022-5-9 12:23:02) 
parserThread.join(180000L)(2022-5-9 12:23:02) 
}(2022-5-9 12:23:04) 
urlJson: null(2022-5-9 12:23:04) 
Final executador(2022-5-9 12:23:04) 
inicio do loop(2022-5-9 12:23:04) 
Antes openConnection(2022-5-9 12:23:04) 
Depois openConnection(2022-5-9 12:23:04) 
conector.start();(2022-5-9 12:23:04) 
conector.join(180000L);(2022-5-9 12:23:04) 
if (conector.conectou())(2022-5-9 12:23:04) 
parserThread.start();(2022-5-9 12:23:04) 
parserThread.join(180000L)(2022-5-9 12:23:04) 
}(2022-5-9 12:23:06) 
urlJson: null(2022-5-9 12:23:06) 
Final executador(2022-5-9 12:23:06) 
inicio do loop(2022-5-9 12:25:00) 
Antes openConnection(2022-5-9 12:25:00) 
Depois openConnection(2022-5-9 12:25:00) 
conector.start();(2022-5-9 12:25:00) 
conector.join(180000L);(2022-5-9 12:25:01) 
if (conector.conectou())(2022-5-9 12:25:01) 
parserThread.start();(2022-5-9 12:25:01) 
parserThread.join(180000L)(2022-5-9 12:25:01) 
}(2022-5-9 12:25:02) 
urlJson: null(2022-5-9 12:25:02) 
Final executador(2022-5-9 12:25:02) 
inicio do loop(2022-5-9 12:25:02) 
Antes openConnection(2022-5-9 12:25:02) 
Depois openConnection(2022-5-9 12:25:02) 
conector.start();(2022-5-9 12:25:02) 
conector.join(180000L);(2022-5-9 12:25:03) 
if (conector.conectou())(2022-5-9 12:25:03) 
parserThread.start();(2022-5-9 12:25:03) 
parserThread.join(180000L)(2022-5-9 12:25:03) 
}(2022-5-9 12:25:04) 
urlJson: null(2022-5-9 12:25:04) 
Final executador(2022-5-9 12:25:04) 
inicio do loop(2022-5-9 12:25:04) 
Antes openConnection(2022-5-9 12:25:04) 
Depois openConnection(2022-5-9 12:25:04) 
conector.start();(2022-5-9 12:25:04) 
conector.join(180000L);(2022-5-9 12:25:05) 
if (conector.conectou())(2022-5-9 12:25:05) 
parserThread.start();(2022-5-9 12:25:05) 
parserThread.join(180000L)(2022-5-9 12:25:05) 
}(2022-5-9 12:25:06) 
urlJson: null(2022-5-9 12:25:06) 
Final executador(2022-5-9 12:25:06) 
inicio do loop(2022-5-9 12:27:00) 
Antes openConnection(2022-5-9 12:27:00) 
Depois openConnection(2022-5-9 12:27:00) 
conector.start();(2022-5-9 12:27:00) 
conector.join(180000L);(2022-5-9 12:27:00) 
if (conector.conectou())(2022-5-9 12:27:00) 
parserThread.start();(2022-5-9 12:27:00) 
parserThread.join(180000L)(2022-5-9 12:27:00) 
}(2022-5-9 12:27:02) 
urlJson: null(2022-5-9 12:27:02) 
Final executador(2022-5-9 12:27:02) 
inicio do loop(2022-5-9 12:27:02) 
Antes openConnection(2022-5-9 12:27:02) 
Depois openConnection(2022-5-9 12:27:02) 
conector.start();(2022-5-9 12:27:02) 
conector.join(180000L);(2022-5-9 12:27:02) 
if (conector.conectou())(2022-5-9 12:27:02) 
parserThread.start();(2022-5-9 12:27:02) 
parserThread.join(180000L)(2022-5-9 12:27:02) 
}(2022-5-9 12:27:03) 
urlJson: null(2022-5-9 12:27:03) 
Final executador(2022-5-9 12:27:03) 
inicio do loop(2022-5-9 12:27:03) 
Antes openConnection(2022-5-9 12:27:03) 
Depois openConnection(2022-5-9 12:27:03) 
conector.start();(2022-5-9 12:27:03) 
conector.join(180000L);(2022-5-9 12:27:04) 
if (conector.conectou())(2022-5-9 12:27:04) 
parserThread.start();(2022-5-9 12:27:04) 
parserThread.join(180000L)(2022-5-9 12:27:04) 
}(2022-5-9 12:27:05) 
urlJson: null(2022-5-9 12:27:05) 
Final executador(2022-5-9 12:27:05) 
inicio do loop(2022-5-11 00:17:50) 
Antes openConnection(2022-5-11 00:17:50) 
Depois openConnection(2022-5-11 00:17:50) 
conector.start();(2022-5-11 00:17:50) 
conector.join(180000L);(2022-5-11 00:17:51) 
if (conector.conectou())(2022-5-11 00:17:51) 
parserThread.start();(2022-5-11 00:17:51) 
parserThread.join(180000L)(2022-5-11 00:17:51) 
}(2022-5-11 00:18:09) 
urlJson: null(2022-5-11 00:18:09) 
Final executador(2022-5-11 00:18:09) 
inicio do loop(2022-5-11 00:18:09) 
Antes openConnection(2022-5-11 00:18:09) 
Depois openConnection(2022-5-11 00:18:09) 
conector.start();(2022-5-11 00:18:09) 
conector.join(180000L);(2022-5-11 00:18:10) 
if (conector.conectou())(2022-5-11 00:18:10) 
parserThread.start();(2022-5-11 00:18:10) 
parserThread.join(180000L)(2022-5-11 00:18:10) 
inicio do loop(2022-5-11 00:20:48) 
Antes openConnection(2022-5-11 00:20:48) 
Depois openConnection(2022-5-11 00:20:48) 
conector.start();(2022-5-11 00:20:48) 
conector.join(180000L);(2022-5-11 00:20:49) 
if (conector.conectou())(2022-5-11 00:20:49) 
parserThread.start();(2022-5-11 00:20:49) 
parserThread.join(180000L)(2022-5-11 00:20:49) 
(2022-5-11 00:20:51) - java.lang.NullPointerException
	at br.com.sisacao.coletor.yahoo.YahooDadosParse.enviaValor(YahooDadosParse.java:49)
	at br.com.sisacao.coletor.yahoo.YahooCallbackHtml.finalizacaoOk(YahooCallbackHtml.java:55)
	at br.com.digicom.parse.ParserHtmlTh.run(ParserHtmlTh.java:59)
}(2022-5-11 00:20:51) 
urlJson: null(2022-5-11 00:20:51) 
Final executador(2022-5-11 00:20:51) 
inicio do loop(2022-5-11 00:20:51) 
Antes openConnection(2022-5-11 00:20:51) 
Depois openConnection(2022-5-11 00:20:51) 
conector.start();(2022-5-11 00:20:51) 
conector.join(180000L);(2022-5-11 00:20:51) 
if (conector.conectou())(2022-5-11 00:20:51) 
parserThread.start();(2022-5-11 00:20:51) 
parserThread.join(180000L)(2022-5-11 00:20:51) 
(2022-5-11 00:20:53) - java.lang.NullPointerException
	at br.com.sisacao.coletor.yahoo.YahooDadosParse.enviaValor(YahooDadosParse.java:49)
	at br.com.sisacao.coletor.yahoo.YahooCallbackHtml.finalizacaoOk(YahooCallbackHtml.java:55)
	at br.com.digicom.parse.ParserHtmlTh.run(ParserHtmlTh.java:59)
}(2022-5-11 00:20:53) 
urlJson: null(2022-5-11 00:20:53) 
Final executador(2022-5-11 00:20:53) 
inicio do loop(2022-5-11 00:20:53) 
Antes openConnection(2022-5-11 00:20:53) 
Depois openConnection(2022-5-11 00:20:53) 
conector.start();(2022-5-11 00:20:53) 
conector.join(180000L);(2022-5-11 00:20:54) 
if (conector.conectou())(2022-5-11 00:20:54) 
parserThread.start();(2022-5-11 00:20:54) 
parserThread.join(180000L)(2022-5-11 00:20:54) 
(2022-5-11 00:20:55) - java.lang.NullPointerException
	at br.com.sisacao.coletor.yahoo.YahooDadosParse.enviaValor(YahooDadosParse.java:49)
	at br.com.sisacao.coletor.yahoo.YahooCallbackHtml.finalizacaoOk(YahooCallbackHtml.java:55)
	at br.com.digicom.parse.ParserHtmlTh.run(ParserHtmlTh.java:59)
}(2022-5-11 00:20:55) 
urlJson: null(2022-5-11 00:20:55) 
Final executador(2022-5-11 00:20:55) 
inicio do loop(2022-5-11 00:21:51) 
Antes openConnection(2022-5-11 00:21:51) 
Depois openConnection(2022-5-11 00:21:51) 
conector.start();(2022-5-11 00:21:51) 
conector.join(180000L);(2022-5-11 00:21:52) 
if (conector.conectou())(2022-5-11 00:21:52) 
parserThread.start();(2022-5-11 00:21:52) 
parserThread.join(180000L)(2022-5-11 00:21:52) 
}(2022-5-11 00:21:59) 
urlJson: null(2022-5-11 00:21:59) 
Final executador(2022-5-11 00:21:59) 
inicio do loop(2022-5-11 00:21:59) 
Antes openConnection(2022-5-11 00:21:59) 
Depois openConnection(2022-5-11 00:21:59) 
conector.start();(2022-5-11 00:21:59) 
conector.join(180000L);(2022-5-11 00:22:00) 
if (conector.conectou())(2022-5-11 00:22:00) 
parserThread.start();(2022-5-11 00:22:00) 
parserThread.join(180000L)(2022-5-11 00:22:00) 
}(2022-5-11 00:22:06) 
urlJson: null(2022-5-11 00:22:06) 
Final executador(2022-5-11 00:22:06) 
inicio do loop(2022-5-11 00:22:06) 
Antes openConnection(2022-5-11 00:22:06) 
Depois openConnection(2022-5-11 00:22:06) 
conector.start();(2022-5-11 00:22:06) 
conector.join(180000L);(2022-5-11 00:22:07) 
if (conector.conectou())(2022-5-11 00:22:07) 
parserThread.start();(2022-5-11 00:22:07) 
parserThread.join(180000L)(2022-5-11 00:22:07) 
}(2022-5-11 00:22:13) 
urlJson: null(2022-5-11 00:22:13) 
Final executador(2022-5-11 00:22:13) 
inicio do loop(2022-5-11 00:22:48) 
Antes openConnection(2022-5-11 00:22:48) 
Depois openConnection(2022-5-11 00:22:48) 
conector.start();(2022-5-11 00:22:48) 
conector.join(180000L);(2022-5-11 00:22:48) 
if (conector.conectou())(2022-5-11 00:22:48) 
parserThread.start();(2022-5-11 00:22:48) 
parserThread.join(180000L)(2022-5-11 00:22:48) 
(2022-5-11 00:22:50) - java.lang.NullPointerException
	at br.com.sisacao.coletor.yahoo.YahooDadosParse.enviaValor(YahooDadosParse.java:49)
	at br.com.sisacao.coletor.yahoo.YahooCallbackHtml.finalizacaoOk(YahooCallbackHtml.java:55)
	at br.com.digicom.parse.ParserHtmlTh.run(ParserHtmlTh.java:59)
}(2022-5-11 00:22:50) 
urlJson: null(2022-5-11 00:22:50) 
Final executador(2022-5-11 00:22:50) 
inicio do loop(2022-5-11 00:22:50) 
Antes openConnection(2022-5-11 00:22:50) 
Depois openConnection(2022-5-11 00:22:50) 
conector.start();(2022-5-11 00:22:50) 
conector.join(180000L);(2022-5-11 00:22:50) 
if (conector.conectou())(2022-5-11 00:22:50) 
parserThread.start();(2022-5-11 00:22:50) 
parserThread.join(180000L)(2022-5-11 00:22:50) 
(2022-5-11 00:22:51) - java.lang.NullPointerException
	at br.com.sisacao.coletor.yahoo.YahooDadosParse.enviaValor(YahooDadosParse.java:49)
	at br.com.sisacao.coletor.yahoo.YahooCallbackHtml.finalizacaoOk(YahooCallbackHtml.java:55)
	at br.com.digicom.parse.ParserHtmlTh.run(ParserHtmlTh.java:59)
}(2022-5-11 00:22:51) 
urlJson: null(2022-5-11 00:22:51) 
Final executador(2022-5-11 00:22:51) 
inicio do loop(2022-5-11 00:22:51) 
Antes openConnection(2022-5-11 00:22:51) 
Depois openConnection(2022-5-11 00:22:51) 
conector.start();(2022-5-11 00:22:51) 
conector.join(180000L);(2022-5-11 00:22:51) 
if (conector.conectou())(2022-5-11 00:22:51) 
parserThread.start();(2022-5-11 00:22:52) 
parserThread.join(180000L)(2022-5-11 00:22:52) 
(2022-5-11 00:22:53) - java.lang.NullPointerException
	at br.com.sisacao.coletor.yahoo.YahooDadosParse.enviaValor(YahooDadosParse.java:49)
	at br.com.sisacao.coletor.yahoo.YahooCallbackHtml.finalizacaoOk(YahooCallbackHtml.java:55)
	at br.com.digicom.parse.ParserHtmlTh.run(ParserHtmlTh.java:59)
}(2022-5-11 00:22:53) 
urlJson: null(2022-5-11 00:22:53) 
Final executador(2022-5-11 00:22:53) 
inicio do loop(2022-5-11 00:23:51) 
Antes openConnection(2022-5-11 00:23:51) 
Depois openConnection(2022-5-11 00:23:51) 
conector.start();(2022-5-11 00:23:51) 
conector.join(180000L);(2022-5-11 00:23:52) 
if (conector.conectou())(2022-5-11 00:23:52) 
parserThread.start();(2022-5-11 00:23:52) 
parserThread.join(180000L)(2022-5-11 00:23:52) 
}(2022-5-11 00:23:58) 
urlJson: null(2022-5-11 00:23:58) 
Final executador(2022-5-11 00:23:58) 
inicio do loop(2022-5-11 00:23:58) 
Antes openConnection(2022-5-11 00:23:58) 
Depois openConnection(2022-5-11 00:23:58) 
conector.start();(2022-5-11 00:23:58) 
conector.join(180000L);(2022-5-11 00:23:59) 
if (conector.conectou())(2022-5-11 00:23:59) 
parserThread.start();(2022-5-11 00:23:59) 
parserThread.join(180000L)(2022-5-11 00:23:59) 
}(2022-5-11 00:24:05) 
urlJson: null(2022-5-11 00:24:05) 
Final executador(2022-5-11 00:24:05) 
inicio do loop(2022-5-11 00:24:05) 
Antes openConnection(2022-5-11 00:24:05) 
Depois openConnection(2022-5-11 00:24:05) 
conector.start();(2022-5-11 00:24:05) 
conector.join(180000L);(2022-5-11 00:24:06) 
if (conector.conectou())(2022-5-11 00:24:06) 
parserThread.start();(2022-5-11 00:24:06) 
parserThread.join(180000L)(2022-5-11 00:24:06) 
}(2022-5-11 00:24:12) 
urlJson: null(2022-5-11 00:24:12) 
Final executador(2022-5-11 00:24:12) 
inicio do loop(2022-5-11 00:25:54) 
Antes openConnection(2022-5-11 00:25:54) 
Depois openConnection(2022-5-11 00:25:54) 
conector.start();(2022-5-11 00:25:54) 
conector.join(180000L);(2022-5-11 00:25:55) 
if (conector.conectou())(2022-5-11 00:25:55) 
parserThread.start();(2022-5-11 00:25:55) 
parserThread.join(180000L)(2022-5-11 00:25:55) 
}(2022-5-11 00:26:02) 
urlJson: null(2022-5-11 00:26:02) 
Final executador(2022-5-11 00:26:02) 
inicio do loop(2022-5-11 00:26:02) 
Antes openConnection(2022-5-11 00:26:02) 
Depois openConnection(2022-5-11 00:26:02) 
conector.start();(2022-5-11 00:26:02) 
conector.join(180000L);(2022-5-11 00:26:03) 
if (conector.conectou())(2022-5-11 00:26:03) 
parserThread.start();(2022-5-11 00:26:03) 
parserThread.join(180000L)(2022-5-11 00:26:03) 
}(2022-5-11 00:26:10) 
urlJson: null(2022-5-11 00:26:10) 
Final executador(2022-5-11 00:26:10) 
inicio do loop(2022-5-11 00:26:10) 
Antes openConnection(2022-5-11 00:26:10) 
Depois openConnection(2022-5-11 00:26:10) 
conector.start();(2022-5-11 00:26:10) 
conector.join(180000L);(2022-5-11 00:26:10) 
if (conector.conectou())(2022-5-11 00:26:10) 
parserThread.start();(2022-5-11 00:26:10) 
parserThread.join(180000L)(2022-5-11 00:26:10) 
}(2022-5-11 00:26:17) 
urlJson: null(2022-5-11 00:26:17) 
Final executador(2022-5-11 00:26:17) 
inicio do loop(2022-5-11 00:27:54) 
Antes openConnection(2022-5-11 00:27:54) 
Depois openConnection(2022-5-11 00:27:54) 
conector.start();(2022-5-11 00:27:54) 
conector.join(180000L);(2022-5-11 00:27:55) 
if (conector.conectou())(2022-5-11 00:27:55) 
parserThread.start();(2022-5-11 00:27:55) 
parserThread.join(180000L)(2022-5-11 00:27:55) 
}(2022-5-11 00:28:02) 
urlJson: null(2022-5-11 00:28:02) 
Final executador(2022-5-11 00:28:02) 
inicio do loop(2022-5-11 00:28:02) 
Antes openConnection(2022-5-11 00:28:02) 
Depois openConnection(2022-5-11 00:28:02) 
conector.start();(2022-5-11 00:28:02) 
conector.join(180000L);(2022-5-11 00:28:02) 
if (conector.conectou())(2022-5-11 00:28:02) 
parserThread.start();(2022-5-11 00:28:02) 
parserThread.join(180000L)(2022-5-11 00:28:02) 
}(2022-5-11 00:28:09) 
urlJson: null(2022-5-11 00:28:09) 
Final executador(2022-5-11 00:28:09) 
inicio do loop(2022-5-11 00:28:09) 
Antes openConnection(2022-5-11 00:28:09) 
Depois openConnection(2022-5-11 00:28:09) 
conector.start();(2022-5-11 00:28:09) 
conector.join(180000L);(2022-5-11 00:28:09) 
if (conector.conectou())(2022-5-11 00:28:09) 
parserThread.start();(2022-5-11 00:28:09) 
parserThread.join(180000L)(2022-5-11 00:28:09) 
}(2022-5-11 00:28:16) 
urlJson: null(2022-5-11 00:28:16) 
Final executador(2022-5-11 00:28:16) 
inicio do loop(2022-5-11 00:30:16) 
Antes openConnection(2022-5-11 00:30:16) 
Depois openConnection(2022-5-11 00:30:16) 
conector.start();(2022-5-11 00:30:16) 
conector.join(180000L);(2022-5-11 00:30:17) 
if (conector.conectou())(2022-5-11 00:30:17) 
parserThread.start();(2022-5-11 00:30:17) 
parserThread.join(180000L)(2022-5-11 00:30:17) 
}(2022-5-11 00:30:23) 
urlJson: null(2022-5-11 00:30:23) 
Final executador(2022-5-11 00:30:23) 
inicio do loop(2022-5-11 00:30:23) 
Antes openConnection(2022-5-11 00:30:23) 
Depois openConnection(2022-5-11 00:30:23) 
conector.start();(2022-5-11 00:30:23) 
conector.join(180000L);(2022-5-11 00:30:24) 
if (conector.conectou())(2022-5-11 00:30:24) 
parserThread.start();(2022-5-11 00:30:24) 
parserThread.join(180000L)(2022-5-11 00:30:24) 
}(2022-5-11 00:30:31) 
urlJson: null(2022-5-11 00:30:31) 
Final executador(2022-5-11 00:30:31) 
inicio do loop(2022-5-11 00:30:31) 
Antes openConnection(2022-5-11 00:30:31) 
Depois openConnection(2022-5-11 00:30:31) 
conector.start();(2022-5-11 00:30:31) 
inicio do loop(2022-5-11 00:34:47) 
Antes openConnection(2022-5-11 00:34:47) 
Depois openConnection(2022-5-11 00:34:47) 
conector.start();(2022-5-11 00:34:47) 
conector.join(180000L);(2022-5-11 00:34:48) 
if (conector.conectou())(2022-5-11 00:34:48) 
parserThread.start();(2022-5-11 00:34:48) 
parserThread.join(180000L)(2022-5-11 00:34:48) 
inicio do loop(2022-5-11 00:39:37) 
Antes openConnection(2022-5-11 00:39:37) 
Depois openConnection(2022-5-11 00:39:37) 
conector.start();(2022-5-11 00:39:37) 
conector.join(180000L);(2022-5-11 00:39:38) 
if (conector.conectou())(2022-5-11 00:39:38) 
parserThread.start();(2022-5-11 00:39:38) 
parserThread.join(180000L)(2022-5-11 00:39:38) 
}(2022-5-11 00:39:45) 
urlJson: null(2022-5-11 00:39:45) 
Final executador(2022-5-11 00:39:45) 
inicio do loop(2022-5-11 00:39:45) 
Antes openConnection(2022-5-11 00:39:45) 
Depois openConnection(2022-5-11 00:39:45) 
conector.start();(2022-5-11 00:39:45) 
conector.join(180000L);(2022-5-11 00:39:46) 
if (conector.conectou())(2022-5-11 00:39:46) 
parserThread.start();(2022-5-11 00:39:46) 
parserThread.join(180000L)(2022-5-11 00:39:46) 
}(2022-5-11 00:39:53) 
urlJson: null(2022-5-11 00:39:53) 
Final executador(2022-5-11 00:39:53) 
inicio do loop(2022-5-11 00:39:53) 
Antes openConnection(2022-5-11 00:39:53) 
Depois openConnection(2022-5-11 00:39:53) 
conector.start();(2022-5-11 00:39:53) 
conector.join(180000L);(2022-5-11 00:39:54) 
if (conector.conectou())(2022-5-11 00:39:54) 
parserThread.start();(2022-5-11 00:39:54) 
parserThread.join(180000L)(2022-5-11 00:39:54) 
}(2022-5-11 00:40:00) 
urlJson: null(2022-5-11 00:40:00) 
Final executador(2022-5-11 00:40:00) 
inicio do loop(2022-5-11 00:41:37) 
Antes openConnection(2022-5-11 00:41:37) 
Depois openConnection(2022-5-11 00:41:37) 
conector.start();(2022-5-11 00:41:37) 
conector.join(180000L);(2022-5-11 00:41:37) 
if (conector.conectou())(2022-5-11 00:41:37) 
parserThread.start();(2022-5-11 00:41:37) 
parserThread.join(180000L)(2022-5-11 00:41:37) 
}(2022-5-11 00:41:44) 
urlJson: null(2022-5-11 00:41:44) 
Final executador(2022-5-11 00:41:44) 
inicio do loop(2022-5-11 00:41:44) 
Antes openConnection(2022-5-11 00:41:44) 
Depois openConnection(2022-5-11 00:41:44) 
conector.start();(2022-5-11 00:41:44) 
conector.join(180000L);(2022-5-11 00:41:44) 
if (conector.conectou())(2022-5-11 00:41:44) 
parserThread.start();(2022-5-11 00:41:44) 
parserThread.join(180000L)(2022-5-11 00:41:44) 
}(2022-5-11 00:41:51) 
urlJson: null(2022-5-11 00:41:51) 
Final executador(2022-5-11 00:41:51) 
inicio do loop(2022-5-11 00:41:51) 
Antes openConnection(2022-5-11 00:41:51) 
Depois openConnection(2022-5-11 00:41:51) 
conector.start();(2022-5-11 00:41:51) 
conector.join(180000L);(2022-5-11 00:41:51) 
if (conector.conectou())(2022-5-11 00:41:51) 
parserThread.start();(2022-5-11 00:41:51) 
parserThread.join(180000L)(2022-5-11 00:41:51) 
}(2022-5-11 00:41:59) 
urlJson: null(2022-5-11 00:41:59) 
Final executador(2022-5-11 00:41:59) 
inicio do loop(2022-5-11 00:43:37) 
Antes openConnection(2022-5-11 00:43:37) 
Depois openConnection(2022-5-11 00:43:37) 
conector.start();(2022-5-11 00:43:37) 
conector.join(180000L);(2022-5-11 00:43:37) 
if (conector.conectou())(2022-5-11 00:43:37) 
parserThread.start();(2022-5-11 00:43:37) 
parserThread.join(180000L)(2022-5-11 00:43:37) 
}(2022-5-11 00:43:44) 
urlJson: null(2022-5-11 00:43:44) 
Final executador(2022-5-11 00:43:44) 
inicio do loop(2022-5-11 00:43:44) 
Antes openConnection(2022-5-11 00:43:44) 
Depois openConnection(2022-5-11 00:43:44) 
conector.start();(2022-5-11 00:43:44) 
conector.join(180000L);(2022-5-11 00:43:44) 
if (conector.conectou())(2022-5-11 00:43:44) 
parserThread.start();(2022-5-11 00:43:44) 
parserThread.join(180000L)(2022-5-11 00:43:44) 
}(2022-5-11 00:43:51) 
urlJson: null(2022-5-11 00:43:51) 
Final executador(2022-5-11 00:43:51) 
inicio do loop(2022-5-11 00:43:51) 
Antes openConnection(2022-5-11 00:43:51) 
Depois openConnection(2022-5-11 00:43:51) 
conector.start();(2022-5-11 00:43:51) 
conector.join(180000L);(2022-5-11 00:43:51) 
if (conector.conectou())(2022-5-11 00:43:51) 
parserThread.start();(2022-5-11 00:43:51) 
parserThread.join(180000L)(2022-5-11 00:43:51) 
}(2022-5-11 00:43:58) 
urlJson: null(2022-5-11 00:43:58) 
Final executador(2022-5-11 00:43:58) 
inicio do loop(2022-5-11 00:44:35) 
Antes openConnection(2022-5-11 00:44:35) 
Depois openConnection(2022-5-11 00:44:36) 
conector.start();(2022-5-11 00:44:36) 
conector.join(180000L);(2022-5-11 00:44:36) 
if (conector.conectou())(2022-5-11 00:44:36) 
parserThread.start();(2022-5-11 00:44:36) 
parserThread.join(180000L)(2022-5-11 00:44:36) 
}(2022-5-11 00:44:44) 
urlJson: null(2022-5-11 00:44:44) 
Final executador(2022-5-11 00:44:44) 
inicio do loop(2022-5-11 00:44:44) 
Antes openConnection(2022-5-11 00:44:44) 
Depois openConnection(2022-5-11 00:44:44) 
conector.start();(2022-5-11 00:44:44) 
conector.join(180000L);(2022-5-11 00:44:44) 
if (conector.conectou())(2022-5-11 00:44:44) 
parserThread.start();(2022-5-11 00:44:44) 
parserThread.join(180000L)(2022-5-11 00:44:44) 
}(2022-5-11 00:44:51) 
urlJson: null(2022-5-11 00:44:51) 
Final executador(2022-5-11 00:44:51) 
inicio do loop(2022-5-11 00:44:51) 
Antes openConnection(2022-5-11 00:44:51) 
Depois openConnection(2022-5-11 00:44:51) 
conector.start();(2022-5-11 00:44:51) 
conector.join(180000L);(2022-5-11 00:44:51) 
if (conector.conectou())(2022-5-11 00:44:51) 
parserThread.start();(2022-5-11 00:44:51) 
parserThread.join(180000L)(2022-5-11 00:44:51) 
}(2022-5-11 00:44:58) 
urlJson: null(2022-5-11 00:44:58) 
Final executador(2022-5-11 00:44:58) 
inicio do loop(2022-5-11 00:45:35) 
Antes openConnection(2022-5-11 00:45:35) 
Depois openConnection(2022-5-11 00:45:35) 
conector.start();(2022-5-11 00:45:35) 
conector.join(180000L);(2022-5-11 00:45:36) 
if (conector.conectou())(2022-5-11 00:45:36) 
parserThread.start();(2022-5-11 00:45:36) 
parserThread.join(180000L)(2022-5-11 00:45:36) 
}(2022-5-11 00:45:43) 
urlJson: null(2022-5-11 00:45:43) 
Final executador(2022-5-11 00:45:43) 
inicio do loop(2022-5-11 00:45:43) 
Antes openConnection(2022-5-11 00:45:43) 
Depois openConnection(2022-5-11 00:45:43) 
conector.start();(2022-5-11 00:45:43) 
conector.join(180000L);(2022-5-11 00:45:43) 
if (conector.conectou())(2022-5-11 00:45:43) 
parserThread.start();(2022-5-11 00:45:43) 
parserThread.join(180000L)(2022-5-11 00:45:43) 
}(2022-5-11 00:45:50) 
urlJson: null(2022-5-11 00:45:50) 
Final executador(2022-5-11 00:45:50) 
inicio do loop(2022-5-11 00:45:50) 
Antes openConnection(2022-5-11 00:45:50) 
Depois openConnection(2022-5-11 00:45:50) 
conector.start();(2022-5-11 00:45:50) 
conector.join(180000L);(2022-5-11 00:45:50) 
if (conector.conectou())(2022-5-11 00:45:50) 
parserThread.start();(2022-5-11 00:45:50) 
parserThread.join(180000L)(2022-5-11 00:45:50) 
}(2022-5-11 00:45:57) 
urlJson: null(2022-5-11 00:45:57) 
Final executador(2022-5-11 00:45:57) 
inicio do loop(2022-5-11 00:46:35) 
Antes openConnection(2022-5-11 00:46:35) 
Depois openConnection(2022-5-11 00:46:35) 
conector.start();(2022-5-11 00:46:35) 
conector.join(180000L);(2022-5-11 00:46:36) 
if (conector.conectou())(2022-5-11 00:46:36) 
parserThread.start();(2022-5-11 00:46:36) 
parserThread.join(180000L)(2022-5-11 00:46:36) 
}(2022-5-11 00:46:43) 
urlJson: null(2022-5-11 00:46:43) 
Final executador(2022-5-11 00:46:43) 
inicio do loop(2022-5-11 00:46:43) 
Antes openConnection(2022-5-11 00:46:43) 
Depois openConnection(2022-5-11 00:46:43) 
conector.start();(2022-5-11 00:46:43) 
conector.join(180000L);(2022-5-11 00:46:43) 
if (conector.conectou())(2022-5-11 00:46:43) 
parserThread.start();(2022-5-11 00:46:43) 
parserThread.join(180000L)(2022-5-11 00:46:43) 
}(2022-5-11 00:46:50) 
urlJson: null(2022-5-11 00:46:50) 
Final executador(2022-5-11 00:46:50) 
inicio do loop(2022-5-11 00:46:50) 
Antes openConnection(2022-5-11 00:46:50) 
Depois openConnection(2022-5-11 00:46:50) 
conector.start();(2022-5-11 00:46:50) 
conector.join(180000L);(2022-5-11 00:46:51) 
if (conector.conectou())(2022-5-11 00:46:51) 
parserThread.start();(2022-5-11 00:46:51) 
parserThread.join(180000L)(2022-5-11 00:46:51) 
}(2022-5-11 00:46:57) 
urlJson: null(2022-5-11 00:46:57) 
Final executador(2022-5-11 00:46:57) 
inicio do loop(2022-5-11 00:47:35) 
Antes openConnection(2022-5-11 00:47:35) 
Depois openConnection(2022-5-11 00:47:35) 
conector.start();(2022-5-11 00:47:35) 
conector.join(180000L);(2022-5-11 00:47:36) 
if (conector.conectou())(2022-5-11 00:47:36) 
parserThread.start();(2022-5-11 00:47:36) 
parserThread.join(180000L)(2022-5-11 00:47:36) 
}(2022-5-11 00:47:42) 
urlJson: null(2022-5-11 00:47:42) 
Final executador(2022-5-11 00:47:42) 
inicio do loop(2022-5-11 00:47:42) 
Antes openConnection(2022-5-11 00:47:42) 
Depois openConnection(2022-5-11 00:47:42) 
conector.start();(2022-5-11 00:47:42) 
conector.join(180000L);(2022-5-11 00:47:43) 
if (conector.conectou())(2022-5-11 00:47:43) 
parserThread.start();(2022-5-11 00:47:43) 
parserThread.join(180000L)(2022-5-11 00:47:43) 
}(2022-5-11 00:47:50) 
urlJson: null(2022-5-11 00:47:50) 
Final executador(2022-5-11 00:47:50) 
inicio do loop(2022-5-11 00:47:50) 
Antes openConnection(2022-5-11 00:47:50) 
Depois openConnection(2022-5-11 00:47:50) 
conector.start();(2022-5-11 00:47:50) 
conector.join(180000L);(2022-5-11 00:47:51) 
if (conector.conectou())(2022-5-11 00:47:51) 
parserThread.start();(2022-5-11 00:47:51) 
parserThread.join(180000L)(2022-5-11 00:47:51) 
}(2022-5-11 00:47:57) 
urlJson: null(2022-5-11 00:47:57) 
Final executador(2022-5-11 00:47:57) 
