inicio do loop(2021-6-22 20:18:31) 
Antes openConnection(2021-6-22 20:18:32) 
Depois openConnection(2021-6-22 20:18:32) 
conector.start();(2021-6-22 20:18:32) 
conector.join(180000L);(2021-6-22 20:18:35) 
if (conector.conectou())(2021-6-22 20:18:35) 
parserThread.start();(2021-6-22 20:18:35) 
parserThread.join(180000L)(2021-6-22 20:18:35) 
}(2021-6-22 20:18:40) 
urlJson: null(2021-6-22 20:18:40) 
Final executador(2021-6-22 20:18:40) 
inicio do loop(2021-6-22 20:19:14) 
Antes openConnection(2021-6-22 20:19:15) 
Depois openConnection(2021-6-22 20:19:15) 
conector.start();(2021-6-22 20:19:15) 
conector.join(180000L);(2021-6-22 20:19:16) 
if (conector.conectou())(2021-6-22 20:19:16) 
parserThread.start();(2021-6-22 20:19:17) 
parserThread.join(180000L)(2021-6-22 20:19:17) 
}(2021-6-22 20:19:20) 
urlJson: null(2021-6-22 20:19:20) 
Final executador(2021-6-22 20:19:20) 
inicio do loop(2021-6-24 20:08:49) 
Antes openConnection(2021-6-24 20:09:11) 
Depois openConnection(2021-6-24 20:09:11) 
conector.start();(2021-6-24 20:09:11) 
conector.join(180000L);(2021-6-24 20:09:13) 
if (conector.conectou())(2021-6-24 20:09:13) 
parserThread.start();(2021-6-24 20:09:13) 
parserThread.join(180000L)(2021-6-24 20:09:13) 
}(2021-6-24 20:09:18) 
urlJson: null(2021-6-24 20:09:18) 
Final executador(2021-6-24 20:09:18) 
inicio do loop(2021-6-24 20:11:51) 
Antes openConnection(2021-6-24 20:11:52) 
Depois openConnection(2021-6-24 20:11:52) 
conector.start();(2021-6-24 20:11:52) 
conector.join(180000L);(2021-6-24 20:11:54) 
if (conector.conectou())(2021-6-24 20:11:54) 
parserThread.start();(2021-6-24 20:11:54) 
parserThread.join(180000L)(2021-6-24 20:11:54) 
}(2021-6-24 20:11:57) 
urlJson: null(2021-6-24 20:11:57) 
Final executador(2021-6-24 20:11:57) 
inicio do loop(2021-6-24 20:14:49) 
Antes openConnection(2021-6-24 20:14:49) 
Depois openConnection(2021-6-24 20:14:49) 
conector.start();(2021-6-24 20:14:49) 
conector.join(180000L);(2021-6-24 20:14:51) 
if (conector.conectou())(2021-6-24 20:14:51) 
parserThread.start();(2021-6-24 20:14:51) 
parserThread.join(180000L)(2021-6-24 20:14:51) 
}(2021-6-24 20:14:54) 
urlJson: null(2021-6-24 20:14:54) 
Final executador(2021-6-24 20:14:54) 
inicio do loop(2021-6-24 20:15:44) 
Antes openConnection(2021-6-24 20:15:45) 
Depois openConnection(2021-6-24 20:15:45) 
conector.start();(2021-6-24 20:15:45) 
conector.join(180000L);(2021-6-24 20:15:47) 
if (conector.conectou())(2021-6-24 20:15:47) 
parserThread.start();(2021-6-24 20:15:47) 
parserThread.join(180000L)(2021-6-24 20:15:47) 
}(2021-6-24 20:18:47) 
urlJson: null(2021-6-24 20:18:47) 
Final executador(2021-6-24 20:18:47) 
inicio do loop(2021-6-24 20:21:57) 
Antes openConnection(2021-6-24 20:21:57) 
Depois openConnection(2021-6-24 20:21:57) 
conector.start();(2021-6-24 20:21:57) 
conector.join(180000L);(2021-6-24 20:21:59) 
if (conector.conectou())(2021-6-24 20:21:59) 
parserThread.start();(2021-6-24 20:21:59) 
parserThread.join(180000L)(2021-6-24 20:21:59) 
inicio do loop(2021-6-24 20:22:55) 
Antes openConnection(2021-6-24 20:22:55) 
Depois openConnection(2021-6-24 20:22:55) 
conector.start();(2021-6-24 20:22:55) 
conector.join(180000L);(2021-6-24 20:22:57) 
if (conector.conectou())(2021-6-24 20:22:57) 
parserThread.start();(2021-6-24 20:22:57) 
parserThread.join(180000L)(2021-6-24 20:22:57) 
inicio do loop(2021-6-24 20:23:22) 
Antes openConnection(2021-6-24 20:23:22) 
Depois openConnection(2021-6-24 20:23:22) 
conector.start();(2021-6-24 20:23:22) 
conector.join(180000L);(2021-6-24 20:23:24) 
if (conector.conectou())(2021-6-24 20:23:24) 
parserThread.start();(2021-6-24 20:23:24) 
parserThread.join(180000L)(2021-6-24 20:23:24) 
inicio do loop(2021-6-24 20:24:49) 
Antes openConnection(2021-6-24 20:24:49) 
Depois openConnection(2021-6-24 20:24:49) 
conector.start();(2021-6-24 20:24:49) 
conector.join(180000L);(2021-6-24 20:24:51) 
if (conector.conectou())(2021-6-24 20:24:51) 
parserThread.start();(2021-6-24 20:24:51) 
parserThread.join(180000L)(2021-6-24 20:24:51) 
inicio do loop(2021-6-24 20:26:38) 
Antes openConnection(2021-6-24 20:26:39) 
Depois openConnection(2021-6-24 20:26:39) 
conector.start();(2021-6-24 20:26:39) 
conector.join(180000L);(2021-6-24 20:26:41) 
if (conector.conectou())(2021-6-24 20:26:41) 
parserThread.start();(2021-6-24 20:26:41) 
parserThread.join(180000L)(2021-6-24 20:26:41) 
inicio do loop(2021-6-24 20:27:34) 
Antes openConnection(2021-6-24 20:27:35) 
Depois openConnection(2021-6-24 20:27:35) 
conector.start();(2021-6-24 20:27:35) 
conector.join(180000L);(2021-6-24 20:27:37) 
if (conector.conectou())(2021-6-24 20:27:37) 
parserThread.start();(2021-6-24 20:27:37) 
parserThread.join(180000L)(2021-6-24 20:27:37) 
inicio do loop(2021-6-24 20:28:02) 
Antes openConnection(2021-6-24 20:28:02) 
Depois openConnection(2021-6-24 20:28:02) 
conector.start();(2021-6-24 20:28:02) 
conector.join(180000L);(2021-6-24 20:28:04) 
if (conector.conectou())(2021-6-24 20:28:04) 
parserThread.start();(2021-6-24 20:28:04) 
parserThread.join(180000L)(2021-6-24 20:28:04) 
inicio do loop(2021-6-24 20:29:53) 
Antes openConnection(2021-6-24 20:29:53) 
Depois openConnection(2021-6-24 20:29:53) 
conector.start();(2021-6-24 20:29:53) 
conector.join(180000L);(2021-6-24 20:29:55) 
if (conector.conectou())(2021-6-24 20:29:55) 
parserThread.start();(2021-6-24 20:29:55) 
parserThread.join(180000L)(2021-6-24 20:29:55) 
inicio do loop(2021-6-24 20:53:40) 
Antes openConnection(2021-6-24 20:53:40) 
Depois openConnection(2021-6-24 20:53:40) 
conector.start();(2021-6-24 20:53:40) 
conector.join(180000L);(2021-6-24 20:53:42) 
if (conector.conectou())(2021-6-24 20:53:42) 
parserThread.start();(2021-6-24 20:53:42) 
parserThread.join(180000L)(2021-6-24 20:53:42) 
inicio do loop(2021-6-24 21:06:06) 
Antes openConnection(2021-6-24 21:06:06) 
Depois openConnection(2021-6-24 21:06:06) 
conector.start();(2021-6-24 21:06:06) 
conector.join(180000L);(2021-6-24 21:06:08) 
if (conector.conectou())(2021-6-24 21:06:08) 
parserThread.start();(2021-6-24 21:06:08) 
parserThread.join(180000L)(2021-6-24 21:06:08) 
inicio do loop(2021-6-24 21:07:26) 
Antes openConnection(2021-6-24 21:07:27) 
Depois openConnection(2021-6-24 21:07:27) 
conector.start();(2021-6-24 21:07:27) 
conector.join(180000L);(2021-6-24 21:07:29) 
if (conector.conectou())(2021-6-24 21:07:29) 
parserThread.start();(2021-6-24 21:07:29) 
parserThread.join(180000L)(2021-6-24 21:07:29) 
inicio do loop(2021-6-24 21:08:33) 
Antes openConnection(2021-6-24 21:08:34) 
Depois openConnection(2021-6-24 21:08:34) 
conector.start();(2021-6-24 21:08:34) 
conector.join(180000L);(2021-6-24 21:08:36) 
if (conector.conectou())(2021-6-24 21:08:36) 
parserThread.start();(2021-6-24 21:08:36) 
parserThread.join(180000L)(2021-6-24 21:08:36) 
inicio do loop(2021-6-24 21:09:41) 
Antes openConnection(2021-6-24 21:09:42) 
Depois openConnection(2021-6-24 21:09:42) 
conector.start();(2021-6-24 21:09:42) 
conector.join(180000L);(2021-6-24 21:09:43) 
if (conector.conectou())(2021-6-24 21:09:43) 
parserThread.start();(2021-6-24 21:09:44) 
parserThread.join(180000L)(2021-6-24 21:09:44) 
}(2021-6-24 21:09:45) 
urlJson: null(2021-6-24 21:09:45) 
Final executador(2021-6-24 21:09:45) 
inicio do loop(2021-6-24 21:09:55) 
Antes openConnection(2021-6-24 21:09:56) 
Depois openConnection(2021-6-24 21:09:56) 
conector.start();(2021-6-24 21:09:56) 
conector.join(180000L);(2021-6-24 21:09:58) 
if (conector.conectou())(2021-6-24 21:09:58) 
parserThread.start();(2021-6-24 21:09:58) 
parserThread.join(180000L)(2021-6-24 21:09:58) 
inicio do loop(2021-6-26 10:58:01) 
Antes openConnection(2021-6-26 10:58:02) 
Depois openConnection(2021-6-26 10:58:02) 
conector.start();(2021-6-26 10:58:02) 
conector.join(180000L);(2021-6-26 10:58:05) 
if (conector.conectou())(2021-6-26 10:58:05) 
parserThread.start();(2021-6-26 10:58:05) 
parserThread.join(180000L)(2021-6-26 10:58:05) 
inicio do loop(2021-6-26 11:16:49) 
Antes openConnection(2021-6-26 11:16:50) 
Depois openConnection(2021-6-26 11:16:50) 
conector.start();(2021-6-26 11:16:50) 
conector.join(180000L);(2021-6-26 11:16:52) 
if (conector.conectou())(2021-6-26 11:16:52) 
parserThread.start();(2021-6-26 11:16:52) 
parserThread.join(180000L)(2021-6-26 11:16:52) 
inicio do loop(2021-6-26 11:16:54) 
Antes openConnection(2021-6-26 11:16:54) 
Depois openConnection(2021-6-26 11:16:54) 
conector.start();(2021-6-26 11:16:54) 
conector.join(180000L);(2021-6-26 11:16:54) 
if (conector.conectou())(2021-6-26 11:16:54) 
parserThread.start();(2021-6-26 11:16:54) 
parserThread.join(180000L)(2021-6-26 11:16:54) 
(2021-6-26 11:16:54) - java.lang.NullPointerException
	at java.base/java.io.Reader.<init>(Reader.java:167)
	at java.base/java.io.InputStreamReader.<init>(InputStreamReader.java:97)
	at br.com.digicom.parse.ParserHtmlTh.run(ParserHtmlTh.java:47)
}(2021-6-26 11:16:54) 
urlJson: null(2021-6-26 11:16:54) 
Final executador(2021-6-26 11:16:54) 
}(2021-6-26 11:16:54) 
urlJson: null(2021-6-26 11:16:54) 
Final executador(2021-6-26 11:16:54) 
inicio do loop(2021-6-26 11:17:21) 
Antes openConnection(2021-6-26 11:17:22) 
Depois openConnection(2021-6-26 11:17:22) 
conector.start();(2021-6-26 11:17:22) 
conector.join(180000L);(2021-6-26 11:17:24) 
if (conector.conectou())(2021-6-26 11:17:24) 
parserThread.start();(2021-6-26 11:17:24) 
parserThread.join(180000L)(2021-6-26 11:17:24) 
inicio do loop(2021-6-26 11:17:26) 
Antes openConnection(2021-6-26 11:17:26) 
Depois openConnection(2021-6-26 11:17:26) 
conector.start();(2021-6-26 11:17:26) 
conector.join(180000L);(2021-6-26 11:17:26) 
if (conector.conectou())(2021-6-26 11:17:26) 
parserThread.start();(2021-6-26 11:17:26) 
parserThread.join(180000L)(2021-6-26 11:17:26) 
}(2021-6-26 11:17:26) 
urlJson: null(2021-6-26 11:17:26) 
Final executador(2021-6-26 11:17:26) 
}(2021-6-26 11:17:26) 
urlJson: null(2021-6-26 11:17:26) 
Final executador(2021-6-26 11:17:26) 
inicio do loop(2021-6-26 11:25:20) 
Antes openConnection(2021-6-26 11:25:21) 
Depois openConnection(2021-6-26 11:25:21) 
conector.start();(2021-6-26 11:25:21) 
conector.join(180000L);(2021-6-26 11:25:23) 
if (conector.conectou())(2021-6-26 11:25:23) 
parserThread.start();(2021-6-26 11:25:23) 
parserThread.join(180000L)(2021-6-26 11:25:23) 
inicio do loop(2021-6-26 11:25:24) 
Antes openConnection(2021-6-26 11:25:24) 
Depois openConnection(2021-6-26 11:25:24) 
conector.start();(2021-6-26 11:25:24) 
conector.join(180000L);(2021-6-26 11:25:24) 
if (conector.conectou())(2021-6-26 11:25:24) 
parserThread.start();(2021-6-26 11:25:24) 
parserThread.join(180000L)(2021-6-26 11:25:24) 
}(2021-6-26 11:25:24) 
urlJson: null(2021-6-26 11:25:24) 
Final executador(2021-6-26 11:25:24) 
}(2021-6-26 11:25:24) 
urlJson: null(2021-6-26 11:25:24) 
Final executador(2021-6-26 11:25:24) 
inicio do loop(2021-6-26 11:29:11) 
Antes openConnection(2021-6-26 11:29:12) 
Depois openConnection(2021-6-26 11:29:12) 
conector.start();(2021-6-26 11:29:12) 
conector.join(180000L);(2021-6-26 11:29:14) 
if (conector.conectou())(2021-6-26 11:29:14) 
parserThread.start();(2021-6-26 11:29:14) 
parserThread.join(180000L)(2021-6-26 11:29:14) 
inicio do loop(2021-6-26 11:29:22) 
Antes openConnection(2021-6-26 11:29:22) 
Depois openConnection(2021-6-26 11:29:22) 
conector.start();(2021-6-26 11:29:22) 
conector.join(180000L);(2021-6-26 11:29:23) 
if (conector.conectou())(2021-6-26 11:29:23) 
parserThread.start();(2021-6-26 11:29:23) 
parserThread.join(180000L)(2021-6-26 11:29:23) 
}(2021-6-26 11:29:23) 
urlJson: null(2021-6-26 11:29:23) 
Final executador(2021-6-26 11:29:23) 
}(2021-6-26 11:29:23) 
urlJson: null(2021-6-26 11:29:23) 
Final executador(2021-6-26 11:29:23) 
inicio do loop(2021-6-26 11:29:57) 
Antes openConnection(2021-6-26 11:29:58) 
Depois openConnection(2021-6-26 11:29:58) 
conector.start();(2021-6-26 11:29:58) 
conector.join(180000L);(2021-6-26 11:30:00) 
if (conector.conectou())(2021-6-26 11:30:00) 
parserThread.start();(2021-6-26 11:30:00) 
parserThread.join(180000L)(2021-6-26 11:30:00) 
inicio do loop(2021-6-26 11:30:01) 
Antes openConnection(2021-6-26 11:30:01) 
Depois openConnection(2021-6-26 11:30:01) 
conector.start();(2021-6-26 11:30:01) 
conector.join(180000L);(2021-6-26 11:30:01) 
if (conector.conectou())(2021-6-26 11:30:01) 
parserThread.start();(2021-6-26 11:30:01) 
parserThread.join(180000L)(2021-6-26 11:30:01) 
}(2021-6-26 11:30:01) 
urlJson: null(2021-6-26 11:30:01) 
Final executador(2021-6-26 11:30:01) 
}(2021-6-26 11:30:01) 
urlJson: null(2021-6-26 11:30:01) 
Final executador(2021-6-26 11:30:01) 
inicio do loop(2021-6-26 12:34:46) 
Antes openConnection(2021-6-26 12:34:46) 
Depois openConnection(2021-6-26 12:34:46) 
conector.start();(2021-6-26 12:34:46) 
conector.join(180000L);(2021-6-26 12:34:50) 
if (conector.conectou())(2021-6-26 12:34:50) 
parserThread.start();(2021-6-26 12:34:50) 
parserThread.join(180000L)(2021-6-26 12:34:50) 
inicio do loop(2021-6-26 12:34:53) 
Antes openConnection(2021-6-26 12:34:53) 
Depois openConnection(2021-6-26 12:34:53) 
conector.start();(2021-6-26 12:34:53) 
conector.join(180000L);(2021-6-26 12:34:53) 
if (conector.conectou())(2021-6-26 12:34:53) 
parserThread.start();(2021-6-26 12:34:53) 
parserThread.join(180000L)(2021-6-26 12:34:53) 
}(2021-6-26 12:34:54) 
urlJson: null(2021-6-26 12:34:54) 
Final executador(2021-6-26 12:34:54) 
}(2021-6-26 12:34:54) 
urlJson: null(2021-6-26 12:34:54) 
Final executador(2021-6-26 12:34:54) 
inicio do loop(2021-6-26 12:35:34) 
Antes openConnection(2021-6-26 12:35:34) 
Depois openConnection(2021-6-26 12:35:34) 
conector.start();(2021-6-26 12:35:34) 
conector.join(180000L);(2021-6-26 12:35:36) 
if (conector.conectou())(2021-6-26 12:35:36) 
parserThread.start();(2021-6-26 12:35:36) 
parserThread.join(180000L)(2021-6-26 12:35:36) 
inicio do loop(2021-6-26 12:35:37) 
Antes openConnection(2021-6-26 12:35:37) 
Depois openConnection(2021-6-26 12:35:37) 
conector.start();(2021-6-26 12:35:37) 
conector.join(180000L);(2021-6-26 12:35:37) 
if (conector.conectou())(2021-6-26 12:35:37) 
parserThread.start();(2021-6-26 12:35:37) 
parserThread.join(180000L)(2021-6-26 12:35:37) 
}(2021-6-26 12:35:38) 
urlJson: null(2021-6-26 12:35:38) 
Final executador(2021-6-26 12:35:38) 
}(2021-6-26 12:35:38) 
urlJson: null(2021-6-26 12:35:38) 
Final executador(2021-6-26 12:35:38) 
inicio do loop(2021-6-26 12:37:12) 
Antes openConnection(2021-6-26 12:37:12) 
Depois openConnection(2021-6-26 12:37:12) 
conector.start();(2021-6-26 12:37:12) 
conector.join(180000L);(2021-6-26 12:37:14) 
if (conector.conectou())(2021-6-26 12:37:14) 
parserThread.start();(2021-6-26 12:37:14) 
parserThread.join(180000L)(2021-6-26 12:37:14) 
inicio do loop(2021-6-26 12:37:15) 
Antes openConnection(2021-6-26 12:37:15) 
Depois openConnection(2021-6-26 12:37:15) 
conector.start();(2021-6-26 12:37:15) 
conector.join(180000L);(2021-6-26 12:37:16) 
if (conector.conectou())(2021-6-26 12:37:16) 
parserThread.start();(2021-6-26 12:37:16) 
parserThread.join(180000L)(2021-6-26 12:37:16) 
}(2021-6-26 12:37:16) 
urlJson: null(2021-6-26 12:37:16) 
Final executador(2021-6-26 12:37:16) 
}(2021-6-26 12:37:16) 
urlJson: null(2021-6-26 12:37:16) 
Final executador(2021-6-26 12:37:16) 
inicio do loop(2021-6-26 12:38:33) 
Antes openConnection(2021-6-26 12:38:33) 
Depois openConnection(2021-6-26 12:38:33) 
conector.start();(2021-6-26 12:38:33) 
conector.join(180000L);(2021-6-26 12:38:35) 
if (conector.conectou())(2021-6-26 12:38:35) 
parserThread.start();(2021-6-26 12:38:35) 
parserThread.join(180000L)(2021-6-26 12:38:35) 
inicio do loop(2021-6-26 12:38:36) 
Antes openConnection(2021-6-26 12:38:36) 
Depois openConnection(2021-6-26 12:38:36) 
conector.start();(2021-6-26 12:38:36) 
conector.join(180000L);(2021-6-26 12:38:36) 
if (conector.conectou())(2021-6-26 12:38:36) 
parserThread.start();(2021-6-26 12:38:36) 
parserThread.join(180000L)(2021-6-26 12:38:36) 
}(2021-6-26 12:38:37) 
urlJson: null(2021-6-26 12:38:37) 
Final executador(2021-6-26 12:38:37) 
}(2021-6-26 12:38:37) 
urlJson: null(2021-6-26 12:38:37) 
Final executador(2021-6-26 12:38:37) 
inicio do loop(2021-6-27 09:49:09) 
Antes openConnection(2021-6-27 09:49:09) 
Depois openConnection(2021-6-27 09:49:09) 
conector.start();(2021-6-27 09:49:09) 
conector.join(180000L);(2021-6-27 09:49:11) 
if (conector.conectou())(2021-6-27 09:49:11) 
parserThread.start();(2021-6-27 09:49:11) 
parserThread.join(180000L)(2021-6-27 09:49:11) 
inicio do loop(2021-6-27 09:49:12) 
Antes openConnection(2021-6-27 09:49:12) 
Depois openConnection(2021-6-27 09:49:12) 
conector.start();(2021-6-27 09:49:12) 
conector.join(180000L);(2021-6-27 09:49:12) 
if (conector.conectou())(2021-6-27 09:49:12) 
parserThread.start();(2021-6-27 09:49:12) 
parserThread.join(180000L)(2021-6-27 09:49:12) 
}(2021-6-27 09:49:12) 
urlJson: null(2021-6-27 09:49:12) 
Final executador(2021-6-27 09:49:12) 
}(2021-6-27 09:49:12) 
urlJson: null(2021-6-27 09:49:12) 
Final executador(2021-6-27 09:49:12) 
inicio do loop(2021-6-27 09:50:10) 
Antes openConnection(2021-6-27 09:50:10) 
Depois openConnection(2021-6-27 09:50:10) 
conector.start();(2021-6-27 09:50:10) 
conector.join(180000L);(2021-6-27 09:50:11) 
if (conector.conectou())(2021-6-27 09:50:11) 
parserThread.start();(2021-6-27 09:50:11) 
parserThread.join(180000L)(2021-6-27 09:50:11) 
inicio do loop(2021-6-27 09:50:12) 
Antes openConnection(2021-6-27 09:50:12) 
Depois openConnection(2021-6-27 09:50:12) 
conector.start();(2021-6-27 09:50:12) 
conector.join(180000L);(2021-6-27 09:50:12) 
if (conector.conectou())(2021-6-27 09:50:12) 
parserThread.start();(2021-6-27 09:50:12) 
parserThread.join(180000L)(2021-6-27 09:50:12) 
}(2021-6-27 09:50:12) 
urlJson: null(2021-6-27 09:50:12) 
Final executador(2021-6-27 09:50:12) 
}(2021-6-27 09:50:12) 
urlJson: null(2021-6-27 09:50:12) 
Final executador(2021-6-27 09:50:12) 
inicio do loop(2021-7-2 18:49:11) 
Antes openConnection(2021-7-2 18:49:11) 
Depois openConnection(2021-7-2 18:49:11) 
conector.start();(2021-7-2 18:49:11) 
conector.join(180000L);(2021-7-2 18:49:13) 
if (conector.conectou())(2021-7-2 18:49:13) 
parserThread.start();(2021-7-2 18:49:13) 
parserThread.join(180000L)(2021-7-2 18:49:13) 
}(2021-7-2 18:49:15) 
urlJson: null(2021-7-2 18:49:15) 
Final executador(2021-7-2 18:49:15) 
inicio do loop(2021-7-2 19:00:02) 
Antes openConnection(2021-7-2 19:00:02) 
Depois openConnection(2021-7-2 19:00:02) 
conector.start();(2021-7-2 19:00:02) 
conector.join(180000L);(2021-7-2 19:00:03) 
if (conector.conectou())(2021-7-2 19:00:03) 
parserThread.start();(2021-7-2 19:00:04) 
parserThread.join(180000L)(2021-7-2 19:00:04) 
inicio do loop(2021-7-2 19:01:13) 
Antes openConnection(2021-7-2 19:01:13) 
Depois openConnection(2021-7-2 19:01:13) 
conector.start();(2021-7-2 19:01:13) 
conector.join(180000L);(2021-7-2 19:01:14) 
if (conector.conectou())(2021-7-2 19:01:14) 
parserThread.start();(2021-7-2 19:01:15) 
parserThread.join(180000L)(2021-7-2 19:01:15) 
}(2021-7-2 19:04:15) 
urlJson: null(2021-7-2 19:04:15) 
Final executador(2021-7-2 19:04:15) 
inicio do loop(2021-7-2 19:05:37) 
Antes openConnection(2021-7-2 19:05:38) 
Depois openConnection(2021-7-2 19:05:38) 
conector.start();(2021-7-2 19:05:38) 
conector.join(180000L);(2021-7-2 19:05:44) 
if (conector.conectou())(2021-7-2 19:05:44) 
parserThread.start();(2021-7-2 19:05:44) 
parserThread.join(180000L)(2021-7-2 19:05:44) 
inicio do loop(2021-7-2 19:07:34) 
Antes openConnection(2021-7-2 19:07:34) 
Depois openConnection(2021-7-2 19:07:34) 
conector.start();(2021-7-2 19:07:34) 
conector.join(180000L);(2021-7-2 19:07:35) 
if (conector.conectou())(2021-7-2 19:07:35) 
parserThread.start();(2021-7-2 19:07:35) 
parserThread.join(180000L)(2021-7-2 19:07:35) 
inicio do loop(2021-7-2 19:08:52) 
Antes openConnection(2021-7-2 19:08:52) 
Depois openConnection(2021-7-2 19:08:52) 
conector.start();(2021-7-2 19:08:52) 
conector.join(180000L);(2021-7-2 19:08:59) 
if (conector.conectou())(2021-7-2 19:08:59) 
parserThread.start();(2021-7-2 19:08:59) 
parserThread.join(180000L)(2021-7-2 19:08:59) 
inicio do loop(2021-7-2 19:09:27) 
Antes openConnection(2021-7-2 19:09:27) 
Depois openConnection(2021-7-2 19:09:27) 
conector.start();(2021-7-2 19:09:27) 
conector.join(180000L);(2021-7-2 19:09:28) 
if (conector.conectou())(2021-7-2 19:09:28) 
parserThread.start();(2021-7-2 19:09:28) 
parserThread.join(180000L)(2021-7-2 19:09:28) 
inicio do loop(2021-7-2 19:10:32) 
Antes openConnection(2021-7-2 19:10:33) 
Depois openConnection(2021-7-2 19:10:33) 
conector.start();(2021-7-2 19:10:33) 
conector.join(180000L);(2021-7-2 19:10:34) 
if (conector.conectou())(2021-7-2 19:10:34) 
parserThread.start();(2021-7-2 19:10:34) 
parserThread.join(180000L)(2021-7-2 19:10:34) 
inicio do loop(2021-7-2 19:13:17) 
Antes openConnection(2021-7-2 19:13:17) 
Depois openConnection(2021-7-2 19:13:17) 
conector.start();(2021-7-2 19:13:17) 
conector.join(180000L);(2021-7-2 19:13:19) 
if (conector.conectou())(2021-7-2 19:13:19) 
parserThread.start();(2021-7-2 19:13:19) 
parserThread.join(180000L)(2021-7-2 19:13:19) 
inicio do loop(2021-7-2 19:16:21) 
Antes openConnection(2021-7-2 19:16:21) 
Depois openConnection(2021-7-2 19:16:21) 
conector.start();(2021-7-2 19:16:21) 
conector.join(180000L);(2021-7-2 19:16:22) 
if (conector.conectou())(2021-7-2 19:16:22) 
parserThread.start();(2021-7-2 19:16:22) 
parserThread.join(180000L)(2021-7-2 19:16:22) 
inicio do loop(2021-7-2 19:17:04) 
Antes openConnection(2021-7-2 19:17:04) 
Depois openConnection(2021-7-2 19:17:04) 
conector.start();(2021-7-2 19:17:04) 
conector.join(180000L);(2021-7-2 19:17:06) 
if (conector.conectou())(2021-7-2 19:17:06) 
parserThread.start();(2021-7-2 19:17:06) 
parserThread.join(180000L)(2021-7-2 19:17:06) 
}(2021-7-2 19:20:06) 
urlJson: null(2021-7-2 19:20:06) 
Final executador(2021-7-2 19:20:06) 
inicio do loop(2021-7-2 19:20:40) 
Antes openConnection(2021-7-2 19:20:40) 
Depois openConnection(2021-7-2 19:20:40) 
conector.start();(2021-7-2 19:20:40) 
conector.join(180000L);(2021-7-2 19:20:41) 
if (conector.conectou())(2021-7-2 19:20:41) 
parserThread.start();(2021-7-2 19:20:42) 
parserThread.join(180000L)(2021-7-2 19:20:42) 
inicio do loop(2021-7-2 19:22:21) 
Antes openConnection(2021-7-2 19:22:21) 
Depois openConnection(2021-7-2 19:22:21) 
conector.start();(2021-7-2 19:22:21) 
conector.join(180000L);(2021-7-2 19:22:22) 
if (conector.conectou())(2021-7-2 19:22:22) 
parserThread.start();(2021-7-2 19:22:23) 
parserThread.join(180000L)(2021-7-2 19:22:23) 
inicio do loop(2021-7-2 19:24:32) 
Antes openConnection(2021-7-2 19:24:32) 
Depois openConnection(2021-7-2 19:24:32) 
conector.start();(2021-7-2 19:24:32) 
conector.join(180000L);(2021-7-2 19:24:34) 
if (conector.conectou())(2021-7-2 19:24:34) 
parserThread.start();(2021-7-2 19:24:34) 
parserThread.join(180000L)(2021-7-2 19:24:34) 
}(2021-7-2 19:24:35) 
urlJson: null(2021-7-2 19:24:35) 
Final executador(2021-7-2 19:24:35) 
inicio do loop(2021-7-2 19:24:43) 
Antes openConnection(2021-7-2 19:24:43) 
Depois openConnection(2021-7-2 19:24:43) 
conector.start();(2021-7-2 19:24:43) 
conector.join(180000L);(2021-7-2 19:24:45) 
if (conector.conectou())(2021-7-2 19:24:45) 
parserThread.start();(2021-7-2 19:24:45) 
parserThread.join(180000L)(2021-7-2 19:24:45) 
inicio do loop(2021-7-2 19:26:30) 
Antes openConnection(2021-7-2 19:26:30) 
Depois openConnection(2021-7-2 19:26:30) 
conector.start();(2021-7-2 19:26:30) 
conector.join(180000L);(2021-7-2 19:26:31) 
if (conector.conectou())(2021-7-2 19:26:31) 
parserThread.start();(2021-7-2 19:26:31) 
parserThread.join(180000L)(2021-7-2 19:26:31) 
inicio do loop(2021-7-2 19:27:15) 
Antes openConnection(2021-7-2 19:27:15) 
Depois openConnection(2021-7-2 19:27:15) 
conector.start();(2021-7-2 19:27:15) 
conector.join(180000L);(2021-7-2 19:27:17) 
if (conector.conectou())(2021-7-2 19:27:17) 
parserThread.start();(2021-7-2 19:27:17) 
parserThread.join(180000L)(2021-7-2 19:27:17) 
inicio do loop(2021-7-2 19:28:08) 
Antes openConnection(2021-7-2 19:28:15) 
Depois openConnection(2021-7-2 19:28:15) 
conector.start();(2021-7-2 19:28:15) 
conector.join(180000L);(2021-7-2 19:28:16) 
if (conector.conectou())(2021-7-2 19:28:16) 
parserThread.start();(2021-7-2 19:28:16) 
parserThread.join(180000L)(2021-7-2 19:28:16) 
inicio do loop(2021-7-3 15:33:19) 
Antes openConnection(2021-7-3 15:33:19) 
Depois openConnection(2021-7-3 15:33:19) 
conector.start();(2021-7-3 15:33:19) 
conector.join(180000L);(2021-7-3 15:33:22) 
if (conector.conectou())(2021-7-3 15:33:22) 
parserThread.start();(2021-7-3 15:33:22) 
parserThread.join(180000L)(2021-7-3 15:33:22) 
inicio do loop(2021-7-3 15:37:25) 
Antes openConnection(2021-7-3 15:37:25) 
Depois openConnection(2021-7-3 15:37:25) 
conector.start();(2021-7-3 15:37:25) 
conector.join(180000L);(2021-7-3 15:37:26) 
if (conector.conectou())(2021-7-3 15:37:26) 
parserThread.start();(2021-7-3 15:37:27) 
parserThread.join(180000L)(2021-7-3 15:37:27) 
inicio do loop(2021-7-3 15:39:01) 
Antes openConnection(2021-7-3 15:39:01) 
Depois openConnection(2021-7-3 15:39:01) 
conector.start();(2021-7-3 15:39:01) 
conector.join(180000L);(2021-7-3 15:39:02) 
if (conector.conectou())(2021-7-3 15:39:02) 
parserThread.start();(2021-7-3 15:39:02) 
parserThread.join(180000L)(2021-7-3 15:39:02) 
}(2021-7-3 15:42:02) 
urlJson: null(2021-7-3 15:42:02) 
Final executador(2021-7-3 15:42:02) 
inicio do loop(2021-7-3 15:52:39) 
Antes openConnection(2021-7-3 15:52:39) 
Depois openConnection(2021-7-3 15:52:39) 
conector.start();(2021-7-3 15:52:39) 
conector.join(180000L);(2021-7-3 15:52:40) 
if (conector.conectou())(2021-7-3 15:52:40) 
parserThread.start();(2021-7-3 15:52:41) 
parserThread.join(180000L)(2021-7-3 15:52:41) 
inicio do loop(2021-7-3 15:53:56) 
Antes openConnection(2021-7-3 15:53:56) 
Depois openConnection(2021-7-3 15:53:56) 
conector.start();(2021-7-3 15:53:56) 
conector.join(180000L);(2021-7-3 15:53:58) 
if (conector.conectou())(2021-7-3 15:53:58) 
parserThread.start();(2021-7-3 15:53:58) 
parserThread.join(180000L)(2021-7-3 15:53:58) 
inicio do loop(2021-7-3 15:56:10) 
Antes openConnection(2021-7-3 15:56:10) 
Depois openConnection(2021-7-3 15:56:10) 
conector.start();(2021-7-3 15:56:10) 
conector.join(180000L);(2021-7-3 15:56:12) 
if (conector.conectou())(2021-7-3 15:56:12) 
parserThread.start();(2021-7-3 15:56:12) 
parserThread.join(180000L)(2021-7-3 15:56:12) 
}(2021-7-3 15:56:49) 
urlJson: null(2021-7-3 15:56:49) 
Final executador(2021-7-3 15:56:49) 
inicio do loop(2021-7-3 16:04:42) 
Antes openConnection(2021-7-3 16:04:42) 
Depois openConnection(2021-7-3 16:04:42) 
conector.start();(2021-7-3 16:04:42) 
conector.join(180000L);(2021-7-3 16:04:44) 
if (conector.conectou())(2021-7-3 16:04:44) 
parserThread.start();(2021-7-3 16:04:44) 
parserThread.join(180000L)(2021-7-3 16:04:44) 
}(2021-7-3 16:07:44) 
urlJson: null(2021-7-3 16:07:44) 
Final executador(2021-7-3 16:07:44) 
inicio do loop(2021-7-3 16:55:10) 
Antes openConnection(2021-7-3 16:55:19) 
Depois openConnection(2021-7-3 16:55:19) 
conector.start();(2021-7-3 16:55:19) 
conector.join(180000L);(2021-7-3 16:55:20) 
if (conector.conectou())(2021-7-3 16:55:20) 
parserThread.start();(2021-7-3 16:55:20) 
parserThread.join(180000L)(2021-7-3 16:55:20) 
inicio do loop(2021-7-3 16:56:58) 
Antes openConnection(2021-7-3 16:57:02) 
Depois openConnection(2021-7-3 16:57:02) 
conector.start();(2021-7-3 16:57:02) 
conector.join(180000L);(2021-7-3 16:57:04) 
if (conector.conectou())(2021-7-3 16:57:04) 
parserThread.start();(2021-7-3 16:57:04) 
parserThread.join(180000L)(2021-7-3 16:57:04) 
}(2021-7-3 16:57:55) 
urlJson: null(2021-7-3 16:57:55) 
Final executador(2021-7-3 16:57:55) 
inicio do loop(2021-7-3 16:58:26) 
Antes openConnection(2021-7-3 16:58:28) 
Depois openConnection(2021-7-3 16:58:28) 
conector.start();(2021-7-3 16:58:28) 
conector.join(180000L);(2021-7-3 16:58:30) 
if (conector.conectou())(2021-7-3 16:58:30) 
parserThread.start();(2021-7-3 16:58:30) 
parserThread.join(180000L)(2021-7-3 16:58:30) 
}(2021-7-3 16:58:37) 
inicio do loop(2021-7-3 16:58:37) 
Antes openConnection(2021-7-3 16:58:47) 
Depois openConnection(2021-7-3 16:58:47) 
conector.start();(2021-7-3 16:58:47) 
conector.join(180000L);(2021-7-3 16:58:47) 
if (conector.conectou())(2021-7-3 16:58:47) 
parserThread.start();(2021-7-3 16:58:47) 
parserThread.join(180000L)(2021-7-3 16:58:47) 
inicio do loop(2021-7-3 16:59:53) 
Antes openConnection(2021-7-3 16:59:55) 
Depois openConnection(2021-7-3 16:59:55) 
conector.start();(2021-7-3 16:59:55) 
conector.join(180000L);(2021-7-3 16:59:57) 
if (conector.conectou())(2021-7-3 16:59:57) 
parserThread.start();(2021-7-3 16:59:57) 
parserThread.join(180000L)(2021-7-3 16:59:57) 
inicio do loop(2021-7-3 17:00:45) 
Antes openConnection(2021-7-3 17:00:45) 
Depois openConnection(2021-7-3 17:00:45) 
conector.start();(2021-7-3 17:00:45) 
inicio do loop(2021-7-3 17:00:50) 
Antes openConnection(2021-7-3 17:00:54) 
Depois openConnection(2021-7-3 17:00:54) 
conector.start();(2021-7-3 17:00:54) 
conector.join(180000L);(2021-7-3 17:00:55) 
if (conector.conectou())(2021-7-3 17:00:55) 
parserThread.start();(2021-7-3 17:00:55) 
parserThread.join(180000L)(2021-7-3 17:00:55) 
}(2021-7-3 17:01:25) 
inicio do loop(2021-7-3 17:01:25) 
Antes openConnection(2021-7-3 17:01:28) 
Depois openConnection(2021-7-3 17:01:28) 
conector.start();(2021-7-3 17:01:28) 
conector.join(180000L);(2021-7-3 17:01:29) 
if (conector.conectou())(2021-7-3 17:01:29) 
parserThread.start();(2021-7-3 17:01:29) 
parserThread.join(180000L)(2021-7-3 17:01:29) 
}(2021-7-3 17:02:44) 
inicio do loop(2021-7-3 17:02:44) 
Antes openConnection(2021-7-3 17:02:45) 
Depois openConnection(2021-7-3 17:02:45) 
conector.start();(2021-7-3 17:02:45) 
conector.join(180000L);(2021-7-3 17:02:45) 
if (conector.conectou())(2021-7-3 17:02:45) 
parserThread.start();(2021-7-3 17:02:45) 
parserThread.join(180000L)(2021-7-3 17:02:45) 
inicio do loop(2021-7-3 17:05:11) 
Antes openConnection(2021-7-3 17:05:13) 
Depois openConnection(2021-7-3 17:05:13) 
conector.start();(2021-7-3 17:05:13) 
conector.join(180000L);(2021-7-3 17:05:15) 
if (conector.conectou())(2021-7-3 17:05:15) 
parserThread.start();(2021-7-3 17:05:15) 
parserThread.join(180000L)(2021-7-3 17:05:15) 
inicio do loop(2021-7-3 17:07:36) 
Antes openConnection(2021-7-3 17:07:41) 
Depois openConnection(2021-7-3 17:07:41) 
conector.start();(2021-7-3 17:07:41) 
conector.join(180000L);(2021-7-3 17:07:43) 
if (conector.conectou())(2021-7-3 17:07:43) 
parserThread.start();(2021-7-3 17:07:43) 
parserThread.join(180000L)(2021-7-3 17:07:43) 
inicio do loop(2021-7-3 17:10:00) 
Antes openConnection(2021-7-3 17:10:00) 
Depois openConnection(2021-7-3 17:10:00) 
conector.start();(2021-7-3 17:10:00) 
conector.join(180000L);(2021-7-3 17:10:01) 
if (conector.conectou())(2021-7-3 17:10:01) 
parserThread.start();(2021-7-3 17:10:01) 
parserThread.join(180000L)(2021-7-3 17:10:01) 
}(2021-7-3 17:10:02) 
inicio do loop(2021-7-3 17:10:02) 
Antes openConnection(2021-7-3 17:10:02) 
Depois openConnection(2021-7-3 17:10:02) 
conector.start();(2021-7-3 17:10:02) 
conector.join(180000L);(2021-7-3 17:10:03) 
if (conector.conectou())(2021-7-3 17:10:03) 
parserThread.start();(2021-7-3 17:10:03) 
parserThread.join(180000L)(2021-7-3 17:10:03) 
}(2021-7-3 17:10:03) 
inicio do loop(2021-7-3 17:10:03) 
Antes openConnection(2021-7-3 17:10:03) 
Depois openConnection(2021-7-3 17:10:03) 
conector.start();(2021-7-3 17:10:03) 
conector.join(180000L);(2021-7-3 17:10:03) 
if (conector.conectou())(2021-7-3 17:10:03) 
parserThread.start();(2021-7-3 17:10:03) 
parserThread.join(180000L)(2021-7-3 17:10:03) 
}(2021-7-3 17:10:04) 
inicio do loop(2021-7-3 17:10:04) 
Antes openConnection(2021-7-3 17:10:04) 
Depois openConnection(2021-7-3 17:10:04) 
conector.start();(2021-7-3 17:10:04) 
conector.join(180000L);(2021-7-3 17:10:04) 
if (conector.conectou())(2021-7-3 17:10:04) 
parserThread.start();(2021-7-3 17:10:04) 
parserThread.join(180000L)(2021-7-3 17:10:04) 
}(2021-7-3 17:10:04) 
inicio do loop(2021-7-3 17:10:04) 
Antes openConnection(2021-7-3 17:10:04) 
Depois openConnection(2021-7-3 17:10:04) 
conector.start();(2021-7-3 17:10:04) 
conector.join(180000L);(2021-7-3 17:10:05) 
if (conector.conectou())(2021-7-3 17:10:05) 
parserThread.start();(2021-7-3 17:10:05) 
parserThread.join(180000L)(2021-7-3 17:10:05) 
}(2021-7-3 17:10:05) 
inicio do loop(2021-7-3 17:10:05) 
Antes openConnection(2021-7-3 17:10:05) 
Depois openConnection(2021-7-3 17:10:05) 
conector.start();(2021-7-3 17:10:05) 
conector.join(180000L);(2021-7-3 17:10:05) 
if (conector.conectou())(2021-7-3 17:10:05) 
parserThread.start();(2021-7-3 17:10:05) 
parserThread.join(180000L)(2021-7-3 17:10:05) 
}(2021-7-3 17:10:05) 
inicio do loop(2021-7-3 17:10:05) 
Antes openConnection(2021-7-3 17:10:05) 
Depois openConnection(2021-7-3 17:10:05) 
conector.start();(2021-7-3 17:10:05) 
conector.join(180000L);(2021-7-3 17:10:06) 
if (conector.conectou())(2021-7-3 17:10:06) 
parserThread.start();(2021-7-3 17:10:06) 
parserThread.join(180000L)(2021-7-3 17:10:06) 
}(2021-7-3 17:10:06) 
inicio do loop(2021-7-3 17:10:06) 
Antes openConnection(2021-7-3 17:10:06) 
Depois openConnection(2021-7-3 17:10:06) 
conector.start();(2021-7-3 17:10:06) 
conector.join(180000L);(2021-7-3 17:10:06) 
if (conector.conectou())(2021-7-3 17:10:06) 
parserThread.start();(2021-7-3 17:10:06) 
parserThread.join(180000L)(2021-7-3 17:10:06) 
}(2021-7-3 17:10:06) 
inicio do loop(2021-7-3 17:10:06) 
Antes openConnection(2021-7-3 17:10:06) 
Depois openConnection(2021-7-3 17:10:06) 
conector.start();(2021-7-3 17:10:06) 
conector.join(180000L);(2021-7-3 17:10:07) 
if (conector.conectou())(2021-7-3 17:10:07) 
parserThread.start();(2021-7-3 17:10:07) 
parserThread.join(180000L)(2021-7-3 17:10:07) 
}(2021-7-3 17:10:07) 
inicio do loop(2021-7-3 17:10:07) 
Antes openConnection(2021-7-3 17:10:07) 
Depois openConnection(2021-7-3 17:10:07) 
conector.start();(2021-7-3 17:10:07) 
conector.join(180000L);(2021-7-3 17:10:08) 
if (conector.conectou())(2021-7-3 17:10:08) 
parserThread.start();(2021-7-3 17:10:08) 
parserThread.join(180000L)(2021-7-3 17:10:08) 
}(2021-7-3 17:10:08) 
inicio do loop(2021-7-3 17:10:08) 
Antes openConnection(2021-7-3 17:10:08) 
Depois openConnection(2021-7-3 17:10:08) 
conector.start();(2021-7-3 17:10:08) 
conector.join(180000L);(2021-7-3 17:10:09) 
if (conector.conectou())(2021-7-3 17:10:09) 
parserThread.start();(2021-7-3 17:10:09) 
parserThread.join(180000L)(2021-7-3 17:10:09) 
}(2021-7-3 17:10:09) 
inicio do loop(2021-7-3 17:10:09) 
Antes openConnection(2021-7-3 17:10:09) 
Depois openConnection(2021-7-3 17:10:09) 
conector.start();(2021-7-3 17:10:09) 
conector.join(180000L);(2021-7-3 17:10:09) 
if (conector.conectou())(2021-7-3 17:10:09) 
parserThread.start();(2021-7-3 17:10:09) 
parserThread.join(180000L)(2021-7-3 17:10:09) 
}(2021-7-3 17:10:09) 
inicio do loop(2021-7-3 17:10:09) 
Antes openConnection(2021-7-3 17:10:09) 
Depois openConnection(2021-7-3 17:10:09) 
conector.start();(2021-7-3 17:10:09) 
conector.join(180000L);(2021-7-3 17:10:10) 
if (conector.conectou())(2021-7-3 17:10:10) 
parserThread.start();(2021-7-3 17:10:10) 
parserThread.join(180000L)(2021-7-3 17:10:10) 
}(2021-7-3 17:10:10) 
inicio do loop(2021-7-3 17:10:10) 
Antes openConnection(2021-7-3 17:10:10) 
Depois openConnection(2021-7-3 17:10:10) 
conector.start();(2021-7-3 17:10:10) 
conector.join(180000L);(2021-7-3 17:10:10) 
if (conector.conectou())(2021-7-3 17:10:10) 
parserThread.start();(2021-7-3 17:10:10) 
parserThread.join(180000L)(2021-7-3 17:10:10) 
}(2021-7-3 17:10:10) 
inicio do loop(2021-7-3 17:10:10) 
Antes openConnection(2021-7-3 17:10:10) 
Depois openConnection(2021-7-3 17:10:10) 
conector.start();(2021-7-3 17:10:10) 
conector.join(180000L);(2021-7-3 17:10:11) 
if (conector.conectou())(2021-7-3 17:10:11) 
parserThread.start();(2021-7-3 17:10:11) 
parserThread.join(180000L)(2021-7-3 17:10:11) 
}(2021-7-3 17:10:11) 
inicio do loop(2021-7-3 17:10:11) 
Antes openConnection(2021-7-3 17:10:11) 
Depois openConnection(2021-7-3 17:10:11) 
conector.start();(2021-7-3 17:10:11) 
conector.join(180000L);(2021-7-3 17:10:11) 
if (conector.conectou())(2021-7-3 17:10:11) 
parserThread.start();(2021-7-3 17:10:11) 
parserThread.join(180000L)(2021-7-3 17:10:11) 
}(2021-7-3 17:10:11) 
inicio do loop(2021-7-3 17:10:11) 
Antes openConnection(2021-7-3 17:10:11) 
Depois openConnection(2021-7-3 17:10:11) 
conector.start();(2021-7-3 17:10:11) 
conector.join(180000L);(2021-7-3 17:10:12) 
if (conector.conectou())(2021-7-3 17:10:12) 
parserThread.start();(2021-7-3 17:10:12) 
parserThread.join(180000L)(2021-7-3 17:10:12) 
}(2021-7-3 17:10:12) 
inicio do loop(2021-7-3 17:10:12) 
Antes openConnection(2021-7-3 17:10:12) 
Depois openConnection(2021-7-3 17:10:12) 
conector.start();(2021-7-3 17:10:12) 
conector.join(180000L);(2021-7-3 17:10:12) 
if (conector.conectou())(2021-7-3 17:10:12) 
parserThread.start();(2021-7-3 17:10:12) 
parserThread.join(180000L)(2021-7-3 17:10:12) 
}(2021-7-3 17:10:12) 
inicio do loop(2021-7-3 17:10:12) 
Antes openConnection(2021-7-3 17:10:12) 
Depois openConnection(2021-7-3 17:10:12) 
conector.start();(2021-7-3 17:10:12) 
conector.join(180000L);(2021-7-3 17:10:13) 
if (conector.conectou())(2021-7-3 17:10:13) 
parserThread.start();(2021-7-3 17:10:13) 
parserThread.join(180000L)(2021-7-3 17:10:13) 
}(2021-7-3 17:10:13) 
inicio do loop(2021-7-3 17:10:13) 
Antes openConnection(2021-7-3 17:10:13) 
Depois openConnection(2021-7-3 17:10:13) 
conector.start();(2021-7-3 17:10:13) 
conector.join(180000L);(2021-7-3 17:10:13) 
if (conector.conectou())(2021-7-3 17:10:13) 
parserThread.start();(2021-7-3 17:10:13) 
parserThread.join(180000L)(2021-7-3 17:10:13) 
}(2021-7-3 17:10:13) 
inicio do loop(2021-7-3 17:10:13) 
Antes openConnection(2021-7-3 17:10:13) 
Depois openConnection(2021-7-3 17:10:13) 
conector.start();(2021-7-3 17:10:13) 
conector.join(180000L);(2021-7-3 17:10:14) 
if (conector.conectou())(2021-7-3 17:10:14) 
parserThread.start();(2021-7-3 17:10:14) 
parserThread.join(180000L)(2021-7-3 17:10:14) 
}(2021-7-3 17:10:14) 
inicio do loop(2021-7-3 17:10:14) 
Antes openConnection(2021-7-3 17:10:14) 
Depois openConnection(2021-7-3 17:10:14) 
conector.start();(2021-7-3 17:10:14) 
conector.join(180000L);(2021-7-3 17:10:14) 
if (conector.conectou())(2021-7-3 17:10:14) 
parserThread.start();(2021-7-3 17:10:14) 
parserThread.join(180000L)(2021-7-3 17:10:14) 
}(2021-7-3 17:10:14) 
inicio do loop(2021-7-3 17:10:14) 
Antes openConnection(2021-7-3 17:10:14) 
Depois openConnection(2021-7-3 17:10:14) 
conector.start();(2021-7-3 17:10:14) 
conector.join(180000L);(2021-7-3 17:10:15) 
if (conector.conectou())(2021-7-3 17:10:15) 
parserThread.start();(2021-7-3 17:10:15) 
parserThread.join(180000L)(2021-7-3 17:10:15) 
}(2021-7-3 17:10:15) 
inicio do loop(2021-7-3 17:10:15) 
Antes openConnection(2021-7-3 17:10:15) 
Depois openConnection(2021-7-3 17:10:15) 
conector.start();(2021-7-3 17:10:15) 
conector.join(180000L);(2021-7-3 17:10:15) 
if (conector.conectou())(2021-7-3 17:10:15) 
parserThread.start();(2021-7-3 17:10:15) 
parserThread.join(180000L)(2021-7-3 17:10:15) 
}(2021-7-3 17:10:15) 
inicio do loop(2021-7-3 17:10:15) 
Antes openConnection(2021-7-3 17:10:15) 
Depois openConnection(2021-7-3 17:10:15) 
conector.start();(2021-7-3 17:10:15) 
conector.join(180000L);(2021-7-3 17:10:15) 
if (conector.conectou())(2021-7-3 17:10:15) 
parserThread.start();(2021-7-3 17:10:15) 
parserThread.join(180000L)(2021-7-3 17:10:15) 
}(2021-7-3 17:10:16) 
inicio do loop(2021-7-3 17:10:16) 
Antes openConnection(2021-7-3 17:10:16) 
Depois openConnection(2021-7-3 17:10:16) 
conector.start();(2021-7-3 17:10:16) 
conector.join(180000L);(2021-7-3 17:10:16) 
if (conector.conectou())(2021-7-3 17:10:16) 
parserThread.start();(2021-7-3 17:10:16) 
parserThread.join(180000L)(2021-7-3 17:10:16) 
}(2021-7-3 17:10:16) 
inicio do loop(2021-7-3 17:10:16) 
Antes openConnection(2021-7-3 17:10:16) 
Depois openConnection(2021-7-3 17:10:16) 
conector.start();(2021-7-3 17:10:16) 
conector.join(180000L);(2021-7-3 17:10:16) 
if (conector.conectou())(2021-7-3 17:10:16) 
parserThread.start();(2021-7-3 17:10:16) 
parserThread.join(180000L)(2021-7-3 17:10:16) 
}(2021-7-3 17:10:16) 
inicio do loop(2021-7-3 17:10:16) 
Antes openConnection(2021-7-3 17:10:16) 
Depois openConnection(2021-7-3 17:10:16) 
conector.start();(2021-7-3 17:10:16) 
conector.join(180000L);(2021-7-3 17:10:17) 
if (conector.conectou())(2021-7-3 17:10:17) 
parserThread.start();(2021-7-3 17:10:17) 
parserThread.join(180000L)(2021-7-3 17:10:17) 
inicio do loop(2021-7-3 17:10:29) 
Antes openConnection(2021-7-3 17:10:29) 
Depois openConnection(2021-7-3 17:10:29) 
conector.start();(2021-7-3 17:10:29) 
conector.join(180000L);(2021-7-3 17:10:31) 
if (conector.conectou())(2021-7-3 17:10:31) 
parserThread.start();(2021-7-3 17:10:31) 
parserThread.join(180000L)(2021-7-3 17:10:31) 
}(2021-7-3 17:10:31) 
inicio do loop(2021-7-3 17:10:31) 
Antes openConnection(2021-7-3 17:10:31) 
Depois openConnection(2021-7-3 17:10:31) 
conector.start();(2021-7-3 17:10:32) 
conector.join(180000L);(2021-7-3 17:10:32) 
if (conector.conectou())(2021-7-3 17:10:32) 
parserThread.start();(2021-7-3 17:10:32) 
parserThread.join(180000L)(2021-7-3 17:10:32) 
}(2021-7-3 17:10:32) 
inicio do loop(2021-7-3 17:10:32) 
Antes openConnection(2021-7-3 17:10:32) 
Depois openConnection(2021-7-3 17:10:32) 
conector.start();(2021-7-3 17:10:32) 
conector.join(180000L);(2021-7-3 17:10:33) 
if (conector.conectou())(2021-7-3 17:10:33) 
parserThread.start();(2021-7-3 17:10:33) 
parserThread.join(180000L)(2021-7-3 17:10:33) 
}(2021-7-3 17:10:33) 
inicio do loop(2021-7-3 17:10:33) 
Antes openConnection(2021-7-3 17:10:33) 
Depois openConnection(2021-7-3 17:10:33) 
conector.start();(2021-7-3 17:10:33) 
conector.join(180000L);(2021-7-3 17:10:33) 
if (conector.conectou())(2021-7-3 17:10:33) 
parserThread.start();(2021-7-3 17:10:33) 
parserThread.join(180000L)(2021-7-3 17:10:33) 
}(2021-7-3 17:10:33) 
inicio do loop(2021-7-3 17:10:33) 
Antes openConnection(2021-7-3 17:10:33) 
Depois openConnection(2021-7-3 17:10:33) 
conector.start();(2021-7-3 17:10:33) 
conector.join(180000L);(2021-7-3 17:10:34) 
if (conector.conectou())(2021-7-3 17:10:34) 
parserThread.start();(2021-7-3 17:10:34) 
parserThread.join(180000L)(2021-7-3 17:10:34) 
}(2021-7-3 17:10:34) 
inicio do loop(2021-7-3 17:10:34) 
Antes openConnection(2021-7-3 17:10:34) 
Depois openConnection(2021-7-3 17:10:34) 
conector.start();(2021-7-3 17:10:34) 
conector.join(180000L);(2021-7-3 17:10:34) 
if (conector.conectou())(2021-7-3 17:10:34) 
parserThread.start();(2021-7-3 17:10:34) 
parserThread.join(180000L)(2021-7-3 17:10:34) 
}(2021-7-3 17:10:34) 
inicio do loop(2021-7-3 17:10:34) 
Antes openConnection(2021-7-3 17:10:34) 
Depois openConnection(2021-7-3 17:10:34) 
conector.start();(2021-7-3 17:10:34) 
conector.join(180000L);(2021-7-3 17:10:35) 
if (conector.conectou())(2021-7-3 17:10:35) 
parserThread.start();(2021-7-3 17:10:35) 
parserThread.join(180000L)(2021-7-3 17:10:35) 
}(2021-7-3 17:10:35) 
inicio do loop(2021-7-3 17:10:35) 
Antes openConnection(2021-7-3 17:10:35) 
Depois openConnection(2021-7-3 17:10:35) 
conector.start();(2021-7-3 17:10:35) 
conector.join(180000L);(2021-7-3 17:10:35) 
if (conector.conectou())(2021-7-3 17:10:35) 
parserThread.start();(2021-7-3 17:10:35) 
parserThread.join(180000L)(2021-7-3 17:10:35) 
}(2021-7-3 17:10:35) 
inicio do loop(2021-7-3 17:10:35) 
Antes openConnection(2021-7-3 17:10:35) 
Depois openConnection(2021-7-3 17:10:35) 
conector.start();(2021-7-3 17:10:35) 
conector.join(180000L);(2021-7-3 17:10:36) 
if (conector.conectou())(2021-7-3 17:10:36) 
parserThread.start();(2021-7-3 17:10:36) 
parserThread.join(180000L)(2021-7-3 17:10:36) 
}(2021-7-3 17:10:36) 
inicio do loop(2021-7-3 17:10:36) 
Antes openConnection(2021-7-3 17:10:36) 
Depois openConnection(2021-7-3 17:10:36) 
conector.start();(2021-7-3 17:10:36) 
conector.join(180000L);(2021-7-3 17:10:36) 
if (conector.conectou())(2021-7-3 17:10:36) 
parserThread.start();(2021-7-3 17:10:36) 
parserThread.join(180000L)(2021-7-3 17:10:36) 
}(2021-7-3 17:10:36) 
inicio do loop(2021-7-3 17:10:36) 
Antes openConnection(2021-7-3 17:10:36) 
Depois openConnection(2021-7-3 17:10:36) 
conector.start();(2021-7-3 17:10:36) 
conector.join(180000L);(2021-7-3 17:10:37) 
if (conector.conectou())(2021-7-3 17:10:37) 
parserThread.start();(2021-7-3 17:10:37) 
parserThread.join(180000L)(2021-7-3 17:10:37) 
}(2021-7-3 17:10:37) 
inicio do loop(2021-7-3 17:10:37) 
Antes openConnection(2021-7-3 17:10:37) 
Depois openConnection(2021-7-3 17:10:37) 
conector.start();(2021-7-3 17:10:37) 
conector.join(180000L);(2021-7-3 17:10:37) 
if (conector.conectou())(2021-7-3 17:10:37) 
parserThread.start();(2021-7-3 17:10:37) 
parserThread.join(180000L)(2021-7-3 17:10:37) 
}(2021-7-3 17:10:37) 
inicio do loop(2021-7-3 17:10:37) 
Antes openConnection(2021-7-3 17:10:37) 
Depois openConnection(2021-7-3 17:10:37) 
conector.start();(2021-7-3 17:10:37) 
conector.join(180000L);(2021-7-3 17:10:38) 
if (conector.conectou())(2021-7-3 17:10:38) 
parserThread.start();(2021-7-3 17:10:38) 
parserThread.join(180000L)(2021-7-3 17:10:38) 
}(2021-7-3 17:10:38) 
inicio do loop(2021-7-3 17:10:38) 
Antes openConnection(2021-7-3 17:10:38) 
Depois openConnection(2021-7-3 17:10:38) 
conector.start();(2021-7-3 17:10:38) 
conector.join(180000L);(2021-7-3 17:10:39) 
if (conector.conectou())(2021-7-3 17:10:39) 
parserThread.start();(2021-7-3 17:10:39) 
parserThread.join(180000L)(2021-7-3 17:10:39) 
}(2021-7-3 17:10:39) 
inicio do loop(2021-7-3 17:10:39) 
Antes openConnection(2021-7-3 17:10:39) 
Depois openConnection(2021-7-3 17:10:39) 
conector.start();(2021-7-3 17:10:39) 
conector.join(180000L);(2021-7-3 17:10:39) 
if (conector.conectou())(2021-7-3 17:10:39) 
parserThread.start();(2021-7-3 17:10:39) 
parserThread.join(180000L)(2021-7-3 17:10:39) 
}(2021-7-3 17:10:39) 
urlJson: null(2021-7-3 17:10:39) 
Final executador(2021-7-3 17:10:39) 
inicio do loop(2021-7-3 17:17:51) 
Antes openConnection(2021-7-3 17:17:59) 
Depois openConnection(2021-7-3 17:17:59) 
conector.start();(2021-7-3 17:17:59) 
conector.join(180000L);(2021-7-3 17:18:00) 
if (conector.conectou())(2021-7-3 17:18:00) 
parserThread.start();(2021-7-3 17:18:01) 
parserThread.join(180000L)(2021-7-3 17:18:01) 
}(2021-7-3 17:21:01) 
urlJson: null(2021-7-3 17:21:01) 
Final executador(2021-7-3 17:21:01) 
inicio do loop(2021-7-3 17:25:43) 
Antes openConnection(2021-7-3 17:25:43) 
Depois openConnection(2021-7-3 17:25:43) 
conector.start();(2021-7-3 17:25:43) 
conector.join(180000L);(2021-7-3 17:25:44) 
if (conector.conectou())(2021-7-3 17:25:44) 
parserThread.start();(2021-7-3 17:25:44) 
parserThread.join(180000L)(2021-7-3 17:25:44) 
}(2021-7-3 17:25:45) 
inicio do loop(2021-7-3 17:25:45) 
Antes openConnection(2021-7-3 17:25:45) 
Depois openConnection(2021-7-3 17:25:45) 
conector.start();(2021-7-3 17:25:45) 
conector.join(180000L);(2021-7-3 17:25:45) 
if (conector.conectou())(2021-7-3 17:25:45) 
parserThread.start();(2021-7-3 17:25:45) 
parserThread.join(180000L)(2021-7-3 17:25:45) 
}(2021-7-3 17:25:46) 
inicio do loop(2021-7-3 17:25:46) 
Antes openConnection(2021-7-3 17:25:46) 
Depois openConnection(2021-7-3 17:25:46) 
conector.start();(2021-7-3 17:25:46) 
conector.join(180000L);(2021-7-3 17:25:46) 
if (conector.conectou())(2021-7-3 17:25:46) 
parserThread.start();(2021-7-3 17:25:46) 
parserThread.join(180000L)(2021-7-3 17:25:46) 
}(2021-7-3 17:25:46) 
inicio do loop(2021-7-3 17:25:46) 
Antes openConnection(2021-7-3 17:25:46) 
Depois openConnection(2021-7-3 17:25:46) 
conector.start();(2021-7-3 17:25:46) 
conector.join(180000L);(2021-7-3 17:25:47) 
if (conector.conectou())(2021-7-3 17:25:47) 
parserThread.start();(2021-7-3 17:25:47) 
parserThread.join(180000L)(2021-7-3 17:25:47) 
}(2021-7-3 17:25:47) 
inicio do loop(2021-7-3 17:25:47) 
Antes openConnection(2021-7-3 17:25:47) 
Depois openConnection(2021-7-3 17:25:47) 
conector.start();(2021-7-3 17:25:47) 
conector.join(180000L);(2021-7-3 17:25:47) 
if (conector.conectou())(2021-7-3 17:25:47) 
parserThread.start();(2021-7-3 17:25:47) 
parserThread.join(180000L)(2021-7-3 17:25:47) 
}(2021-7-3 17:25:47) 
inicio do loop(2021-7-3 17:25:47) 
Antes openConnection(2021-7-3 17:25:47) 
Depois openConnection(2021-7-3 17:25:47) 
conector.start();(2021-7-3 17:25:47) 
conector.join(180000L);(2021-7-3 17:25:48) 
if (conector.conectou())(2021-7-3 17:25:48) 
parserThread.start();(2021-7-3 17:25:48) 
parserThread.join(180000L)(2021-7-3 17:25:48) 
}(2021-7-3 17:25:48) 
inicio do loop(2021-7-3 17:25:48) 
Antes openConnection(2021-7-3 17:25:48) 
Depois openConnection(2021-7-3 17:25:48) 
conector.start();(2021-7-3 17:25:48) 
conector.join(180000L);(2021-7-3 17:25:48) 
if (conector.conectou())(2021-7-3 17:25:48) 
parserThread.start();(2021-7-3 17:25:48) 
parserThread.join(180000L)(2021-7-3 17:25:48) 
}(2021-7-3 17:25:48) 
inicio do loop(2021-7-3 17:25:48) 
Antes openConnection(2021-7-3 17:25:48) 
Depois openConnection(2021-7-3 17:25:48) 
conector.start();(2021-7-3 17:25:48) 
conector.join(180000L);(2021-7-3 17:25:48) 
if (conector.conectou())(2021-7-3 17:25:48) 
parserThread.start();(2021-7-3 17:25:48) 
parserThread.join(180000L)(2021-7-3 17:25:48) 
}(2021-7-3 17:25:48) 
inicio do loop(2021-7-3 17:25:48) 
Antes openConnection(2021-7-3 17:25:48) 
Depois openConnection(2021-7-3 17:25:48) 
conector.start();(2021-7-3 17:25:48) 
conector.join(180000L);(2021-7-3 17:25:49) 
if (conector.conectou())(2021-7-3 17:25:49) 
parserThread.start();(2021-7-3 17:25:49) 
parserThread.join(180000L)(2021-7-3 17:25:49) 
}(2021-7-3 17:25:49) 
inicio do loop(2021-7-3 17:25:49) 
Antes openConnection(2021-7-3 17:25:49) 
Depois openConnection(2021-7-3 17:25:49) 
conector.start();(2021-7-3 17:25:49) 
conector.join(180000L);(2021-7-3 17:25:49) 
if (conector.conectou())(2021-7-3 17:25:49) 
parserThread.start();(2021-7-3 17:25:49) 
parserThread.join(180000L)(2021-7-3 17:25:49) 
}(2021-7-3 17:25:49) 
inicio do loop(2021-7-3 17:25:49) 
Antes openConnection(2021-7-3 17:25:49) 
Depois openConnection(2021-7-3 17:25:49) 
conector.start();(2021-7-3 17:25:49) 
conector.join(180000L);(2021-7-3 17:25:50) 
if (conector.conectou())(2021-7-3 17:25:50) 
parserThread.start();(2021-7-3 17:25:50) 
parserThread.join(180000L)(2021-7-3 17:25:50) 
}(2021-7-3 17:25:51) 
inicio do loop(2021-7-3 17:25:51) 
Antes openConnection(2021-7-3 17:25:51) 
Depois openConnection(2021-7-3 17:25:51) 
conector.start();(2021-7-3 17:25:51) 
conector.join(180000L);(2021-7-3 17:25:51) 
if (conector.conectou())(2021-7-3 17:25:51) 
parserThread.start();(2021-7-3 17:25:51) 
parserThread.join(180000L)(2021-7-3 17:25:51) 
}(2021-7-3 17:25:51) 
inicio do loop(2021-7-3 17:25:51) 
Antes openConnection(2021-7-3 17:25:51) 
Depois openConnection(2021-7-3 17:25:51) 
conector.start();(2021-7-3 17:25:51) 
conector.join(180000L);(2021-7-3 17:25:51) 
if (conector.conectou())(2021-7-3 17:25:51) 
parserThread.start();(2021-7-3 17:25:51) 
parserThread.join(180000L)(2021-7-3 17:25:51) 
}(2021-7-3 17:25:52) 
inicio do loop(2021-7-3 17:25:52) 
Antes openConnection(2021-7-3 17:25:52) 
Depois openConnection(2021-7-3 17:25:52) 
conector.start();(2021-7-3 17:25:52) 
conector.join(180000L);(2021-7-3 17:25:52) 
if (conector.conectou())(2021-7-3 17:25:52) 
parserThread.start();(2021-7-3 17:25:52) 
parserThread.join(180000L)(2021-7-3 17:25:52) 
}(2021-7-3 17:25:52) 
inicio do loop(2021-7-3 17:25:52) 
Antes openConnection(2021-7-3 17:25:52) 
Depois openConnection(2021-7-3 17:25:52) 
conector.start();(2021-7-3 17:25:52) 
conector.join(180000L);(2021-7-3 17:25:52) 
if (conector.conectou())(2021-7-3 17:25:52) 
parserThread.start();(2021-7-3 17:25:52) 
parserThread.join(180000L)(2021-7-3 17:25:52) 
}(2021-7-3 17:25:52) 
urlJson: null(2021-7-3 17:25:52) 
Final executador(2021-7-3 17:25:52) 
inicio do loop(2021-7-3 17:51:47) 
Antes openConnection(2021-7-3 17:51:55) 
Depois openConnection(2021-7-3 17:51:55) 
conector.start();(2021-7-3 17:51:55) 
conector.join(180000L);(2021-7-3 17:51:56) 
if (conector.conectou())(2021-7-3 17:51:56) 
parserThread.start();(2021-7-3 17:51:56) 
parserThread.join(180000L)(2021-7-3 17:51:56) 
inicio do loop(2021-7-3 17:52:43) 
Antes openConnection(2021-7-3 17:52:46) 
Depois openConnection(2021-7-3 17:52:46) 
conector.start();(2021-7-3 17:52:46) 
conector.join(180000L);(2021-7-3 17:52:47) 
if (conector.conectou())(2021-7-3 17:52:47) 
parserThread.start();(2021-7-3 17:52:48) 
parserThread.join(180000L)(2021-7-3 17:52:48) 
inicio do loop(2021-7-3 17:54:15) 
Antes openConnection(2021-7-3 17:54:17) 
Depois openConnection(2021-7-3 17:54:17) 
conector.start();(2021-7-3 17:54:17) 
conector.join(180000L);(2021-7-3 17:54:18) 
if (conector.conectou())(2021-7-3 17:54:18) 
parserThread.start();(2021-7-3 17:54:19) 
parserThread.join(180000L)(2021-7-3 17:54:19) 
inicio do loop(2021-7-3 17:58:31) 
Antes openConnection(2021-7-3 17:58:31) 
Depois openConnection(2021-7-3 17:58:31) 
conector.start();(2021-7-3 17:58:31) 
conector.join(180000L);(2021-7-3 17:58:33) 
if (conector.conectou())(2021-7-3 17:58:33) 
parserThread.start();(2021-7-3 17:58:33) 
parserThread.join(180000L)(2021-7-3 17:58:33) 
}(2021-7-3 17:58:33) 
inicio do loop(2021-7-3 17:58:33) 
Antes openConnection(2021-7-3 17:58:33) 
Depois openConnection(2021-7-3 17:58:33) 
conector.start();(2021-7-3 17:58:33) 
conector.join(180000L);(2021-7-3 17:58:34) 
if (conector.conectou())(2021-7-3 17:58:34) 
parserThread.start();(2021-7-3 17:58:34) 
parserThread.join(180000L)(2021-7-3 17:58:34) 
}(2021-7-3 17:58:34) 
inicio do loop(2021-7-3 17:58:34) 
Antes openConnection(2021-7-3 17:58:34) 
Depois openConnection(2021-7-3 17:58:34) 
conector.start();(2021-7-3 17:58:34) 
conector.join(180000L);(2021-7-3 17:58:34) 
if (conector.conectou())(2021-7-3 17:58:34) 
parserThread.start();(2021-7-3 17:58:34) 
parserThread.join(180000L)(2021-7-3 17:58:34) 
}(2021-7-3 17:58:35) 
inicio do loop(2021-7-3 17:58:35) 
Antes openConnection(2021-7-3 17:58:35) 
Depois openConnection(2021-7-3 17:58:35) 
conector.start();(2021-7-3 17:58:35) 
conector.join(180000L);(2021-7-3 17:58:35) 
if (conector.conectou())(2021-7-3 17:58:35) 
parserThread.start();(2021-7-3 17:58:35) 
parserThread.join(180000L)(2021-7-3 17:58:35) 
}(2021-7-3 17:58:35) 
inicio do loop(2021-7-3 17:58:35) 
Antes openConnection(2021-7-3 17:58:35) 
Depois openConnection(2021-7-3 17:58:35) 
conector.start();(2021-7-3 17:58:35) 
conector.join(180000L);(2021-7-3 17:58:36) 
if (conector.conectou())(2021-7-3 17:58:36) 
parserThread.start();(2021-7-3 17:58:36) 
parserThread.join(180000L)(2021-7-3 17:58:36) 
}(2021-7-3 17:58:36) 
inicio do loop(2021-7-3 17:58:36) 
Antes openConnection(2021-7-3 17:58:36) 
Depois openConnection(2021-7-3 17:58:36) 
conector.start();(2021-7-3 17:58:36) 
conector.join(180000L);(2021-7-3 17:58:36) 
if (conector.conectou())(2021-7-3 17:58:36) 
parserThread.start();(2021-7-3 17:58:36) 
parserThread.join(180000L)(2021-7-3 17:58:36) 
}(2021-7-3 17:58:36) 
inicio do loop(2021-7-3 17:58:36) 
Antes openConnection(2021-7-3 17:58:36) 
Depois openConnection(2021-7-3 17:58:36) 
conector.start();(2021-7-3 17:58:36) 
conector.join(180000L);(2021-7-3 17:58:37) 
if (conector.conectou())(2021-7-3 17:58:37) 
parserThread.start();(2021-7-3 17:58:37) 
parserThread.join(180000L)(2021-7-3 17:58:37) 
}(2021-7-3 17:58:37) 
inicio do loop(2021-7-3 17:58:37) 
Antes openConnection(2021-7-3 17:58:37) 
Depois openConnection(2021-7-3 17:58:37) 
conector.start();(2021-7-3 17:58:37) 
conector.join(180000L);(2021-7-3 17:58:37) 
if (conector.conectou())(2021-7-3 17:58:37) 
parserThread.start();(2021-7-3 17:58:37) 
parserThread.join(180000L)(2021-7-3 17:58:37) 
}(2021-7-3 17:58:37) 
inicio do loop(2021-7-3 17:58:37) 
Antes openConnection(2021-7-3 17:58:37) 
Depois openConnection(2021-7-3 17:58:37) 
conector.start();(2021-7-3 17:58:37) 
conector.join(180000L);(2021-7-3 17:58:38) 
if (conector.conectou())(2021-7-3 17:58:38) 
parserThread.start();(2021-7-3 17:58:38) 
parserThread.join(180000L)(2021-7-3 17:58:38) 
}(2021-7-3 17:58:38) 
inicio do loop(2021-7-3 17:58:38) 
Antes openConnection(2021-7-3 17:58:38) 
Depois openConnection(2021-7-3 17:58:38) 
conector.start();(2021-7-3 17:58:38) 
conector.join(180000L);(2021-7-3 17:58:38) 
if (conector.conectou())(2021-7-3 17:58:38) 
parserThread.start();(2021-7-3 17:58:38) 
parserThread.join(180000L)(2021-7-3 17:58:38) 
}(2021-7-3 17:58:38) 
inicio do loop(2021-7-3 17:58:38) 
Antes openConnection(2021-7-3 17:58:38) 
Depois openConnection(2021-7-3 17:58:38) 
conector.start();(2021-7-3 17:58:38) 
conector.join(180000L);(2021-7-3 17:58:38) 
if (conector.conectou())(2021-7-3 17:58:38) 
parserThread.start();(2021-7-3 17:58:38) 
parserThread.join(180000L)(2021-7-3 17:58:38) 
}(2021-7-3 17:58:39) 
inicio do loop(2021-7-3 17:58:39) 
Antes openConnection(2021-7-3 17:58:39) 
Depois openConnection(2021-7-3 17:58:39) 
conector.start();(2021-7-3 17:58:39) 
conector.join(180000L);(2021-7-3 17:58:39) 
if (conector.conectou())(2021-7-3 17:58:39) 
parserThread.start();(2021-7-3 17:58:39) 
parserThread.join(180000L)(2021-7-3 17:58:39) 
}(2021-7-3 17:58:39) 
inicio do loop(2021-7-3 17:58:39) 
Antes openConnection(2021-7-3 17:58:39) 
Depois openConnection(2021-7-3 17:58:39) 
conector.start();(2021-7-3 17:58:39) 
conector.join(180000L);(2021-7-3 17:58:39) 
if (conector.conectou())(2021-7-3 17:58:39) 
parserThread.start();(2021-7-3 17:58:39) 
parserThread.join(180000L)(2021-7-3 17:58:39) 
}(2021-7-3 17:58:39) 
inicio do loop(2021-7-3 17:58:39) 
Antes openConnection(2021-7-3 17:58:39) 
Depois openConnection(2021-7-3 17:58:39) 
conector.start();(2021-7-3 17:58:39) 
conector.join(180000L);(2021-7-3 17:58:40) 
if (conector.conectou())(2021-7-3 17:58:40) 
parserThread.start();(2021-7-3 17:58:40) 
parserThread.join(180000L)(2021-7-3 17:58:40) 
}(2021-7-3 17:58:40) 
inicio do loop(2021-7-3 17:58:40) 
Antes openConnection(2021-7-3 17:58:40) 
Depois openConnection(2021-7-3 17:58:40) 
conector.start();(2021-7-3 17:58:40) 
conector.join(180000L);(2021-7-3 17:58:40) 
if (conector.conectou())(2021-7-3 17:58:40) 
parserThread.start();(2021-7-3 17:58:40) 
parserThread.join(180000L)(2021-7-3 17:58:40) 
}(2021-7-3 17:58:40) 
urlJson: null(2021-7-3 17:58:40) 
Final executador(2021-7-3 17:58:40) 
